This file contains any messages produced by compilers while
running configure, to aid debugging if configure makes a mistake.

It was created by libgnutls-extra configure 2.12.21, which was
generated by GNU Autoconf 2.69.  Invocation command line was

  $ /Users/sts/Quellen/mac/hbci/lib/gnutls-2.12.21-gotofail/libextra/configure --disable-option-checking --prefix=/Users/sts/Quellen/mac/hbci/lib/static-build-debug-5.0.14 --disable-dependency-tracking --disable-shared --enable-static --disable-rpath --disable-nls --disable-guile --without-libextra --disable-cxx --without-p11-kit --with-libgcrypt-prefix=/Users/sts/Quellen/mac/hbci/lib/static-build-debug-5.0.14 CFLAGS=-O -g -isysroot /Applications/Xcode.app/Contents/Developer/Platforms/MacOSX.platform/Developer/SDKs/MacOSX10.9.sdk -arch i386 -I/Users/sts/Quellen/mac/hbci/lib/static-build-debug-5.0.14/include/ -mmacosx-version-min=10.9 -std=gnu89 LDFLAGS=-arch i386 -L/Users/sts/Quellen/mac/hbci/lib/static-build-debug-5.0.14/lib -L/Applications/Xcode.app/Contents/Developer/Platforms/MacOSX.platform/Developer/SDKs/MacOSX10.9.sdk/usr/lib/ -mmacosx-version-min=10.9 CPPFLAGS=-O -g -isysroot /Applications/Xcode.app/Contents/Developer/Platforms/MacOSX.platform/Developer/SDKs/MacOSX10.9.sdk -arch i386 -I/Users/sts/Quellen/mac/hbci/lib/static-build-debug-5.0.14/include/ -mmacosx-version-min=10.9 --cache-file=/dev/null --srcdir=/Users/sts/Quellen/mac/hbci/lib/gnutls-2.12.21-gotofail/libextra

## --------- ##
## Platform. ##
## --------- ##

hostname = Goedel.local
uname -m = x86_64
uname -r = 14.0.0
uname -s = Darwin
uname -v = Darwin Kernel Version 14.0.0: Tue Sep 23 23:01:41 PDT 2014; root:xnu-2782.1.97~6/RELEASE_X86_64

/usr/bin/uname -p = i386
/bin/uname -X     = unknown

/bin/arch              = unknown
/usr/bin/arch -k       = unknown
/usr/convex/getsysinfo = unknown
/usr/bin/hostinfo      = Mach kernel version:
	 Darwin Kernel Version 14.0.0: Tue Sep 23 23:01:41 PDT 2014; root:xnu-2782.1.97~6/RELEASE_X86_64
Kernel configured for up to 4 processors.
2 processors are physically available.
4 processors are logically available.
Processor type: x86_64h (Intel x86-64h Haswell)
Processors active: 0 1 2 3
Primary memory available: 16.00 gigabytes
Default processor set: 304 tasks, 1339 threads, 4 processors
Load average: 2.14, Mach factor: 1.85
/bin/machine           = unknown
/usr/bin/oslevel       = unknown
/bin/universe          = unknown

PATH: /Users/sts/Quellen/mac/hbci/lib/static-build-debug-5.0.14/bin
PATH: /usr/bin
PATH: /bin
PATH: /usr/sbin
PATH: /sbin
PATH: /usr/X11/bin
PATH: /usr/local/bin


## ----------- ##
## Core tests. ##
## ----------- ##

configure:2684: checking for a BSD-compatible install
configure:2752: result: /usr/bin/install -c
configure:2763: checking whether build environment is sane
configure:2813: result: yes
configure:2954: checking for a thread-safe mkdir -p
configure:2993: result: /Users/sts/Quellen/mac/hbci/lib/gnutls-2.12.21-gotofail/libextra/build-aux/install-sh -c -d
configure:3007: checking for gawk
configure:3037: result: no
configure:3007: checking for mawk
configure:3037: result: no
configure:3007: checking for nawk
configure:3037: result: no
configure:3007: checking for awk
configure:3023: found /usr/bin/awk
configure:3034: result: awk
configure:3045: checking whether make sets $(MAKE)
configure:3067: result: yes
configure:3158: checking whether make supports nested variables
configure:3175: result: yes
configure:3237: checking for gcc
configure:3253: found /usr/bin/gcc
configure:3264: result: gcc
configure:3493: checking for C compiler version
configure:3502: gcc --version >&5
Apple LLVM version 6.0 (clang-600.0.51) (based on LLVM 3.5svn)
Target: x86_64-apple-darwin14.0.0
Thread model: posix
Configured with: --prefix=/Applications/Xcode.app/Contents/Developer/usr --with-gxx-include-dir=/usr/include/c++/4.2.1
configure:3513: $? = 0
configure:3502: gcc -v >&5
Configured with: --prefix=/Applications/Xcode.app/Contents/Developer/usr --with-gxx-include-dir=/usr/include/c++/4.2.1
Apple LLVM version 6.0 (clang-600.0.51) (based on LLVM 3.5svn)
Target: x86_64-apple-darwin14.0.0
Thread model: posix
configure:3513: $? = 0
configure:3502: gcc -V >&5
clang: error: argument to '-V' is missing (expected 1 value)
clang: error: no input files
configure:3513: $? = 1
configure:3502: gcc -qversion >&5
clang: error: unknown argument: '-qversion'
clang: error: no input files
configure:3513: $? = 1
configure:3533: checking whether the C compiler works
configure:3555: gcc -O -g -isysroot /Applications/Xcode.app/Contents/Developer/Platforms/MacOSX.platform/Developer/SDKs/MacOSX10.9.sdk -arch i386 -I/Users/sts/Quellen/mac/hbci/lib/static-build-debug-5.0.14/include/ -mmacosx-version-min=10.9 -std=gnu89 -O -g -isysroot /Applications/Xcode.app/Contents/Developer/Platforms/MacOSX.platform/Developer/SDKs/MacOSX10.9.sdk -arch i386 -I/Users/sts/Quellen/mac/hbci/lib/static-build-debug-5.0.14/include/ -mmacosx-version-min=10.9 -arch i386 -L/Users/sts/Quellen/mac/hbci/lib/static-build-debug-5.0.14/lib -L/Applications/Xcode.app/Contents/Developer/Platforms/MacOSX.platform/Developer/SDKs/MacOSX10.9.sdk/usr/lib/ -mmacosx-version-min=10.9 conftest.c  >&5
configure:3559: $? = 0
configure:3607: result: yes
configure:3610: checking for C compiler default output file name
configure:3612: result: a.out
configure:3618: checking for suffix of executables
configure:3625: gcc -o conftest -O -g -isysroot /Applications/Xcode.app/Contents/Developer/Platforms/MacOSX.platform/Developer/SDKs/MacOSX10.9.sdk -arch i386 -I/Users/sts/Quellen/mac/hbci/lib/static-build-debug-5.0.14/include/ -mmacosx-version-min=10.9 -std=gnu89 -O -g -isysroot /Applications/Xcode.app/Contents/Developer/Platforms/MacOSX.platform/Developer/SDKs/MacOSX10.9.sdk -arch i386 -I/Users/sts/Quellen/mac/hbci/lib/static-build-debug-5.0.14/include/ -mmacosx-version-min=10.9 -arch i386 -L/Users/sts/Quellen/mac/hbci/lib/static-build-debug-5.0.14/lib -L/Applications/Xcode.app/Contents/Developer/Platforms/MacOSX.platform/Developer/SDKs/MacOSX10.9.sdk/usr/lib/ -mmacosx-version-min=10.9 conftest.c  >&5
configure:3629: $? = 0
configure:3651: result: 
configure:3673: checking whether we are cross compiling
configure:3681: gcc -o conftest -O -g -isysroot /Applications/Xcode.app/Contents/Developer/Platforms/MacOSX.platform/Developer/SDKs/MacOSX10.9.sdk -arch i386 -I/Users/sts/Quellen/mac/hbci/lib/static-build-debug-5.0.14/include/ -mmacosx-version-min=10.9 -std=gnu89 -O -g -isysroot /Applications/Xcode.app/Contents/Developer/Platforms/MacOSX.platform/Developer/SDKs/MacOSX10.9.sdk -arch i386 -I/Users/sts/Quellen/mac/hbci/lib/static-build-debug-5.0.14/include/ -mmacosx-version-min=10.9 -arch i386 -L/Users/sts/Quellen/mac/hbci/lib/static-build-debug-5.0.14/lib -L/Applications/Xcode.app/Contents/Developer/Platforms/MacOSX.platform/Developer/SDKs/MacOSX10.9.sdk/usr/lib/ -mmacosx-version-min=10.9 conftest.c  >&5
configure:3685: $? = 0
configure:3692: ./conftest
configure:3696: $? = 0
configure:3711: result: no
configure:3716: checking for suffix of object files
configure:3738: gcc -c -O -g -isysroot /Applications/Xcode.app/Contents/Developer/Platforms/MacOSX.platform/Developer/SDKs/MacOSX10.9.sdk -arch i386 -I/Users/sts/Quellen/mac/hbci/lib/static-build-debug-5.0.14/include/ -mmacosx-version-min=10.9 -std=gnu89 -O -g -isysroot /Applications/Xcode.app/Contents/Developer/Platforms/MacOSX.platform/Developer/SDKs/MacOSX10.9.sdk -arch i386 -I/Users/sts/Quellen/mac/hbci/lib/static-build-debug-5.0.14/include/ -mmacosx-version-min=10.9 conftest.c >&5
configure:3742: $? = 0
configure:3763: result: o
configure:3767: checking whether we are using the GNU C compiler
configure:3786: gcc -c -O -g -isysroot /Applications/Xcode.app/Contents/Developer/Platforms/MacOSX.platform/Developer/SDKs/MacOSX10.9.sdk -arch i386 -I/Users/sts/Quellen/mac/hbci/lib/static-build-debug-5.0.14/include/ -mmacosx-version-min=10.9 -std=gnu89 -O -g -isysroot /Applications/Xcode.app/Contents/Developer/Platforms/MacOSX.platform/Developer/SDKs/MacOSX10.9.sdk -arch i386 -I/Users/sts/Quellen/mac/hbci/lib/static-build-debug-5.0.14/include/ -mmacosx-version-min=10.9 conftest.c >&5
configure:3786: $? = 0
configure:3795: result: yes
configure:3804: checking whether gcc accepts -g
configure:3824: gcc -c -g -O -g -isysroot /Applications/Xcode.app/Contents/Developer/Platforms/MacOSX.platform/Developer/SDKs/MacOSX10.9.sdk -arch i386 -I/Users/sts/Quellen/mac/hbci/lib/static-build-debug-5.0.14/include/ -mmacosx-version-min=10.9 conftest.c >&5
configure:3824: $? = 0
configure:3865: result: yes
configure:3882: checking for gcc option to accept ISO C89
configure:3945: gcc  -c -O -g -isysroot /Applications/Xcode.app/Contents/Developer/Platforms/MacOSX.platform/Developer/SDKs/MacOSX10.9.sdk -arch i386 -I/Users/sts/Quellen/mac/hbci/lib/static-build-debug-5.0.14/include/ -mmacosx-version-min=10.9 -std=gnu89 -O -g -isysroot /Applications/Xcode.app/Contents/Developer/Platforms/MacOSX.platform/Developer/SDKs/MacOSX10.9.sdk -arch i386 -I/Users/sts/Quellen/mac/hbci/lib/static-build-debug-5.0.14/include/ -mmacosx-version-min=10.9 conftest.c >&5
configure:3945: $? = 0
configure:3958: result: none needed
configure:3989: checking for style of include used by make
configure:4017: result: GNU
configure:4043: checking dependency style of gcc
configure:4154: result: none
configure:4175: checking how to run the C preprocessor
configure:4206: gcc -E -O -g -isysroot /Applications/Xcode.app/Contents/Developer/Platforms/MacOSX.platform/Developer/SDKs/MacOSX10.9.sdk -arch i386 -I/Users/sts/Quellen/mac/hbci/lib/static-build-debug-5.0.14/include/ -mmacosx-version-min=10.9 conftest.c
configure:4206: $? = 0
configure:4220: gcc -E -O -g -isysroot /Applications/Xcode.app/Contents/Developer/Platforms/MacOSX.platform/Developer/SDKs/MacOSX10.9.sdk -arch i386 -I/Users/sts/Quellen/mac/hbci/lib/static-build-debug-5.0.14/include/ -mmacosx-version-min=10.9 conftest.c
conftest.c:11:10: fatal error: 'ac_nonexistent.h' file not found
#include <ac_nonexistent.h>
         ^
1 error generated.
configure:4220: $? = 1
configure: failed program was:
| /* confdefs.h */
| #define PACKAGE_NAME "libgnutls-extra"
| #define PACKAGE_TARNAME "libgnutls-extra"
| #define PACKAGE_VERSION "2.12.21"
| #define PACKAGE_STRING "libgnutls-extra 2.12.21"
| #define PACKAGE_BUGREPORT "bug-gnutls@gnu.org"
| #define PACKAGE_URL ""
| #define PACKAGE "libgnutls-extra"
| #define VERSION "2.12.21"
| /* end confdefs.h.  */
| #include <ac_nonexistent.h>
configure:4245: result: gcc -E
configure:4265: gcc -E -O -g -isysroot /Applications/Xcode.app/Contents/Developer/Platforms/MacOSX.platform/Developer/SDKs/MacOSX10.9.sdk -arch i386 -I/Users/sts/Quellen/mac/hbci/lib/static-build-debug-5.0.14/include/ -mmacosx-version-min=10.9 conftest.c
configure:4265: $? = 0
configure:4279: gcc -E -O -g -isysroot /Applications/Xcode.app/Contents/Developer/Platforms/MacOSX.platform/Developer/SDKs/MacOSX10.9.sdk -arch i386 -I/Users/sts/Quellen/mac/hbci/lib/static-build-debug-5.0.14/include/ -mmacosx-version-min=10.9 conftest.c
conftest.c:11:10: fatal error: 'ac_nonexistent.h' file not found
#include <ac_nonexistent.h>
         ^
1 error generated.
configure:4279: $? = 1
configure: failed program was:
| /* confdefs.h */
| #define PACKAGE_NAME "libgnutls-extra"
| #define PACKAGE_TARNAME "libgnutls-extra"
| #define PACKAGE_VERSION "2.12.21"
| #define PACKAGE_STRING "libgnutls-extra 2.12.21"
| #define PACKAGE_BUGREPORT "bug-gnutls@gnu.org"
| #define PACKAGE_URL ""
| #define PACKAGE "libgnutls-extra"
| #define VERSION "2.12.21"
| /* end confdefs.h.  */
| #include <ac_nonexistent.h>
configure:4308: checking for grep that handles long lines and -e
configure:4366: result: /usr/bin/grep
configure:4371: checking for egrep
configure:4433: result: /usr/bin/grep -E
configure:4440: checking for Minix Amsterdam compiler
configure:4464: result: no
configure:4516: checking for ar
configure:4532: found /usr/bin/ar
configure:4543: result: ar
configure:4623: checking for ranlib
configure:4639: found /usr/bin/ranlib
configure:4650: result: ranlib
configure:4680: checking build system type
configure:4694: result: x86_64-apple-darwin14.0.0
configure:4714: checking host system type
configure:4727: result: x86_64-apple-darwin14.0.0
configure:4747: checking for ANSI C header files
configure:4767: gcc -c -O -g -isysroot /Applications/Xcode.app/Contents/Developer/Platforms/MacOSX.platform/Developer/SDKs/MacOSX10.9.sdk -arch i386 -I/Users/sts/Quellen/mac/hbci/lib/static-build-debug-5.0.14/include/ -mmacosx-version-min=10.9 -std=gnu89 -O -g -isysroot /Applications/Xcode.app/Contents/Developer/Platforms/MacOSX.platform/Developer/SDKs/MacOSX10.9.sdk -arch i386 -I/Users/sts/Quellen/mac/hbci/lib/static-build-debug-5.0.14/include/ -mmacosx-version-min=10.9 conftest.c >&5
configure:4767: $? = 0
configure:4840: gcc -o conftest -O -g -isysroot /Applications/Xcode.app/Contents/Developer/Platforms/MacOSX.platform/Developer/SDKs/MacOSX10.9.sdk -arch i386 -I/Users/sts/Quellen/mac/hbci/lib/static-build-debug-5.0.14/include/ -mmacosx-version-min=10.9 -std=gnu89 -O -g -isysroot /Applications/Xcode.app/Contents/Developer/Platforms/MacOSX.platform/Developer/SDKs/MacOSX10.9.sdk -arch i386 -I/Users/sts/Quellen/mac/hbci/lib/static-build-debug-5.0.14/include/ -mmacosx-version-min=10.9 -arch i386 -L/Users/sts/Quellen/mac/hbci/lib/static-build-debug-5.0.14/lib -L/Applications/Xcode.app/Contents/Developer/Platforms/MacOSX.platform/Developer/SDKs/MacOSX10.9.sdk/usr/lib/ -mmacosx-version-min=10.9 conftest.c  >&5
configure:4840: $? = 0
configure:4840: ./conftest
configure:4840: $? = 0
configure:4851: result: yes
configure:4864: checking for sys/types.h
configure:4864: gcc -c -O -g -isysroot /Applications/Xcode.app/Contents/Developer/Platforms/MacOSX.platform/Developer/SDKs/MacOSX10.9.sdk -arch i386 -I/Users/sts/Quellen/mac/hbci/lib/static-build-debug-5.0.14/include/ -mmacosx-version-min=10.9 -std=gnu89 -O -g -isysroot /Applications/Xcode.app/Contents/Developer/Platforms/MacOSX.platform/Developer/SDKs/MacOSX10.9.sdk -arch i386 -I/Users/sts/Quellen/mac/hbci/lib/static-build-debug-5.0.14/include/ -mmacosx-version-min=10.9 conftest.c >&5
configure:4864: $? = 0
configure:4864: result: yes
configure:4864: checking for sys/stat.h
configure:4864: gcc -c -O -g -isysroot /Applications/Xcode.app/Contents/Developer/Platforms/MacOSX.platform/Developer/SDKs/MacOSX10.9.sdk -arch i386 -I/Users/sts/Quellen/mac/hbci/lib/static-build-debug-5.0.14/include/ -mmacosx-version-min=10.9 -std=gnu89 -O -g -isysroot /Applications/Xcode.app/Contents/Developer/Platforms/MacOSX.platform/Developer/SDKs/MacOSX10.9.sdk -arch i386 -I/Users/sts/Quellen/mac/hbci/lib/static-build-debug-5.0.14/include/ -mmacosx-version-min=10.9 conftest.c >&5
configure:4864: $? = 0
configure:4864: result: yes
configure:4864: checking for stdlib.h
configure:4864: gcc -c -O -g -isysroot /Applications/Xcode.app/Contents/Developer/Platforms/MacOSX.platform/Developer/SDKs/MacOSX10.9.sdk -arch i386 -I/Users/sts/Quellen/mac/hbci/lib/static-build-debug-5.0.14/include/ -mmacosx-version-min=10.9 -std=gnu89 -O -g -isysroot /Applications/Xcode.app/Contents/Developer/Platforms/MacOSX.platform/Developer/SDKs/MacOSX10.9.sdk -arch i386 -I/Users/sts/Quellen/mac/hbci/lib/static-build-debug-5.0.14/include/ -mmacosx-version-min=10.9 conftest.c >&5
configure:4864: $? = 0
configure:4864: result: yes
configure:4864: checking for string.h
configure:4864: gcc -c -O -g -isysroot /Applications/Xcode.app/Contents/Developer/Platforms/MacOSX.platform/Developer/SDKs/MacOSX10.9.sdk -arch i386 -I/Users/sts/Quellen/mac/hbci/lib/static-build-debug-5.0.14/include/ -mmacosx-version-min=10.9 -std=gnu89 -O -g -isysroot /Applications/Xcode.app/Contents/Developer/Platforms/MacOSX.platform/Developer/SDKs/MacOSX10.9.sdk -arch i386 -I/Users/sts/Quellen/mac/hbci/lib/static-build-debug-5.0.14/include/ -mmacosx-version-min=10.9 conftest.c >&5
configure:4864: $? = 0
configure:4864: result: yes
configure:4864: checking for memory.h
configure:4864: gcc -c -O -g -isysroot /Applications/Xcode.app/Contents/Developer/Platforms/MacOSX.platform/Developer/SDKs/MacOSX10.9.sdk -arch i386 -I/Users/sts/Quellen/mac/hbci/lib/static-build-debug-5.0.14/include/ -mmacosx-version-min=10.9 -std=gnu89 -O -g -isysroot /Applications/Xcode.app/Contents/Developer/Platforms/MacOSX.platform/Developer/SDKs/MacOSX10.9.sdk -arch i386 -I/Users/sts/Quellen/mac/hbci/lib/static-build-debug-5.0.14/include/ -mmacosx-version-min=10.9 conftest.c >&5
configure:4864: $? = 0
configure:4864: result: yes
configure:4864: checking for strings.h
configure:4864: gcc -c -O -g -isysroot /Applications/Xcode.app/Contents/Developer/Platforms/MacOSX.platform/Developer/SDKs/MacOSX10.9.sdk -arch i386 -I/Users/sts/Quellen/mac/hbci/lib/static-build-debug-5.0.14/include/ -mmacosx-version-min=10.9 -std=gnu89 -O -g -isysroot /Applications/Xcode.app/Contents/Developer/Platforms/MacOSX.platform/Developer/SDKs/MacOSX10.9.sdk -arch i386 -I/Users/sts/Quellen/mac/hbci/lib/static-build-debug-5.0.14/include/ -mmacosx-version-min=10.9 conftest.c >&5
configure:4864: $? = 0
configure:4864: result: yes
configure:4864: checking for inttypes.h
configure:4864: gcc -c -O -g -isysroot /Applications/Xcode.app/Contents/Developer/Platforms/MacOSX.platform/Developer/SDKs/MacOSX10.9.sdk -arch i386 -I/Users/sts/Quellen/mac/hbci/lib/static-build-debug-5.0.14/include/ -mmacosx-version-min=10.9 -std=gnu89 -O -g -isysroot /Applications/Xcode.app/Contents/Developer/Platforms/MacOSX.platform/Developer/SDKs/MacOSX10.9.sdk -arch i386 -I/Users/sts/Quellen/mac/hbci/lib/static-build-debug-5.0.14/include/ -mmacosx-version-min=10.9 conftest.c >&5
configure:4864: $? = 0
configure:4864: result: yes
configure:4864: checking for stdint.h
configure:4864: gcc -c -O -g -isysroot /Applications/Xcode.app/Contents/Developer/Platforms/MacOSX.platform/Developer/SDKs/MacOSX10.9.sdk -arch i386 -I/Users/sts/Quellen/mac/hbci/lib/static-build-debug-5.0.14/include/ -mmacosx-version-min=10.9 -std=gnu89 -O -g -isysroot /Applications/Xcode.app/Contents/Developer/Platforms/MacOSX.platform/Developer/SDKs/MacOSX10.9.sdk -arch i386 -I/Users/sts/Quellen/mac/hbci/lib/static-build-debug-5.0.14/include/ -mmacosx-version-min=10.9 conftest.c >&5
configure:4864: $? = 0
configure:4864: result: yes
configure:4864: checking for unistd.h
configure:4864: gcc -c -O -g -isysroot /Applications/Xcode.app/Contents/Developer/Platforms/MacOSX.platform/Developer/SDKs/MacOSX10.9.sdk -arch i386 -I/Users/sts/Quellen/mac/hbci/lib/static-build-debug-5.0.14/include/ -mmacosx-version-min=10.9 -std=gnu89 -O -g -isysroot /Applications/Xcode.app/Contents/Developer/Platforms/MacOSX.platform/Developer/SDKs/MacOSX10.9.sdk -arch i386 -I/Users/sts/Quellen/mac/hbci/lib/static-build-debug-5.0.14/include/ -mmacosx-version-min=10.9 conftest.c >&5
configure:4864: $? = 0
configure:4864: result: yes
configure:4879: checking minix/config.h usability
configure:4879: gcc -c -O -g -isysroot /Applications/Xcode.app/Contents/Developer/Platforms/MacOSX.platform/Developer/SDKs/MacOSX10.9.sdk -arch i386 -I/Users/sts/Quellen/mac/hbci/lib/static-build-debug-5.0.14/include/ -mmacosx-version-min=10.9 -std=gnu89 -O -g -isysroot /Applications/Xcode.app/Contents/Developer/Platforms/MacOSX.platform/Developer/SDKs/MacOSX10.9.sdk -arch i386 -I/Users/sts/Quellen/mac/hbci/lib/static-build-debug-5.0.14/include/ -mmacosx-version-min=10.9 conftest.c >&5
conftest.c:54:10: fatal error: 'minix/config.h' file not found
#include <minix/config.h>
         ^
1 error generated.
configure:4879: $? = 1
configure: failed program was:
| /* confdefs.h */
| #define PACKAGE_NAME "libgnutls-extra"
| #define PACKAGE_TARNAME "libgnutls-extra"
| #define PACKAGE_VERSION "2.12.21"
| #define PACKAGE_STRING "libgnutls-extra 2.12.21"
| #define PACKAGE_BUGREPORT "bug-gnutls@gnu.org"
| #define PACKAGE_URL ""
| #define PACKAGE "libgnutls-extra"
| #define VERSION "2.12.21"
| #define STDC_HEADERS 1
| #define HAVE_SYS_TYPES_H 1
| #define HAVE_SYS_STAT_H 1
| #define HAVE_STDLIB_H 1
| #define HAVE_STRING_H 1
| #define HAVE_MEMORY_H 1
| #define HAVE_STRINGS_H 1
| #define HAVE_INTTYPES_H 1
| #define HAVE_STDINT_H 1
| #define HAVE_UNISTD_H 1
| /* end confdefs.h.  */
| #include <stdio.h>
| #ifdef HAVE_SYS_TYPES_H
| # include <sys/types.h>
| #endif
| #ifdef HAVE_SYS_STAT_H
| # include <sys/stat.h>
| #endif
| #ifdef STDC_HEADERS
| # include <stdlib.h>
| # include <stddef.h>
| #else
| # ifdef HAVE_STDLIB_H
| #  include <stdlib.h>
| # endif
| #endif
| #ifdef HAVE_STRING_H
| # if !defined STDC_HEADERS && defined HAVE_MEMORY_H
| #  include <memory.h>
| # endif
| # include <string.h>
| #endif
| #ifdef HAVE_STRINGS_H
| # include <strings.h>
| #endif
| #ifdef HAVE_INTTYPES_H
| # include <inttypes.h>
| #endif
| #ifdef HAVE_STDINT_H
| # include <stdint.h>
| #endif
| #ifdef HAVE_UNISTD_H
| # include <unistd.h>
| #endif
| #include <minix/config.h>
configure:4879: result: no
configure:4879: checking minix/config.h presence
configure:4879: gcc -E -O -g -isysroot /Applications/Xcode.app/Contents/Developer/Platforms/MacOSX.platform/Developer/SDKs/MacOSX10.9.sdk -arch i386 -I/Users/sts/Quellen/mac/hbci/lib/static-build-debug-5.0.14/include/ -mmacosx-version-min=10.9 conftest.c
conftest.c:21:10: fatal error: 'minix/config.h' file not found
#include <minix/config.h>
         ^
1 error generated.
configure:4879: $? = 1
configure: failed program was:
| /* confdefs.h */
| #define PACKAGE_NAME "libgnutls-extra"
| #define PACKAGE_TARNAME "libgnutls-extra"
| #define PACKAGE_VERSION "2.12.21"
| #define PACKAGE_STRING "libgnutls-extra 2.12.21"
| #define PACKAGE_BUGREPORT "bug-gnutls@gnu.org"
| #define PACKAGE_URL ""
| #define PACKAGE "libgnutls-extra"
| #define VERSION "2.12.21"
| #define STDC_HEADERS 1
| #define HAVE_SYS_TYPES_H 1
| #define HAVE_SYS_STAT_H 1
| #define HAVE_STDLIB_H 1
| #define HAVE_STRING_H 1
| #define HAVE_MEMORY_H 1
| #define HAVE_STRINGS_H 1
| #define HAVE_INTTYPES_H 1
| #define HAVE_STDINT_H 1
| #define HAVE_UNISTD_H 1
| /* end confdefs.h.  */
| #include <minix/config.h>
configure:4879: result: no
configure:4879: checking for minix/config.h
configure:4879: result: no
configure:4908: checking whether it is safe to define __EXTENSIONS__
configure:4926: gcc -c -O -g -isysroot /Applications/Xcode.app/Contents/Developer/Platforms/MacOSX.platform/Developer/SDKs/MacOSX10.9.sdk -arch i386 -I/Users/sts/Quellen/mac/hbci/lib/static-build-debug-5.0.14/include/ -mmacosx-version-min=10.9 -std=gnu89 -O -g -isysroot /Applications/Xcode.app/Contents/Developer/Platforms/MacOSX.platform/Developer/SDKs/MacOSX10.9.sdk -arch i386 -I/Users/sts/Quellen/mac/hbci/lib/static-build-debug-5.0.14/include/ -mmacosx-version-min=10.9 conftest.c >&5
configure:4926: $? = 0
configure:4933: result: yes
configure:5317: checking how to print strings
configure:5344: result: printf
configure:5365: checking for a sed that does not truncate output
configure:5429: result: /usr/bin/sed
configure:5447: checking for fgrep
configure:5509: result: /usr/bin/grep -F
configure:5544: checking for ld used by gcc
configure:5611: result: /Applications/Xcode.app/Contents/Developer/Toolchains/XcodeDefault.xctoolchain/usr/bin/ld
configure:5618: checking if the linker (/Applications/Xcode.app/Contents/Developer/Toolchains/XcodeDefault.xctoolchain/usr/bin/ld) is GNU ld
configure:5633: result: no
configure:5645: checking for BSD- or MS-compatible name lister (nm)
configure:5694: result: /usr/bin/nm
configure:5824: checking the name lister (/usr/bin/nm) interface
configure:5831: gcc -c -O -g -isysroot /Applications/Xcode.app/Contents/Developer/Platforms/MacOSX.platform/Developer/SDKs/MacOSX10.9.sdk -arch i386 -I/Users/sts/Quellen/mac/hbci/lib/static-build-debug-5.0.14/include/ -mmacosx-version-min=10.9 -std=gnu89 -O -g -isysroot /Applications/Xcode.app/Contents/Developer/Platforms/MacOSX.platform/Developer/SDKs/MacOSX10.9.sdk -arch i386 -I/Users/sts/Quellen/mac/hbci/lib/static-build-debug-5.0.14/include/ -mmacosx-version-min=10.9 conftest.c >&5
configure:5834: /usr/bin/nm "conftest.o"
configure:5837: output
00000230 S _some_variable
configure:5844: result: BSD nm
configure:5847: checking whether ln -s works
configure:5851: result: yes
configure:5859: checking the maximum length of command line arguments
configure:5989: result: 196608
configure:6006: checking whether the shell understands some XSI constructs
configure:6016: result: yes
configure:6020: checking whether the shell understands "+="
configure:6026: result: yes
configure:6061: checking how to convert x86_64-apple-darwin14.0.0 file names to x86_64-apple-darwin14.0.0 format
configure:6101: result: func_convert_file_noop
configure:6108: checking how to convert x86_64-apple-darwin14.0.0 file names to toolchain format
configure:6128: result: func_convert_file_noop
configure:6135: checking for /Applications/Xcode.app/Contents/Developer/Toolchains/XcodeDefault.xctoolchain/usr/bin/ld option to reload object files
configure:6142: result: -r
configure:6216: checking for objdump
configure:6243: result: objdump
configure:6272: checking how to recognize dependent libraries
configure:6470: result: pass_all
configure:6555: checking for dlltool
configure:6582: result: dlltool
configure:6612: checking how to associate runtime and link libraries
configure:6639: result: printf %s\n
configure:6763: checking for archiver @FILE support
configure:6780: gcc -c -O -g -isysroot /Applications/Xcode.app/Contents/Developer/Platforms/MacOSX.platform/Developer/SDKs/MacOSX10.9.sdk -arch i386 -I/Users/sts/Quellen/mac/hbci/lib/static-build-debug-5.0.14/include/ -mmacosx-version-min=10.9 -std=gnu89 -O -g -isysroot /Applications/Xcode.app/Contents/Developer/Platforms/MacOSX.platform/Developer/SDKs/MacOSX10.9.sdk -arch i386 -I/Users/sts/Quellen/mac/hbci/lib/static-build-debug-5.0.14/include/ -mmacosx-version-min=10.9 conftest.c >&5
configure:6780: $? = 0
configure:6783: ar cru libconftest.a @conftest.lst >&5
ar: @conftest.lst: No such file or directory
configure:6786: $? = 1
configure:6806: result: no
configure:6864: checking for strip
configure:6880: found /usr/bin/strip
configure:6891: result: strip
configure:6963: checking for ranlib
configure:6990: result: ranlib
configure:7092: checking command to parse /usr/bin/nm output from gcc object
configure:7212: gcc -c -O -g -isysroot /Applications/Xcode.app/Contents/Developer/Platforms/MacOSX.platform/Developer/SDKs/MacOSX10.9.sdk -arch i386 -I/Users/sts/Quellen/mac/hbci/lib/static-build-debug-5.0.14/include/ -mmacosx-version-min=10.9 -std=gnu89 -O -g -isysroot /Applications/Xcode.app/Contents/Developer/Platforms/MacOSX.platform/Developer/SDKs/MacOSX10.9.sdk -arch i386 -I/Users/sts/Quellen/mac/hbci/lib/static-build-debug-5.0.14/include/ -mmacosx-version-min=10.9 conftest.c >&5
configure:7215: $? = 0
configure:7219: /usr/bin/nm conftest.o \| sed -n -e 's/^.*[ ]\([BCDEGRST][BCDEGRST]*\)[ ][ ]*\([_A-Za-z][_A-Za-z0-9]*\)$/\1 \2 \2/p' | sed '/ __gnu_lto/d' \> conftest.nm
configure:7222: $? = 0
cannot find nm_test_var in conftest.nm
configure:7212: gcc -c -O -g -isysroot /Applications/Xcode.app/Contents/Developer/Platforms/MacOSX.platform/Developer/SDKs/MacOSX10.9.sdk -arch i386 -I/Users/sts/Quellen/mac/hbci/lib/static-build-debug-5.0.14/include/ -mmacosx-version-min=10.9 -std=gnu89 -O -g -isysroot /Applications/Xcode.app/Contents/Developer/Platforms/MacOSX.platform/Developer/SDKs/MacOSX10.9.sdk -arch i386 -I/Users/sts/Quellen/mac/hbci/lib/static-build-debug-5.0.14/include/ -mmacosx-version-min=10.9 conftest.c >&5
configure:7215: $? = 0
configure:7219: /usr/bin/nm conftest.o \| sed -n -e 's/^.*[ ]\([BCDEGRST][BCDEGRST]*\)[ ][ ]*_\([_A-Za-z][_A-Za-z0-9]*\)$/\1 _\2 \2/p' | sed '/ __gnu_lto/d' \> conftest.nm
configure:7222: $? = 0
configure:7288: gcc -o conftest -O -g -isysroot /Applications/Xcode.app/Contents/Developer/Platforms/MacOSX.platform/Developer/SDKs/MacOSX10.9.sdk -arch i386 -I/Users/sts/Quellen/mac/hbci/lib/static-build-debug-5.0.14/include/ -mmacosx-version-min=10.9 -std=gnu89 -O -g -isysroot /Applications/Xcode.app/Contents/Developer/Platforms/MacOSX.platform/Developer/SDKs/MacOSX10.9.sdk -arch i386 -I/Users/sts/Quellen/mac/hbci/lib/static-build-debug-5.0.14/include/ -mmacosx-version-min=10.9 -arch i386 -L/Users/sts/Quellen/mac/hbci/lib/static-build-debug-5.0.14/lib -L/Applications/Xcode.app/Contents/Developer/Platforms/MacOSX.platform/Developer/SDKs/MacOSX10.9.sdk/usr/lib/ -mmacosx-version-min=10.9 conftest.c conftstm.o >&5
configure:7291: $? = 0
configure:7329: result: ok
configure:7366: checking for sysroot
configure:7396: result: no
configure:7652: checking for mt
configure:7682: result: no
configure:7702: checking if : is a manifest tool
configure:7708: : '-?'
configure:7716: result: no
configure:7772: checking for dsymutil
configure:7788: found /usr/bin/dsymutil
configure:7799: result: dsymutil
configure:7864: checking for nmedit
configure:7880: found /usr/bin/nmedit
configure:7891: result: nmedit
configure:7956: checking for lipo
configure:7972: found /usr/bin/lipo
configure:7983: result: lipo
configure:8048: checking for otool
configure:8064: found /usr/bin/otool
configure:8075: result: otool
configure:8140: checking for otool64
configure:8170: result: no
configure:8215: checking for -single_module linker flag
gcc -O -g -isysroot /Applications/Xcode.app/Contents/Developer/Platforms/MacOSX.platform/Developer/SDKs/MacOSX10.9.sdk -arch i386 -I/Users/sts/Quellen/mac/hbci/lib/static-build-debug-5.0.14/include/ -mmacosx-version-min=10.9 -std=gnu89 -arch i386 -L/Users/sts/Quellen/mac/hbci/lib/static-build-debug-5.0.14/lib -L/Applications/Xcode.app/Contents/Developer/Platforms/MacOSX.platform/Developer/SDKs/MacOSX10.9.sdk/usr/lib/ -mmacosx-version-min=10.9 -o libconftest.dylib -dynamiclib -Wl,-single_module conftest.c
configure:8248: result: yes
configure:8251: checking for -exported_symbols_list linker flag
configure:8271: gcc -o conftest -O -g -isysroot /Applications/Xcode.app/Contents/Developer/Platforms/MacOSX.platform/Developer/SDKs/MacOSX10.9.sdk -arch i386 -I/Users/sts/Quellen/mac/hbci/lib/static-build-debug-5.0.14/include/ -mmacosx-version-min=10.9 -std=gnu89 -O -g -isysroot /Applications/Xcode.app/Contents/Developer/Platforms/MacOSX.platform/Developer/SDKs/MacOSX10.9.sdk -arch i386 -I/Users/sts/Quellen/mac/hbci/lib/static-build-debug-5.0.14/include/ -mmacosx-version-min=10.9 -arch i386 -L/Users/sts/Quellen/mac/hbci/lib/static-build-debug-5.0.14/lib -L/Applications/Xcode.app/Contents/Developer/Platforms/MacOSX.platform/Developer/SDKs/MacOSX10.9.sdk/usr/lib/ -mmacosx-version-min=10.9 -Wl,-exported_symbols_list,conftest.sym conftest.c  >&5
configure:8271: $? = 0
configure:8281: result: yes
configure:8284: checking for -force_load linker flag
gcc -O -g -isysroot /Applications/Xcode.app/Contents/Developer/Platforms/MacOSX.platform/Developer/SDKs/MacOSX10.9.sdk -arch i386 -I/Users/sts/Quellen/mac/hbci/lib/static-build-debug-5.0.14/include/ -mmacosx-version-min=10.9 -std=gnu89 -c -o conftest.o conftest.c
ar cru libconftest.a conftest.o
ranlib libconftest.a
gcc -O -g -isysroot /Applications/Xcode.app/Contents/Developer/Platforms/MacOSX.platform/Developer/SDKs/MacOSX10.9.sdk -arch i386 -I/Users/sts/Quellen/mac/hbci/lib/static-build-debug-5.0.14/include/ -mmacosx-version-min=10.9 -std=gnu89 -arch i386 -L/Users/sts/Quellen/mac/hbci/lib/static-build-debug-5.0.14/lib -L/Applications/Xcode.app/Contents/Developer/Platforms/MacOSX.platform/Developer/SDKs/MacOSX10.9.sdk/usr/lib/ -mmacosx-version-min=10.9 -o conftest conftest.c -Wl,-force_load,./libconftest.a
configure:8316: result: yes
configure:8355: checking for dlfcn.h
configure:8355: gcc -c -O -g -isysroot /Applications/Xcode.app/Contents/Developer/Platforms/MacOSX.platform/Developer/SDKs/MacOSX10.9.sdk -arch i386 -I/Users/sts/Quellen/mac/hbci/lib/static-build-debug-5.0.14/include/ -mmacosx-version-min=10.9 -std=gnu89 -O -g -isysroot /Applications/Xcode.app/Contents/Developer/Platforms/MacOSX.platform/Developer/SDKs/MacOSX10.9.sdk -arch i386 -I/Users/sts/Quellen/mac/hbci/lib/static-build-debug-5.0.14/include/ -mmacosx-version-min=10.9 conftest.c >&5
configure:8355: $? = 0
configure:8355: result: yes
configure:8559: checking for objdir
configure:8574: result: .libs
configure:8845: checking if gcc supports -fno-rtti -fno-exceptions
configure:8863: gcc -c -O -g -isysroot /Applications/Xcode.app/Contents/Developer/Platforms/MacOSX.platform/Developer/SDKs/MacOSX10.9.sdk -arch i386 -I/Users/sts/Quellen/mac/hbci/lib/static-build-debug-5.0.14/include/ -mmacosx-version-min=10.9 -std=gnu89 -O -g -isysroot /Applications/Xcode.app/Contents/Developer/Platforms/MacOSX.platform/Developer/SDKs/MacOSX10.9.sdk -arch i386 -I/Users/sts/Quellen/mac/hbci/lib/static-build-debug-5.0.14/include/ -mmacosx-version-min=10.9 -fno-rtti -fno-exceptions conftest.c >&5
configure:8867: $? = 0
configure:8880: result: yes
configure:9207: checking for gcc option to produce PIC
configure:9214: result: -fno-common -DPIC
configure:9222: checking if gcc PIC flag -fno-common -DPIC works
configure:9240: gcc -c -O -g -isysroot /Applications/Xcode.app/Contents/Developer/Platforms/MacOSX.platform/Developer/SDKs/MacOSX10.9.sdk -arch i386 -I/Users/sts/Quellen/mac/hbci/lib/static-build-debug-5.0.14/include/ -mmacosx-version-min=10.9 -std=gnu89 -O -g -isysroot /Applications/Xcode.app/Contents/Developer/Platforms/MacOSX.platform/Developer/SDKs/MacOSX10.9.sdk -arch i386 -I/Users/sts/Quellen/mac/hbci/lib/static-build-debug-5.0.14/include/ -mmacosx-version-min=10.9 -fno-common -DPIC -DPIC conftest.c >&5
configure:9244: $? = 0
configure:9257: result: yes
configure:9286: checking if gcc static flag -static works
configure:9314: result: no
configure:9329: checking if gcc supports -c -o file.o
configure:9350: gcc -c -O -g -isysroot /Applications/Xcode.app/Contents/Developer/Platforms/MacOSX.platform/Developer/SDKs/MacOSX10.9.sdk -arch i386 -I/Users/sts/Quellen/mac/hbci/lib/static-build-debug-5.0.14/include/ -mmacosx-version-min=10.9 -std=gnu89 -O -g -isysroot /Applications/Xcode.app/Contents/Developer/Platforms/MacOSX.platform/Developer/SDKs/MacOSX10.9.sdk -arch i386 -I/Users/sts/Quellen/mac/hbci/lib/static-build-debug-5.0.14/include/ -mmacosx-version-min=10.9 -o out/conftest2.o conftest.c >&5
configure:9354: $? = 0
configure:9376: result: yes
configure:9384: checking if gcc supports -c -o file.o
configure:9431: result: yes
configure:9464: checking whether the gcc linker (/Applications/Xcode.app/Contents/Developer/Toolchains/XcodeDefault.xctoolchain/usr/bin/ld) supports shared libraries
configure:10621: result: yes
configure:10861: checking dynamic linker characteristics
configure:11595: result: darwin14.0.0 dyld
configure:11702: checking how to hardcode library paths into programs
configure:11727: result: immediate
configure:12267: checking whether stripping libraries is possible
configure:12281: result: yes
configure:12307: checking if libtool supports shared libraries
configure:12309: result: yes
configure:12312: checking whether to build shared libraries
configure:12333: result: no
configure:12336: checking whether to build static libraries
configure:12340: result: yes
configure:12417: checking for ld used by GCC
configure:12481: result: /Applications/Xcode.app/Contents/Developer/Toolchains/XcodeDefault.xctoolchain/usr/bin/ld
configure:12488: checking if the linker (/Applications/Xcode.app/Contents/Developer/Toolchains/XcodeDefault.xctoolchain/usr/bin/ld) is GNU ld
configure:12501: result: no
configure:12508: checking for shared library run path origin
configure:12521: result: done
configure:12657: checking for pkg-config
configure:12675: found /Users/sts/Quellen/mac/hbci/lib/static-build-debug-5.0.14/bin/pkg-config
configure:12687: result: /Users/sts/Quellen/mac/hbci/lib/static-build-debug-5.0.14/bin/pkg-config
configure:12712: checking pkg-config is at least version 0.9.0
configure:12715: result: yes
configure:13328: checking whether to use nettle
configure:13331: result: yes
configure:13826: checking for libnettle
configure:13848: gcc -o conftest -O -g -isysroot /Applications/Xcode.app/Contents/Developer/Platforms/MacOSX.platform/Developer/SDKs/MacOSX10.9.sdk -arch i386 -I/Users/sts/Quellen/mac/hbci/lib/static-build-debug-5.0.14/include/ -mmacosx-version-min=10.9 -std=gnu89 -O -g -isysroot /Applications/Xcode.app/Contents/Developer/Platforms/MacOSX.platform/Developer/SDKs/MacOSX10.9.sdk -arch i386 -I/Users/sts/Quellen/mac/hbci/lib/static-build-debug-5.0.14/include/ -mmacosx-version-min=10.9 -I/Users/sts/Quellen/mac/hbci/lib/static-build-debug-5.0.14/include -arch i386 -L/Users/sts/Quellen/mac/hbci/lib/static-build-debug-5.0.14/lib -L/Applications/Xcode.app/Contents/Developer/Platforms/MacOSX.platform/Developer/SDKs/MacOSX10.9.sdk/usr/lib/ -mmacosx-version-min=10.9 conftest.c /Users/sts/Quellen/mac/hbci/lib/static-build-debug-5.0.14/lib/libnettle.a  >&5
configure:13848: $? = 0
configure:13858: result: yes
configure:13865: checking how to link with libnettle
configure:13867: result: /Users/sts/Quellen/mac/hbci/lib/static-build-debug-5.0.14/lib/libnettle.a
configure:13915: checking for LIBTASN1
configure:13922: $PKG_CONFIG --exists --print-errors "libtasn1 >= 2.14"
configure:13925: $? = 0
configure:13939: $PKG_CONFIG --exists --print-errors "libtasn1 >= 2.14"
configure:13942: $? = 0
configure:13980: result: yes
configure:13995: checking whether to use the included minitasn1
configure:13997: result: no
configure:14020: checking whether to include LZO compression support
configure:14022: result: no
configure:14161: checking whether C99 macros are supported
configure:14179: gcc -c -O -g -isysroot /Applications/Xcode.app/Contents/Developer/Platforms/MacOSX.platform/Developer/SDKs/MacOSX10.9.sdk -arch i386 -I/Users/sts/Quellen/mac/hbci/lib/static-build-debug-5.0.14/include/ -mmacosx-version-min=10.9 -std=gnu89 -O -g -isysroot /Applications/Xcode.app/Contents/Developer/Platforms/MacOSX.platform/Developer/SDKs/MacOSX10.9.sdk -arch i386 -I/Users/sts/Quellen/mac/hbci/lib/static-build-debug-5.0.14/include/ -mmacosx-version-min=10.9 -I/Users/sts/Quellen/mac/hbci/lib/static-build-debug-5.0.14/include conftest.c >&5
configure:14179: $? = 0
configure:14184: result: yes
configure:14197: checking whether to enable Opaque PRF input support
configure:14228: result: no
configure:14240: checking whether to disable SRP authentication support
configure:14248: result: no
configure:14267: checking whether to disable PSK authentication support
configure:14275: result: no
configure:14294: checking whether to disable anonymous authentication support
configure:14302: result: no
configure:14334: checking whether to disable Camellia cipher
configure:14337: result: no
configure:14347: checking whether to disable extra PKI stuff
configure:14361: result: no
configure:14377: checking whether to disable OpenPGP Certificate authentication support
configure:14392: result: no
configure:14404: checking whether to disable SessionTicket extension support
configure:14412: result: no
configure:14432: checking whether to add cryptodev support
configure:14441: result: no
configure:14456: checking size of void *
configure:14461: gcc -o conftest -O -g -isysroot /Applications/Xcode.app/Contents/Developer/Platforms/MacOSX.platform/Developer/SDKs/MacOSX10.9.sdk -arch i386 -I/Users/sts/Quellen/mac/hbci/lib/static-build-debug-5.0.14/include/ -mmacosx-version-min=10.9 -std=gnu89 -O -g -isysroot /Applications/Xcode.app/Contents/Developer/Platforms/MacOSX.platform/Developer/SDKs/MacOSX10.9.sdk -arch i386 -I/Users/sts/Quellen/mac/hbci/lib/static-build-debug-5.0.14/include/ -mmacosx-version-min=10.9 -I/Users/sts/Quellen/mac/hbci/lib/static-build-debug-5.0.14/include -arch i386 -L/Users/sts/Quellen/mac/hbci/lib/static-build-debug-5.0.14/lib -L/Applications/Xcode.app/Contents/Developer/Platforms/MacOSX.platform/Developer/SDKs/MacOSX10.9.sdk/usr/lib/ -mmacosx-version-min=10.9 conftest.c  >&5
configure:14461: $? = 0
configure:14461: ./conftest
configure:14461: $? = 0
configure:14475: result: 4
configure:14489: checking size of long
configure:14494: gcc -o conftest -O -g -isysroot /Applications/Xcode.app/Contents/Developer/Platforms/MacOSX.platform/Developer/SDKs/MacOSX10.9.sdk -arch i386 -I/Users/sts/Quellen/mac/hbci/lib/static-build-debug-5.0.14/include/ -mmacosx-version-min=10.9 -std=gnu89 -O -g -isysroot /Applications/Xcode.app/Contents/Developer/Platforms/MacOSX.platform/Developer/SDKs/MacOSX10.9.sdk -arch i386 -I/Users/sts/Quellen/mac/hbci/lib/static-build-debug-5.0.14/include/ -mmacosx-version-min=10.9 -I/Users/sts/Quellen/mac/hbci/lib/static-build-debug-5.0.14/include -arch i386 -L/Users/sts/Quellen/mac/hbci/lib/static-build-debug-5.0.14/lib -L/Applications/Xcode.app/Contents/Developer/Platforms/MacOSX.platform/Developer/SDKs/MacOSX10.9.sdk/usr/lib/ -mmacosx-version-min=10.9 conftest.c  >&5
configure:14494: $? = 0
configure:14494: ./conftest
configure:14494: $? = 0
configure:14508: result: 4
configure:14522: checking size of int
configure:14527: gcc -o conftest -O -g -isysroot /Applications/Xcode.app/Contents/Developer/Platforms/MacOSX.platform/Developer/SDKs/MacOSX10.9.sdk -arch i386 -I/Users/sts/Quellen/mac/hbci/lib/static-build-debug-5.0.14/include/ -mmacosx-version-min=10.9 -std=gnu89 -O -g -isysroot /Applications/Xcode.app/Contents/Developer/Platforms/MacOSX.platform/Developer/SDKs/MacOSX10.9.sdk -arch i386 -I/Users/sts/Quellen/mac/hbci/lib/static-build-debug-5.0.14/include/ -mmacosx-version-min=10.9 -I/Users/sts/Quellen/mac/hbci/lib/static-build-debug-5.0.14/include -arch i386 -L/Users/sts/Quellen/mac/hbci/lib/static-build-debug-5.0.14/lib -L/Applications/Xcode.app/Contents/Developer/Platforms/MacOSX.platform/Developer/SDKs/MacOSX10.9.sdk/usr/lib/ -mmacosx-version-min=10.9 conftest.c  >&5
configure:14527: $? = 0
configure:14527: ./conftest
configure:14527: $? = 0
configure:14541: result: 4
configure:14563: checking for inline
configure:14579: gcc -c -O -g -isysroot /Applications/Xcode.app/Contents/Developer/Platforms/MacOSX.platform/Developer/SDKs/MacOSX10.9.sdk -arch i386 -I/Users/sts/Quellen/mac/hbci/lib/static-build-debug-5.0.14/include/ -mmacosx-version-min=10.9 -std=gnu89 -O -g -isysroot /Applications/Xcode.app/Contents/Developer/Platforms/MacOSX.platform/Developer/SDKs/MacOSX10.9.sdk -arch i386 -I/Users/sts/Quellen/mac/hbci/lib/static-build-debug-5.0.14/include/ -mmacosx-version-min=10.9 -I/Users/sts/Quellen/mac/hbci/lib/static-build-debug-5.0.14/include conftest.c >&5
configure:14579: $? = 0
configure:14587: result: inline
configure:14733: checking for sys/socket.h
configure:14733: gcc -c -O -g -isysroot /Applications/Xcode.app/Contents/Developer/Platforms/MacOSX.platform/Developer/SDKs/MacOSX10.9.sdk -arch i386 -I/Users/sts/Quellen/mac/hbci/lib/static-build-debug-5.0.14/include/ -mmacosx-version-min=10.9 -std=gnu89 -O -g -isysroot /Applications/Xcode.app/Contents/Developer/Platforms/MacOSX.platform/Developer/SDKs/MacOSX10.9.sdk -arch i386 -I/Users/sts/Quellen/mac/hbci/lib/static-build-debug-5.0.14/include/ -mmacosx-version-min=10.9 -I/Users/sts/Quellen/mac/hbci/lib/static-build-debug-5.0.14/include conftest.c >&5
configure:14733: $? = 0
configure:14733: result: yes
configure:14820: checking for library containing setsockopt
configure:14842: gcc -o conftest -O -g -isysroot /Applications/Xcode.app/Contents/Developer/Platforms/MacOSX.platform/Developer/SDKs/MacOSX10.9.sdk -arch i386 -I/Users/sts/Quellen/mac/hbci/lib/static-build-debug-5.0.14/include/ -mmacosx-version-min=10.9 -std=gnu89 -O -g -isysroot /Applications/Xcode.app/Contents/Developer/Platforms/MacOSX.platform/Developer/SDKs/MacOSX10.9.sdk -arch i386 -I/Users/sts/Quellen/mac/hbci/lib/static-build-debug-5.0.14/include/ -mmacosx-version-min=10.9 -I/Users/sts/Quellen/mac/hbci/lib/static-build-debug-5.0.14/include -arch i386 -L/Users/sts/Quellen/mac/hbci/lib/static-build-debug-5.0.14/lib -L/Applications/Xcode.app/Contents/Developer/Platforms/MacOSX.platform/Developer/SDKs/MacOSX10.9.sdk/usr/lib/ -mmacosx-version-min=10.9 conftest.c  >&5
configure:14842: $? = 0
configure:14923: result: none needed
configure:14932: checking whether to build OpenSSL compatibility layer
configure:14941: result: yes
configure:14971: checking whether byte ordering is bigendian
configure:14986: gcc -c -O -g -isysroot /Applications/Xcode.app/Contents/Developer/Platforms/MacOSX.platform/Developer/SDKs/MacOSX10.9.sdk -arch i386 -I/Users/sts/Quellen/mac/hbci/lib/static-build-debug-5.0.14/include/ -mmacosx-version-min=10.9 -std=gnu89 -O -g -isysroot /Applications/Xcode.app/Contents/Developer/Platforms/MacOSX.platform/Developer/SDKs/MacOSX10.9.sdk -arch i386 -I/Users/sts/Quellen/mac/hbci/lib/static-build-debug-5.0.14/include/ -mmacosx-version-min=10.9 -I/Users/sts/Quellen/mac/hbci/lib/static-build-debug-5.0.14/include conftest.c >&5
configure:14986: $? = 0
configure:15031: gcc -c -O -g -isysroot /Applications/Xcode.app/Contents/Developer/Platforms/MacOSX.platform/Developer/SDKs/MacOSX10.9.sdk -arch i386 -I/Users/sts/Quellen/mac/hbci/lib/static-build-debug-5.0.14/include/ -mmacosx-version-min=10.9 -std=gnu89 -O -g -isysroot /Applications/Xcode.app/Contents/Developer/Platforms/MacOSX.platform/Developer/SDKs/MacOSX10.9.sdk -arch i386 -I/Users/sts/Quellen/mac/hbci/lib/static-build-debug-5.0.14/include/ -mmacosx-version-min=10.9 -I/Users/sts/Quellen/mac/hbci/lib/static-build-debug-5.0.14/include conftest.c >&5
configure:15031: $? = 0
configure:15049: gcc -c -O -g -isysroot /Applications/Xcode.app/Contents/Developer/Platforms/MacOSX.platform/Developer/SDKs/MacOSX10.9.sdk -arch i386 -I/Users/sts/Quellen/mac/hbci/lib/static-build-debug-5.0.14/include/ -mmacosx-version-min=10.9 -std=gnu89 -O -g -isysroot /Applications/Xcode.app/Contents/Developer/Platforms/MacOSX.platform/Developer/SDKs/MacOSX10.9.sdk -arch i386 -I/Users/sts/Quellen/mac/hbci/lib/static-build-debug-5.0.14/include/ -mmacosx-version-min=10.9 -I/Users/sts/Quellen/mac/hbci/lib/static-build-debug-5.0.14/include conftest.c >&5
conftest.c:50:4: error: use of undeclared identifier 'not'
                 not big endian
                 ^
1 error generated.
configure:15049: $? = 1
configure: failed program was:
| /* confdefs.h */
| #define PACKAGE_NAME "libgnutls-extra"
| #define PACKAGE_TARNAME "libgnutls-extra"
| #define PACKAGE_VERSION "2.12.21"
| #define PACKAGE_STRING "libgnutls-extra 2.12.21"
| #define PACKAGE_BUGREPORT "bug-gnutls@gnu.org"
| #define PACKAGE_URL ""
| #define PACKAGE "libgnutls-extra"
| #define VERSION "2.12.21"
| #define STDC_HEADERS 1
| #define HAVE_SYS_TYPES_H 1
| #define HAVE_SYS_STAT_H 1
| #define HAVE_STDLIB_H 1
| #define HAVE_STRING_H 1
| #define HAVE_MEMORY_H 1
| #define HAVE_STRINGS_H 1
| #define HAVE_INTTYPES_H 1
| #define HAVE_STDINT_H 1
| #define HAVE_UNISTD_H 1
| #define __EXTENSIONS__ 1
| #define _ALL_SOURCE 1
| #define _DARWIN_C_SOURCE 1
| #define _GNU_SOURCE 1
| #define _POSIX_PTHREAD_SEMANTICS 1
| #define _TANDEM_SOURCE 1
| #define HAVE_DLFCN_H 1
| #define LT_OBJDIR ".libs/"
| #define HAVE_LIBNETTLE 1
| #define C99_MACROS 1
| #define ENABLE_SRP 1
| #define ENABLE_PSK 1
| #define ENABLE_ANON 1
| #define ENABLE_CAMELLIA 1
| #define ENABLE_PKI 1
| #define ENABLE_OPENPGP 1
| #define ENABLE_SESSION_TICKET 1
| #define SIZEOF_VOID_P 4
| #define SIZEOF_LONG 4
| #define SIZEOF_INT 4
| #define GNUTLS_POINTER_TO_INT_CAST (long)
| #define HAVE_SYS_SOCKET_H 1
| /* end confdefs.h.  */
| #include <sys/types.h>
| 		#include <sys/param.h>
| 
| int
| main ()
| {
| #if BYTE_ORDER != BIG_ENDIAN
| 		 not big endian
| 		#endif
| 
|   ;
|   return 0;
| }
configure:15177: result: no
configure:15196: checking for C/C++ restrict keyword
configure:15221: gcc -c -O -g -isysroot /Applications/Xcode.app/Contents/Developer/Platforms/MacOSX.platform/Developer/SDKs/MacOSX10.9.sdk -arch i386 -I/Users/sts/Quellen/mac/hbci/lib/static-build-debug-5.0.14/include/ -mmacosx-version-min=10.9 -std=gnu89 -O -g -isysroot /Applications/Xcode.app/Contents/Developer/Platforms/MacOSX.platform/Developer/SDKs/MacOSX10.9.sdk -arch i386 -I/Users/sts/Quellen/mac/hbci/lib/static-build-debug-5.0.14/include/ -mmacosx-version-min=10.9 -I/Users/sts/Quellen/mac/hbci/lib/static-build-debug-5.0.14/include conftest.c >&5
configure:15221: $? = 0
configure:15229: result: __restrict
configure:15269: checking if gcc/ld supports -Wl,--output-def
configure:15301: result: not needed, shared libraries are disabled
configure:15319: checking if LD -Wl,--version-script works
configure:15337: gcc -o conftest -O -g -isysroot /Applications/Xcode.app/Contents/Developer/Platforms/MacOSX.platform/Developer/SDKs/MacOSX10.9.sdk -arch i386 -I/Users/sts/Quellen/mac/hbci/lib/static-build-debug-5.0.14/include/ -mmacosx-version-min=10.9 -std=gnu89 -O -g -isysroot /Applications/Xcode.app/Contents/Developer/Platforms/MacOSX.platform/Developer/SDKs/MacOSX10.9.sdk -arch i386 -I/Users/sts/Quellen/mac/hbci/lib/static-build-debug-5.0.14/include/ -mmacosx-version-min=10.9 -I/Users/sts/Quellen/mac/hbci/lib/static-build-debug-5.0.14/include -arch i386 -L/Users/sts/Quellen/mac/hbci/lib/static-build-debug-5.0.14/lib -L/Applications/Xcode.app/Contents/Developer/Platforms/MacOSX.platform/Developer/SDKs/MacOSX10.9.sdk/usr/lib/ -mmacosx-version-min=10.9 -Wl,--version-script=conftest.map conftest.c  >&5
ld: unknown option: --version-script=conftest.map
clang: error: linker command failed with exit code 1 (use -v to see invocation)
configure:15337: $? = 1
configure: failed program was:
| /* confdefs.h */
| #define PACKAGE_NAME "libgnutls-extra"
| #define PACKAGE_TARNAME "libgnutls-extra"
| #define PACKAGE_VERSION "2.12.21"
| #define PACKAGE_STRING "libgnutls-extra 2.12.21"
| #define PACKAGE_BUGREPORT "bug-gnutls@gnu.org"
| #define PACKAGE_URL ""
| #define PACKAGE "libgnutls-extra"
| #define VERSION "2.12.21"
| #define STDC_HEADERS 1
| #define HAVE_SYS_TYPES_H 1
| #define HAVE_SYS_STAT_H 1
| #define HAVE_STDLIB_H 1
| #define HAVE_STRING_H 1
| #define HAVE_MEMORY_H 1
| #define HAVE_STRINGS_H 1
| #define HAVE_INTTYPES_H 1
| #define HAVE_STDINT_H 1
| #define HAVE_UNISTD_H 1
| #define __EXTENSIONS__ 1
| #define _ALL_SOURCE 1
| #define _DARWIN_C_SOURCE 1
| #define _GNU_SOURCE 1
| #define _POSIX_PTHREAD_SEMANTICS 1
| #define _TANDEM_SOURCE 1
| #define HAVE_DLFCN_H 1
| #define LT_OBJDIR ".libs/"
| #define HAVE_LIBNETTLE 1
| #define C99_MACROS 1
| #define ENABLE_SRP 1
| #define ENABLE_PSK 1
| #define ENABLE_ANON 1
| #define ENABLE_CAMELLIA 1
| #define ENABLE_PKI 1
| #define ENABLE_OPENPGP 1
| #define ENABLE_SESSION_TICKET 1
| #define SIZEOF_VOID_P 4
| #define SIZEOF_LONG 4
| #define SIZEOF_INT 4
| #define GNUTLS_POINTER_TO_INT_CAST (long)
| #define HAVE_SYS_SOCKET_H 1
| #define restrict __restrict
| /* end confdefs.h.  */
| 
| int
| main ()
| {
| 
|   ;
|   return 0;
| }
configure:15365: gcc -o conftest -O -g -isysroot /Applications/Xcode.app/Contents/Developer/Platforms/MacOSX.platform/Developer/SDKs/MacOSX10.9.sdk -arch i386 -I/Users/sts/Quellen/mac/hbci/lib/static-build-debug-5.0.14/include/ -mmacosx-version-min=10.9 -std=gnu89 -O -g -isysroot /Applications/Xcode.app/Contents/Developer/Platforms/MacOSX.platform/Developer/SDKs/MacOSX10.9.sdk -arch i386 -I/Users/sts/Quellen/mac/hbci/lib/static-build-debug-5.0.14/include/ -mmacosx-version-min=10.9 -I/Users/sts/Quellen/mac/hbci/lib/static-build-debug-5.0.14/include -arch i386 -L/Users/sts/Quellen/mac/hbci/lib/static-build-debug-5.0.14/lib -L/Applications/Xcode.app/Contents/Developer/Platforms/MacOSX.platform/Developer/SDKs/MacOSX10.9.sdk/usr/lib/ -mmacosx-version-min=10.9 -Wl,--version-script=conftest.map conftest.c  >&5
ld: unknown option: --version-script=conftest.map
clang: error: linker command failed with exit code 1 (use -v to see invocation)
configure:15365: $? = 1
configure: failed program was:
| /* confdefs.h */
| #define PACKAGE_NAME "libgnutls-extra"
| #define PACKAGE_TARNAME "libgnutls-extra"
| #define PACKAGE_VERSION "2.12.21"
| #define PACKAGE_STRING "libgnutls-extra 2.12.21"
| #define PACKAGE_BUGREPORT "bug-gnutls@gnu.org"
| #define PACKAGE_URL ""
| #define PACKAGE "libgnutls-extra"
| #define VERSION "2.12.21"
| #define STDC_HEADERS 1
| #define HAVE_SYS_TYPES_H 1
| #define HAVE_SYS_STAT_H 1
| #define HAVE_STDLIB_H 1
| #define HAVE_STRING_H 1
| #define HAVE_MEMORY_H 1
| #define HAVE_STRINGS_H 1
| #define HAVE_INTTYPES_H 1
| #define HAVE_STDINT_H 1
| #define HAVE_UNISTD_H 1
| #define __EXTENSIONS__ 1
| #define _ALL_SOURCE 1
| #define _DARWIN_C_SOURCE 1
| #define _GNU_SOURCE 1
| #define _POSIX_PTHREAD_SEMANTICS 1
| #define _TANDEM_SOURCE 1
| #define HAVE_DLFCN_H 1
| #define LT_OBJDIR ".libs/"
| #define HAVE_LIBNETTLE 1
| #define C99_MACROS 1
| #define ENABLE_SRP 1
| #define ENABLE_PSK 1
| #define ENABLE_ANON 1
| #define ENABLE_CAMELLIA 1
| #define ENABLE_PKI 1
| #define ENABLE_OPENPGP 1
| #define ENABLE_SESSION_TICKET 1
| #define SIZEOF_VOID_P 4
| #define SIZEOF_LONG 4
| #define SIZEOF_INT 4
| #define GNUTLS_POINTER_TO_INT_CAST (long)
| #define HAVE_SYS_SOCKET_H 1
| #define restrict __restrict
| /* end confdefs.h.  */
| 
| int
| main ()
| {
| 
|   ;
|   return 0;
| }
configure:15377: result: no
configure:15393: checking for working stdalign.h
configure:15432: gcc -c -O -g -isysroot /Applications/Xcode.app/Contents/Developer/Platforms/MacOSX.platform/Developer/SDKs/MacOSX10.9.sdk -arch i386 -I/Users/sts/Quellen/mac/hbci/lib/static-build-debug-5.0.14/include/ -mmacosx-version-min=10.9 -std=gnu89 -O -g -isysroot /Applications/Xcode.app/Contents/Developer/Platforms/MacOSX.platform/Developer/SDKs/MacOSX10.9.sdk -arch i386 -I/Users/sts/Quellen/mac/hbci/lib/static-build-debug-5.0.14/include/ -mmacosx-version-min=10.9 -I/Users/sts/Quellen/mac/hbci/lib/static-build-debug-5.0.14/include conftest.c >&5
conftest.c:56:30: error: 'test_double' declared as an array with a negative size
            char test_double[ao (double) % _Alignof (double) == 0 ? 1 : -1];
                             ^~~~~~~~~~~~~~~~~~~~~~~~~~~~~~~~~~~~~~~~~~~~~
conftest.c:54:31: note: expanded from macro 'ao'
            # define ao(type) offsetof (struct { char a; type b; }, b)
                              ^
/Applications/Xcode.app/Contents/Developer/Toolchains/XcodeDefault.xctoolchain/usr/bin/../lib/clang/6.0/include/stddef.h:87:24: note: expanded from macro 'offsetof'
#define offsetof(t, d) __builtin_offsetof(t, d)
                       ^
conftest.c:63:33: warning: '_Alignof' applied to an expression is a GNU extension [-Wgnu-alignof-expression]
              char test_alignas[_Alignof (alignas_int) == 8 ? 1 : -1];
                                ^
1 warning and 1 error generated.
configure:15432: $? = 1
configure: failed program was:
| /* confdefs.h */
| #define PACKAGE_NAME "libgnutls-extra"
| #define PACKAGE_TARNAME "libgnutls-extra"
| #define PACKAGE_VERSION "2.12.21"
| #define PACKAGE_STRING "libgnutls-extra 2.12.21"
| #define PACKAGE_BUGREPORT "bug-gnutls@gnu.org"
| #define PACKAGE_URL ""
| #define PACKAGE "libgnutls-extra"
| #define VERSION "2.12.21"
| #define STDC_HEADERS 1
| #define HAVE_SYS_TYPES_H 1
| #define HAVE_SYS_STAT_H 1
| #define HAVE_STDLIB_H 1
| #define HAVE_STRING_H 1
| #define HAVE_MEMORY_H 1
| #define HAVE_STRINGS_H 1
| #define HAVE_INTTYPES_H 1
| #define HAVE_STDINT_H 1
| #define HAVE_UNISTD_H 1
| #define __EXTENSIONS__ 1
| #define _ALL_SOURCE 1
| #define _DARWIN_C_SOURCE 1
| #define _GNU_SOURCE 1
| #define _POSIX_PTHREAD_SEMANTICS 1
| #define _TANDEM_SOURCE 1
| #define HAVE_DLFCN_H 1
| #define LT_OBJDIR ".libs/"
| #define HAVE_LIBNETTLE 1
| #define C99_MACROS 1
| #define ENABLE_SRP 1
| #define ENABLE_PSK 1
| #define ENABLE_ANON 1
| #define ENABLE_CAMELLIA 1
| #define ENABLE_PKI 1
| #define ENABLE_OPENPGP 1
| #define ENABLE_SESSION_TICKET 1
| #define SIZEOF_VOID_P 4
| #define SIZEOF_LONG 4
| #define SIZEOF_INT 4
| #define GNUTLS_POINTER_TO_INT_CAST (long)
| #define HAVE_SYS_SOCKET_H 1
| #define restrict __restrict
| /* end confdefs.h.  */
| #include <stdalign.h>
|             #include <stddef.h>
| 
|             /* Test that alignof yields a result consistent with offsetof.
|                This catches GCC bug 52023
|                <http://gcc.gnu.org/bugzilla/show_bug.cgi?id=52023>.  */
|             #ifdef __cplusplus
|                template <class t> struct alignof_helper { char a; t b; };
|             # define ao(type) offsetof (alignof_helper<type>, b)
|             #else
|             # define ao(type) offsetof (struct { char a; type b; }, b)
|             #endif
|             char test_double[ao (double) % _Alignof (double) == 0 ? 1 : -1];
|             char test_long[ao (long int) % _Alignof (long int) == 0 ? 1 : -1];
|             char test_alignof[alignof (double) == _Alignof (double) ? 1 : -1];
| 
|             /* Test _Alignas only on platforms where gnulib can help.  */
|             #if                 (__GNUC__ || __IBMC__ || __IBMCPP__                  || 0x5110 <= __SUNPRO_C || 1300 <= _MSC_VER)
|               int alignas (8) alignas_int = 1;
|               char test_alignas[_Alignof (alignas_int) == 8 ? 1 : -1];
|             #endif
| 
| int
| main ()
| {
| 
|   ;
|   return 0;
| }
configure:15439: result: no
configure:15731: creating ./config.status

## ---------------------- ##
## Running config.status. ##
## ---------------------- ##

This file was extended by libgnutls-extra config.status 2.12.21, which was
generated by GNU Autoconf 2.69.  Invocation command line was

  CONFIG_FILES    = 
  CONFIG_HEADERS  = 
  CONFIG_LINKS    = 
  CONFIG_COMMANDS = 
  $ ./config.status 

on Goedel.local

config.status:1295: creating Makefile
config.status:1295: creating gnutls-extra.pc
config.status:1295: creating gl/Makefile
config.status:1295: creating includes/Makefile
config.status:1295: creating config.h
config.status:1509: executing depfiles commands
config.status:1509: executing libtool commands

## ---------------- ##
## Cache variables. ##
## ---------------- ##

ac_cv_build=x86_64-apple-darwin14.0.0
ac_cv_c_bigendian=no
ac_cv_c_compiler_gnu=yes
ac_cv_c_inline=inline
ac_cv_c_restrict=__restrict
ac_cv_env_CC_set=
ac_cv_env_CC_value=
ac_cv_env_CFLAGS_set=set
ac_cv_env_CFLAGS_value='-O -g -isysroot /Applications/Xcode.app/Contents/Developer/Platforms/MacOSX.platform/Developer/SDKs/MacOSX10.9.sdk -arch i386 -I/Users/sts/Quellen/mac/hbci/lib/static-build-debug-5.0.14/include/ -mmacosx-version-min=10.9 -std=gnu89'
ac_cv_env_CPPFLAGS_set=set
ac_cv_env_CPPFLAGS_value='-O -g -isysroot /Applications/Xcode.app/Contents/Developer/Platforms/MacOSX.platform/Developer/SDKs/MacOSX10.9.sdk -arch i386 -I/Users/sts/Quellen/mac/hbci/lib/static-build-debug-5.0.14/include/ -mmacosx-version-min=10.9'
ac_cv_env_CPP_set=
ac_cv_env_CPP_value=
ac_cv_env_LDFLAGS_set=set
ac_cv_env_LDFLAGS_value='-arch i386 -L/Users/sts/Quellen/mac/hbci/lib/static-build-debug-5.0.14/lib -L/Applications/Xcode.app/Contents/Developer/Platforms/MacOSX.platform/Developer/SDKs/MacOSX10.9.sdk/usr/lib/ -mmacosx-version-min=10.9'
ac_cv_env_LIBS_set=
ac_cv_env_LIBS_value=
ac_cv_env_LIBTASN1_CFLAGS_set=
ac_cv_env_LIBTASN1_CFLAGS_value=
ac_cv_env_LIBTASN1_LIBS_set=
ac_cv_env_LIBTASN1_LIBS_value=
ac_cv_env_PKG_CONFIG_LIBDIR_set=
ac_cv_env_PKG_CONFIG_LIBDIR_value=
ac_cv_env_PKG_CONFIG_PATH_set=
ac_cv_env_PKG_CONFIG_PATH_value=
ac_cv_env_PKG_CONFIG_set=
ac_cv_env_PKG_CONFIG_value=
ac_cv_env_build_alias_set=
ac_cv_env_build_alias_value=
ac_cv_env_host_alias_set=
ac_cv_env_host_alias_value=
ac_cv_env_target_alias_set=
ac_cv_env_target_alias_value=
ac_cv_header_dlfcn_h=yes
ac_cv_header_inttypes_h=yes
ac_cv_header_memory_h=yes
ac_cv_header_minix_config_h=no
ac_cv_header_stdc=yes
ac_cv_header_stdint_h=yes
ac_cv_header_stdlib_h=yes
ac_cv_header_string_h=yes
ac_cv_header_strings_h=yes
ac_cv_header_sys_socket_h=yes
ac_cv_header_sys_stat_h=yes
ac_cv_header_sys_types_h=yes
ac_cv_header_unistd_h=yes
ac_cv_host=x86_64-apple-darwin14.0.0
ac_cv_libnettle=yes
ac_cv_objext=o
ac_cv_path_EGREP='/usr/bin/grep -E'
ac_cv_path_FGREP='/usr/bin/grep -F'
ac_cv_path_GREP=/usr/bin/grep
ac_cv_path_SED=/usr/bin/sed
ac_cv_path_ac_pt_PKG_CONFIG=/Users/sts/Quellen/mac/hbci/lib/static-build-debug-5.0.14/bin/pkg-config
ac_cv_path_install='/usr/bin/install -c'
ac_cv_prog_AWK=awk
ac_cv_prog_CPP='gcc -E'
ac_cv_prog_ac_ct_AR=ar
ac_cv_prog_ac_ct_CC=gcc
ac_cv_prog_ac_ct_DLLTOOL=dlltool
ac_cv_prog_ac_ct_DSYMUTIL=dsymutil
ac_cv_prog_ac_ct_LIPO=lipo
ac_cv_prog_ac_ct_NMEDIT=nmedit
ac_cv_prog_ac_ct_OBJDUMP=objdump
ac_cv_prog_ac_ct_OTOOL=otool
ac_cv_prog_ac_ct_RANLIB=ranlib
ac_cv_prog_ac_ct_STRIP=strip
ac_cv_prog_cc_c89=
ac_cv_prog_cc_g=yes
ac_cv_prog_make_make_set=yes
ac_cv_safe_to_define___extensions__=yes
ac_cv_sizeof_int=4
ac_cv_sizeof_long=4
ac_cv_sizeof_void_p=4
acl_cv_hardcode_direct=no
acl_cv_hardcode_libdir_flag_spec=
acl_cv_hardcode_libdir_separator=
acl_cv_hardcode_minus_L=no
acl_cv_libext=a
acl_cv_libname_spec='lib$name'
acl_cv_library_names_spec='$libname$shrext'
acl_cv_path_LD=/Applications/Xcode.app/Contents/Developer/Toolchains/XcodeDefault.xctoolchain/usr/bin/ld
acl_cv_prog_gnu_ld=no
acl_cv_rpath=done
acl_cv_shlibext=dylib
acl_cv_wl=-Wl,
am_cv_CC_dependencies_compiler_type=none
am_cv_make_support_nested_variables=yes
gl_cv_c_amsterdam_compiler=no
gl_cv_header_working_stdalign_h=no
gl_cv_ld_output_def='not needed, shared libraries are disabled'
gl_cv_lib_socket='none needed'
lt_cv_apple_cc_single_mod=yes
lt_cv_ar_at_file=no
lt_cv_deplibs_check_method=pass_all
lt_cv_file_magic_cmd='$MAGIC_CMD'
lt_cv_file_magic_test_file=
lt_cv_ld_exported_symbols_list=yes
lt_cv_ld_force_load=yes
lt_cv_ld_reload_flag=-r
lt_cv_nm_interface='BSD nm'
lt_cv_objdir=.libs
lt_cv_path_LD=/Applications/Xcode.app/Contents/Developer/Toolchains/XcodeDefault.xctoolchain/usr/bin/ld
lt_cv_path_NM=/usr/bin/nm
lt_cv_path_mainfest_tool=no
lt_cv_prog_compiler_c_o=yes
lt_cv_prog_compiler_pic='-fno-common -DPIC'
lt_cv_prog_compiler_pic_works=yes
lt_cv_prog_compiler_rtti_exceptions=yes
lt_cv_prog_compiler_static_works=no
lt_cv_prog_gnu_ld=no
lt_cv_sharedlib_from_linklib_cmd='printf %s\n'
lt_cv_sys_global_symbol_pipe='sed -n -e '\''s/^.*[	 ]\([BCDEGRST][BCDEGRST]*\)[	 ][	 ]*_\([_A-Za-z][_A-Za-z0-9]*\)$/\1 _\2 \2/p'\'' | sed '\''/ __gnu_lto/d'\'''
lt_cv_sys_global_symbol_to_c_name_address='sed -n -e '\''s/^: \([^ ]*\)[ ]*$/  {\"\1\", (void *) 0},/p'\'' -e '\''s/^[BCDEGRST]* \([^ ]*\) \([^ ]*\)$/  {"\2", (void *) \&\2},/p'\'''
lt_cv_sys_global_symbol_to_c_name_address_lib_prefix='sed -n -e '\''s/^: \([^ ]*\)[ ]*$/  {\"\1\", (void *) 0},/p'\'' -e '\''s/^[BCDEGRST]* \([^ ]*\) \(lib[^ ]*\)$/  {"\2", (void *) \&\2},/p'\'' -e '\''s/^[BCDEGRST]* \([^ ]*\) \([^ ]*\)$/  {"lib\2", (void *) \&\2},/p'\'''
lt_cv_sys_global_symbol_to_cdecl='sed -n -e '\''s/^T .* \(.*\)$/extern int \1();/p'\'' -e '\''s/^[BCDEGRST]* .* \(.*\)$/extern char \1;/p'\'''
lt_cv_sys_max_cmd_len=196608
lt_cv_to_host_file_cmd=func_convert_file_noop
lt_cv_to_tool_file_cmd=func_convert_file_noop
pkg_cv_LIBTASN1_CFLAGS='-I/Users/sts/Quellen/mac/hbci/lib/static-build-debug-5.0.14/include  '
pkg_cv_LIBTASN1_LIBS='-L/Users/sts/Quellen/mac/hbci/lib/static-build-debug-5.0.14/lib -ltasn1  '

## ----------------- ##
## Output variables. ##
## ----------------- ##

ACLOCAL='${SHELL} /Users/sts/Quellen/mac/hbci/lib/gnutls-2.12.21-gotofail/libextra/build-aux/missing --run aclocal-1.11'
AMDEPBACKSLASH=''
AMDEP_FALSE=''
AMDEP_TRUE='#'
AMTAR='$${TAR-tar}'
AM_BACKSLASH='\'
AM_DEFAULT_V='$(AM_DEFAULT_VERBOSITY)'
AM_DEFAULT_VERBOSITY='0'
AM_V='$(V)'
AR='ar'
ARFLAGS='cru'
AS='as'
AUTOCONF='${SHELL} /Users/sts/Quellen/mac/hbci/lib/gnutls-2.12.21-gotofail/libextra/build-aux/missing --run autoconf'
AUTOHEADER='${SHELL} /Users/sts/Quellen/mac/hbci/lib/gnutls-2.12.21-gotofail/libextra/build-aux/missing --run autoheader'
AUTOMAKE='${SHELL} /Users/sts/Quellen/mac/hbci/lib/gnutls-2.12.21-gotofail/libextra/build-aux/missing --run automake-1.11'
AWK='awk'
CC='gcc'
CCDEPMODE='depmode=none'
CFLAGS='-O -g -isysroot /Applications/Xcode.app/Contents/Developer/Platforms/MacOSX.platform/Developer/SDKs/MacOSX10.9.sdk -arch i386 -I/Users/sts/Quellen/mac/hbci/lib/static-build-debug-5.0.14/include/ -mmacosx-version-min=10.9 -std=gnu89'
CPP='gcc -E'
CPPFLAGS='-O -g -isysroot /Applications/Xcode.app/Contents/Developer/Platforms/MacOSX.platform/Developer/SDKs/MacOSX10.9.sdk -arch i386 -I/Users/sts/Quellen/mac/hbci/lib/static-build-debug-5.0.14/include/ -mmacosx-version-min=10.9 -I/Users/sts/Quellen/mac/hbci/lib/static-build-debug-5.0.14/include'
CXX_LT_AGE='0'
CXX_LT_CURRENT='27'
CXX_LT_REVISION='0'
CYGPATH_W='echo'
DEFS='-DHAVE_CONFIG_H'
DEPDIR='.deps'
DLLTOOL='dlltool'
DLL_VERSION='26'
DSYMUTIL='dsymutil'
DUMPBIN=''
ECHO_C='\c'
ECHO_N=''
ECHO_T=''
EGREP='/usr/bin/grep -E'
ENABLE_ANON_FALSE='#'
ENABLE_ANON_TRUE=''
ENABLE_MINITASN1_FALSE=''
ENABLE_MINITASN1_TRUE='#'
ENABLE_NETTLE_FALSE='#'
ENABLE_NETTLE_TRUE=''
ENABLE_OPENPGP_FALSE='#'
ENABLE_OPENPGP_TRUE=''
ENABLE_OPENSSL_FALSE='#'
ENABLE_OPENSSL_TRUE=''
ENABLE_OPRFI_FALSE=''
ENABLE_OPRFI_TRUE='#'
ENABLE_PKI_FALSE='#'
ENABLE_PKI_TRUE=''
ENABLE_PSK_FALSE='#'
ENABLE_PSK_TRUE=''
ENABLE_SESSION_TICKET_FALSE='#'
ENABLE_SESSION_TICKET_TRUE=''
ENABLE_SRP_FALSE='#'
ENABLE_SRP_TRUE=''
EXEEXT=''
FGREP='/usr/bin/grep -F'
GL_COND_LIBTOOL_FALSE='#'
GL_COND_LIBTOOL_TRUE=''
GL_GENERATE_STDALIGN_H_FALSE='#'
GL_GENERATE_STDALIGN_H_TRUE=''
GNULIB_CHDIR='0'
GNULIB_CHOWN='0'
GNULIB_CLOSE='0'
GNULIB_DUP2='0'
GNULIB_DUP3='0'
GNULIB_DUP='0'
GNULIB_ENVIRON='0'
GNULIB_EUIDACCESS='0'
GNULIB_FACCESSAT='0'
GNULIB_FCHDIR='0'
GNULIB_FCHOWNAT='0'
GNULIB_FDATASYNC='0'
GNULIB_FSYNC='0'
GNULIB_FTRUNCATE='0'
GNULIB_GETCWD='0'
GNULIB_GETDOMAINNAME='0'
GNULIB_GETDTABLESIZE='0'
GNULIB_GETGROUPS='0'
GNULIB_GETHOSTNAME='0'
GNULIB_GETLOGIN='0'
GNULIB_GETLOGIN_R='0'
GNULIB_GETPAGESIZE='0'
GNULIB_GETUSERSHELL='0'
GNULIB_GROUP_MEMBER='0'
GNULIB_ISATTY='0'
GNULIB_LCHOWN='0'
GNULIB_LINK='0'
GNULIB_LINKAT='0'
GNULIB_LSEEK='0'
GNULIB_PIPE2='0'
GNULIB_PIPE='0'
GNULIB_PREAD='0'
GNULIB_PWRITE='0'
GNULIB_READ='0'
GNULIB_READLINK='0'
GNULIB_READLINKAT='0'
GNULIB_RMDIR='0'
GNULIB_SETHOSTNAME='0'
GNULIB_SLEEP='0'
GNULIB_SYMLINK='0'
GNULIB_SYMLINKAT='0'
GNULIB_TTYNAME_R='0'
GNULIB_UNISTD_H_NONBLOCKING='0'
GNULIB_UNISTD_H_SIGPIPE='0'
GNULIB_UNLINK='0'
GNULIB_UNLINKAT='0'
GNULIB_USLEEP='0'
GNULIB_WRITE='0'
GREP='/usr/bin/grep'
HAVE_CHOWN='1'
HAVE_DECL_ENVIRON='1'
HAVE_DECL_FCHDIR='1'
HAVE_DECL_FDATASYNC='1'
HAVE_DECL_GETDOMAINNAME='1'
HAVE_DECL_GETLOGIN_R='1'
HAVE_DECL_GETPAGESIZE='1'
HAVE_DECL_GETUSERSHELL='1'
HAVE_DECL_SETHOSTNAME='1'
HAVE_DECL_TTYNAME_R='1'
HAVE_DUP2='1'
HAVE_DUP3='1'
HAVE_EUIDACCESS='1'
HAVE_FACCESSAT='1'
HAVE_FCHDIR='1'
HAVE_FCHOWNAT='1'
HAVE_FDATASYNC='1'
HAVE_FSYNC='1'
HAVE_FTRUNCATE='1'
HAVE_GETDTABLESIZE='1'
HAVE_GETGROUPS='1'
HAVE_GETHOSTNAME='1'
HAVE_GETLOGIN='1'
HAVE_GETPAGESIZE='1'
HAVE_GROUP_MEMBER='1'
HAVE_LCHOWN='1'
HAVE_LD_OUTPUT_DEF_FALSE=''
HAVE_LD_OUTPUT_DEF_TRUE='#'
HAVE_LD_VERSION_SCRIPT_FALSE=''
HAVE_LD_VERSION_SCRIPT_TRUE='#'
HAVE_LIBGCRYPT=''
HAVE_LIBNETTLE='yes'
HAVE_LINK='1'
HAVE_LINKAT='1'
HAVE_OS_H='0'
HAVE_PIPE2='1'
HAVE_PIPE='1'
HAVE_PREAD='1'
HAVE_PWRITE='1'
HAVE_READLINK='1'
HAVE_READLINKAT='1'
HAVE_SETHOSTNAME='1'
HAVE_SLEEP='1'
HAVE_SYMLINK='1'
HAVE_SYMLINKAT='1'
HAVE_SYS_PARAM_H='0'
HAVE_UNLINKAT='1'
HAVE_USLEEP='1'
HAVE_WINSOCK2_H='0'
INSTALL_DATA='${INSTALL} -m 644'
INSTALL_PROGRAM='${INSTALL}'
INSTALL_SCRIPT='${INSTALL}'
INSTALL_STRIP_PROGRAM='$(install_sh) -c -s'
LD='/Applications/Xcode.app/Contents/Developer/Toolchains/XcodeDefault.xctoolchain/usr/bin/ld'
LDFLAGS='-arch i386 -L/Users/sts/Quellen/mac/hbci/lib/static-build-debug-5.0.14/lib -L/Applications/Xcode.app/Contents/Developer/Platforms/MacOSX.platform/Developer/SDKs/MacOSX10.9.sdk/usr/lib/ -mmacosx-version-min=10.9'
LIBGCRYPT=''
LIBGCRYPT_PREFIX=''
LIBGNUTLS_EXTRA_CFLAGS='-I${prefix}/include'
LIBGNUTLS_EXTRA_LIBS='-L${exec_prefix}/lib -lgnutls-extra  '
LIBNETTLE='/Users/sts/Quellen/mac/hbci/lib/static-build-debug-5.0.14/lib/libnettle.a'
LIBNETTLE_PREFIX='/Users/sts/Quellen/mac/hbci/lib/static-build-debug-5.0.14'
LIBOBJS=''
LIBS=''
LIBSOCKET=''
LIBTASN1_CFLAGS='-I/Users/sts/Quellen/mac/hbci/lib/static-build-debug-5.0.14/include  '
LIBTASN1_LIBS='-L/Users/sts/Quellen/mac/hbci/lib/static-build-debug-5.0.14/lib -ltasn1  '
LIBTOOL='$(SHELL) $(top_builddir)/libtool'
LIPO='lipo'
LN_S='ln -s'
LTLIBGCRYPT=''
LTLIBNETTLE='-L/Users/sts/Quellen/mac/hbci/lib/static-build-debug-5.0.14/lib -lnettle'
LTLIBOBJS=''
LT_AGE='22'
LT_CURRENT='48'
LT_REVISION='5'
LT_SSL_AGE='0'
LT_SSL_CURRENT='27'
LT_SSL_REVISION='0'
LZO_LIBS=''
MAKEINFO='${SHELL} /Users/sts/Quellen/mac/hbci/lib/gnutls-2.12.21-gotofail/libextra/build-aux/missing --run makeinfo'
MANIFEST_TOOL=':'
MKDIR_P='/Users/sts/Quellen/mac/hbci/lib/gnutls-2.12.21-gotofail/libextra/build-aux/install-sh -c -d'
NETTLE_LIBS='-lgmp -lhogweed'
NM='/usr/bin/nm'
NMEDIT='nmedit'
OBJDUMP='objdump'
OBJEXT='o'
OTOOL64=':'
OTOOL='otool'
PACKAGE='libgnutls-extra'
PACKAGE_BUGREPORT='bug-gnutls@gnu.org'
PACKAGE_NAME='libgnutls-extra'
PACKAGE_STRING='libgnutls-extra 2.12.21'
PACKAGE_TARNAME='libgnutls-extra'
PACKAGE_URL=''
PACKAGE_VERSION='2.12.21'
PATH_SEPARATOR=':'
PKG_CONFIG='/Users/sts/Quellen/mac/hbci/lib/static-build-debug-5.0.14/bin/pkg-config'
PKG_CONFIG_LIBDIR=''
PKG_CONFIG_PATH=''
RANLIB='ranlib'
REPLACE_CHOWN='0'
REPLACE_CLOSE='0'
REPLACE_DUP2='0'
REPLACE_DUP='0'
REPLACE_FCHOWNAT='0'
REPLACE_GETCWD='0'
REPLACE_GETDOMAINNAME='0'
REPLACE_GETGROUPS='0'
REPLACE_GETLOGIN_R='0'
REPLACE_GETPAGESIZE='0'
REPLACE_ISATTY='0'
REPLACE_LCHOWN='0'
REPLACE_LINK='0'
REPLACE_LINKAT='0'
REPLACE_LSEEK='0'
REPLACE_PREAD='0'
REPLACE_PWRITE='0'
REPLACE_READ='0'
REPLACE_READLINK='0'
REPLACE_RMDIR='0'
REPLACE_SLEEP='0'
REPLACE_SYMLINK='0'
REPLACE_TTYNAME_R='0'
REPLACE_UNLINK='0'
REPLACE_UNLINKAT='0'
REPLACE_USLEEP='0'
REPLACE_WRITE='0'
SED='/usr/bin/sed'
SET_MAKE=''
SHELL='/bin/sh'
STDALIGN_H='stdalign.h'
STRIP='strip'
UNISTD_H_HAVE_WINSOCK2_H='0'
UNISTD_H_HAVE_WINSOCK2_H_AND_USE_SOCKETS='0'
USE_LZO_FALSE=''
USE_LZO_TRUE='#'
VERSION='2.12.21'
WARN_CFLAGS=''
WERROR_CFLAGS=''
WSTACK_CFLAGS=''
ac_ct_AR='ar'
ac_ct_CC='gcc'
ac_ct_DUMPBIN=''
am__EXEEXT_FALSE=''
am__EXEEXT_TRUE='#'
am__fastdepCC_FALSE=''
am__fastdepCC_TRUE='#'
am__include='include'
am__isrc=' -I$(srcdir)'
am__leading_dot='.'
am__nodep=''
am__quote=''
am__tar='$${TAR-tar} chof - "$$tardir"'
am__untar='$${TAR-tar} xf -'
bindir='${exec_prefix}/bin'
build='x86_64-apple-darwin14.0.0'
build_alias=''
build_cpu='x86_64'
build_os='darwin14.0.0'
build_vendor='apple'
datadir='${datarootdir}'
datarootdir='${prefix}/share'
docdir='${datarootdir}/doc/${PACKAGE_TARNAME}'
dvidir='${docdir}'
exec_prefix='${prefix}'
host='x86_64-apple-darwin14.0.0'
host_alias=''
host_cpu='x86_64'
host_os='darwin14.0.0'
host_vendor='apple'
htmldir='${docdir}'
includedir='${prefix}/include'
infodir='${datarootdir}/info'
install_sh='${SHELL} /Users/sts/Quellen/mac/hbci/lib/gnutls-2.12.21-gotofail/libextra/build-aux/install-sh'
libdir='${exec_prefix}/lib'
libexecdir='${exec_prefix}/libexec'
localedir='${datarootdir}/locale'
localstatedir='${prefix}/var'
mandir='${datarootdir}/man'
mkdir_p='/Users/sts/Quellen/mac/hbci/lib/gnutls-2.12.21-gotofail/libextra/build-aux/install-sh -c -d'
oldincludedir='/usr/include'
pdfdir='${docdir}'
prefix='/Users/sts/Quellen/mac/hbci/lib/static-build-debug-5.0.14'
program_transform_name='s,x,x,'
psdir='${docdir}'
sbindir='${exec_prefix}/sbin'
sharedstatedir='${prefix}/com'
sysconfdir='${prefix}/etc'
target_alias=''
xgl_LIBOBJS=''
xgl_LTLIBOBJS=''
xgltests_LIBOBJS=''
xgltests_LTLIBOBJS=''
xgltests_WITNESS='IN_LIBGNUTLS_EXTRA_GNULIB_TESTS'

## ----------- ##
## confdefs.h. ##
## ----------- ##

/* confdefs.h */
#define PACKAGE_NAME "libgnutls-extra"
#define PACKAGE_TARNAME "libgnutls-extra"
#define PACKAGE_VERSION "2.12.21"
#define PACKAGE_STRING "libgnutls-extra 2.12.21"
#define PACKAGE_BUGREPORT "bug-gnutls@gnu.org"
#define PACKAGE_URL ""
#define PACKAGE "libgnutls-extra"
#define VERSION "2.12.21"
#define STDC_HEADERS 1
#define HAVE_SYS_TYPES_H 1
#define HAVE_SYS_STAT_H 1
#define HAVE_STDLIB_H 1
#define HAVE_STRING_H 1
#define HAVE_MEMORY_H 1
#define HAVE_STRINGS_H 1
#define HAVE_INTTYPES_H 1
#define HAVE_STDINT_H 1
#define HAVE_UNISTD_H 1
#define __EXTENSIONS__ 1
#define _ALL_SOURCE 1
#define _DARWIN_C_SOURCE 1
#define _GNU_SOURCE 1
#define _POSIX_PTHREAD_SEMANTICS 1
#define _TANDEM_SOURCE 1
#define HAVE_DLFCN_H 1
#define LT_OBJDIR ".libs/"
#define HAVE_LIBNETTLE 1
#define C99_MACROS 1
#define ENABLE_SRP 1
#define ENABLE_PSK 1
#define ENABLE_ANON 1
#define ENABLE_CAMELLIA 1
#define ENABLE_PKI 1
#define ENABLE_OPENPGP 1
#define ENABLE_SESSION_TICKET 1
#define SIZEOF_VOID_P 4
#define SIZEOF_LONG 4
#define SIZEOF_INT 4
#define GNUTLS_POINTER_TO_INT_CAST (long)
#define HAVE_SYS_SOCKET_H 1
#define restrict __restrict
#define GNUTLS_COMPAT_H 1

configure: exit 0
