This file contains any messages produced by compilers while
running configure, to aid debugging if configure makes a mistake.

It was created by configure, which was
generated by GNU Autoconf 2.61.  Invocation command line was

  $ /Users/michael/src/git/lib/aqbanking/configure --disable-dependency-tracking --prefix=/Users/michael/src/git/lib/static-build-debug-4.99.19rc3 --enable-shared --enable-static --enable-debug=yes --with-backends=aqhbci --with-frontends= --enable-local-install --disable-tutorials --with-bankinfos= --without-imexports --disable-qt3-threads --disable-qt3 --with-exporter=csv --disable-variadic-macros

## --------- ##
## Platform. ##
## --------- ##

hostname = moeve
uname -m = i386
uname -r = 10.4.0
uname -s = Darwin
uname -v = Darwin Kernel Version 10.4.0: Fri Apr 23 18:28:53 PDT 2010; root:xnu-1504.7.4~1/RELEASE_I386

/usr/bin/uname -p = i386
/bin/uname -X     = unknown

/bin/arch              = unknown
/usr/bin/arch -k       = unknown
/usr/convex/getsysinfo = unknown
/usr/bin/hostinfo      = Mach kernel version:
	 Darwin Kernel Version 10.4.0: Fri Apr 23 18:28:53 PDT 2010; root:xnu-1504.7.4~1/RELEASE_I386
Kernel configured for up to 2 processors.
2 processors are physically available.
2 processors are logically available.
Processor type: i486 (Intel 80486)
Processors active: 0 1
Primary memory available: 4.00 gigabytes
Default processor set: 107 tasks, 462 threads, 2 processors
Load average: 1.30, Mach factor: 0.97
/bin/machine           = unknown
/usr/bin/oslevel       = unknown
/bin/universe          = unknown

PATH: /Users/michael/src/git/lib/static-build-debug-4.99.19rc3/bin
PATH: /usr/bin
PATH: /bin
PATH: /usr/sbin
PATH: /sbin
PATH: /usr/X11/bin


## ----------- ##
## Core tests. ##
## ----------- ##

configure:2150: checking build system type
configure:2168: result: i386-apple-darwin10.4.0
configure:2190: checking host system type
configure:2205: result: i386-apple-darwin10.4.0
configure:2423: checking for a BSD-compatible install
configure:2479: result: /usr/bin/install -c
configure:2490: checking whether build environment is sane
configure:2533: result: yes
configure:2561: checking for a thread-safe mkdir -p
configure:2600: result: /Users/michael/src/git/lib/aqbanking/install-sh -c -d
configure:2613: checking for gawk
configure:2643: result: no
configure:2613: checking for mawk
configure:2643: result: no
configure:2613: checking for nawk
configure:2643: result: no
configure:2613: checking for awk
configure:2629: found /usr/bin/awk
configure:2640: result: awk
configure:2651: checking whether make sets $(MAKE)
configure:2672: result: yes
configure:3172: checking host system type
configure:3355: result: posix
configure:3515: checking for gcc
configure:3531: found /usr/bin/gcc
configure:3542: result: gcc
configure:3780: checking for C compiler version
configure:3787: gcc --version >&5
i686-apple-darwin10-gcc-4.2.1 (GCC) 4.2.1 (Apple Inc. build 5664)
Copyright (C) 2007 Free Software Foundation, Inc.
This is free software; see the source for copying conditions.  There is NO
warranty; not even for MERCHANTABILITY or FITNESS FOR A PARTICULAR PURPOSE.

configure:3790: $? = 0
configure:3797: gcc -v >&5
Using built-in specs.
Target: i686-apple-darwin10
Configured with: /var/tmp/gcc/gcc-5664~38/src/configure --disable-checking --enable-werror --prefix=/usr --mandir=/share/man --enable-languages=c,objc,c++,obj-c++ --program-transform-name=/^[cg][^.-]*$/s/$/-4.2/ --with-slibdir=/usr/lib --build=i686-apple-darwin10 --program-prefix=i686-apple-darwin10- --host=x86_64-apple-darwin10 --target=i686-apple-darwin10 --with-gxx-include-dir=/include/c++/4.2.1
Thread model: posix
gcc version 4.2.1 (Apple Inc. build 5664)
configure:3800: $? = 0
configure:3807: gcc -V >&5
gcc-4.2: argument to `-V' is missing
configure:3810: $? = 1
configure:3833: checking for C compiler default output file name
configure:3860: gcc -O -g -isysroot /Developer/SDKs/MacOSX10.5.sdk -arch i386 -I/Users/michael/src/git/lib/static-build-debug-4.99.19rc3/include/ -mmacosx-version-min=10.5 -O -g -isysroot /Developer/SDKs/MacOSX10.5.sdk -arch i386 -I/Users/michael/src/git/lib/static-build-debug-4.99.19rc3/include/ -mmacosx-version-min=10.5 -framework CoreFoundation -arch i386 -L/Users/michael/src/git/lib/static-build-debug-4.99.19rc3/lib -L/Developer/SDKs/MacOSX10.5.sdk/usr/lib/ -mmacosx-version-min=10.5 -lcharset -liconv -lintl -lgmp -lgpg-error -lgcrypt -lgnutls -lgnutls-extra -lgnutls-openssl -lgwenhywfar conftest.c  >&5
configure:3863: $? = 0
configure:3901: result: a.out
configure:3918: checking whether the C compiler works
configure:3928: ./a.out
configure:3931: $? = 0
configure:3948: result: yes
configure:3955: checking whether we are cross compiling
configure:3957: result: no
configure:3960: checking for suffix of executables
configure:3967: gcc -o conftest -O -g -isysroot /Developer/SDKs/MacOSX10.5.sdk -arch i386 -I/Users/michael/src/git/lib/static-build-debug-4.99.19rc3/include/ -mmacosx-version-min=10.5 -O -g -isysroot /Developer/SDKs/MacOSX10.5.sdk -arch i386 -I/Users/michael/src/git/lib/static-build-debug-4.99.19rc3/include/ -mmacosx-version-min=10.5 -framework CoreFoundation -arch i386 -L/Users/michael/src/git/lib/static-build-debug-4.99.19rc3/lib -L/Developer/SDKs/MacOSX10.5.sdk/usr/lib/ -mmacosx-version-min=10.5 -lcharset -liconv -lintl -lgmp -lgpg-error -lgcrypt -lgnutls -lgnutls-extra -lgnutls-openssl -lgwenhywfar conftest.c  >&5
configure:3970: $? = 0
configure:3994: result: 
configure:4000: checking for suffix of object files
configure:4026: gcc -c -O -g -isysroot /Developer/SDKs/MacOSX10.5.sdk -arch i386 -I/Users/michael/src/git/lib/static-build-debug-4.99.19rc3/include/ -mmacosx-version-min=10.5 -O -g -isysroot /Developer/SDKs/MacOSX10.5.sdk -arch i386 -I/Users/michael/src/git/lib/static-build-debug-4.99.19rc3/include/ -mmacosx-version-min=10.5 conftest.c >&5
configure:4029: $? = 0
configure:4052: result: o
configure:4056: checking whether we are using the GNU C compiler
configure:4085: gcc -c -O -g -isysroot /Developer/SDKs/MacOSX10.5.sdk -arch i386 -I/Users/michael/src/git/lib/static-build-debug-4.99.19rc3/include/ -mmacosx-version-min=10.5 -O -g -isysroot /Developer/SDKs/MacOSX10.5.sdk -arch i386 -I/Users/michael/src/git/lib/static-build-debug-4.99.19rc3/include/ -mmacosx-version-min=10.5 conftest.c >&5
configure:4091: $? = 0
configure:4108: result: yes
configure:4113: checking whether gcc accepts -g
configure:4143: gcc -c -g -O -g -isysroot /Developer/SDKs/MacOSX10.5.sdk -arch i386 -I/Users/michael/src/git/lib/static-build-debug-4.99.19rc3/include/ -mmacosx-version-min=10.5 conftest.c >&5
configure:4149: $? = 0
configure:4248: result: yes
configure:4265: checking for gcc option to accept ISO C89
configure:4339: gcc  -c -O -g -isysroot /Developer/SDKs/MacOSX10.5.sdk -arch i386 -I/Users/michael/src/git/lib/static-build-debug-4.99.19rc3/include/ -mmacosx-version-min=10.5 -O -g -isysroot /Developer/SDKs/MacOSX10.5.sdk -arch i386 -I/Users/michael/src/git/lib/static-build-debug-4.99.19rc3/include/ -mmacosx-version-min=10.5 conftest.c >&5
configure:4345: $? = 0
configure:4368: result: none needed
configure:4397: checking for style of include used by make
configure:4425: result: GNU
configure:4450: checking dependency style of gcc
configure:4541: result: none
configure:4614: checking for g++
configure:4630: found /usr/bin/g++
configure:4641: result: g++
configure:4672: checking for C++ compiler version
configure:4679: g++ --version >&5
i686-apple-darwin10-g++-4.2.1 (GCC) 4.2.1 (Apple Inc. build 5664)
Copyright (C) 2007 Free Software Foundation, Inc.
This is free software; see the source for copying conditions.  There is NO
warranty; not even for MERCHANTABILITY or FITNESS FOR A PARTICULAR PURPOSE.

configure:4682: $? = 0
configure:4689: g++ -v >&5
Using built-in specs.
Target: i686-apple-darwin10
Configured with: /var/tmp/gcc/gcc-5664~38/src/configure --disable-checking --enable-werror --prefix=/usr --mandir=/share/man --enable-languages=c,objc,c++,obj-c++ --program-transform-name=/^[cg][^.-]*$/s/$/-4.2/ --with-slibdir=/usr/lib --build=i686-apple-darwin10 --program-prefix=i686-apple-darwin10- --host=x86_64-apple-darwin10 --target=i686-apple-darwin10 --with-gxx-include-dir=/include/c++/4.2.1
Thread model: posix
gcc version 4.2.1 (Apple Inc. build 5664)
configure:4692: $? = 0
configure:4699: g++ -V >&5
g++-4.2: argument to `-V' is missing
configure:4702: $? = 1
configure:4705: checking whether we are using the GNU C++ compiler
configure:4734: g++ -c  -O -g -isysroot /Developer/SDKs/MacOSX10.5.sdk -arch i386 -I/Users/michael/src/git/lib/static-build-debug-4.99.19rc3/include/ -mmacosx-version-min=10.5 conftest.cpp >&5
configure:4740: $? = 0
configure:4757: result: yes
configure:4762: checking whether g++ accepts -g
configure:4792: g++ -c -g -O -g -isysroot /Developer/SDKs/MacOSX10.5.sdk -arch i386 -I/Users/michael/src/git/lib/static-build-debug-4.99.19rc3/include/ -mmacosx-version-min=10.5 conftest.cpp >&5
configure:4798: $? = 0
configure:4897: result: yes
configure:4922: checking dependency style of g++
configure:5013: result: none
configure:5041: checking for a BSD-compatible install
configure:5097: result: /usr/bin/install -c
configure:5470: checking for windres
configure:5500: result: no
configure:5548: checking for a sed that does not truncate output
configure:5627: result: /usr/bin/sed
configure:5645: checking for grep that handles long lines and -e
configure:5719: result: /usr/bin/grep
configure:5724: checking for egrep
configure:5802: result: /usr/bin/grep -E
configure:5807: checking for fgrep
configure:5885: result: /usr/bin/grep -F
configure:5920: checking for ld used by gcc
configure:5987: result: /usr/libexec/gcc/i686-apple-darwin10/4.2.1/ld
configure:5996: checking if the linker (/usr/libexec/gcc/i686-apple-darwin10/4.2.1/ld) is GNU ld
configure:6011: result: no
configure:6023: checking for BSD- or MS-compatible name lister (nm)
configure:6072: result: /usr/bin/nm
configure:6194: checking the name lister (/usr/bin/nm) interface
configure:6201: gcc -c -O -g -isysroot /Developer/SDKs/MacOSX10.5.sdk -arch i386 -I/Users/michael/src/git/lib/static-build-debug-4.99.19rc3/include/ -mmacosx-version-min=10.5 -O -g -isysroot /Developer/SDKs/MacOSX10.5.sdk -arch i386 -I/Users/michael/src/git/lib/static-build-debug-4.99.19rc3/include/ -mmacosx-version-min=10.5 conftest.c >&5
configure:6204: /usr/bin/nm "conftest.o"
configure:6207: output
00000184 D _some_variable
configure:6214: result: BSD nm
configure:6217: checking whether ln -s works
configure:6221: result: yes
configure:6229: checking the maximum length of command line arguments
configure:6349: result: 196608
configure:6366: checking whether the shell understands some XSI constructs
configure:6376: result: yes
configure:6380: checking whether the shell understands "+="
configure:6386: result: yes
configure:6421: checking for /usr/libexec/gcc/i686-apple-darwin10/4.2.1/ld option to reload object files
configure:6428: result: -r
configure:6455: checking how to recognize dependent libraries
configure:6645: result: pass_all
configure:6705: checking for ar
configure:6721: found /usr/bin/ar
configure:6732: result: ar
configure:6814: checking for strip
configure:6830: found /usr/bin/strip
configure:6841: result: strip
configure:6917: checking for ranlib
configure:6933: found /usr/bin/ranlib
configure:6944: result: ranlib
configure:7038: checking command to parse /usr/bin/nm output from gcc object
configure:7156: gcc -c -O -g -isysroot /Developer/SDKs/MacOSX10.5.sdk -arch i386 -I/Users/michael/src/git/lib/static-build-debug-4.99.19rc3/include/ -mmacosx-version-min=10.5 -O -g -isysroot /Developer/SDKs/MacOSX10.5.sdk -arch i386 -I/Users/michael/src/git/lib/static-build-debug-4.99.19rc3/include/ -mmacosx-version-min=10.5 conftest.c >&5
configure:7159: $? = 0
configure:7163: /usr/bin/nm conftest.o \| sed -n -e 's/^.*[	 ]\([BCDEGRST][BCDEGRST]*\)[	 ][	 ]*\([_A-Za-z][_A-Za-z0-9]*\)$/\1 \2 \2/p' \> conftest.nm
configure:7166: $? = 0
cannot find nm_test_var in conftest.nm
configure:7156: gcc -c -O -g -isysroot /Developer/SDKs/MacOSX10.5.sdk -arch i386 -I/Users/michael/src/git/lib/static-build-debug-4.99.19rc3/include/ -mmacosx-version-min=10.5 -O -g -isysroot /Developer/SDKs/MacOSX10.5.sdk -arch i386 -I/Users/michael/src/git/lib/static-build-debug-4.99.19rc3/include/ -mmacosx-version-min=10.5 conftest.c >&5
configure:7159: $? = 0
configure:7163: /usr/bin/nm conftest.o \| sed -n -e 's/^.*[	 ]\([BCDEGRST][BCDEGRST]*\)[	 ][	 ]*_\([_A-Za-z][_A-Za-z0-9]*\)$/\1 _\2 \2/p' \> conftest.nm
configure:7166: $? = 0
configure:7220: gcc -o conftest -O -g -isysroot /Developer/SDKs/MacOSX10.5.sdk -arch i386 -I/Users/michael/src/git/lib/static-build-debug-4.99.19rc3/include/ -mmacosx-version-min=10.5 -O -g -isysroot /Developer/SDKs/MacOSX10.5.sdk -arch i386 -I/Users/michael/src/git/lib/static-build-debug-4.99.19rc3/include/ -mmacosx-version-min=10.5 -framework CoreFoundation -arch i386 -L/Users/michael/src/git/lib/static-build-debug-4.99.19rc3/lib -L/Developer/SDKs/MacOSX10.5.sdk/usr/lib/ -mmacosx-version-min=10.5 -lcharset -liconv -lintl -lgmp -lgpg-error -lgcrypt -lgnutls -lgnutls-extra -lgnutls-openssl -lgwenhywfar conftest.c conftstm.o >&5
configure:7223: $? = 0
configure:7261: result: ok
configure:7551: checking for dsymutil
configure:7567: found /usr/bin/dsymutil
configure:7578: result: dsymutil
configure:7647: checking for nmedit
configure:7663: found /usr/bin/nmedit
configure:7674: result: nmedit
configure:7743: checking for lipo
configure:7759: found /usr/bin/lipo
configure:7770: result: lipo
configure:7839: checking for otool
configure:7855: found /usr/bin/otool
configure:7866: result: otool
configure:7935: checking for otool64
configure:7965: result: no
configure:8014: checking for -single_module linker flag
gcc -O -g -isysroot /Developer/SDKs/MacOSX10.5.sdk -arch i386 -I/Users/michael/src/git/lib/static-build-debug-4.99.19rc3/include/ -mmacosx-version-min=10.5 -framework CoreFoundation -arch i386 -L/Users/michael/src/git/lib/static-build-debug-4.99.19rc3/lib -L/Developer/SDKs/MacOSX10.5.sdk/usr/lib/ -mmacosx-version-min=10.5 -lcharset -liconv -lintl -lgmp -lgpg-error -lgcrypt -lgnutls -lgnutls-extra -lgnutls-openssl -lgwenhywfar -o libconftest.dylib -dynamiclib -Wl,-single_module conftest.c
configure:8041: result: yes
configure:8043: checking for -exported_symbols_list linker flag
configure:8073: gcc -o conftest -O -g -isysroot /Developer/SDKs/MacOSX10.5.sdk -arch i386 -I/Users/michael/src/git/lib/static-build-debug-4.99.19rc3/include/ -mmacosx-version-min=10.5 -O -g -isysroot /Developer/SDKs/MacOSX10.5.sdk -arch i386 -I/Users/michael/src/git/lib/static-build-debug-4.99.19rc3/include/ -mmacosx-version-min=10.5 -framework CoreFoundation -arch i386 -L/Users/michael/src/git/lib/static-build-debug-4.99.19rc3/lib -L/Developer/SDKs/MacOSX10.5.sdk/usr/lib/ -mmacosx-version-min=10.5 -lcharset -liconv -lintl -lgmp -lgpg-error -lgcrypt -lgnutls -lgnutls-extra -lgnutls-openssl -lgwenhywfar -Wl,-exported_symbols_list,conftest.sym conftest.c  >&5
configure:8079: $? = 0
configure:8098: result: yes
configure:8140: checking how to run the C preprocessor
configure:8180: gcc -E -O -g -isysroot /Developer/SDKs/MacOSX10.5.sdk -arch i386 -I/Users/michael/src/git/lib/static-build-debug-4.99.19rc3/include/ -mmacosx-version-min=10.5 conftest.c
configure:8186: $? = 0
configure:8217: gcc -E -O -g -isysroot /Developer/SDKs/MacOSX10.5.sdk -arch i386 -I/Users/michael/src/git/lib/static-build-debug-4.99.19rc3/include/ -mmacosx-version-min=10.5 conftest.c
conftest.c:57:28: error: ac_nonexistent.h: No such file or directory
configure:8223: $? = 1
configure: failed program was:
| /* confdefs.h.  */
| #define PACKAGE_NAME ""
| #define PACKAGE_TARNAME ""
| #define PACKAGE_VERSION ""
| #define PACKAGE_STRING ""
| #define PACKAGE_BUGREPORT ""
| #define AQBANKING_SO_EFFECTIVE_STR "32"
| #define PACKAGE "aqbanking"
| #define VERSION "4.99.19rc3"
| #define AQHBCI_VERSION_MAJOR 4
| #define AQHBCI_VERSION_MINOR 99
| #define AQHBCI_VERSION_PATCHLEVEL 19
| #define AQHBCI_VERSION_BUILD 0
| #define AQHBCI_VERSION_STRING "4.99.19"
| #define AQHBCI_VERSION_FULL_STRING "4.99.19.0rc3"
| #define AQHBCI_VERSION_TAG rc3
| #define AQHBCI_SO_EFFECTIVE_STR "18"
| #define AQOFXCONNECT_VERSION_MAJOR 4
| #define AQOFXCONNECT_VERSION_MINOR 99
| #define AQOFXCONNECT_VERSION_PATCHLEVEL 19
| #define AQOFXCONNECT_VERSION_BUILD 0
| #define AQOFXCONNECT_VERSION_STRING "4.99.19"
| #define AQOFXCONNECT_VERSION_FULL_STRING "4.99.19.0rc3"
| #define AQOFXCONNECT_VERSION_TAG rc3
| #define AQOFXCONNECT_SO_EFFECTIVE_STR "6"
| #define AQPAYPAL_VERSION_MAJOR 4
| #define AQPAYPAL_VERSION_MINOR 99
| #define AQPAYPAL_VERSION_PATCHLEVEL 19
| #define AQPAYPAL_VERSION_BUILD 0
| #define AQPAYPAL_VERSION_STRING "4.99.19"
| #define AQPAYPAL_VERSION_FULL_STRING "4.99.19.0rc3"
| #define AQPAYPAL_VERSION_TAG rc3
| #define AQPAYPAL_SO_EFFECTIVE_STR "1"
| #define QBANKING_VERSION_MAJOR 4
| #define QBANKING_VERSION_MINOR 99
| #define QBANKING_VERSION_PATCHLEVEL 19
| #define QBANKING_VERSION_BUILD 0
| #define QBANKING_VERSION_STRING "4.99.19"
| #define QBANKING_VERSION_FULL_STRING "4.99.19.0rc3"
| #define QBANKING_VERSION_TAG rc3
| #define QBANKING_SO_EFFECTIVE_STR ""
| #define Q4BANKING_VERSION_MAJOR 4
| #define Q4BANKING_VERSION_MINOR 99
| #define Q4BANKING_VERSION_PATCHLEVEL 19
| #define Q4BANKING_VERSION_BUILD 0
| #define Q4BANKING_VERSION_STRING "4.99.19"
| #define Q4BANKING_VERSION_FULL_STRING "4.99.19.0rc3"
| #define Q4BANKING_VERSION_TAG rc3
| #define Q4BANKING_SO_EFFECTIVE_STR ""
| #define OS_NAME "i386-apple-darwin10.4.0"
| #define OS_DARWIN 1
| #define OS_POSIX 1
| #define OS_SHORTNAME "osx"
| #define OS_TYPE "posix"
| #define _GNU_SOURCE 1
| /* end confdefs.h.  */
| #include <ac_nonexistent.h>
configure:8256: result: gcc -E
configure:8285: gcc -E -O -g -isysroot /Developer/SDKs/MacOSX10.5.sdk -arch i386 -I/Users/michael/src/git/lib/static-build-debug-4.99.19rc3/include/ -mmacosx-version-min=10.5 conftest.c
configure:8291: $? = 0
configure:8322: gcc -E -O -g -isysroot /Developer/SDKs/MacOSX10.5.sdk -arch i386 -I/Users/michael/src/git/lib/static-build-debug-4.99.19rc3/include/ -mmacosx-version-min=10.5 conftest.c
conftest.c:57:28: error: ac_nonexistent.h: No such file or directory
configure:8328: $? = 1
configure: failed program was:
| /* confdefs.h.  */
| #define PACKAGE_NAME ""
| #define PACKAGE_TARNAME ""
| #define PACKAGE_VERSION ""
| #define PACKAGE_STRING ""
| #define PACKAGE_BUGREPORT ""
| #define AQBANKING_SO_EFFECTIVE_STR "32"
| #define PACKAGE "aqbanking"
| #define VERSION "4.99.19rc3"
| #define AQHBCI_VERSION_MAJOR 4
| #define AQHBCI_VERSION_MINOR 99
| #define AQHBCI_VERSION_PATCHLEVEL 19
| #define AQHBCI_VERSION_BUILD 0
| #define AQHBCI_VERSION_STRING "4.99.19"
| #define AQHBCI_VERSION_FULL_STRING "4.99.19.0rc3"
| #define AQHBCI_VERSION_TAG rc3
| #define AQHBCI_SO_EFFECTIVE_STR "18"
| #define AQOFXCONNECT_VERSION_MAJOR 4
| #define AQOFXCONNECT_VERSION_MINOR 99
| #define AQOFXCONNECT_VERSION_PATCHLEVEL 19
| #define AQOFXCONNECT_VERSION_BUILD 0
| #define AQOFXCONNECT_VERSION_STRING "4.99.19"
| #define AQOFXCONNECT_VERSION_FULL_STRING "4.99.19.0rc3"
| #define AQOFXCONNECT_VERSION_TAG rc3
| #define AQOFXCONNECT_SO_EFFECTIVE_STR "6"
| #define AQPAYPAL_VERSION_MAJOR 4
| #define AQPAYPAL_VERSION_MINOR 99
| #define AQPAYPAL_VERSION_PATCHLEVEL 19
| #define AQPAYPAL_VERSION_BUILD 0
| #define AQPAYPAL_VERSION_STRING "4.99.19"
| #define AQPAYPAL_VERSION_FULL_STRING "4.99.19.0rc3"
| #define AQPAYPAL_VERSION_TAG rc3
| #define AQPAYPAL_SO_EFFECTIVE_STR "1"
| #define QBANKING_VERSION_MAJOR 4
| #define QBANKING_VERSION_MINOR 99
| #define QBANKING_VERSION_PATCHLEVEL 19
| #define QBANKING_VERSION_BUILD 0
| #define QBANKING_VERSION_STRING "4.99.19"
| #define QBANKING_VERSION_FULL_STRING "4.99.19.0rc3"
| #define QBANKING_VERSION_TAG rc3
| #define QBANKING_SO_EFFECTIVE_STR ""
| #define Q4BANKING_VERSION_MAJOR 4
| #define Q4BANKING_VERSION_MINOR 99
| #define Q4BANKING_VERSION_PATCHLEVEL 19
| #define Q4BANKING_VERSION_BUILD 0
| #define Q4BANKING_VERSION_STRING "4.99.19"
| #define Q4BANKING_VERSION_FULL_STRING "4.99.19.0rc3"
| #define Q4BANKING_VERSION_TAG rc3
| #define Q4BANKING_SO_EFFECTIVE_STR ""
| #define OS_NAME "i386-apple-darwin10.4.0"
| #define OS_DARWIN 1
| #define OS_POSIX 1
| #define OS_SHORTNAME "osx"
| #define OS_TYPE "posix"
| #define _GNU_SOURCE 1
| /* end confdefs.h.  */
| #include <ac_nonexistent.h>
configure:8366: checking for ANSI C header files
configure:8396: gcc -c -O -g -isysroot /Developer/SDKs/MacOSX10.5.sdk -arch i386 -I/Users/michael/src/git/lib/static-build-debug-4.99.19rc3/include/ -mmacosx-version-min=10.5 -O -g -isysroot /Developer/SDKs/MacOSX10.5.sdk -arch i386 -I/Users/michael/src/git/lib/static-build-debug-4.99.19rc3/include/ -mmacosx-version-min=10.5 conftest.c >&5
configure:8402: $? = 0
configure:8501: gcc -o conftest -O -g -isysroot /Developer/SDKs/MacOSX10.5.sdk -arch i386 -I/Users/michael/src/git/lib/static-build-debug-4.99.19rc3/include/ -mmacosx-version-min=10.5 -O -g -isysroot /Developer/SDKs/MacOSX10.5.sdk -arch i386 -I/Users/michael/src/git/lib/static-build-debug-4.99.19rc3/include/ -mmacosx-version-min=10.5 -framework CoreFoundation -arch i386 -L/Users/michael/src/git/lib/static-build-debug-4.99.19rc3/lib -L/Developer/SDKs/MacOSX10.5.sdk/usr/lib/ -mmacosx-version-min=10.5 -lcharset -liconv -lintl -lgmp -lgpg-error -lgcrypt -lgnutls -lgnutls-extra -lgnutls-openssl -lgwenhywfar conftest.c  >&5
configure:8504: $? = 0
configure:8510: ./conftest
configure:8513: $? = 0
configure:8530: result: yes
configure:8554: checking for sys/types.h
configure:8575: gcc -c -O -g -isysroot /Developer/SDKs/MacOSX10.5.sdk -arch i386 -I/Users/michael/src/git/lib/static-build-debug-4.99.19rc3/include/ -mmacosx-version-min=10.5 -O -g -isysroot /Developer/SDKs/MacOSX10.5.sdk -arch i386 -I/Users/michael/src/git/lib/static-build-debug-4.99.19rc3/include/ -mmacosx-version-min=10.5 conftest.c >&5
configure:8581: $? = 0
configure:8597: result: yes
configure:8554: checking for sys/stat.h
configure:8575: gcc -c -O -g -isysroot /Developer/SDKs/MacOSX10.5.sdk -arch i386 -I/Users/michael/src/git/lib/static-build-debug-4.99.19rc3/include/ -mmacosx-version-min=10.5 -O -g -isysroot /Developer/SDKs/MacOSX10.5.sdk -arch i386 -I/Users/michael/src/git/lib/static-build-debug-4.99.19rc3/include/ -mmacosx-version-min=10.5 conftest.c >&5
configure:8581: $? = 0
configure:8597: result: yes
configure:8554: checking for stdlib.h
configure:8575: gcc -c -O -g -isysroot /Developer/SDKs/MacOSX10.5.sdk -arch i386 -I/Users/michael/src/git/lib/static-build-debug-4.99.19rc3/include/ -mmacosx-version-min=10.5 -O -g -isysroot /Developer/SDKs/MacOSX10.5.sdk -arch i386 -I/Users/michael/src/git/lib/static-build-debug-4.99.19rc3/include/ -mmacosx-version-min=10.5 conftest.c >&5
configure:8581: $? = 0
configure:8597: result: yes
configure:8554: checking for string.h
configure:8575: gcc -c -O -g -isysroot /Developer/SDKs/MacOSX10.5.sdk -arch i386 -I/Users/michael/src/git/lib/static-build-debug-4.99.19rc3/include/ -mmacosx-version-min=10.5 -O -g -isysroot /Developer/SDKs/MacOSX10.5.sdk -arch i386 -I/Users/michael/src/git/lib/static-build-debug-4.99.19rc3/include/ -mmacosx-version-min=10.5 conftest.c >&5
configure:8581: $? = 0
configure:8597: result: yes
configure:8554: checking for memory.h
configure:8575: gcc -c -O -g -isysroot /Developer/SDKs/MacOSX10.5.sdk -arch i386 -I/Users/michael/src/git/lib/static-build-debug-4.99.19rc3/include/ -mmacosx-version-min=10.5 -O -g -isysroot /Developer/SDKs/MacOSX10.5.sdk -arch i386 -I/Users/michael/src/git/lib/static-build-debug-4.99.19rc3/include/ -mmacosx-version-min=10.5 conftest.c >&5
configure:8581: $? = 0
configure:8597: result: yes
configure:8554: checking for strings.h
configure:8575: gcc -c -O -g -isysroot /Developer/SDKs/MacOSX10.5.sdk -arch i386 -I/Users/michael/src/git/lib/static-build-debug-4.99.19rc3/include/ -mmacosx-version-min=10.5 -O -g -isysroot /Developer/SDKs/MacOSX10.5.sdk -arch i386 -I/Users/michael/src/git/lib/static-build-debug-4.99.19rc3/include/ -mmacosx-version-min=10.5 conftest.c >&5
configure:8581: $? = 0
configure:8597: result: yes
configure:8554: checking for inttypes.h
configure:8575: gcc -c -O -g -isysroot /Developer/SDKs/MacOSX10.5.sdk -arch i386 -I/Users/michael/src/git/lib/static-build-debug-4.99.19rc3/include/ -mmacosx-version-min=10.5 -O -g -isysroot /Developer/SDKs/MacOSX10.5.sdk -arch i386 -I/Users/michael/src/git/lib/static-build-debug-4.99.19rc3/include/ -mmacosx-version-min=10.5 conftest.c >&5
configure:8581: $? = 0
configure:8597: result: yes
configure:8554: checking for stdint.h
configure:8575: gcc -c -O -g -isysroot /Developer/SDKs/MacOSX10.5.sdk -arch i386 -I/Users/michael/src/git/lib/static-build-debug-4.99.19rc3/include/ -mmacosx-version-min=10.5 -O -g -isysroot /Developer/SDKs/MacOSX10.5.sdk -arch i386 -I/Users/michael/src/git/lib/static-build-debug-4.99.19rc3/include/ -mmacosx-version-min=10.5 conftest.c >&5
configure:8581: $? = 0
configure:8597: result: yes
configure:8554: checking for unistd.h
configure:8575: gcc -c -O -g -isysroot /Developer/SDKs/MacOSX10.5.sdk -arch i386 -I/Users/michael/src/git/lib/static-build-debug-4.99.19rc3/include/ -mmacosx-version-min=10.5 -O -g -isysroot /Developer/SDKs/MacOSX10.5.sdk -arch i386 -I/Users/michael/src/git/lib/static-build-debug-4.99.19rc3/include/ -mmacosx-version-min=10.5 conftest.c >&5
configure:8581: $? = 0
configure:8597: result: yes
configure:8613: checking for dlfcn.h
configure:8634: gcc -c -O -g -isysroot /Developer/SDKs/MacOSX10.5.sdk -arch i386 -I/Users/michael/src/git/lib/static-build-debug-4.99.19rc3/include/ -mmacosx-version-min=10.5 -O -g -isysroot /Developer/SDKs/MacOSX10.5.sdk -arch i386 -I/Users/michael/src/git/lib/static-build-debug-4.99.19rc3/include/ -mmacosx-version-min=10.5 conftest.c >&5
configure:8640: $? = 0
configure:8656: result: yes
configure:8785: checking for C++ compiler version
configure:8792: g++ --version >&5
i686-apple-darwin10-g++-4.2.1 (GCC) 4.2.1 (Apple Inc. build 5664)
Copyright (C) 2007 Free Software Foundation, Inc.
This is free software; see the source for copying conditions.  There is NO
warranty; not even for MERCHANTABILITY or FITNESS FOR A PARTICULAR PURPOSE.

configure:8795: $? = 0
configure:8802: g++ -v >&5
Using built-in specs.
Target: i686-apple-darwin10
Configured with: /var/tmp/gcc/gcc-5664~38/src/configure --disable-checking --enable-werror --prefix=/usr --mandir=/share/man --enable-languages=c,objc,c++,obj-c++ --program-transform-name=/^[cg][^.-]*$/s/$/-4.2/ --with-slibdir=/usr/lib --build=i686-apple-darwin10 --program-prefix=i686-apple-darwin10- --host=x86_64-apple-darwin10 --target=i686-apple-darwin10 --with-gxx-include-dir=/include/c++/4.2.1
Thread model: posix
gcc version 4.2.1 (Apple Inc. build 5664)
configure:8805: $? = 0
configure:8812: g++ -V >&5
g++-4.2: argument to `-V' is missing
configure:8815: $? = 1
configure:8818: checking whether we are using the GNU C++ compiler
configure:8870: result: yes
configure:8875: checking whether g++ accepts -g
configure:9010: result: yes
configure:9035: checking dependency style of g++
configure:9126: result: none
configure:9149: checking how to run the C++ preprocessor
configure:9185: g++ -E -O -g -isysroot /Developer/SDKs/MacOSX10.5.sdk -arch i386 -I/Users/michael/src/git/lib/static-build-debug-4.99.19rc3/include/ -mmacosx-version-min=10.5 conftest.cpp
configure:9191: $? = 0
configure:9222: g++ -E -O -g -isysroot /Developer/SDKs/MacOSX10.5.sdk -arch i386 -I/Users/michael/src/git/lib/static-build-debug-4.99.19rc3/include/ -mmacosx-version-min=10.5 conftest.cpp
conftest.cpp:68:28: error: ac_nonexistent.h: No such file or directory
configure:9228: $? = 1
configure: failed program was:
| /* confdefs.h.  */
| #define PACKAGE_NAME ""
| #define PACKAGE_TARNAME ""
| #define PACKAGE_VERSION ""
| #define PACKAGE_STRING ""
| #define PACKAGE_BUGREPORT ""
| #define AQBANKING_SO_EFFECTIVE_STR "32"
| #define PACKAGE "aqbanking"
| #define VERSION "4.99.19rc3"
| #define AQHBCI_VERSION_MAJOR 4
| #define AQHBCI_VERSION_MINOR 99
| #define AQHBCI_VERSION_PATCHLEVEL 19
| #define AQHBCI_VERSION_BUILD 0
| #define AQHBCI_VERSION_STRING "4.99.19"
| #define AQHBCI_VERSION_FULL_STRING "4.99.19.0rc3"
| #define AQHBCI_VERSION_TAG rc3
| #define AQHBCI_SO_EFFECTIVE_STR "18"
| #define AQOFXCONNECT_VERSION_MAJOR 4
| #define AQOFXCONNECT_VERSION_MINOR 99
| #define AQOFXCONNECT_VERSION_PATCHLEVEL 19
| #define AQOFXCONNECT_VERSION_BUILD 0
| #define AQOFXCONNECT_VERSION_STRING "4.99.19"
| #define AQOFXCONNECT_VERSION_FULL_STRING "4.99.19.0rc3"
| #define AQOFXCONNECT_VERSION_TAG rc3
| #define AQOFXCONNECT_SO_EFFECTIVE_STR "6"
| #define AQPAYPAL_VERSION_MAJOR 4
| #define AQPAYPAL_VERSION_MINOR 99
| #define AQPAYPAL_VERSION_PATCHLEVEL 19
| #define AQPAYPAL_VERSION_BUILD 0
| #define AQPAYPAL_VERSION_STRING "4.99.19"
| #define AQPAYPAL_VERSION_FULL_STRING "4.99.19.0rc3"
| #define AQPAYPAL_VERSION_TAG rc3
| #define AQPAYPAL_SO_EFFECTIVE_STR "1"
| #define QBANKING_VERSION_MAJOR 4
| #define QBANKING_VERSION_MINOR 99
| #define QBANKING_VERSION_PATCHLEVEL 19
| #define QBANKING_VERSION_BUILD 0
| #define QBANKING_VERSION_STRING "4.99.19"
| #define QBANKING_VERSION_FULL_STRING "4.99.19.0rc3"
| #define QBANKING_VERSION_TAG rc3
| #define QBANKING_SO_EFFECTIVE_STR ""
| #define Q4BANKING_VERSION_MAJOR 4
| #define Q4BANKING_VERSION_MINOR 99
| #define Q4BANKING_VERSION_PATCHLEVEL 19
| #define Q4BANKING_VERSION_BUILD 0
| #define Q4BANKING_VERSION_STRING "4.99.19"
| #define Q4BANKING_VERSION_FULL_STRING "4.99.19.0rc3"
| #define Q4BANKING_VERSION_TAG rc3
| #define Q4BANKING_SO_EFFECTIVE_STR ""
| #define OS_NAME "i386-apple-darwin10.4.0"
| #define OS_DARWIN 1
| #define OS_POSIX 1
| #define OS_SHORTNAME "osx"
| #define OS_TYPE "posix"
| #define _GNU_SOURCE 1
| #define STDC_HEADERS 1
| #define HAVE_SYS_TYPES_H 1
| #define HAVE_SYS_STAT_H 1
| #define HAVE_STDLIB_H 1
| #define HAVE_STRING_H 1
| #define HAVE_MEMORY_H 1
| #define HAVE_STRINGS_H 1
| #define HAVE_INTTYPES_H 1
| #define HAVE_STDINT_H 1
| #define HAVE_UNISTD_H 1
| #define HAVE_DLFCN_H 1
| /* end confdefs.h.  */
| #include <ac_nonexistent.h>
configure:9261: result: g++ -E
configure:9290: g++ -E -O -g -isysroot /Developer/SDKs/MacOSX10.5.sdk -arch i386 -I/Users/michael/src/git/lib/static-build-debug-4.99.19rc3/include/ -mmacosx-version-min=10.5 conftest.cpp
configure:9296: $? = 0
configure:9327: g++ -E -O -g -isysroot /Developer/SDKs/MacOSX10.5.sdk -arch i386 -I/Users/michael/src/git/lib/static-build-debug-4.99.19rc3/include/ -mmacosx-version-min=10.5 conftest.cpp
conftest.cpp:68:28: error: ac_nonexistent.h: No such file or directory
configure:9333: $? = 1
configure: failed program was:
| /* confdefs.h.  */
| #define PACKAGE_NAME ""
| #define PACKAGE_TARNAME ""
| #define PACKAGE_VERSION ""
| #define PACKAGE_STRING ""
| #define PACKAGE_BUGREPORT ""
| #define AQBANKING_SO_EFFECTIVE_STR "32"
| #define PACKAGE "aqbanking"
| #define VERSION "4.99.19rc3"
| #define AQHBCI_VERSION_MAJOR 4
| #define AQHBCI_VERSION_MINOR 99
| #define AQHBCI_VERSION_PATCHLEVEL 19
| #define AQHBCI_VERSION_BUILD 0
| #define AQHBCI_VERSION_STRING "4.99.19"
| #define AQHBCI_VERSION_FULL_STRING "4.99.19.0rc3"
| #define AQHBCI_VERSION_TAG rc3
| #define AQHBCI_SO_EFFECTIVE_STR "18"
| #define AQOFXCONNECT_VERSION_MAJOR 4
| #define AQOFXCONNECT_VERSION_MINOR 99
| #define AQOFXCONNECT_VERSION_PATCHLEVEL 19
| #define AQOFXCONNECT_VERSION_BUILD 0
| #define AQOFXCONNECT_VERSION_STRING "4.99.19"
| #define AQOFXCONNECT_VERSION_FULL_STRING "4.99.19.0rc3"
| #define AQOFXCONNECT_VERSION_TAG rc3
| #define AQOFXCONNECT_SO_EFFECTIVE_STR "6"
| #define AQPAYPAL_VERSION_MAJOR 4
| #define AQPAYPAL_VERSION_MINOR 99
| #define AQPAYPAL_VERSION_PATCHLEVEL 19
| #define AQPAYPAL_VERSION_BUILD 0
| #define AQPAYPAL_VERSION_STRING "4.99.19"
| #define AQPAYPAL_VERSION_FULL_STRING "4.99.19.0rc3"
| #define AQPAYPAL_VERSION_TAG rc3
| #define AQPAYPAL_SO_EFFECTIVE_STR "1"
| #define QBANKING_VERSION_MAJOR 4
| #define QBANKING_VERSION_MINOR 99
| #define QBANKING_VERSION_PATCHLEVEL 19
| #define QBANKING_VERSION_BUILD 0
| #define QBANKING_VERSION_STRING "4.99.19"
| #define QBANKING_VERSION_FULL_STRING "4.99.19.0rc3"
| #define QBANKING_VERSION_TAG rc3
| #define QBANKING_SO_EFFECTIVE_STR ""
| #define Q4BANKING_VERSION_MAJOR 4
| #define Q4BANKING_VERSION_MINOR 99
| #define Q4BANKING_VERSION_PATCHLEVEL 19
| #define Q4BANKING_VERSION_BUILD 0
| #define Q4BANKING_VERSION_STRING "4.99.19"
| #define Q4BANKING_VERSION_FULL_STRING "4.99.19.0rc3"
| #define Q4BANKING_VERSION_TAG rc3
| #define Q4BANKING_SO_EFFECTIVE_STR ""
| #define OS_NAME "i386-apple-darwin10.4.0"
| #define OS_DARWIN 1
| #define OS_POSIX 1
| #define OS_SHORTNAME "osx"
| #define OS_TYPE "posix"
| #define _GNU_SOURCE 1
| #define STDC_HEADERS 1
| #define HAVE_SYS_TYPES_H 1
| #define HAVE_SYS_STAT_H 1
| #define HAVE_STDLIB_H 1
| #define HAVE_STRING_H 1
| #define HAVE_MEMORY_H 1
| #define HAVE_STRINGS_H 1
| #define HAVE_INTTYPES_H 1
| #define HAVE_STDINT_H 1
| #define HAVE_UNISTD_H 1
| #define HAVE_DLFCN_H 1
| /* end confdefs.h.  */
| #include <ac_nonexistent.h>
configure:9483: checking for objdir
configure:9498: result: .libs
configure:9794: checking if gcc supports -fno-rtti -fno-exceptions
configure:9812: gcc -c -O -g -isysroot /Developer/SDKs/MacOSX10.5.sdk -arch i386 -I/Users/michael/src/git/lib/static-build-debug-4.99.19rc3/include/ -mmacosx-version-min=10.5 -O -g -isysroot /Developer/SDKs/MacOSX10.5.sdk -arch i386 -I/Users/michael/src/git/lib/static-build-debug-4.99.19rc3/include/ -mmacosx-version-min=10.5 -fno-rtti -fno-exceptions conftest.c >&5
cc1: warning: command line option "-fno-rtti" is valid for C++/ObjC++ but not for C
configure:9816: $? = 0
configure:9829: result: no
configure:9849: checking for gcc option to produce PIC
configure:10106: result: -fno-common -DPIC
configure:10118: checking if gcc PIC flag -fno-common -DPIC works
configure:10136: gcc -c -O -g -isysroot /Developer/SDKs/MacOSX10.5.sdk -arch i386 -I/Users/michael/src/git/lib/static-build-debug-4.99.19rc3/include/ -mmacosx-version-min=10.5 -O -g -isysroot /Developer/SDKs/MacOSX10.5.sdk -arch i386 -I/Users/michael/src/git/lib/static-build-debug-4.99.19rc3/include/ -mmacosx-version-min=10.5 -fno-common -DPIC -DPIC conftest.c >&5
configure:10140: $? = 0
configure:10153: result: yes
configure:10177: checking if gcc static flag -static works
configure:10205: result: no
configure:10220: checking if gcc supports -c -o file.o
configure:10241: gcc -c -O -g -isysroot /Developer/SDKs/MacOSX10.5.sdk -arch i386 -I/Users/michael/src/git/lib/static-build-debug-4.99.19rc3/include/ -mmacosx-version-min=10.5 -O -g -isysroot /Developer/SDKs/MacOSX10.5.sdk -arch i386 -I/Users/michael/src/git/lib/static-build-debug-4.99.19rc3/include/ -mmacosx-version-min=10.5 -o out/conftest2.o conftest.c >&5
configure:10245: $? = 0
configure:10267: result: yes
configure:10275: checking if gcc supports -c -o file.o
configure:10322: result: yes
configure:10355: checking whether the gcc linker (/usr/libexec/gcc/i686-apple-darwin10/4.2.1/ld) supports shared libraries
configure:11409: result: yes
configure:11648: checking dynamic linker characteristics
configure:12327: result: darwin10.4.0 dyld
configure:12429: checking how to hardcode library paths into programs
configure:12454: result: immediate
configure:13267: checking whether stripping libraries is possible
configure:13281: result: yes
configure:13307: checking if libtool supports shared libraries
configure:13309: result: yes
configure:13312: checking whether to build shared libraries
configure:13333: result: yes
configure:13336: checking whether to build static libraries
configure:13340: result: yes
configure:13490: checking for ld used by g++
configure:13557: result: /usr/libexec/gcc/i686-apple-darwin10/4.2.1/ld
configure:13566: checking if the linker (/usr/libexec/gcc/i686-apple-darwin10/4.2.1/ld) is GNU ld
configure:13581: result: no
configure:13636: checking whether the g++ linker (/usr/libexec/gcc/i686-apple-darwin10/4.2.1/ld) supports shared libraries
configure:14598: result: yes
configure:14626: g++ -c -g -O2 -O -g -isysroot /Developer/SDKs/MacOSX10.5.sdk -arch i386 -I/Users/michael/src/git/lib/static-build-debug-4.99.19rc3/include/ -mmacosx-version-min=10.5 conftest.cpp >&5
configure:14629: $? = 0
configure:14811: checking for g++ option to produce PIC
configure:15120: result: -fno-common -DPIC
configure:15129: checking if g++ PIC flag -fno-common -DPIC works
configure:15147: g++ -c -g -O2 -O -g -isysroot /Developer/SDKs/MacOSX10.5.sdk -arch i386 -I/Users/michael/src/git/lib/static-build-debug-4.99.19rc3/include/ -mmacosx-version-min=10.5 -fno-common -DPIC -DPIC conftest.cpp >&5
configure:15151: $? = 0
configure:15164: result: yes
configure:15185: checking if g++ static flag -static works
configure:15213: result: no
configure:15225: checking if g++ supports -c -o file.o
configure:15246: g++ -c -g -O2 -O -g -isysroot /Developer/SDKs/MacOSX10.5.sdk -arch i386 -I/Users/michael/src/git/lib/static-build-debug-4.99.19rc3/include/ -mmacosx-version-min=10.5 -o out/conftest2.o conftest.cpp >&5
configure:15250: $? = 0
configure:15272: result: yes
configure:15277: checking if g++ supports -c -o file.o
configure:15324: result: yes
configure:15354: checking whether the g++ linker (/usr/libexec/gcc/i686-apple-darwin10/4.2.1/ld) supports shared libraries
configure:15380: result: yes
configure:15517: checking dynamic linker characteristics
configure:16144: result: darwin10.4.0 dyld
configure:16195: checking how to hardcode library paths into programs
configure:16220: result: immediate
configure:16280: checking for dot
configure:16308: result: NO
configure:16318: checking for sed
configure:16345: result: /usr/bin/sed
configure:16360: checking for ANSI C header files
configure:16524: result: yes
configure:16553: checking fcntl.h usability
configure:16570: gcc -c -O -g -isysroot /Developer/SDKs/MacOSX10.5.sdk -arch i386 -I/Users/michael/src/git/lib/static-build-debug-4.99.19rc3/include/ -mmacosx-version-min=10.5 -O -g -isysroot /Developer/SDKs/MacOSX10.5.sdk -arch i386 -I/Users/michael/src/git/lib/static-build-debug-4.99.19rc3/include/ -mmacosx-version-min=10.5 conftest.c >&5
configure:16576: $? = 0
configure:16590: result: yes
configure:16594: checking fcntl.h presence
configure:16609: gcc -E -O -g -isysroot /Developer/SDKs/MacOSX10.5.sdk -arch i386 -I/Users/michael/src/git/lib/static-build-debug-4.99.19rc3/include/ -mmacosx-version-min=10.5 conftest.c
configure:16615: $? = 0
configure:16629: result: yes
configure:16657: checking for fcntl.h
configure:16665: result: yes
configure:16543: checking for stdlib.h
configure:16549: result: yes
configure:16543: checking for string.h
configure:16549: result: yes
configure:16543: checking for unistd.h
configure:16549: result: yes
configure:16553: checking locale.h usability
configure:16570: gcc -c -O -g -isysroot /Developer/SDKs/MacOSX10.5.sdk -arch i386 -I/Users/michael/src/git/lib/static-build-debug-4.99.19rc3/include/ -mmacosx-version-min=10.5 -O -g -isysroot /Developer/SDKs/MacOSX10.5.sdk -arch i386 -I/Users/michael/src/git/lib/static-build-debug-4.99.19rc3/include/ -mmacosx-version-min=10.5 conftest.c >&5
configure:16576: $? = 0
configure:16590: result: yes
configure:16594: checking locale.h presence
configure:16609: gcc -E -O -g -isysroot /Developer/SDKs/MacOSX10.5.sdk -arch i386 -I/Users/michael/src/git/lib/static-build-debug-4.99.19rc3/include/ -mmacosx-version-min=10.5 conftest.c
configure:16615: $? = 0
configure:16629: result: yes
configure:16657: checking for locale.h
configure:16665: result: yes
configure:16695: checking termios.h usability
configure:16712: gcc -c -O -g -isysroot /Developer/SDKs/MacOSX10.5.sdk -arch i386 -I/Users/michael/src/git/lib/static-build-debug-4.99.19rc3/include/ -mmacosx-version-min=10.5 -O -g -isysroot /Developer/SDKs/MacOSX10.5.sdk -arch i386 -I/Users/michael/src/git/lib/static-build-debug-4.99.19rc3/include/ -mmacosx-version-min=10.5 conftest.c >&5
configure:16718: $? = 0
configure:16732: result: yes
configure:16736: checking termios.h presence
configure:16751: gcc -E -O -g -isysroot /Developer/SDKs/MacOSX10.5.sdk -arch i386 -I/Users/michael/src/git/lib/static-build-debug-4.99.19rc3/include/ -mmacosx-version-min=10.5 conftest.c
configure:16757: $? = 0
configure:16771: result: yes
configure:16799: checking for termios.h
configure:16807: result: yes
configure:16695: checking signal.h usability
configure:16712: gcc -c -O -g -isysroot /Developer/SDKs/MacOSX10.5.sdk -arch i386 -I/Users/michael/src/git/lib/static-build-debug-4.99.19rc3/include/ -mmacosx-version-min=10.5 -O -g -isysroot /Developer/SDKs/MacOSX10.5.sdk -arch i386 -I/Users/michael/src/git/lib/static-build-debug-4.99.19rc3/include/ -mmacosx-version-min=10.5 conftest.c >&5
configure:16718: $? = 0
configure:16732: result: yes
configure:16736: checking signal.h presence
configure:16751: gcc -E -O -g -isysroot /Developer/SDKs/MacOSX10.5.sdk -arch i386 -I/Users/michael/src/git/lib/static-build-debug-4.99.19rc3/include/ -mmacosx-version-min=10.5 conftest.c
configure:16757: $? = 0
configure:16771: result: yes
configure:16799: checking for signal.h
configure:16807: result: yes
configure:16695: checking iconv.h usability
configure:16712: gcc -c -O -g -isysroot /Developer/SDKs/MacOSX10.5.sdk -arch i386 -I/Users/michael/src/git/lib/static-build-debug-4.99.19rc3/include/ -mmacosx-version-min=10.5 -O -g -isysroot /Developer/SDKs/MacOSX10.5.sdk -arch i386 -I/Users/michael/src/git/lib/static-build-debug-4.99.19rc3/include/ -mmacosx-version-min=10.5 conftest.c >&5
configure:16718: $? = 0
configure:16732: result: yes
configure:16736: checking iconv.h presence
configure:16751: gcc -E -O -g -isysroot /Developer/SDKs/MacOSX10.5.sdk -arch i386 -I/Users/michael/src/git/lib/static-build-debug-4.99.19rc3/include/ -mmacosx-version-min=10.5 conftest.c
configure:16757: $? = 0
configure:16771: result: yes
configure:16799: checking for iconv.h
configure:16807: result: yes
configure:16820: checking whether sigprocmask is declared
configure:16854: gcc -c -O -g -isysroot /Developer/SDKs/MacOSX10.5.sdk -arch i386 -I/Users/michael/src/git/lib/static-build-debug-4.99.19rc3/include/ -mmacosx-version-min=10.5 -O -g -isysroot /Developer/SDKs/MacOSX10.5.sdk -arch i386 -I/Users/michael/src/git/lib/static-build-debug-4.99.19rc3/include/ -mmacosx-version-min=10.5 conftest.c >&5
configure:16860: $? = 0
configure:16875: result: yes
configure:16900: checking for an ANSI C-conforming const
configure:16975: gcc -c -O -g -isysroot /Developer/SDKs/MacOSX10.5.sdk -arch i386 -I/Users/michael/src/git/lib/static-build-debug-4.99.19rc3/include/ -mmacosx-version-min=10.5 -O -g -isysroot /Developer/SDKs/MacOSX10.5.sdk -arch i386 -I/Users/michael/src/git/lib/static-build-debug-4.99.19rc3/include/ -mmacosx-version-min=10.5 conftest.c >&5
configure:16981: $? = 0
configure:16996: result: yes
configure:17006: checking whether struct tm is in sys/time.h or time.h
configure:17036: gcc -c -O -g -isysroot /Developer/SDKs/MacOSX10.5.sdk -arch i386 -I/Users/michael/src/git/lib/static-build-debug-4.99.19rc3/include/ -mmacosx-version-min=10.5 -O -g -isysroot /Developer/SDKs/MacOSX10.5.sdk -arch i386 -I/Users/michael/src/git/lib/static-build-debug-4.99.19rc3/include/ -mmacosx-version-min=10.5 conftest.c >&5
configure:17042: $? = 0
configure:17057: result: time.h
configure:17078: checking for strftime
configure:17134: gcc -o conftest -O -g -isysroot /Developer/SDKs/MacOSX10.5.sdk -arch i386 -I/Users/michael/src/git/lib/static-build-debug-4.99.19rc3/include/ -mmacosx-version-min=10.5 -O -g -isysroot /Developer/SDKs/MacOSX10.5.sdk -arch i386 -I/Users/michael/src/git/lib/static-build-debug-4.99.19rc3/include/ -mmacosx-version-min=10.5 -framework CoreFoundation -arch i386 -L/Users/michael/src/git/lib/static-build-debug-4.99.19rc3/lib -L/Developer/SDKs/MacOSX10.5.sdk/usr/lib/ -mmacosx-version-min=10.5 -lcharset -liconv -lintl -lgmp -lgpg-error -lgcrypt -lgnutls -lgnutls-extra -lgnutls-openssl -lgwenhywfar conftest.c  >&5
conftest.c:102: warning: conflicting types for built-in function 'strftime'
configure:17140: $? = 0
configure:17158: result: yes
configure:17248: checking for memmove
configure:17304: gcc -o conftest -O -g -isysroot /Developer/SDKs/MacOSX10.5.sdk -arch i386 -I/Users/michael/src/git/lib/static-build-debug-4.99.19rc3/include/ -mmacosx-version-min=10.5 -O -g -isysroot /Developer/SDKs/MacOSX10.5.sdk -arch i386 -I/Users/michael/src/git/lib/static-build-debug-4.99.19rc3/include/ -mmacosx-version-min=10.5 -framework CoreFoundation -arch i386 -L/Users/michael/src/git/lib/static-build-debug-4.99.19rc3/lib -L/Developer/SDKs/MacOSX10.5.sdk/usr/lib/ -mmacosx-version-min=10.5 -lcharset -liconv -lintl -lgmp -lgpg-error -lgcrypt -lgnutls -lgnutls-extra -lgnutls-openssl -lgwenhywfar conftest.c  >&5
conftest.c:103: warning: conflicting types for built-in function 'memmove'
configure:17310: $? = 0
configure:17328: result: yes
configure:17248: checking for memset
configure:17304: gcc -o conftest -O -g -isysroot /Developer/SDKs/MacOSX10.5.sdk -arch i386 -I/Users/michael/src/git/lib/static-build-debug-4.99.19rc3/include/ -mmacosx-version-min=10.5 -O -g -isysroot /Developer/SDKs/MacOSX10.5.sdk -arch i386 -I/Users/michael/src/git/lib/static-build-debug-4.99.19rc3/include/ -mmacosx-version-min=10.5 -framework CoreFoundation -arch i386 -L/Users/michael/src/git/lib/static-build-debug-4.99.19rc3/lib -L/Developer/SDKs/MacOSX10.5.sdk/usr/lib/ -mmacosx-version-min=10.5 -lcharset -liconv -lintl -lgmp -lgpg-error -lgcrypt -lgnutls -lgnutls-extra -lgnutls-openssl -lgwenhywfar conftest.c  >&5
conftest.c:104: warning: conflicting types for built-in function 'memset'
configure:17310: $? = 0
configure:17328: result: yes
configure:17248: checking for strcasecmp
configure:17304: gcc -o conftest -O -g -isysroot /Developer/SDKs/MacOSX10.5.sdk -arch i386 -I/Users/michael/src/git/lib/static-build-debug-4.99.19rc3/include/ -mmacosx-version-min=10.5 -O -g -isysroot /Developer/SDKs/MacOSX10.5.sdk -arch i386 -I/Users/michael/src/git/lib/static-build-debug-4.99.19rc3/include/ -mmacosx-version-min=10.5 -framework CoreFoundation -arch i386 -L/Users/michael/src/git/lib/static-build-debug-4.99.19rc3/lib -L/Developer/SDKs/MacOSX10.5.sdk/usr/lib/ -mmacosx-version-min=10.5 -lcharset -liconv -lintl -lgmp -lgpg-error -lgcrypt -lgnutls -lgnutls-extra -lgnutls-openssl -lgwenhywfar conftest.c  >&5
conftest.c:105: warning: conflicting types for built-in function 'strcasecmp'
configure:17310: $? = 0
configure:17328: result: yes
configure:17248: checking for strdup
configure:17304: gcc -o conftest -O -g -isysroot /Developer/SDKs/MacOSX10.5.sdk -arch i386 -I/Users/michael/src/git/lib/static-build-debug-4.99.19rc3/include/ -mmacosx-version-min=10.5 -O -g -isysroot /Developer/SDKs/MacOSX10.5.sdk -arch i386 -I/Users/michael/src/git/lib/static-build-debug-4.99.19rc3/include/ -mmacosx-version-min=10.5 -framework CoreFoundation -arch i386 -L/Users/michael/src/git/lib/static-build-debug-4.99.19rc3/lib -L/Developer/SDKs/MacOSX10.5.sdk/usr/lib/ -mmacosx-version-min=10.5 -lcharset -liconv -lintl -lgmp -lgpg-error -lgcrypt -lgnutls -lgnutls-extra -lgnutls-openssl -lgwenhywfar conftest.c  >&5
conftest.c:106: warning: conflicting types for built-in function 'strdup'
configure:17310: $? = 0
configure:17328: result: yes
configure:17248: checking for strerror
configure:17304: gcc -o conftest -O -g -isysroot /Developer/SDKs/MacOSX10.5.sdk -arch i386 -I/Users/michael/src/git/lib/static-build-debug-4.99.19rc3/include/ -mmacosx-version-min=10.5 -O -g -isysroot /Developer/SDKs/MacOSX10.5.sdk -arch i386 -I/Users/michael/src/git/lib/static-build-debug-4.99.19rc3/include/ -mmacosx-version-min=10.5 -framework CoreFoundation -arch i386 -L/Users/michael/src/git/lib/static-build-debug-4.99.19rc3/lib -L/Developer/SDKs/MacOSX10.5.sdk/usr/lib/ -mmacosx-version-min=10.5 -lcharset -liconv -lintl -lgmp -lgpg-error -lgcrypt -lgnutls -lgnutls-extra -lgnutls-openssl -lgwenhywfar conftest.c  >&5
configure:17310: $? = 0
configure:17328: result: yes
configure:17248: checking for snprintf
configure:17304: gcc -o conftest -O -g -isysroot /Developer/SDKs/MacOSX10.5.sdk -arch i386 -I/Users/michael/src/git/lib/static-build-debug-4.99.19rc3/include/ -mmacosx-version-min=10.5 -O -g -isysroot /Developer/SDKs/MacOSX10.5.sdk -arch i386 -I/Users/michael/src/git/lib/static-build-debug-4.99.19rc3/include/ -mmacosx-version-min=10.5 -framework CoreFoundation -arch i386 -L/Users/michael/src/git/lib/static-build-debug-4.99.19rc3/lib -L/Developer/SDKs/MacOSX10.5.sdk/usr/lib/ -mmacosx-version-min=10.5 -lcharset -liconv -lintl -lgmp -lgpg-error -lgcrypt -lgnutls -lgnutls-extra -lgnutls-openssl -lgwenhywfar conftest.c  >&5
conftest.c:108: warning: conflicting types for built-in function 'snprintf'
configure:17310: $? = 0
configure:17328: result: yes
configure:17342: checking for setlocale
configure:17398: gcc -o conftest -O -g -isysroot /Developer/SDKs/MacOSX10.5.sdk -arch i386 -I/Users/michael/src/git/lib/static-build-debug-4.99.19rc3/include/ -mmacosx-version-min=10.5 -O -g -isysroot /Developer/SDKs/MacOSX10.5.sdk -arch i386 -I/Users/michael/src/git/lib/static-build-debug-4.99.19rc3/include/ -mmacosx-version-min=10.5 -framework CoreFoundation -arch i386 -L/Users/michael/src/git/lib/static-build-debug-4.99.19rc3/lib -L/Developer/SDKs/MacOSX10.5.sdk/usr/lib/ -mmacosx-version-min=10.5 -lcharset -liconv -lintl -lgmp -lgpg-error -lgcrypt -lgnutls -lgnutls-extra -lgnutls-openssl -lgwenhywfar conftest.c  >&5
configure:17404: $? = 0
configure:17422: result: yes
configure:17686: checking if gwenhywfar support desired
configure:17695: result: yes
configure:17707: checking for gwenhywfar
configure:17748: result: /Users/michael/src/git/lib/static-build-debug-4.99.19rc3
configure:17750: checking for gwen libs
configure:17753: result: -L/Users/michael/src/git/lib/static-build-debug-4.99.19rc3/lib -lgwenhywfar
configure:17755: checking for gwen includes
configure:17758: result: -I/Users/michael/src/git/lib/static-build-debug-4.99.19rc3/include/gwenhywfar4
configure:17760: checking for gwen binary tools
configure:17763: result: /Users/michael/src/git/lib/static-build-debug-4.99.19rc3/bin
configure:17765: checking for gwen plugins
configure:17768: result: /Users/michael/src/git/lib/static-build-debug-4.99.19rc3/lib/gwenhywfar/plugins/59
configure:17770: checking for gwen headers
configure:17773: result: /Users/michael/src/git/lib/static-build-debug-4.99.19rc3/include/gwenhywfar4/gwenhywfar
configure:17776: checking if gwenhywfar test desired
configure:17785: result: yes
configure:17787: checking for Gwenhywfar version >=3.99.18.0
configure:17791: result: found 3.99.21.0
configure:17852: checking typemaker2 binary
configure:17863: result: $(gwenhywfar_bindir)/typemaker2
configure:17873: checking xmlmerge
configure:17884: result: /Users/michael/src/git/lib/static-build-debug-4.99.19rc3/bin/xmlmerge
configure:18003: checking pkg-config is at least version 0.9.0
configure:18006: result: yes
configure:18017: checking for ktoblzcheck
configure:18024: $PKG_CONFIG --exists --print-errors "$pkg_modules"
Package ktoblzcheck was not found in the pkg-config search path.
Perhaps you should add the directory containing `ktoblzcheck.pc'
to the PKG_CONFIG_PATH environment variable
No package 'ktoblzcheck' found
configure:18027: $? = 1
configure:18040: $PKG_CONFIG --exists --print-errors "$pkg_modules"
Package ktoblzcheck was not found in the pkg-config search path.
Perhaps you should add the directory containing `ktoblzcheck.pc'
to the PKG_CONFIG_PATH environment variable
No package 'ktoblzcheck' found
configure:18043: $? = 1
No package 'ktoblzcheck' found
configure:18070: result: no
configure:18095: WARNING:
*** ktoblzcheck is missing.
*** Account number checking will not be available.
*** We strongly suggest installing ktoblzcheck and its devel
*** package.
configure:18123: checking for __gmpz_init in -lgmp
configure:18158: gcc -o conftest -O -g -isysroot /Developer/SDKs/MacOSX10.5.sdk -arch i386 -I/Users/michael/src/git/lib/static-build-debug-4.99.19rc3/include/ -mmacosx-version-min=10.5 -O -g -isysroot /Developer/SDKs/MacOSX10.5.sdk -arch i386 -I/Users/michael/src/git/lib/static-build-debug-4.99.19rc3/include/ -mmacosx-version-min=10.5 -framework CoreFoundation -arch i386 -L/Users/michael/src/git/lib/static-build-debug-4.99.19rc3/lib -L/Developer/SDKs/MacOSX10.5.sdk/usr/lib/ -mmacosx-version-min=10.5 -lcharset -liconv -lintl -lgmp -lgpg-error -lgcrypt -lgnutls -lgnutls-extra -lgnutls-openssl -lgwenhywfar conftest.c -lgmp   >&5
configure:18164: $? = 0
configure:18182: result: yes
configure:18205: checking gmp.h usability
configure:18222: gcc -c -O -g -isysroot /Developer/SDKs/MacOSX10.5.sdk -arch i386 -I/Users/michael/src/git/lib/static-build-debug-4.99.19rc3/include/ -mmacosx-version-min=10.5 -O -g -isysroot /Developer/SDKs/MacOSX10.5.sdk -arch i386 -I/Users/michael/src/git/lib/static-build-debug-4.99.19rc3/include/ -mmacosx-version-min=10.5 conftest.c >&5
configure:18228: $? = 0
configure:18242: result: yes
configure:18246: checking gmp.h presence
configure:18261: gcc -E -O -g -isysroot /Developer/SDKs/MacOSX10.5.sdk -arch i386 -I/Users/michael/src/git/lib/static-build-debug-4.99.19rc3/include/ -mmacosx-version-min=10.5 conftest.c
configure:18267: $? = 0
configure:18281: result: yes
configure:18309: checking for gmp.h
configure:18317: result: yes
configure:18389: checking whether local installation mode is wanted
configure:18398: result: yes
configure:18415: checking plugin search dir
configure:18445: result: Frameworks/AqBanking/lib/aqbanking/plugins/32
configure:18454: checking cfg search dir
configure:18485: result: Frameworks/AqBanking/etc
configure:18494: checking locale search dir
configure:18524: result: Frameworks/AqBanking/share/locale
configure:18533: checking data search dir
configure:18563: result: Frameworks/AqBanking/share
configure:18573: checking for preselected distribution name
configure:18579: result: no, will have to determine it
configure:18587: checking whether this is a Debian derivate
configure:18606: result: no
configure:18623: checking whether this is an RPM distribution
configure:18672: result: no (no RPM installed)
configure:18694: checking for xgettext
configure:18722: result: missing
configure:18734: WARNING: xgettext is missing. Locale suport is disabled.
configure:18740: checking for msgfmt
configure:18771: result: missing
configure:18781: WARNING: msgfmt is missing. Locale suport is disabled.
configure:18821: checking for locale.h
configure:18827: result: yes
configure:18831: checking libintl.h usability
configure:18848: gcc -c -O -g -isysroot /Developer/SDKs/MacOSX10.5.sdk -arch i386 -I/Users/michael/src/git/lib/static-build-debug-4.99.19rc3/include/ -mmacosx-version-min=10.5 -O -g -isysroot /Developer/SDKs/MacOSX10.5.sdk -arch i386 -I/Users/michael/src/git/lib/static-build-debug-4.99.19rc3/include/ -mmacosx-version-min=10.5 conftest.c >&5
configure:18854: $? = 0
configure:18868: result: yes
configure:18872: checking libintl.h presence
configure:18887: gcc -E -O -g -isysroot /Developer/SDKs/MacOSX10.5.sdk -arch i386 -I/Users/michael/src/git/lib/static-build-debug-4.99.19rc3/include/ -mmacosx-version-min=10.5 conftest.c
configure:18893: $? = 0
configure:18907: result: yes
configure:18935: checking for libintl.h
configure:18943: result: yes
configure:18962: checking for setlocale
configure:19042: result: yes
configure:19056: checking for library containing gettext
configure:19097: gcc -o conftest -O -g -isysroot /Developer/SDKs/MacOSX10.5.sdk -arch i386 -I/Users/michael/src/git/lib/static-build-debug-4.99.19rc3/include/ -mmacosx-version-min=10.5 -O -g -isysroot /Developer/SDKs/MacOSX10.5.sdk -arch i386 -I/Users/michael/src/git/lib/static-build-debug-4.99.19rc3/include/ -mmacosx-version-min=10.5 -framework CoreFoundation -arch i386 -L/Users/michael/src/git/lib/static-build-debug-4.99.19rc3/lib -L/Developer/SDKs/MacOSX10.5.sdk/usr/lib/ -mmacosx-version-min=10.5 -lcharset -liconv -lintl -lgmp -lgpg-error -lgcrypt -lgnutls -lgnutls-extra -lgnutls-openssl -lgwenhywfar conftest.c  >&5
conftest.c:100: warning: conflicting types for built-in function 'gettext'
configure:19103: $? = 0
configure:19131: result: none required
configure:19164: checking whether this is an official release
configure:19187: result: no
configure:19202: checking for compiler arguments
configure:19294: result: -O -g -isysroot /Developer/SDKs/MacOSX10.5.sdk -arch i386 -I/Users/michael/src/git/lib/static-build-debug-4.99.19rc3/include/ -mmacosx-version-min=10.5 -g -Wall
configure:19305: checking if symbol visibility is supported
configure:19351: result: yes, gcc-4.2.1
configure:19415: checking docpath
configure:19426: result: /Users/michael/apidoc
configure:19434: checking if full docu should be created
configure:19463: result: no
configure:19472: checking doxygen tag files
configure:19487: result: none
configure:19556: checking aqhbci data dir
configure:19567: result: 
configure:19660: checking if plugin init is wanted
configure:19669: result: yes
configure:19687: checking if AqBanking is a subproject
configure:19696: result: no
configure:19714: checking whether aqbanking-cli is wanted
configure:19723: result: yes
configure:19753: checking whether tutorials are to be built
configure:19772: result: no
configure:19972: creating ./config.status

## ---------------------- ##
## Running config.status. ##
## ---------------------- ##

This file was extended by config.status, which was
generated by GNU Autoconf 2.61.  Invocation command line was

  CONFIG_FILES    = 
  CONFIG_HEADERS  = 
  CONFIG_LINKS    = 
  CONFIG_COMMANDS = 
  $ ./config.status 

on moeve

config.status:1241: creating mksymlinks.sh
config.status:1241: creating admin/Makefile
config.status:1241: creating doc/Makefile
config.status:1241: creating m4/Makefile
config.status:1241: creating src/Makefile
config.status:1241: creating src/libs/Makefile
config.status:1241: creating src/libs/aqbanking/Makefile
config.status:1241: creating src/libs/aqbanking/ressource.rc
config.status:1241: creating src/libs/aqbanking/jobs/Makefile
config.status:1241: creating src/libs/aqbanking/types/Makefile
config.status:1241: creating src/libs/aqbanking/gui/Makefile
config.status:1241: creating src/libs/aqbanking/dialogs/Makefile
config.status:1241: creating src/libs/aqbanking/typemaker2/Makefile
config.status:1241: creating src/libs/aqbanking/typemaker2/c/Makefile
config.status:1241: creating src/libs/aqbanking/backendsupport/Makefile
config.status:1241: creating src/libs/aqbanking++/Makefile
config.status:1241: creating src/plugins/Makefile
config.status:1241: creating src/plugins/bankinfo/Makefile
config.status:1241: creating src/plugins/bankinfo/at/Makefile
config.status:1241: creating src/plugins/bankinfo/at/at.xml
config.status:1241: creating src/plugins/bankinfo/ca/Makefile
config.status:1241: creating src/plugins/bankinfo/ca/ca.xml
config.status:1241: creating src/plugins/bankinfo/ch/Makefile
config.status:1241: creating src/plugins/bankinfo/ch/ch.xml
config.status:1241: creating src/plugins/bankinfo/de/Makefile
config.status:1241: creating src/plugins/bankinfo/de/de.xml
config.status:1241: creating src/plugins/bankinfo/us/Makefile
config.status:1241: creating src/plugins/bankinfo/us/us.xml
config.status:1241: creating src/plugins/bankinfo/generic/Makefile
config.status:1241: creating src/plugins/imexporters/Makefile
config.status:1241: creating src/plugins/imexporters/dtaus/Makefile
config.status:1241: creating src/plugins/imexporters/dtaus/dtaus.xml
config.status:1241: creating src/plugins/imexporters/dtaus/ressource.rc
config.status:1241: creating src/plugins/imexporters/dtaus/profiles/Makefile
config.status:1241: creating src/plugins/imexporters/dtaus/profiles/default.conf
config.status:1241: creating src/plugins/imexporters/dtaus/profiles/debitnote.conf
config.status:1241: creating src/plugins/imexporters/dtaus/profiles/transfer.conf
config.status:1241: creating src/plugins/imexporters/eri2/Makefile
config.status:1241: creating src/plugins/imexporters/eri2/eri2.xml
config.status:1241: creating src/plugins/imexporters/eri2/ressource.rc
config.status:1241: creating src/plugins/imexporters/eri2/profiles/Makefile
config.status:1241: creating src/plugins/imexporters/eri2/profiles/default.conf
config.status:1241: creating src/plugins/imexporters/ofx/Makefile
config.status:1241: creating src/plugins/imexporters/ofx/ofx.xml
config.status:1241: creating src/plugins/imexporters/ofx/ressource.rc
config.status:1241: creating src/plugins/imexporters/ofx/parser/Makefile
config.status:1241: creating src/plugins/imexporters/ofx/profiles/Makefile
config.status:1241: creating src/plugins/imexporters/ofx/profiles/default.conf
config.status:1241: creating src/plugins/imexporters/swift/Makefile
config.status:1241: creating src/plugins/imexporters/swift/swift.xml
config.status:1241: creating src/plugins/imexporters/swift/ressource.rc
config.status:1241: creating src/plugins/imexporters/swift/profiles/Makefile
config.status:1241: creating src/plugins/imexporters/swift/profiles/swiftmt940.conf
config.status:1241: creating src/plugins/imexporters/swift/profiles/swiftmt942.conf
config.status:1241: creating src/plugins/imexporters/swift/profiles/amro940.conf
config.status:1241: creating src/plugins/imexporters/swift/profiles/amro942.conf
config.status:1241: creating src/plugins/imexporters/csv/Makefile
config.status:1241: creating src/plugins/imexporters/csv/csv.xml
config.status:1241: creating src/plugins/imexporters/csv/ressource.rc
config.status:1241: creating src/plugins/imexporters/csv/profiles/Makefile
config.status:1241: creating src/plugins/imexporters/csv/profiles/default.conf
config.status:1241: creating src/plugins/imexporters/csv/profiles/amex.conf
config.status:1241: creating src/plugins/imexporters/csv/profiles/aqmoney1.conf
config.status:1241: creating src/plugins/imexporters/csv/profiles/aqmoney2.conf
config.status:1241: creating src/plugins/imexporters/csv/profiles/comdirect.conf
config.status:1241: creating src/plugins/imexporters/csv/profiles/consors-tagesgeld.conf
config.status:1241: creating src/plugins/imexporters/csv/profiles/mijnpostbank.conf
config.status:1241: creating src/plugins/imexporters/csv/profiles/oko.conf
config.status:1241: creating src/plugins/imexporters/csv/profiles/spk-aachen.conf
config.status:1241: creating src/plugins/imexporters/csv/profiles/spk-steiermark.conf
config.status:1241: creating src/plugins/imexporters/csv/profiles/tonline-banking.conf
config.status:1241: creating src/plugins/imexporters/csv/profiles/test.conf
config.status:1241: creating src/plugins/imexporters/csv/profiles/vrnetworld.conf
config.status:1241: creating src/plugins/imexporters/csv/profiles/lbbberlin.conf
config.status:1241: creating src/plugins/imexporters/csv/profiles/bankaustria.conf
config.status:1241: creating src/plugins/imexporters/csv/profiles/psk.conf
config.status:1241: creating src/plugins/imexporters/csv/profiles/diba.conf
config.status:1241: creating src/plugins/imexporters/csv/profiles/dkb.conf
config.status:1241: creating src/plugins/imexporters/csv/profiles/dkb-cash.conf
config.status:1241: creating src/plugins/imexporters/csv/profiles/sparda.conf
config.status:1241: creating src/plugins/imexporters/csv/profiles/full.conf
config.status:1241: creating src/plugins/imexporters/csv/profiles/hypovereinsbank.conf
config.status:1241: creating src/plugins/imexporters/csv/profiles/postbankffm.conf
config.status:1241: creating src/plugins/imexporters/csv/profiles/cli-transfers.conf
config.status:1241: creating src/plugins/imexporters/csv/profiles/sns.conf
config.status:1241: creating src/plugins/imexporters/openhbci1/Makefile
config.status:1241: creating src/plugins/imexporters/openhbci1/openhbci1.xml
config.status:1241: creating src/plugins/imexporters/openhbci1/ressource.rc
config.status:1241: creating src/plugins/imexporters/openhbci1/profiles/Makefile
config.status:1241: creating src/plugins/imexporters/openhbci1/profiles/default.conf
config.status:1241: creating src/plugins/imexporters/qif/Makefile
config.status:1241: creating src/plugins/imexporters/qif/qif.xml
config.status:1241: creating src/plugins/imexporters/qif/ressource.rc
config.status:1241: creating src/plugins/imexporters/qif/profiles/Makefile
config.status:1241: creating src/plugins/imexporters/qif/profiles/default.conf
config.status:1241: creating src/plugins/imexporters/yellownet/Makefile
config.status:1241: creating src/plugins/imexporters/yellownet/yellownet.xml
config.status:1241: creating src/plugins/imexporters/yellownet/ressource.rc
config.status:1241: creating src/plugins/imexporters/yellownet/profiles/Makefile
config.status:1241: creating src/plugins/imexporters/yellownet/profiles/default.conf
config.status:1241: creating src/plugins/imexporters/xmldb/Makefile
config.status:1241: creating src/plugins/imexporters/xmldb/xmldb.xml
config.status:1241: creating src/plugins/imexporters/xmldb/ressource.rc
config.status:1241: creating src/plugins/imexporters/xmldb/profiles/Makefile
config.status:1241: creating src/plugins/imexporters/xmldb/profiles/default.conf
config.status:1241: creating src/plugins/imexporters/sepa/Makefile
config.status:1241: creating src/plugins/imexporters/sepa/sepa.xml
config.status:1241: creating src/plugins/imexporters/sepa/ressource.rc
config.status:1241: creating src/plugins/imexporters/sepa/profiles/Makefile
config.status:1241: creating src/plugins/imexporters/sepa/profiles/default.conf
config.status:1241: creating src/plugins/imexporters/sepa/profiles/ccm.conf
config.status:1241: creating src/plugins/imexporters/ctxfile/Makefile
config.status:1241: creating src/plugins/imexporters/ctxfile/ctxfile.xml
config.status:1241: creating src/plugins/imexporters/ctxfile/ressource.rc
config.status:1241: creating src/plugins/imexporters/ctxfile/profiles/Makefile
config.status:1241: creating src/plugins/imexporters/ctxfile/profiles/default.conf
config.status:1241: creating src/plugins/imexporters/q43/Makefile
config.status:1241: creating src/plugins/imexporters/q43/q43.xml
config.status:1241: creating src/plugins/imexporters/q43/profiles/Makefile
config.status:1241: creating src/plugins/imexporters/q43/profiles/default.conf
config.status:1241: creating src/plugins/parsers/Makefile
config.status:1241: creating src/plugins/parsers/dtaus/Makefile
config.status:1241: creating src/plugins/parsers/dtaus/dtaus.xml
config.status:1241: creating src/plugins/parsers/dtaus/ressource.rc
config.status:1241: creating src/plugins/parsers/swift/Makefile
config.status:1241: creating src/plugins/parsers/swift/swift.xml
config.status:1241: creating src/plugins/parsers/swift/ressource.rc
config.status:1241: creating src/plugins/backends/Makefile
config.status:1241: creating src/plugins/backends/aqhbci/Makefile
config.status:1241: creating src/plugins/backends/aqhbci/plugin/Makefile
config.status:1241: creating src/plugins/backends/aqhbci/plugin/aqhbci.xml
config.status:1241: creating src/plugins/backends/aqhbci/plugin/dialogs/Makefile
config.status:1241: creating src/plugins/backends/aqhbci/plugin/header.xml
config.status:1241: creating src/plugins/backends/aqhbci/plugin/ressource.rc
config.status:1241: creating src/plugins/backends/aqhbci/plugin/banking/Makefile
config.status:1241: creating src/plugins/backends/aqhbci/plugin/msglayer/Makefile
config.status:1241: creating src/plugins/backends/aqhbci/plugin/joblayer/Makefile
config.status:1241: creating src/plugins/backends/aqhbci/plugin/applayer/Makefile
config.status:1241: creating src/plugins/backends/aqhbci/plugin/accountjobs/Makefile
config.status:1241: creating src/plugins/backends/aqhbci/plugin/applayer/xml/Makefile
config.status:1241: creating src/plugins/backends/aqhbci/plugin/version.h
config.status:1241: creating src/plugins/backends/aqhbci/tools/Makefile
config.status:1241: creating src/plugins/backends/aqhbci/tools/hbcixml/Makefile
config.status:1241: creating src/plugins/backends/aqhbci/tools/aqhbci-tool/Makefile
config.status:1241: creating src/plugins/backends/aqofxconnect/Makefile
config.status:1241: creating src/plugins/backends/aqofxconnect/version.h
config.status:1241: creating src/plugins/backends/aqofxconnect/plugin/Makefile
config.status:1241: creating src/plugins/backends/aqofxconnect/plugin/aqofxconnect.xml
config.status:1241: creating src/plugins/backends/aqofxconnect/plugin/ressource.rc
config.status:1241: creating src/plugins/backends/aqofxconnect/plugin/libofxhome/Makefile
config.status:1241: creating src/plugins/backends/aqpaypal/Makefile
config.status:1241: creating src/plugins/backends/aqpaypal/plugin/Makefile
config.status:1241: creating src/plugins/backends/aqpaypal/plugin/aqpaypal.xml
config.status:1241: creating src/plugins/backends/aqpaypal/tools/Makefile
config.status:1241: creating src/plugins/backends/aqpaypal/tools/aqpaypal-tool/Makefile
config.status:1241: creating src/plugins/backends/aqnone/Makefile
config.status:1241: creating src/plugins/backends/aqnone/aqnone.xml
config.status:1241: creating src/plugins/backends/aqnone/ressource.rc
config.status:1241: creating src/test/Makefile
config.status:1241: creating src/tools/Makefile
config.status:1241: creating src/tools/aqbanking-cli/Makefile
config.status:1241: creating tutorials/Makefile
config.status:1241: creating po/Makefile
config.status:1241: creating Doxyfile
config.status:1241: creating Makefile
config.status:1241: creating aqbanking-config.in
config.status:1241: creating aqbanking.pc
config.status:1241: creating aqbanking.spec
config.status:1241: creating aqbanking.iss
config.status:1241: creating version.h
config.status:1241: creating system.h
config.status:1241: creating config.h
config.status:1591: executing depfiles commands
config.status:1591: executing libtool commands

## ---------------- ##
## Cache variables. ##
## ---------------- ##

ac_cv_build=i386-apple-darwin10.4.0
ac_cv_c_compiler_gnu=yes
ac_cv_c_const=yes
ac_cv_cxx_compiler_gnu=yes
ac_cv_env_CCC_set=
ac_cv_env_CCC_value=
ac_cv_env_CC_set=
ac_cv_env_CC_value=
ac_cv_env_CFLAGS_set=set
ac_cv_env_CFLAGS_value='-O -g -isysroot /Developer/SDKs/MacOSX10.5.sdk -arch i386 -I/Users/michael/src/git/lib/static-build-debug-4.99.19rc3/include/ -mmacosx-version-min=10.5'
ac_cv_env_CPPFLAGS_set=set
ac_cv_env_CPPFLAGS_value='-O -g -isysroot /Developer/SDKs/MacOSX10.5.sdk -arch i386 -I/Users/michael/src/git/lib/static-build-debug-4.99.19rc3/include/ -mmacosx-version-min=10.5'
ac_cv_env_CPP_set=
ac_cv_env_CPP_value=
ac_cv_env_CXXCPP_set=
ac_cv_env_CXXCPP_value=
ac_cv_env_CXXFLAGS_set=
ac_cv_env_CXXFLAGS_value=
ac_cv_env_CXX_set=
ac_cv_env_CXX_value=
ac_cv_env_LDFLAGS_set=set
ac_cv_env_LDFLAGS_value='-framework CoreFoundation -arch i386 -L/Users/michael/src/git/lib/static-build-debug-4.99.19rc3/lib -L/Developer/SDKs/MacOSX10.5.sdk/usr/lib/ -mmacosx-version-min=10.5 -lcharset -liconv -lintl -lgmp -lgpg-error -lgcrypt -lgnutls -lgnutls-extra -lgnutls-openssl -lgwenhywfar'
ac_cv_env_LIBS_set=
ac_cv_env_LIBS_value=
ac_cv_env_PKG_CONFIG_set=set
ac_cv_env_PKG_CONFIG_value=/Users/michael/src/git/lib/static-build-debug-4.99.19rc3/bin/pkg-config
ac_cv_env_build_alias_set=
ac_cv_env_build_alias_value=
ac_cv_env_host_alias_set=
ac_cv_env_host_alias_value=
ac_cv_env_ktoblzcheck_CFLAGS_set=
ac_cv_env_ktoblzcheck_CFLAGS_value=
ac_cv_env_ktoblzcheck_LIBS_set=
ac_cv_env_ktoblzcheck_LIBS_value=
ac_cv_env_target_alias_set=
ac_cv_env_target_alias_value=
ac_cv_func_memmove=yes
ac_cv_func_memset=yes
ac_cv_func_setlocale=yes
ac_cv_func_snprintf=yes
ac_cv_func_strcasecmp=yes
ac_cv_func_strdup=yes
ac_cv_func_strerror=yes
ac_cv_func_strftime=yes
ac_cv_have_decl_sigprocmask=yes
ac_cv_header_dlfcn_h=yes
ac_cv_header_fcntl_h=yes
ac_cv_header_gmp_h=yes
ac_cv_header_iconv_h=yes
ac_cv_header_inttypes_h=yes
ac_cv_header_libintl_h=yes
ac_cv_header_locale_h=yes
ac_cv_header_memory_h=yes
ac_cv_header_signal_h=yes
ac_cv_header_stdc=yes
ac_cv_header_stdint_h=yes
ac_cv_header_stdlib_h=yes
ac_cv_header_string_h=yes
ac_cv_header_strings_h=yes
ac_cv_header_sys_stat_h=yes
ac_cv_header_sys_types_h=yes
ac_cv_header_termios_h=yes
ac_cv_header_unistd_h=yes
ac_cv_host=i386-apple-darwin10.4.0
ac_cv_lib_gmp___gmpz_init=yes
ac_cv_objext=o
ac_cv_path_EGREP='/usr/bin/grep -E'
ac_cv_path_FGREP='/usr/bin/grep -F'
ac_cv_path_GREP=/usr/bin/grep
ac_cv_path_MSGFMT=missing
ac_cv_path_SED=/usr/bin/sed
ac_cv_path_install='/usr/bin/install -c'
ac_cv_prog_AWK=awk
ac_cv_prog_CPP='gcc -E'
ac_cv_prog_CXXCPP='g++ -E'
ac_cv_prog_SED=/usr/bin/sed
ac_cv_prog_USE_DOT=NO
ac_cv_prog_XGETTEXT=missing
ac_cv_prog_ac_ct_AR=ar
ac_cv_prog_ac_ct_CC=gcc
ac_cv_prog_ac_ct_CXX=g++
ac_cv_prog_ac_ct_DSYMUTIL=dsymutil
ac_cv_prog_ac_ct_LIPO=lipo
ac_cv_prog_ac_ct_NMEDIT=nmedit
ac_cv_prog_ac_ct_OTOOL=otool
ac_cv_prog_ac_ct_RANLIB=ranlib
ac_cv_prog_ac_ct_STRIP=strip
ac_cv_prog_cc_c89=
ac_cv_prog_cc_g=yes
ac_cv_prog_cxx_g=yes
ac_cv_prog_make_make_set=yes
ac_cv_search_gettext='none required'
ac_cv_struct_tm=time.h
am_cv_CC_dependencies_compiler_type=none
am_cv_CXX_dependencies_compiler_type=none
lt_cv_apple_cc_single_mod=yes
lt_cv_deplibs_check_method=pass_all
lt_cv_file_magic_cmd='$MAGIC_CMD'
lt_cv_file_magic_test_file=
lt_cv_ld_exported_symbols_list=yes
lt_cv_ld_reload_flag=-r
lt_cv_nm_interface='BSD nm'
lt_cv_objdir=.libs
lt_cv_path_LD=/usr/libexec/gcc/i686-apple-darwin10/4.2.1/ld
lt_cv_path_LDCXX=/usr/libexec/gcc/i686-apple-darwin10/4.2.1/ld
lt_cv_path_NM=/usr/bin/nm
lt_cv_prog_compiler_c_o=yes
lt_cv_prog_compiler_c_o_CXX=yes
lt_cv_prog_compiler_pic_works=yes
lt_cv_prog_compiler_pic_works_CXX=yes
lt_cv_prog_compiler_rtti_exceptions=no
lt_cv_prog_compiler_static_works=no
lt_cv_prog_compiler_static_works_CXX=no
lt_cv_prog_gnu_ld=no
lt_cv_prog_gnu_ldcxx=no
lt_cv_sys_global_symbol_pipe='sed -n -e '\''s/^.*[	 ]\([BCDEGRST][BCDEGRST]*\)[	 ][	 ]*_\([_A-Za-z][_A-Za-z0-9]*\)$/\1 _\2 \2/p'\'''
lt_cv_sys_global_symbol_to_c_name_address='sed -n -e '\''s/^: \([^ ]*\) $/  {\"\1\", (void *) 0},/p'\'' -e '\''s/^[BCDEGRST]* \([^ ]*\) \([^ ]*\)$/  {"\2", (void *) \&\2},/p'\'''
lt_cv_sys_global_symbol_to_c_name_address_lib_prefix='sed -n -e '\''s/^: \([^ ]*\) $/  {\"\1\", (void *) 0},/p'\'' -e '\''s/^[BCDEGRST]* \([^ ]*\) \(lib[^ ]*\)$/  {"\2", (void *) \&\2},/p'\'' -e '\''s/^[BCDEGRST]* \([^ ]*\) \([^ ]*\)$/  {"lib\2", (void *) \&\2},/p'\'''
lt_cv_sys_global_symbol_to_cdecl='sed -n -e '\''s/^T .* \(.*\)$/extern int \1();/p'\'' -e '\''s/^[BCDEGRST]* .* \(.*\)$/extern char \1;/p'\'''
lt_cv_sys_max_cmd_len=196608

## ----------------- ##
## Output variables. ##
## ----------------- ##

ACLOCAL='${SHELL} /Users/michael/src/git/lib/aqbanking/missing --run aclocal-1.10'
ADD_ACLOCAL_FLAGS=' -I /Users/michael/src/git/lib/static-build-debug-4.99.19rc3/share/aclocal'
AMDEPBACKSLASH=''
AMDEP_FALSE=''
AMDEP_TRUE='#'
AMTAR='${SHELL} /Users/michael/src/git/lib/aqbanking/missing --run tar'
AQBANKING_CLI_VERSION_STRING='4.99.19'
AQBANKING_SO_AGE='0'
AQBANKING_SO_CURRENT='32'
AQBANKING_SO_EFFECTIVE='32'
AQBANKING_SO_REVISION='19'
AQBANKING_VERSION_BUILD='0'
AQBANKING_VERSION_FULL_STRING='4.99.19.0rc3'
AQBANKING_VERSION_MAJOR='4'
AQBANKING_VERSION_MINOR='99'
AQBANKING_VERSION_PATCHLEVEL='19'
AQBANKING_VERSION_RELEASE_STRING='4.99.19rc3'
AQBANKING_VERSION_STRING='4.99.19'
AQBANKING_VERSION_TAG='rc3'
AQHBCI_SO_AGE='0'
AQHBCI_SO_CURRENT='18'
AQHBCI_SO_EFFECTIVE='18'
AQHBCI_SO_REVISION='2'
AQHBCI_VERSION_BUILD='0'
AQHBCI_VERSION_FULL_STRING='4.99.19.0rc3'
AQHBCI_VERSION_MAJOR='4'
AQHBCI_VERSION_MINOR='99'
AQHBCI_VERSION_PATCHLEVEL='19'
AQHBCI_VERSION_RELEASE_STRING=''
AQHBCI_VERSION_STRING='4.99.19'
AQHBCI_VERSION_TAG='rc3'
AQOFXCONNECT_SO_AGE='0'
AQOFXCONNECT_SO_CURRENT='6'
AQOFXCONNECT_SO_EFFECTIVE='6'
AQOFXCONNECT_SO_REVISION='0'
AQOFXCONNECT_VERSION_BUILD='0'
AQOFXCONNECT_VERSION_FULL_STRING='4.99.19.0rc3'
AQOFXCONNECT_VERSION_MAJOR='4'
AQOFXCONNECT_VERSION_MINOR='99'
AQOFXCONNECT_VERSION_PATCHLEVEL='19'
AQOFXCONNECT_VERSION_RELEASE_STRING=''
AQOFXCONNECT_VERSION_STRING='4.99.19'
AQOFXCONNECT_VERSION_TAG='rc3'
AQPAYPAL_SO_AGE='0'
AQPAYPAL_SO_CURRENT='1'
AQPAYPAL_SO_EFFECTIVE='1'
AQPAYPAL_SO_REVISION='0'
AQPAYPAL_VERSION_BUILD='0'
AQPAYPAL_VERSION_FULL_STRING='4.99.19.0rc3'
AQPAYPAL_VERSION_MAJOR='4'
AQPAYPAL_VERSION_MINOR='99'
AQPAYPAL_VERSION_PATCHLEVEL='19'
AQPAYPAL_VERSION_RELEASE_STRING=''
AQPAYPAL_VERSION_STRING='4.99.19'
AQPAYPAL_VERSION_TAG='rc3'
AR='ar'
AS='as'
AUTOCONF='${SHELL} /Users/michael/src/git/lib/aqbanking/missing --run autoconf'
AUTOHEADER='${SHELL} /Users/michael/src/git/lib/aqbanking/missing --run autoheader'
AUTOMAKE='${SHELL} /Users/michael/src/git/lib/aqbanking/missing --run automake-1.10'
AWK='awk'
CC='gcc'
CCDEPMODE='depmode=none'
CFLAGS='-O -g -isysroot /Developer/SDKs/MacOSX10.5.sdk -arch i386 -I/Users/michael/src/git/lib/static-build-debug-4.99.19rc3/include/ -mmacosx-version-min=10.5 -g -Wall'
CPP='gcc -E'
CPPFLAGS='-O -g -isysroot /Developer/SDKs/MacOSX10.5.sdk -arch i386 -I/Users/michael/src/git/lib/static-build-debug-4.99.19rc3/include/ -mmacosx-version-min=10.5'
CXX='g++'
CXXCPP='g++ -E'
CXXDEPMODE='depmode=none'
CXXFLAGS='-g -Wall'
CYGPATH_W='echo'
DATETIME='20100819193458'
DEFS='-DHAVE_CONFIG_H'
DEPDIR='.deps'
DLLTOOL='dlltool'
DOXYGEN_DEFINE='DOXYGEN_HIDE'
DOXYGEN_FILE_PATTERNS='*.h'
DOXYGEN_INPUT='listdoc.h aqbanking5'
DOXYGEN_TAGFILES=''
DSYMUTIL='dsymutil'
DUMPBIN=''
ECHO_C='ECHO_N=''
ECHO_T=''
EGREP='/usr/bin/grep -E'
ENABLE_CLI_FALSE='#'
ENABLE_CLI_TRUE=''
EXEEXT=''
FGREP='/usr/bin/grep -F'
GREP='/usr/bin/grep'
HAVE_I18N='yes'
IF_MAKE_I18N_FILES_FALSE=''
IF_MAKE_I18N_FILES_TRUE='#'
INSTALL_DATA='${INSTALL} -m 644'
INSTALL_DLL_TARGET=''
INSTALL_PROGRAM='${INSTALL}'
INSTALL_SCRIPT='${INSTALL}'
INSTALL_STRIP_PROGRAM='$(install_sh) -c -s'
IS_WINDOWS_FALSE=''
IS_WINDOWS_TRUE='#'
LD='/usr/libexec/gcc/i686-apple-darwin10/4.2.1/ld'
LDFLAGS='-framework CoreFoundation -arch i386 -L/Users/michael/src/git/lib/static-build-debug-4.99.19rc3/lib -L/Developer/SDKs/MacOSX10.5.sdk/usr/lib/ -mmacosx-version-min=10.5 -lcharset -liconv -lintl -lgmp -lgpg-error -lgcrypt -lgnutls -lgnutls-extra -lgnutls-openssl -lgwenhywfar -g'
LIBOBJS=''
LIBS=''
LIBTOOL='$(SHELL) $(top_builddir)/libtool'
LIPO='lipo'
LN_S='ln -s'
LTLIBOBJS=''
MAKEINFO='${SHELL} /Users/michael/src/git/lib/aqbanking/missing --run makeinfo'
MAKE_DLL_TARGET=''
MAKE_I18N_FILES='no'
MSGFMT='missing'
MSGFMT_SUPPORTS_QT=''
NM='/usr/bin/nm'
NMEDIT='nmedit'
OBJDUMP='objdump'
OBJEXT='o'
OSYSTEM='osx'
OS_TYPE='posix'
OTOOL64=':'
OTOOL='otool'
PACKAGE='aqbanking'
PACKAGE_BUGREPORT=''
PACKAGE_NAME=''
PACKAGE_STRING=''
PACKAGE_TARNAME=''
PACKAGE_VERSION=''
PATH_SEPARATOR=':'
PKG_CONFIG='/Users/michael/src/git/lib/static-build-debug-4.99.19rc3/bin/pkg-config'
Q4BANKING_SO_AGE=''
Q4BANKING_SO_CURRENT=''
Q4BANKING_SO_EFFECTIVE=''
Q4BANKING_SO_REVISION=''
Q4BANKING_VERSION_BUILD='0'
Q4BANKING_VERSION_FULL_STRING='4.99.19.0rc3'
Q4BANKING_VERSION_MAJOR='4'
Q4BANKING_VERSION_MINOR='99'
Q4BANKING_VERSION_PATCHLEVEL='19'
Q4BANKING_VERSION_RELEASE_STRING=''
Q4BANKING_VERSION_STRING='4.99.19'
Q4BANKING_VERSION_TAG='rc3'
QBANKING_SO_AGE=''
QBANKING_SO_CURRENT=''
QBANKING_SO_EFFECTIVE=''
QBANKING_SO_REVISION=''
QBANKING_VERSION_BUILD='0'
QBANKING_VERSION_FULL_STRING='4.99.19.0rc3'
QBANKING_VERSION_MAJOR='4'
QBANKING_VERSION_MINOR='99'
QBANKING_VERSION_PATCHLEVEL='19'
QBANKING_VERSION_RELEASE_STRING=''
QBANKING_VERSION_STRING='4.99.19'
QBANKING_VERSION_TAG='rc3'
RANLIB='ranlib'
RC='no'
SED='/usr/bin/sed'
SET_MAKE=''
SHELL='/bin/sh'
STRIP='strip'
STRIPALL=''
TUTORIALS=''
USE_DOT='NO'
VERSION='4.99.19rc3'
WITH_KTOBLZCHECK_FALSE=''
WITH_KTOBLZCHECK_TRUE='#'
XGETTEXT='missing'
XMLMERGE='/Users/michael/src/git/lib/static-build-debug-4.99.19rc3/bin/xmlmerge'
abs_top_builddir='/Users/michael/src/git/lib/tmp-debug/aqbanking-4.99.19rc3'
ac_ct_CC='gcc'
ac_ct_CXX='g++'
ac_ct_DUMPBIN=''
all_includes='-I/Users/michael/src/git/lib/static-build-debug-4.99.19rc3/include/gwenhywfar4'
all_libraries=''
am__fastdepCC_FALSE=''
am__fastdepCC_TRUE='#'
am__fastdepCXX_FALSE=''
am__fastdepCXX_TRUE='#'
am__include='include'
am__isrc=' -I$(srcdir)'
am__leading_dot='.'
am__quote=''
am__tar='${AMTAR} chof - "$$tardir"'
am__untar='${AMTAR} xf -'
aq_distrib_name=''
aq_distrib_tag=''
aq_distrib_version=''
aqbanking_backends='aqhbci'
aqbanking_cfg_searchdir='Frameworks/AqBanking/etc'
aqbanking_data_searchdir='Frameworks/AqBanking/share'
aqbanking_headerdir='${includedir}/aqbanking5'
aqbanking_headerdir_am='$(includedir)/aqbanking5'
aqbanking_includes='-I${includedir}/aqbanking5'
aqbanking_internal_libs='/Users/michael/src/git/lib/tmp-debug/aqbanking-4.99.19rc3/src/libs/aqbanking/libaqbanking.la'
aqbanking_ldflags='-L${libdir}'
aqbanking_libs='-laqbanking'
aqbanking_locale_searchdir='Frameworks/AqBanking/share/locale'
aqbanking_modules='. jobs types'
aqbanking_pkgdatadir='${datadir}/aqbanking'
aqbanking_plugin_searchdir='Frameworks/AqBanking/lib/aqbanking/plugins/32'
aqbanking_plugindir='${libdir}/aqbanking/plugins/32'
aqbanking_plugins_backends_dirs=' aqhbci'
aqbanking_plugins_bankinfo_dirs=''
aqbanking_plugins_imexporters_dirs=' csv dtaus eri2 ofx openhbci1 swift xmldb yellownet sepa ctxfile q43'
aqbanking_plugins_parsers_dirs=' dtaus swift'
aqbanking_symlinkdir='$(top_builddir)/aqbanking5'
aqbanking_sys_is_windows='0'
aqbankingpp_modules='.'
aqhbci_datadir=''
aqhbci_includes='-I${includedir}/aqbanking5'
aqhbci_internal_libs='/Users/michael/src/git/lib/tmp-debug/aqbanking-4.99.19rc3/src/plugins/backends/aqhbci/plugin/libaqhbci.la'
aqhbci_ldflags='-L${libdir}'
aqhbci_libs='-laqhbci'
aqofxconnect_includes='-I${includedir}/aqbanking5'
aqofxconnect_internal_libs='/Users/michael/src/git/lib/tmp-debug/aqbanking-4.99.19rc3/src/plugins/backends/aqofxconnect/plugin/libaqofxconnect.la'
aqofxconnect_libs='-L${libdir} -laqofxconnect'
aqpaypal_includes='-I${includedir}/aqbanking5'
aqpaypal_internal_libs='/Users/michael/src/git/lib/tmp-debug/aqbanking-4.99.19rc3/src/plugins/backends/aqpaypal/plugin/libaqpaypal.la'
aqpaypal_libs='-L${libdir} -laqpaypal'
bindir='${exec_prefix}/bin'
build='i386-apple-darwin10.4.0'
build_alias=''
build_cpu='i386'
build_os='darwin10.4.0'
build_vendor='apple'
datadir='${datarootdir}'
datarootdir='${prefix}/share'
docdir='${datarootdir}/doc/${PACKAGE}'
docpath='/Users/michael/apidoc'
dvidir='${docdir}'
exec_prefix='${prefix}'
gmp_libs='-lgmp'
gwenhywfar_bindir='/Users/michael/src/git/lib/static-build-debug-4.99.19rc3/bin'
gwenhywfar_dir='/Users/michael/src/git/lib/static-build-debug-4.99.19rc3'
gwenhywfar_has_crypt='yes'
gwenhywfar_headers='/Users/michael/src/git/lib/static-build-debug-4.99.19rc3/include/gwenhywfar4/gwenhywfar'
gwenhywfar_includes='-I/Users/michael/src/git/lib/static-build-debug-4.99.19rc3/include/gwenhywfar4'
gwenhywfar_libs='-L/Users/michael/src/git/lib/static-build-debug-4.99.19rc3/lib -lgwenhywfar'
gwenhywfar_plugins='/Users/michael/src/git/lib/static-build-debug-4.99.19rc3/lib/gwenhywfar/plugins/59'
host='i386-apple-darwin10.4.0'
host_alias=''
host_cpu='i386'
host_os='darwin10.4.0'
host_vendor='apple'
htmldir='${docdir}'
i18n_libs=''
includedir='${prefix}/include'
infodir='${datarootdir}/info'
install_sh='$(SHELL) /Users/michael/src/git/lib/aqbanking/install-sh'
ktoblzcheck_CFLAGS=''
ktoblzcheck_LIBS=''
ktoblzcheck_includes=''
ktoblzcheck_libs=''
libdir='${exec_prefix}/lib'
libexecdir='${exec_prefix}/libexec'
localedir='${datarootdir}/locale'
localstatedir='${prefix}/var'
lt_ECHO='/bin/echo'
mandir='${datarootdir}/man'
mkdir_p='/Users/michael/src/git/lib/aqbanking/install-sh -c -d'
oldincludedir='/usr/include'
pdfdir='${docdir}'
prefix='/Users/michael/src/git/lib/static-build-debug-4.99.19rc3'
program_transform_name='s,x,x,'
psdir='${docdir}'
sbindir='${exec_prefix}/sbin'
sharedstatedir='${prefix}/com'
sysconfdir='${prefix}/etc'
target_alias=''
typemaker2_exe='$(gwenhywfar_bindir)/typemaker2'
visibility_cflags='-fvisibility=hidden'
with_aqhbci='yes'

## ----------- ##
## confdefs.h. ##
## ----------- ##

#define PACKAGE_NAME ""
#define PACKAGE_TARNAME ""
#define PACKAGE_VERSION ""
#define PACKAGE_STRING ""
#define PACKAGE_BUGREPORT ""
#define AQBANKING_SO_EFFECTIVE_STR "32"
#define PACKAGE "aqbanking"
#define VERSION "4.99.19rc3"
#define AQHBCI_VERSION_MAJOR 4
#define AQHBCI_VERSION_MINOR 99
#define AQHBCI_VERSION_PATCHLEVEL 19
#define AQHBCI_VERSION_BUILD 0
#define AQHBCI_VERSION_STRING "4.99.19"
#define AQHBCI_VERSION_FULL_STRING "4.99.19.0rc3"
#define AQHBCI_VERSION_TAG rc3
#define AQHBCI_SO_EFFECTIVE_STR "18"
#define AQOFXCONNECT_VERSION_MAJOR 4
#define AQOFXCONNECT_VERSION_MINOR 99
#define AQOFXCONNECT_VERSION_PATCHLEVEL 19
#define AQOFXCONNECT_VERSION_BUILD 0
#define AQOFXCONNECT_VERSION_STRING "4.99.19"
#define AQOFXCONNECT_VERSION_FULL_STRING "4.99.19.0rc3"
#define AQOFXCONNECT_VERSION_TAG rc3
#define AQOFXCONNECT_SO_EFFECTIVE_STR "6"
#define AQPAYPAL_VERSION_MAJOR 4
#define AQPAYPAL_VERSION_MINOR 99
#define AQPAYPAL_VERSION_PATCHLEVEL 19
#define AQPAYPAL_VERSION_BUILD 0
#define AQPAYPAL_VERSION_STRING "4.99.19"
#define AQPAYPAL_VERSION_FULL_STRING "4.99.19.0rc3"
#define AQPAYPAL_VERSION_TAG rc3
#define AQPAYPAL_SO_EFFECTIVE_STR "1"
#define QBANKING_VERSION_MAJOR 4
#define QBANKING_VERSION_MINOR 99
#define QBANKING_VERSION_PATCHLEVEL 19
#define QBANKING_VERSION_BUILD 0
#define QBANKING_VERSION_STRING "4.99.19"
#define QBANKING_VERSION_FULL_STRING "4.99.19.0rc3"
#define QBANKING_VERSION_TAG rc3
#define QBANKING_SO_EFFECTIVE_STR ""
#define Q4BANKING_VERSION_MAJOR 4
#define Q4BANKING_VERSION_MINOR 99
#define Q4BANKING_VERSION_PATCHLEVEL 19
#define Q4BANKING_VERSION_BUILD 0
#define Q4BANKING_VERSION_STRING "4.99.19"
#define Q4BANKING_VERSION_FULL_STRING "4.99.19.0rc3"
#define Q4BANKING_VERSION_TAG rc3
#define Q4BANKING_SO_EFFECTIVE_STR ""
#define OS_NAME "i386-apple-darwin10.4.0"
#define OS_DARWIN 1
#define OS_POSIX 1
#define OS_SHORTNAME "osx"
#define OS_TYPE "posix"
#define _GNU_SOURCE 1
#define STDC_HEADERS 1
#define HAVE_SYS_TYPES_H 1
#define HAVE_SYS_STAT_H 1
#define HAVE_STDLIB_H 1
#define HAVE_STRING_H 1
#define HAVE_MEMORY_H 1
#define HAVE_STRINGS_H 1
#define HAVE_INTTYPES_H 1
#define HAVE_STDINT_H 1
#define HAVE_UNISTD_H 1
#define HAVE_DLFCN_H 1
#define LT_OBJDIR ".libs/"
#define STDC_HEADERS 1
#define HAVE_FCNTL_H 1
#define HAVE_STDLIB_H 1
#define HAVE_STRING_H 1
#define HAVE_UNISTD_H 1
#define HAVE_LOCALE_H 1
#define HAVE_TERMIOS_H 1
#define HAVE_SIGNAL_H 1
#define HAVE_ICONV_H 1
#define HAVE_DECL_SIGPROCMASK 1
#define HAVE_STRFTIME 1
#define HAVE_MEMMOVE 1
#define HAVE_MEMSET 1
#define HAVE_STRCASECMP 1
#define HAVE_STRDUP 1
#define HAVE_STRERROR 1
#define HAVE_SNPRINTF 1
#define HAVE_SETLOCALE 1
#define AQBANKING_WITH_PLUGIN_BACKEND_AQHBCI 1
#define HAVE_GMP_H 1
#define ENABLE_LOCAL_INSTALL 1
#define HAVE_LOCALE_H 1
#define HAVE_LIBINTL_H 1
#define HAVE_SETLOCALE 1
#define HAVE_I18N 1
#define DEBUG 1
#define GCC_WITH_VISIBILITY_ATTRIBUTE 1
#define AQBANKING_ENABLE_INIT_PLUGINS 1

configure: exit 0

## ---------------------- ##
## Running config.status. ##
## ---------------------- ##

This file was extended by config.status, which was
generated by GNU Autoconf 2.61.  Invocation command line was

  CONFIG_FILES    = 
  CONFIG_HEADERS  = 
  CONFIG_LINKS    = 
  CONFIG_COMMANDS = 
  $ ./config.status config.h

on moeve

config.status:1241: creating config.h
config.status:1545: config.h is unchanged
