This file contains any messages produced by compilers while
running configure, to aid debugging if configure makes a mistake.

It was created by configure, which was
generated by GNU Autoconf 2.61.  Invocation command line was

  $ /Users/michael/src/git/lib/gwenhywfar/configure --disable-dependency-tracking --prefix=/Users/michael/src/git/lib/static-build-i386-4.99.12beta --enable-shared --enable-static --enable-debug=no --enable-local-install --disable-rpath --enable-binreloc --enable-binreloc-threads --disable-fox --with-guis= --with-libgcrypt-prefix=/Users/michael/src/git/lib/static-build-i386-4.99.12beta --with-libgnutls-prefix=/Users/michael/src/git/lib/static-build-i386-4.99.12beta --disable-variadic-macros --with-iconv=/usr

## --------- ##
## Platform. ##
## --------- ##

hostname = moeve-3.local
uname -m = i386
uname -r = 10.4.0
uname -s = Darwin
uname -v = Darwin Kernel Version 10.4.0: Fri Apr 23 18:28:53 PDT 2010; root:xnu-1504.7.4~1/RELEASE_I386

/usr/bin/uname -p = i386
/bin/uname -X     = unknown

/bin/arch              = unknown
/usr/bin/arch -k       = unknown
/usr/convex/getsysinfo = unknown
/usr/bin/hostinfo      = Mach kernel version:
	 Darwin Kernel Version 10.4.0: Fri Apr 23 18:28:53 PDT 2010; root:xnu-1504.7.4~1/RELEASE_I386
Kernel configured for up to 2 processors.
2 processors are physically available.
2 processors are logically available.
Processor type: i486 (Intel 80486)
Processors active: 0 1
Primary memory available: 4.00 gigabytes
Default processor set: 108 tasks, 422 threads, 2 processors
Load average: 2.71, Mach factor: 0.25
/bin/machine           = unknown
/usr/bin/oslevel       = unknown
/bin/universe          = unknown

PATH: /Users/michael/src/git/lib/static-build-i386-4.99.12beta/bin
PATH: /usr/bin
PATH: /bin
PATH: /usr/sbin
PATH: /sbin
PATH: /usr/X11/bin


## ----------- ##
## Core tests. ##
## ----------- ##

configure:2159: checking build system type
configure:2177: result: i386-apple-darwin10.4.0
configure:2199: checking host system type
configure:2214: result: i386-apple-darwin10.4.0
configure:2371: checking for a BSD-compatible install
configure:2427: result: /usr/bin/install -c
configure:2438: checking whether build environment is sane
configure:2481: result: yes
configure:2509: checking for a thread-safe mkdir -p
configure:2548: result: /Users/michael/src/git/lib/gwenhywfar/install-sh -c -d
configure:2561: checking for gawk
configure:2591: result: no
configure:2561: checking for mawk
configure:2591: result: no
configure:2561: checking for nawk
configure:2591: result: no
configure:2561: checking for awk
configure:2577: found /usr/bin/awk
configure:2588: result: awk
configure:2599: checking whether make sets $(MAKE)
configure:2620: result: yes
configure:2849: checking host system type
configure:3032: result: posix
configure:3169: checking for gcc
configure:3185: found /usr/bin/gcc
configure:3196: result: gcc
configure:3434: checking for C compiler version
configure:3441: gcc --version >&5
i686-apple-darwin10-gcc-4.2.1 (GCC) 4.2.1 (Apple Inc. build 5664)
Copyright (C) 2007 Free Software Foundation, Inc.
This is free software; see the source for copying conditions.  There is NO
warranty; not even for MERCHANTABILITY or FITNESS FOR A PARTICULAR PURPOSE.

configure:3444: $? = 0
configure:3451: gcc -v >&5
Using built-in specs.
Target: i686-apple-darwin10
Configured with: /var/tmp/gcc/gcc-5664~38/src/configure --disable-checking --enable-werror --prefix=/usr --mandir=/share/man --enable-languages=c,objc,c++,obj-c++ --program-transform-name=/^[cg][^.-]*$/s/$/-4.2/ --with-slibdir=/usr/lib --build=i686-apple-darwin10 --program-prefix=i686-apple-darwin10- --host=x86_64-apple-darwin10 --target=i686-apple-darwin10 --with-gxx-include-dir=/include/c++/4.2.1
Thread model: posix
gcc version 4.2.1 (Apple Inc. build 5664)
configure:3454: $? = 0
configure:3461: gcc -V >&5
gcc-4.2: argument to `-V' is missing
configure:3464: $? = 1
configure:3487: checking for C compiler default output file name
configure:3514: gcc -O -g -isysroot /Developer/SDKs/MacOSX10.5.sdk -arch i386 -I/Users/michael/src/git/lib/static-build-i386-4.99.12beta/include/ -mmacosx-version-min=10.5 -O -g -isysroot /Developer/SDKs/MacOSX10.5.sdk -arch i386 -I/Users/michael/src/git/lib/static-build-i386-4.99.12beta/include/ -mmacosx-version-min=10.5 -framework CoreFoundation -arch i386 -L/Users/michael/src/git/lib/static-build-i386-4.99.12beta/lib -L/Developer/SDKs/MacOSX10.5.sdk/usr/lib/ -mmacosx-version-min=10.5 -lcharset -liconv -lintl -lgmp -lgpg-error -lgcrypt -lgnutls -lgnutls-extra -lgnutls-openssl conftest.c  >&5
configure:3517: $? = 0
configure:3555: result: a.out
configure:3572: checking whether the C compiler works
configure:3582: ./a.out
configure:3585: $? = 0
configure:3602: result: yes
configure:3609: checking whether we are cross compiling
configure:3611: result: no
configure:3614: checking for suffix of executables
configure:3621: gcc -o conftest -O -g -isysroot /Developer/SDKs/MacOSX10.5.sdk -arch i386 -I/Users/michael/src/git/lib/static-build-i386-4.99.12beta/include/ -mmacosx-version-min=10.5 -O -g -isysroot /Developer/SDKs/MacOSX10.5.sdk -arch i386 -I/Users/michael/src/git/lib/static-build-i386-4.99.12beta/include/ -mmacosx-version-min=10.5 -framework CoreFoundation -arch i386 -L/Users/michael/src/git/lib/static-build-i386-4.99.12beta/lib -L/Developer/SDKs/MacOSX10.5.sdk/usr/lib/ -mmacosx-version-min=10.5 -lcharset -liconv -lintl -lgmp -lgpg-error -lgcrypt -lgnutls -lgnutls-extra -lgnutls-openssl conftest.c  >&5
configure:3624: $? = 0
configure:3648: result: 
configure:3654: checking for suffix of object files
configure:3680: gcc -c -O -g -isysroot /Developer/SDKs/MacOSX10.5.sdk -arch i386 -I/Users/michael/src/git/lib/static-build-i386-4.99.12beta/include/ -mmacosx-version-min=10.5 -O -g -isysroot /Developer/SDKs/MacOSX10.5.sdk -arch i386 -I/Users/michael/src/git/lib/static-build-i386-4.99.12beta/include/ -mmacosx-version-min=10.5 conftest.c >&5
configure:3683: $? = 0
configure:3706: result: o
configure:3710: checking whether we are using the GNU C compiler
configure:3739: gcc -c -O -g -isysroot /Developer/SDKs/MacOSX10.5.sdk -arch i386 -I/Users/michael/src/git/lib/static-build-i386-4.99.12beta/include/ -mmacosx-version-min=10.5 -O -g -isysroot /Developer/SDKs/MacOSX10.5.sdk -arch i386 -I/Users/michael/src/git/lib/static-build-i386-4.99.12beta/include/ -mmacosx-version-min=10.5 conftest.c >&5
configure:3745: $? = 0
configure:3762: result: yes
configure:3767: checking whether gcc accepts -g
configure:3797: gcc -c -g -O -g -isysroot /Developer/SDKs/MacOSX10.5.sdk -arch i386 -I/Users/michael/src/git/lib/static-build-i386-4.99.12beta/include/ -mmacosx-version-min=10.5 conftest.c >&5
configure:3803: $? = 0
configure:3902: result: yes
configure:3919: checking for gcc option to accept ISO C89
configure:3993: gcc  -c -O -g -isysroot /Developer/SDKs/MacOSX10.5.sdk -arch i386 -I/Users/michael/src/git/lib/static-build-i386-4.99.12beta/include/ -mmacosx-version-min=10.5 -O -g -isysroot /Developer/SDKs/MacOSX10.5.sdk -arch i386 -I/Users/michael/src/git/lib/static-build-i386-4.99.12beta/include/ -mmacosx-version-min=10.5 conftest.c >&5
configure:3999: $? = 0
configure:4022: result: none needed
configure:4051: checking for style of include used by make
configure:4079: result: GNU
configure:4104: checking dependency style of gcc
configure:4195: result: none
configure:4268: checking for g++
configure:4284: found /usr/bin/g++
configure:4295: result: g++
configure:4326: checking for C++ compiler version
configure:4333: g++ --version >&5
i686-apple-darwin10-g++-4.2.1 (GCC) 4.2.1 (Apple Inc. build 5664)
Copyright (C) 2007 Free Software Foundation, Inc.
This is free software; see the source for copying conditions.  There is NO
warranty; not even for MERCHANTABILITY or FITNESS FOR A PARTICULAR PURPOSE.

configure:4336: $? = 0
configure:4343: g++ -v >&5
Using built-in specs.
Target: i686-apple-darwin10
Configured with: /var/tmp/gcc/gcc-5664~38/src/configure --disable-checking --enable-werror --prefix=/usr --mandir=/share/man --enable-languages=c,objc,c++,obj-c++ --program-transform-name=/^[cg][^.-]*$/s/$/-4.2/ --with-slibdir=/usr/lib --build=i686-apple-darwin10 --program-prefix=i686-apple-darwin10- --host=x86_64-apple-darwin10 --target=i686-apple-darwin10 --with-gxx-include-dir=/include/c++/4.2.1
Thread model: posix
gcc version 4.2.1 (Apple Inc. build 5664)
configure:4346: $? = 0
configure:4353: g++ -V >&5
g++-4.2: argument to `-V' is missing
configure:4356: $? = 1
configure:4359: checking whether we are using the GNU C++ compiler
configure:4388: g++ -c  -O -g -isysroot /Developer/SDKs/MacOSX10.5.sdk -arch i386 -I/Users/michael/src/git/lib/static-build-i386-4.99.12beta/include/ -mmacosx-version-min=10.5 conftest.cpp >&5
configure:4394: $? = 0
configure:4411: result: yes
configure:4416: checking whether g++ accepts -g
configure:4446: g++ -c -g -O -g -isysroot /Developer/SDKs/MacOSX10.5.sdk -arch i386 -I/Users/michael/src/git/lib/static-build-i386-4.99.12beta/include/ -mmacosx-version-min=10.5 conftest.cpp >&5
configure:4452: $? = 0
configure:4551: result: yes
configure:4576: checking dependency style of g++
configure:4667: result: none
configure:4695: checking for a BSD-compatible install
configure:4751: result: /usr/bin/install -c
configure:5124: checking for windres
configure:5154: result: no
configure:5202: checking for a sed that does not truncate output
configure:5281: result: /usr/bin/sed
configure:5299: checking for grep that handles long lines and -e
configure:5373: result: /usr/bin/grep
configure:5378: checking for egrep
configure:5456: result: /usr/bin/grep -E
configure:5461: checking for fgrep
configure:5539: result: /usr/bin/grep -F
configure:5574: checking for ld used by gcc
configure:5641: result: /usr/libexec/gcc/i686-apple-darwin10/4.2.1/ld
configure:5650: checking if the linker (/usr/libexec/gcc/i686-apple-darwin10/4.2.1/ld) is GNU ld
configure:5665: result: no
configure:5677: checking for BSD- or MS-compatible name lister (nm)
configure:5726: result: /usr/bin/nm
configure:5848: checking the name lister (/usr/bin/nm) interface
configure:5855: gcc -c -O -g -isysroot /Developer/SDKs/MacOSX10.5.sdk -arch i386 -I/Users/michael/src/git/lib/static-build-i386-4.99.12beta/include/ -mmacosx-version-min=10.5 -O -g -isysroot /Developer/SDKs/MacOSX10.5.sdk -arch i386 -I/Users/michael/src/git/lib/static-build-i386-4.99.12beta/include/ -mmacosx-version-min=10.5 conftest.c >&5
configure:5858: /usr/bin/nm "conftest.o"
configure:5861: output
00000188 D _some_variable
configure:5868: result: BSD nm
configure:5871: checking whether ln -s works
configure:5875: result: yes
configure:5883: checking the maximum length of command line arguments
configure:6003: result: 196608
configure:6020: checking whether the shell understands some XSI constructs
configure:6030: result: yes
configure:6034: checking whether the shell understands "+="
configure:6040: result: yes
configure:6075: checking for /usr/libexec/gcc/i686-apple-darwin10/4.2.1/ld option to reload object files
configure:6082: result: -r
configure:6109: checking how to recognize dependent libraries
configure:6299: result: pass_all
configure:6359: checking for ar
configure:6375: found /usr/bin/ar
configure:6386: result: ar
configure:6468: checking for strip
configure:6484: found /usr/bin/strip
configure:6495: result: strip
configure:6571: checking for ranlib
configure:6587: found /usr/bin/ranlib
configure:6598: result: ranlib
configure:6692: checking command to parse /usr/bin/nm output from gcc object
configure:6810: gcc -c -O -g -isysroot /Developer/SDKs/MacOSX10.5.sdk -arch i386 -I/Users/michael/src/git/lib/static-build-i386-4.99.12beta/include/ -mmacosx-version-min=10.5 -O -g -isysroot /Developer/SDKs/MacOSX10.5.sdk -arch i386 -I/Users/michael/src/git/lib/static-build-i386-4.99.12beta/include/ -mmacosx-version-min=10.5 conftest.c >&5
configure:6813: $? = 0
configure:6817: /usr/bin/nm conftest.o \| sed -n -e 's/^.*[	 ]\([BCDEGRST][BCDEGRST]*\)[	 ][	 ]*\([_A-Za-z][_A-Za-z0-9]*\)$/\1 \2 \2/p' \> conftest.nm
configure:6820: $? = 0
cannot find nm_test_var in conftest.nm
configure:6810: gcc -c -O -g -isysroot /Developer/SDKs/MacOSX10.5.sdk -arch i386 -I/Users/michael/src/git/lib/static-build-i386-4.99.12beta/include/ -mmacosx-version-min=10.5 -O -g -isysroot /Developer/SDKs/MacOSX10.5.sdk -arch i386 -I/Users/michael/src/git/lib/static-build-i386-4.99.12beta/include/ -mmacosx-version-min=10.5 conftest.c >&5
configure:6813: $? = 0
configure:6817: /usr/bin/nm conftest.o \| sed -n -e 's/^.*[	 ]\([BCDEGRST][BCDEGRST]*\)[	 ][	 ]*_\([_A-Za-z][_A-Za-z0-9]*\)$/\1 _\2 \2/p' \> conftest.nm
configure:6820: $? = 0
configure:6874: gcc -o conftest -O -g -isysroot /Developer/SDKs/MacOSX10.5.sdk -arch i386 -I/Users/michael/src/git/lib/static-build-i386-4.99.12beta/include/ -mmacosx-version-min=10.5 -O -g -isysroot /Developer/SDKs/MacOSX10.5.sdk -arch i386 -I/Users/michael/src/git/lib/static-build-i386-4.99.12beta/include/ -mmacosx-version-min=10.5 -framework CoreFoundation -arch i386 -L/Users/michael/src/git/lib/static-build-i386-4.99.12beta/lib -L/Developer/SDKs/MacOSX10.5.sdk/usr/lib/ -mmacosx-version-min=10.5 -lcharset -liconv -lintl -lgmp -lgpg-error -lgcrypt -lgnutls -lgnutls-extra -lgnutls-openssl conftest.c conftstm.o >&5
configure:6877: $? = 0
configure:6915: result: ok
configure:7205: checking for dsymutil
configure:7221: found /usr/bin/dsymutil
configure:7232: result: dsymutil
configure:7301: checking for nmedit
configure:7317: found /usr/bin/nmedit
configure:7328: result: nmedit
configure:7397: checking for lipo
configure:7413: found /usr/bin/lipo
configure:7424: result: lipo
configure:7493: checking for otool
configure:7509: found /usr/bin/otool
configure:7520: result: otool
configure:7589: checking for otool64
configure:7619: result: no
configure:7668: checking for -single_module linker flag
gcc -O -g -isysroot /Developer/SDKs/MacOSX10.5.sdk -arch i386 -I/Users/michael/src/git/lib/static-build-i386-4.99.12beta/include/ -mmacosx-version-min=10.5 -framework CoreFoundation -arch i386 -L/Users/michael/src/git/lib/static-build-i386-4.99.12beta/lib -L/Developer/SDKs/MacOSX10.5.sdk/usr/lib/ -mmacosx-version-min=10.5 -lcharset -liconv -lintl -lgmp -lgpg-error -lgcrypt -lgnutls -lgnutls-extra -lgnutls-openssl -o libconftest.dylib -dynamiclib -Wl,-single_module conftest.c
configure:7695: result: yes
configure:7697: checking for -exported_symbols_list linker flag
configure:7727: gcc -o conftest -O -g -isysroot /Developer/SDKs/MacOSX10.5.sdk -arch i386 -I/Users/michael/src/git/lib/static-build-i386-4.99.12beta/include/ -mmacosx-version-min=10.5 -O -g -isysroot /Developer/SDKs/MacOSX10.5.sdk -arch i386 -I/Users/michael/src/git/lib/static-build-i386-4.99.12beta/include/ -mmacosx-version-min=10.5 -framework CoreFoundation -arch i386 -L/Users/michael/src/git/lib/static-build-i386-4.99.12beta/lib -L/Developer/SDKs/MacOSX10.5.sdk/usr/lib/ -mmacosx-version-min=10.5 -lcharset -liconv -lintl -lgmp -lgpg-error -lgcrypt -lgnutls -lgnutls-extra -lgnutls-openssl -Wl,-exported_symbols_list,conftest.sym conftest.c  >&5
configure:7733: $? = 0
configure:7752: result: yes
configure:7794: checking how to run the C preprocessor
configure:7834: gcc -E -O -g -isysroot /Developer/SDKs/MacOSX10.5.sdk -arch i386 -I/Users/michael/src/git/lib/static-build-i386-4.99.12beta/include/ -mmacosx-version-min=10.5 conftest.c
configure:7840: $? = 0
configure:7871: gcc -E -O -g -isysroot /Developer/SDKs/MacOSX10.5.sdk -arch i386 -I/Users/michael/src/git/lib/static-build-i386-4.99.12beta/include/ -mmacosx-version-min=10.5 conftest.c
conftest.c:22:28: error: ac_nonexistent.h: No such file or directory
configure:7877: $? = 1
configure: failed program was:
| /* confdefs.h.  */
| #define PACKAGE_NAME ""
| #define PACKAGE_TARNAME ""
| #define PACKAGE_VERSION ""
| #define PACKAGE_STRING ""
| #define PACKAGE_BUGREPORT ""
| #define GWENHYWFAR_VERSION_MAJOR 3
| #define GWENHYWFAR_VERSION_MINOR 99
| #define GWENHYWFAR_VERSION_PATCHLEVEL 14
| #define GWENHYWFAR_VERSION_BUILD 0
| #define GWENHYWFAR_VERSION_STRING "3.99.14"
| #define GWENHYWFAR_VERSION_FULL_STRING "3.99.14beta-0"
| #define GWENHYWFAR_VERSION_TAG beta
| #define PACKAGE "gwenhywfar"
| #define VERSION "3.99.14beta"
| #define OS_NAME "i386-apple-darwin10.4.0"
| #define OS_DARWIN 1
| #define OS_POSIX 1
| #define OS_SHORTNAME "osx"
| #define OS_TYPE "posix"
| /* end confdefs.h.  */
| #include <ac_nonexistent.h>
configure:7910: result: gcc -E
configure:7939: gcc -E -O -g -isysroot /Developer/SDKs/MacOSX10.5.sdk -arch i386 -I/Users/michael/src/git/lib/static-build-i386-4.99.12beta/include/ -mmacosx-version-min=10.5 conftest.c
configure:7945: $? = 0
configure:7976: gcc -E -O -g -isysroot /Developer/SDKs/MacOSX10.5.sdk -arch i386 -I/Users/michael/src/git/lib/static-build-i386-4.99.12beta/include/ -mmacosx-version-min=10.5 conftest.c
conftest.c:22:28: error: ac_nonexistent.h: No such file or directory
configure:7982: $? = 1
configure: failed program was:
| /* confdefs.h.  */
| #define PACKAGE_NAME ""
| #define PACKAGE_TARNAME ""
| #define PACKAGE_VERSION ""
| #define PACKAGE_STRING ""
| #define PACKAGE_BUGREPORT ""
| #define GWENHYWFAR_VERSION_MAJOR 3
| #define GWENHYWFAR_VERSION_MINOR 99
| #define GWENHYWFAR_VERSION_PATCHLEVEL 14
| #define GWENHYWFAR_VERSION_BUILD 0
| #define GWENHYWFAR_VERSION_STRING "3.99.14"
| #define GWENHYWFAR_VERSION_FULL_STRING "3.99.14beta-0"
| #define GWENHYWFAR_VERSION_TAG beta
| #define PACKAGE "gwenhywfar"
| #define VERSION "3.99.14beta"
| #define OS_NAME "i386-apple-darwin10.4.0"
| #define OS_DARWIN 1
| #define OS_POSIX 1
| #define OS_SHORTNAME "osx"
| #define OS_TYPE "posix"
| /* end confdefs.h.  */
| #include <ac_nonexistent.h>
configure:8020: checking for ANSI C header files
configure:8050: gcc -c -O -g -isysroot /Developer/SDKs/MacOSX10.5.sdk -arch i386 -I/Users/michael/src/git/lib/static-build-i386-4.99.12beta/include/ -mmacosx-version-min=10.5 -O -g -isysroot /Developer/SDKs/MacOSX10.5.sdk -arch i386 -I/Users/michael/src/git/lib/static-build-i386-4.99.12beta/include/ -mmacosx-version-min=10.5 conftest.c >&5
configure:8056: $? = 0
configure:8155: gcc -o conftest -O -g -isysroot /Developer/SDKs/MacOSX10.5.sdk -arch i386 -I/Users/michael/src/git/lib/static-build-i386-4.99.12beta/include/ -mmacosx-version-min=10.5 -O -g -isysroot /Developer/SDKs/MacOSX10.5.sdk -arch i386 -I/Users/michael/src/git/lib/static-build-i386-4.99.12beta/include/ -mmacosx-version-min=10.5 -framework CoreFoundation -arch i386 -L/Users/michael/src/git/lib/static-build-i386-4.99.12beta/lib -L/Developer/SDKs/MacOSX10.5.sdk/usr/lib/ -mmacosx-version-min=10.5 -lcharset -liconv -lintl -lgmp -lgpg-error -lgcrypt -lgnutls -lgnutls-extra -lgnutls-openssl conftest.c  >&5
configure:8158: $? = 0
configure:8164: ./conftest
configure:8167: $? = 0
configure:8184: result: yes
configure:8208: checking for sys/types.h
configure:8229: gcc -c -O -g -isysroot /Developer/SDKs/MacOSX10.5.sdk -arch i386 -I/Users/michael/src/git/lib/static-build-i386-4.99.12beta/include/ -mmacosx-version-min=10.5 -O -g -isysroot /Developer/SDKs/MacOSX10.5.sdk -arch i386 -I/Users/michael/src/git/lib/static-build-i386-4.99.12beta/include/ -mmacosx-version-min=10.5 conftest.c >&5
configure:8235: $? = 0
configure:8251: result: yes
configure:8208: checking for sys/stat.h
configure:8229: gcc -c -O -g -isysroot /Developer/SDKs/MacOSX10.5.sdk -arch i386 -I/Users/michael/src/git/lib/static-build-i386-4.99.12beta/include/ -mmacosx-version-min=10.5 -O -g -isysroot /Developer/SDKs/MacOSX10.5.sdk -arch i386 -I/Users/michael/src/git/lib/static-build-i386-4.99.12beta/include/ -mmacosx-version-min=10.5 conftest.c >&5
configure:8235: $? = 0
configure:8251: result: yes
configure:8208: checking for stdlib.h
configure:8229: gcc -c -O -g -isysroot /Developer/SDKs/MacOSX10.5.sdk -arch i386 -I/Users/michael/src/git/lib/static-build-i386-4.99.12beta/include/ -mmacosx-version-min=10.5 -O -g -isysroot /Developer/SDKs/MacOSX10.5.sdk -arch i386 -I/Users/michael/src/git/lib/static-build-i386-4.99.12beta/include/ -mmacosx-version-min=10.5 conftest.c >&5
configure:8235: $? = 0
configure:8251: result: yes
configure:8208: checking for string.h
configure:8229: gcc -c -O -g -isysroot /Developer/SDKs/MacOSX10.5.sdk -arch i386 -I/Users/michael/src/git/lib/static-build-i386-4.99.12beta/include/ -mmacosx-version-min=10.5 -O -g -isysroot /Developer/SDKs/MacOSX10.5.sdk -arch i386 -I/Users/michael/src/git/lib/static-build-i386-4.99.12beta/include/ -mmacosx-version-min=10.5 conftest.c >&5
configure:8235: $? = 0
configure:8251: result: yes
configure:8208: checking for memory.h
configure:8229: gcc -c -O -g -isysroot /Developer/SDKs/MacOSX10.5.sdk -arch i386 -I/Users/michael/src/git/lib/static-build-i386-4.99.12beta/include/ -mmacosx-version-min=10.5 -O -g -isysroot /Developer/SDKs/MacOSX10.5.sdk -arch i386 -I/Users/michael/src/git/lib/static-build-i386-4.99.12beta/include/ -mmacosx-version-min=10.5 conftest.c >&5
configure:8235: $? = 0
configure:8251: result: yes
configure:8208: checking for strings.h
configure:8229: gcc -c -O -g -isysroot /Developer/SDKs/MacOSX10.5.sdk -arch i386 -I/Users/michael/src/git/lib/static-build-i386-4.99.12beta/include/ -mmacosx-version-min=10.5 -O -g -isysroot /Developer/SDKs/MacOSX10.5.sdk -arch i386 -I/Users/michael/src/git/lib/static-build-i386-4.99.12beta/include/ -mmacosx-version-min=10.5 conftest.c >&5
configure:8235: $? = 0
configure:8251: result: yes
configure:8208: checking for inttypes.h
configure:8229: gcc -c -O -g -isysroot /Developer/SDKs/MacOSX10.5.sdk -arch i386 -I/Users/michael/src/git/lib/static-build-i386-4.99.12beta/include/ -mmacosx-version-min=10.5 -O -g -isysroot /Developer/SDKs/MacOSX10.5.sdk -arch i386 -I/Users/michael/src/git/lib/static-build-i386-4.99.12beta/include/ -mmacosx-version-min=10.5 conftest.c >&5
configure:8235: $? = 0
configure:8251: result: yes
configure:8208: checking for stdint.h
configure:8229: gcc -c -O -g -isysroot /Developer/SDKs/MacOSX10.5.sdk -arch i386 -I/Users/michael/src/git/lib/static-build-i386-4.99.12beta/include/ -mmacosx-version-min=10.5 -O -g -isysroot /Developer/SDKs/MacOSX10.5.sdk -arch i386 -I/Users/michael/src/git/lib/static-build-i386-4.99.12beta/include/ -mmacosx-version-min=10.5 conftest.c >&5
configure:8235: $? = 0
configure:8251: result: yes
configure:8208: checking for unistd.h
configure:8229: gcc -c -O -g -isysroot /Developer/SDKs/MacOSX10.5.sdk -arch i386 -I/Users/michael/src/git/lib/static-build-i386-4.99.12beta/include/ -mmacosx-version-min=10.5 -O -g -isysroot /Developer/SDKs/MacOSX10.5.sdk -arch i386 -I/Users/michael/src/git/lib/static-build-i386-4.99.12beta/include/ -mmacosx-version-min=10.5 conftest.c >&5
configure:8235: $? = 0
configure:8251: result: yes
configure:8267: checking for dlfcn.h
configure:8288: gcc -c -O -g -isysroot /Developer/SDKs/MacOSX10.5.sdk -arch i386 -I/Users/michael/src/git/lib/static-build-i386-4.99.12beta/include/ -mmacosx-version-min=10.5 -O -g -isysroot /Developer/SDKs/MacOSX10.5.sdk -arch i386 -I/Users/michael/src/git/lib/static-build-i386-4.99.12beta/include/ -mmacosx-version-min=10.5 conftest.c >&5
configure:8294: $? = 0
configure:8310: result: yes
configure:8439: checking for C++ compiler version
configure:8446: g++ --version >&5
i686-apple-darwin10-g++-4.2.1 (GCC) 4.2.1 (Apple Inc. build 5664)
Copyright (C) 2007 Free Software Foundation, Inc.
This is free software; see the source for copying conditions.  There is NO
warranty; not even for MERCHANTABILITY or FITNESS FOR A PARTICULAR PURPOSE.

configure:8449: $? = 0
configure:8456: g++ -v >&5
Using built-in specs.
Target: i686-apple-darwin10
Configured with: /var/tmp/gcc/gcc-5664~38/src/configure --disable-checking --enable-werror --prefix=/usr --mandir=/share/man --enable-languages=c,objc,c++,obj-c++ --program-transform-name=/^[cg][^.-]*$/s/$/-4.2/ --with-slibdir=/usr/lib --build=i686-apple-darwin10 --program-prefix=i686-apple-darwin10- --host=x86_64-apple-darwin10 --target=i686-apple-darwin10 --with-gxx-include-dir=/include/c++/4.2.1
Thread model: posix
gcc version 4.2.1 (Apple Inc. build 5664)
configure:8459: $? = 0
configure:8466: g++ -V >&5
g++-4.2: argument to `-V' is missing
configure:8469: $? = 1
configure:8472: checking whether we are using the GNU C++ compiler
configure:8524: result: yes
configure:8529: checking whether g++ accepts -g
configure:8664: result: yes
configure:8689: checking dependency style of g++
configure:8780: result: none
configure:8803: checking how to run the C++ preprocessor
configure:8839: g++ -E -O -g -isysroot /Developer/SDKs/MacOSX10.5.sdk -arch i386 -I/Users/michael/src/git/lib/static-build-i386-4.99.12beta/include/ -mmacosx-version-min=10.5 conftest.cpp
configure:8845: $? = 0
configure:8876: g++ -E -O -g -isysroot /Developer/SDKs/MacOSX10.5.sdk -arch i386 -I/Users/michael/src/git/lib/static-build-i386-4.99.12beta/include/ -mmacosx-version-min=10.5 conftest.cpp
conftest.cpp:33:28: error: ac_nonexistent.h: No such file or directory
configure:8882: $? = 1
configure: failed program was:
| /* confdefs.h.  */
| #define PACKAGE_NAME ""
| #define PACKAGE_TARNAME ""
| #define PACKAGE_VERSION ""
| #define PACKAGE_STRING ""
| #define PACKAGE_BUGREPORT ""
| #define GWENHYWFAR_VERSION_MAJOR 3
| #define GWENHYWFAR_VERSION_MINOR 99
| #define GWENHYWFAR_VERSION_PATCHLEVEL 14
| #define GWENHYWFAR_VERSION_BUILD 0
| #define GWENHYWFAR_VERSION_STRING "3.99.14"
| #define GWENHYWFAR_VERSION_FULL_STRING "3.99.14beta-0"
| #define GWENHYWFAR_VERSION_TAG beta
| #define PACKAGE "gwenhywfar"
| #define VERSION "3.99.14beta"
| #define OS_NAME "i386-apple-darwin10.4.0"
| #define OS_DARWIN 1
| #define OS_POSIX 1
| #define OS_SHORTNAME "osx"
| #define OS_TYPE "posix"
| #define STDC_HEADERS 1
| #define HAVE_SYS_TYPES_H 1
| #define HAVE_SYS_STAT_H 1
| #define HAVE_STDLIB_H 1
| #define HAVE_STRING_H 1
| #define HAVE_MEMORY_H 1
| #define HAVE_STRINGS_H 1
| #define HAVE_INTTYPES_H 1
| #define HAVE_STDINT_H 1
| #define HAVE_UNISTD_H 1
| #define HAVE_DLFCN_H 1
| /* end confdefs.h.  */
| #include <ac_nonexistent.h>
configure:8915: result: g++ -E
configure:8944: g++ -E -O -g -isysroot /Developer/SDKs/MacOSX10.5.sdk -arch i386 -I/Users/michael/src/git/lib/static-build-i386-4.99.12beta/include/ -mmacosx-version-min=10.5 conftest.cpp
configure:8950: $? = 0
configure:8981: g++ -E -O -g -isysroot /Developer/SDKs/MacOSX10.5.sdk -arch i386 -I/Users/michael/src/git/lib/static-build-i386-4.99.12beta/include/ -mmacosx-version-min=10.5 conftest.cpp
conftest.cpp:33:28: error: ac_nonexistent.h: No such file or directory
configure:8987: $? = 1
configure: failed program was:
| /* confdefs.h.  */
| #define PACKAGE_NAME ""
| #define PACKAGE_TARNAME ""
| #define PACKAGE_VERSION ""
| #define PACKAGE_STRING ""
| #define PACKAGE_BUGREPORT ""
| #define GWENHYWFAR_VERSION_MAJOR 3
| #define GWENHYWFAR_VERSION_MINOR 99
| #define GWENHYWFAR_VERSION_PATCHLEVEL 14
| #define GWENHYWFAR_VERSION_BUILD 0
| #define GWENHYWFAR_VERSION_STRING "3.99.14"
| #define GWENHYWFAR_VERSION_FULL_STRING "3.99.14beta-0"
| #define GWENHYWFAR_VERSION_TAG beta
| #define PACKAGE "gwenhywfar"
| #define VERSION "3.99.14beta"
| #define OS_NAME "i386-apple-darwin10.4.0"
| #define OS_DARWIN 1
| #define OS_POSIX 1
| #define OS_SHORTNAME "osx"
| #define OS_TYPE "posix"
| #define STDC_HEADERS 1
| #define HAVE_SYS_TYPES_H 1
| #define HAVE_SYS_STAT_H 1
| #define HAVE_STDLIB_H 1
| #define HAVE_STRING_H 1
| #define HAVE_MEMORY_H 1
| #define HAVE_STRINGS_H 1
| #define HAVE_INTTYPES_H 1
| #define HAVE_STDINT_H 1
| #define HAVE_UNISTD_H 1
| #define HAVE_DLFCN_H 1
| /* end confdefs.h.  */
| #include <ac_nonexistent.h>
configure:9137: checking for objdir
configure:9152: result: .libs
configure:9448: checking if gcc supports -fno-rtti -fno-exceptions
configure:9466: gcc -c -O -g -isysroot /Developer/SDKs/MacOSX10.5.sdk -arch i386 -I/Users/michael/src/git/lib/static-build-i386-4.99.12beta/include/ -mmacosx-version-min=10.5 -O -g -isysroot /Developer/SDKs/MacOSX10.5.sdk -arch i386 -I/Users/michael/src/git/lib/static-build-i386-4.99.12beta/include/ -mmacosx-version-min=10.5 -fno-rtti -fno-exceptions conftest.c >&5
cc1: warning: command line option "-fno-rtti" is valid for C++/ObjC++ but not for C
configure:9470: $? = 0
configure:9483: result: no
configure:9503: checking for gcc option to produce PIC
configure:9760: result: -fno-common -DPIC
configure:9772: checking if gcc PIC flag -fno-common -DPIC works
configure:9790: gcc -c -O -g -isysroot /Developer/SDKs/MacOSX10.5.sdk -arch i386 -I/Users/michael/src/git/lib/static-build-i386-4.99.12beta/include/ -mmacosx-version-min=10.5 -O -g -isysroot /Developer/SDKs/MacOSX10.5.sdk -arch i386 -I/Users/michael/src/git/lib/static-build-i386-4.99.12beta/include/ -mmacosx-version-min=10.5 -fno-common -DPIC -DPIC conftest.c >&5
configure:9794: $? = 0
configure:9807: result: yes
configure:9831: checking if gcc static flag -static works
configure:9859: result: no
configure:9874: checking if gcc supports -c -o file.o
configure:9895: gcc -c -O -g -isysroot /Developer/SDKs/MacOSX10.5.sdk -arch i386 -I/Users/michael/src/git/lib/static-build-i386-4.99.12beta/include/ -mmacosx-version-min=10.5 -O -g -isysroot /Developer/SDKs/MacOSX10.5.sdk -arch i386 -I/Users/michael/src/git/lib/static-build-i386-4.99.12beta/include/ -mmacosx-version-min=10.5 -o out/conftest2.o conftest.c >&5
configure:9899: $? = 0
configure:9921: result: yes
configure:9929: checking if gcc supports -c -o file.o
configure:9976: result: yes
configure:10009: checking whether the gcc linker (/usr/libexec/gcc/i686-apple-darwin10/4.2.1/ld) supports shared libraries
configure:11063: result: yes
configure:11302: checking dynamic linker characteristics
configure:11981: result: darwin10.4.0 dyld
configure:12083: checking how to hardcode library paths into programs
configure:12108: result: immediate
configure:12921: checking whether stripping libraries is possible
configure:12935: result: yes
configure:12961: checking if libtool supports shared libraries
configure:12963: result: yes
configure:12966: checking whether to build shared libraries
configure:12987: result: yes
configure:12990: checking whether to build static libraries
configure:12994: result: yes
configure:13144: checking for ld used by g++
configure:13211: result: /usr/libexec/gcc/i686-apple-darwin10/4.2.1/ld
configure:13220: checking if the linker (/usr/libexec/gcc/i686-apple-darwin10/4.2.1/ld) is GNU ld
configure:13235: result: no
configure:13290: checking whether the g++ linker (/usr/libexec/gcc/i686-apple-darwin10/4.2.1/ld) supports shared libraries
configure:14252: result: yes
configure:14280: g++ -c -g -O2 -O -g -isysroot /Developer/SDKs/MacOSX10.5.sdk -arch i386 -I/Users/michael/src/git/lib/static-build-i386-4.99.12beta/include/ -mmacosx-version-min=10.5 conftest.cpp >&5
configure:14283: $? = 0
configure:14465: checking for g++ option to produce PIC
configure:14774: result: -fno-common -DPIC
configure:14783: checking if g++ PIC flag -fno-common -DPIC works
configure:14801: g++ -c -g -O2 -O -g -isysroot /Developer/SDKs/MacOSX10.5.sdk -arch i386 -I/Users/michael/src/git/lib/static-build-i386-4.99.12beta/include/ -mmacosx-version-min=10.5 -fno-common -DPIC -DPIC conftest.cpp >&5
configure:14805: $? = 0
configure:14818: result: yes
configure:14839: checking if g++ static flag -static works
configure:14867: result: no
configure:14879: checking if g++ supports -c -o file.o
configure:14900: g++ -c -g -O2 -O -g -isysroot /Developer/SDKs/MacOSX10.5.sdk -arch i386 -I/Users/michael/src/git/lib/static-build-i386-4.99.12beta/include/ -mmacosx-version-min=10.5 -o out/conftest2.o conftest.cpp >&5
configure:14904: $? = 0
configure:14926: result: yes
configure:14931: checking if g++ supports -c -o file.o
configure:14978: result: yes
configure:15008: checking whether the g++ linker (/usr/libexec/gcc/i686-apple-darwin10/4.2.1/ld) supports shared libraries
configure:15034: result: yes
configure:15171: checking dynamic linker characteristics
configure:15798: result: darwin10.4.0 dyld
configure:15849: checking how to hardcode library paths into programs
configure:15874: result: immediate
configure:15936: checking for gawk
configure:15963: result: awk
configure:15976: checking for dot
configure:16004: result: NO
configure:16014: checking for sed
configure:16041: result: /usr/bin/sed
configure:16055: checking for dlopen in -ldl
configure:16090: gcc -o conftest -O -g -isysroot /Developer/SDKs/MacOSX10.5.sdk -arch i386 -I/Users/michael/src/git/lib/static-build-i386-4.99.12beta/include/ -mmacosx-version-min=10.5 -O -g -isysroot /Developer/SDKs/MacOSX10.5.sdk -arch i386 -I/Users/michael/src/git/lib/static-build-i386-4.99.12beta/include/ -mmacosx-version-min=10.5 -framework CoreFoundation -arch i386 -L/Users/michael/src/git/lib/static-build-i386-4.99.12beta/lib -L/Developer/SDKs/MacOSX10.5.sdk/usr/lib/ -mmacosx-version-min=10.5 -lcharset -liconv -lintl -lgmp -lgpg-error -lgcrypt -lgnutls -lgnutls-extra -lgnutls-openssl conftest.c -ldl   >&5
configure:16096: $? = 0
configure:16114: result: yes
configure:16127: checking for sem_init in -lrt
configure:16162: gcc -o conftest -O -g -isysroot /Developer/SDKs/MacOSX10.5.sdk -arch i386 -I/Users/michael/src/git/lib/static-build-i386-4.99.12beta/include/ -mmacosx-version-min=10.5 -O -g -isysroot /Developer/SDKs/MacOSX10.5.sdk -arch i386 -I/Users/michael/src/git/lib/static-build-i386-4.99.12beta/include/ -mmacosx-version-min=10.5 -framework CoreFoundation -arch i386 -L/Users/michael/src/git/lib/static-build-i386-4.99.12beta/lib -L/Developer/SDKs/MacOSX10.5.sdk/usr/lib/ -mmacosx-version-min=10.5 -lcharset -liconv -lintl -lgmp -lgpg-error -lgcrypt -lgnutls -lgnutls-extra -lgnutls-openssl conftest.c -lrt -pthread -ldl  >&5
ld: library not found for -lrt
collect2: ld returned 1 exit status
configure:16168: $? = 1
configure: failed program was:
| /* confdefs.h.  */
| #define PACKAGE_NAME ""
| #define PACKAGE_TARNAME ""
| #define PACKAGE_VERSION ""
| #define PACKAGE_STRING ""
| #define PACKAGE_BUGREPORT ""
| #define GWENHYWFAR_VERSION_MAJOR 3
| #define GWENHYWFAR_VERSION_MINOR 99
| #define GWENHYWFAR_VERSION_PATCHLEVEL 14
| #define GWENHYWFAR_VERSION_BUILD 0
| #define GWENHYWFAR_VERSION_STRING "3.99.14"
| #define GWENHYWFAR_VERSION_FULL_STRING "3.99.14beta-0"
| #define GWENHYWFAR_VERSION_TAG beta
| #define PACKAGE "gwenhywfar"
| #define VERSION "3.99.14beta"
| #define OS_NAME "i386-apple-darwin10.4.0"
| #define OS_DARWIN 1
| #define OS_POSIX 1
| #define OS_SHORTNAME "osx"
| #define OS_TYPE "posix"
| #define STDC_HEADERS 1
| #define HAVE_SYS_TYPES_H 1
| #define HAVE_SYS_STAT_H 1
| #define HAVE_STDLIB_H 1
| #define HAVE_STRING_H 1
| #define HAVE_MEMORY_H 1
| #define HAVE_STRINGS_H 1
| #define HAVE_INTTYPES_H 1
| #define HAVE_STDINT_H 1
| #define HAVE_UNISTD_H 1
| #define HAVE_DLFCN_H 1
| #define LT_OBJDIR ".libs/"
| #define HAVE_LIBDL 1
| /* end confdefs.h.  */
| 
| /* Override any GCC internal prototype to avoid an error.
|    Use char because int might match the return type of a GCC
|    builtin and then its argument prototype would still apply.  */
| #ifdef __cplusplus
| extern "C"
| #endif
| char sem_init ();
| int
| main ()
| {
| return sem_init ();
|   ;
|   return 0;
| }
configure:16186: result: no
configure:16245: checking for ld used by GCC
configure:16309: result: /usr/libexec/gcc/i686-apple-darwin10/4.2.1/ld
configure:16318: checking if the linker (/usr/libexec/gcc/i686-apple-darwin10/4.2.1/ld) is GNU ld
configure:16331: result: no
configure:16338: checking for shared library run path origin
configure:16351: result: done
configure:16801: checking for iconv
configure:16833: gcc -o conftest -O -g -isysroot /Developer/SDKs/MacOSX10.5.sdk -arch i386 -I/Users/michael/src/git/lib/static-build-i386-4.99.12beta/include/ -mmacosx-version-min=10.5 -O -g -isysroot /Developer/SDKs/MacOSX10.5.sdk -arch i386 -I/Users/michael/src/git/lib/static-build-i386-4.99.12beta/include/ -mmacosx-version-min=10.5 -I/Developer/SDKs/MacOSX10.5.sdk/usr/include -framework CoreFoundation -arch i386 -L/Users/michael/src/git/lib/static-build-i386-4.99.12beta/lib -L/Developer/SDKs/MacOSX10.5.sdk/usr/lib/ -mmacosx-version-min=10.5 -lcharset -liconv -lintl -lgmp -lgpg-error -lgcrypt -lgnutls -lgnutls-extra -lgnutls-openssl conftest.c -ldl  >&5
configure:16839: $? = 0
configure:16909: result: yes
configure:16912: checking for working iconv
configure:16998: gcc -o conftest -O -g -isysroot /Developer/SDKs/MacOSX10.5.sdk -arch i386 -I/Users/michael/src/git/lib/static-build-i386-4.99.12beta/include/ -mmacosx-version-min=10.5 -O -g -isysroot /Developer/SDKs/MacOSX10.5.sdk -arch i386 -I/Users/michael/src/git/lib/static-build-i386-4.99.12beta/include/ -mmacosx-version-min=10.5 -I/Developer/SDKs/MacOSX10.5.sdk/usr/include -framework CoreFoundation -arch i386 -L/Users/michael/src/git/lib/static-build-i386-4.99.12beta/lib -L/Developer/SDKs/MacOSX10.5.sdk/usr/lib/ -mmacosx-version-min=10.5 -lcharset -liconv -lintl -lgmp -lgpg-error -lgcrypt -lgnutls -lgnutls-extra -lgnutls-openssl conftest.c -ldl  >&5
configure:17001: $? = 0
configure:17007: ./conftest
configure:17010: $? = 0
configure:17028: result: yes
configure:17058: checking for iconv declaration
configure:17097: gcc -c -O -g -isysroot /Developer/SDKs/MacOSX10.5.sdk -arch i386 -I/Users/michael/src/git/lib/static-build-i386-4.99.12beta/include/ -mmacosx-version-min=10.5 -O -g -isysroot /Developer/SDKs/MacOSX10.5.sdk -arch i386 -I/Users/michael/src/git/lib/static-build-i386-4.99.12beta/include/ -mmacosx-version-min=10.5 conftest.c >&5
configure:17103: $? = 0
configure:17122: result: 
         extern size_t iconv (iconv_t cd, char * *inbuf, size_t *inbytesleft, char * *outbuf, size_t *outbytesleft);
configure:17145: checking for dirent.h that defines DIR
configure:17174: gcc -c -O -g -isysroot /Developer/SDKs/MacOSX10.5.sdk -arch i386 -I/Users/michael/src/git/lib/static-build-i386-4.99.12beta/include/ -mmacosx-version-min=10.5 -O -g -isysroot /Developer/SDKs/MacOSX10.5.sdk -arch i386 -I/Users/michael/src/git/lib/static-build-i386-4.99.12beta/include/ -mmacosx-version-min=10.5 conftest.c >&5
configure:17180: $? = 0
configure:17196: result: yes
configure:17209: checking for library containing opendir
configure:17250: gcc -o conftest -O -g -isysroot /Developer/SDKs/MacOSX10.5.sdk -arch i386 -I/Users/michael/src/git/lib/static-build-i386-4.99.12beta/include/ -mmacosx-version-min=10.5 -O -g -isysroot /Developer/SDKs/MacOSX10.5.sdk -arch i386 -I/Users/michael/src/git/lib/static-build-i386-4.99.12beta/include/ -mmacosx-version-min=10.5 -framework CoreFoundation -arch i386 -L/Users/michael/src/git/lib/static-build-i386-4.99.12beta/lib -L/Developer/SDKs/MacOSX10.5.sdk/usr/lib/ -mmacosx-version-min=10.5 -lcharset -liconv -lintl -lgmp -lgpg-error -lgcrypt -lgnutls -lgnutls-extra -lgnutls-openssl conftest.c -ldl  >&5
configure:17256: $? = 0
configure:17284: result: none required
configure:17378: checking for ANSI C header files
configure:17542: result: yes
configure:17570: checking arpa/inet.h usability
configure:17587: gcc -c -O -g -isysroot /Developer/SDKs/MacOSX10.5.sdk -arch i386 -I/Users/michael/src/git/lib/static-build-i386-4.99.12beta/include/ -mmacosx-version-min=10.5 -O -g -isysroot /Developer/SDKs/MacOSX10.5.sdk -arch i386 -I/Users/michael/src/git/lib/static-build-i386-4.99.12beta/include/ -mmacosx-version-min=10.5 conftest.c >&5
configure:17593: $? = 0
configure:17607: result: yes
configure:17611: checking arpa/inet.h presence
configure:17626: gcc -E -O -g -isysroot /Developer/SDKs/MacOSX10.5.sdk -arch i386 -I/Users/michael/src/git/lib/static-build-i386-4.99.12beta/include/ -mmacosx-version-min=10.5 conftest.c
configure:17632: $? = 0
configure:17646: result: yes
configure:17674: checking for arpa/inet.h
configure:17682: result: yes
configure:17570: checking fcntl.h usability
configure:17587: gcc -c -O -g -isysroot /Developer/SDKs/MacOSX10.5.sdk -arch i386 -I/Users/michael/src/git/lib/static-build-i386-4.99.12beta/include/ -mmacosx-version-min=10.5 -O -g -isysroot /Developer/SDKs/MacOSX10.5.sdk -arch i386 -I/Users/michael/src/git/lib/static-build-i386-4.99.12beta/include/ -mmacosx-version-min=10.5 conftest.c >&5
configure:17593: $? = 0
configure:17607: result: yes
configure:17611: checking fcntl.h presence
configure:17626: gcc -E -O -g -isysroot /Developer/SDKs/MacOSX10.5.sdk -arch i386 -I/Users/michael/src/git/lib/static-build-i386-4.99.12beta/include/ -mmacosx-version-min=10.5 conftest.c
configure:17632: $? = 0
configure:17646: result: yes
configure:17674: checking for fcntl.h
configure:17682: result: yes
configure:17570: checking netdb.h usability
configure:17587: gcc -c -O -g -isysroot /Developer/SDKs/MacOSX10.5.sdk -arch i386 -I/Users/michael/src/git/lib/static-build-i386-4.99.12beta/include/ -mmacosx-version-min=10.5 -O -g -isysroot /Developer/SDKs/MacOSX10.5.sdk -arch i386 -I/Users/michael/src/git/lib/static-build-i386-4.99.12beta/include/ -mmacosx-version-min=10.5 conftest.c >&5
configure:17593: $? = 0
configure:17607: result: yes
configure:17611: checking netdb.h presence
configure:17626: gcc -E -O -g -isysroot /Developer/SDKs/MacOSX10.5.sdk -arch i386 -I/Users/michael/src/git/lib/static-build-i386-4.99.12beta/include/ -mmacosx-version-min=10.5 conftest.c
configure:17632: $? = 0
configure:17646: result: yes
configure:17674: checking for netdb.h
configure:17682: result: yes
configure:17570: checking netinet/in.h usability
configure:17587: gcc -c -O -g -isysroot /Developer/SDKs/MacOSX10.5.sdk -arch i386 -I/Users/michael/src/git/lib/static-build-i386-4.99.12beta/include/ -mmacosx-version-min=10.5 -O -g -isysroot /Developer/SDKs/MacOSX10.5.sdk -arch i386 -I/Users/michael/src/git/lib/static-build-i386-4.99.12beta/include/ -mmacosx-version-min=10.5 conftest.c >&5
configure:17593: $? = 0
configure:17607: result: yes
configure:17611: checking netinet/in.h presence
configure:17626: gcc -E -O -g -isysroot /Developer/SDKs/MacOSX10.5.sdk -arch i386 -I/Users/michael/src/git/lib/static-build-i386-4.99.12beta/include/ -mmacosx-version-min=10.5 conftest.c
configure:17632: $? = 0
configure:17646: result: yes
configure:17674: checking for netinet/in.h
configure:17682: result: yes
configure:17704: checking for stdlib.h
configure:17710: result: yes
configure:17704: checking for string.h
configure:17710: result: yes
configure:17704: checking for strings.h
configure:17710: result: yes
configure:17714: checking sys/socket.h usability
configure:17731: gcc -c -O -g -isysroot /Developer/SDKs/MacOSX10.5.sdk -arch i386 -I/Users/michael/src/git/lib/static-build-i386-4.99.12beta/include/ -mmacosx-version-min=10.5 -O -g -isysroot /Developer/SDKs/MacOSX10.5.sdk -arch i386 -I/Users/michael/src/git/lib/static-build-i386-4.99.12beta/include/ -mmacosx-version-min=10.5 conftest.c >&5
configure:17737: $? = 0
configure:17751: result: yes
configure:17755: checking sys/socket.h presence
configure:17770: gcc -E -O -g -isysroot /Developer/SDKs/MacOSX10.5.sdk -arch i386 -I/Users/michael/src/git/lib/static-build-i386-4.99.12beta/include/ -mmacosx-version-min=10.5 conftest.c
configure:17776: $? = 0
configure:17790: result: yes
configure:17818: checking for sys/socket.h
configure:17826: result: yes
configure:17714: checking sys/time.h usability
configure:17731: gcc -c -O -g -isysroot /Developer/SDKs/MacOSX10.5.sdk -arch i386 -I/Users/michael/src/git/lib/static-build-i386-4.99.12beta/include/ -mmacosx-version-min=10.5 -O -g -isysroot /Developer/SDKs/MacOSX10.5.sdk -arch i386 -I/Users/michael/src/git/lib/static-build-i386-4.99.12beta/include/ -mmacosx-version-min=10.5 conftest.c >&5
configure:17737: $? = 0
configure:17751: result: yes
configure:17755: checking sys/time.h presence
configure:17770: gcc -E -O -g -isysroot /Developer/SDKs/MacOSX10.5.sdk -arch i386 -I/Users/michael/src/git/lib/static-build-i386-4.99.12beta/include/ -mmacosx-version-min=10.5 conftest.c
configure:17776: $? = 0
configure:17790: result: yes
configure:17818: checking for sys/time.h
configure:17826: result: yes
configure:17855: checking syslog.h usability
configure:17872: gcc -c -O -g -isysroot /Developer/SDKs/MacOSX10.5.sdk -arch i386 -I/Users/michael/src/git/lib/static-build-i386-4.99.12beta/include/ -mmacosx-version-min=10.5 -O -g -isysroot /Developer/SDKs/MacOSX10.5.sdk -arch i386 -I/Users/michael/src/git/lib/static-build-i386-4.99.12beta/include/ -mmacosx-version-min=10.5 conftest.c >&5
configure:17878: $? = 0
configure:17892: result: yes
configure:17896: checking syslog.h presence
configure:17911: gcc -E -O -g -isysroot /Developer/SDKs/MacOSX10.5.sdk -arch i386 -I/Users/michael/src/git/lib/static-build-i386-4.99.12beta/include/ -mmacosx-version-min=10.5 conftest.c
configure:17917: $? = 0
configure:17931: result: yes
configure:17959: checking for syslog.h
configure:17967: result: yes
configure:17845: checking for unistd.h
configure:17851: result: yes
configure:17985: checking for unistd.h
configure:17991: result: yes
configure:18125: checking for dlfcn.h
configure:18131: result: yes
configure:18277: checking signal.h usability
configure:18294: gcc -c -O -g -isysroot /Developer/SDKs/MacOSX10.5.sdk -arch i386 -I/Users/michael/src/git/lib/static-build-i386-4.99.12beta/include/ -mmacosx-version-min=10.5 -O -g -isysroot /Developer/SDKs/MacOSX10.5.sdk -arch i386 -I/Users/michael/src/git/lib/static-build-i386-4.99.12beta/include/ -mmacosx-version-min=10.5 conftest.c >&5
configure:18300: $? = 0
configure:18314: result: yes
configure:18318: checking signal.h presence
configure:18333: gcc -E -O -g -isysroot /Developer/SDKs/MacOSX10.5.sdk -arch i386 -I/Users/michael/src/git/lib/static-build-i386-4.99.12beta/include/ -mmacosx-version-min=10.5 conftest.c
configure:18339: $? = 0
configure:18353: result: yes
configure:18381: checking for signal.h
configure:18389: result: yes
configure:18277: checking termios.h usability
configure:18294: gcc -c -O -g -isysroot /Developer/SDKs/MacOSX10.5.sdk -arch i386 -I/Users/michael/src/git/lib/static-build-i386-4.99.12beta/include/ -mmacosx-version-min=10.5 -O -g -isysroot /Developer/SDKs/MacOSX10.5.sdk -arch i386 -I/Users/michael/src/git/lib/static-build-i386-4.99.12beta/include/ -mmacosx-version-min=10.5 conftest.c >&5
configure:18300: $? = 0
configure:18314: result: yes
configure:18318: checking termios.h presence
configure:18333: gcc -E -O -g -isysroot /Developer/SDKs/MacOSX10.5.sdk -arch i386 -I/Users/michael/src/git/lib/static-build-i386-4.99.12beta/include/ -mmacosx-version-min=10.5 conftest.c
configure:18339: $? = 0
configure:18353: result: yes
configure:18381: checking for termios.h
configure:18389: result: yes
configure:18277: checking iconv.h usability
configure:18294: gcc -c -O -g -isysroot /Developer/SDKs/MacOSX10.5.sdk -arch i386 -I/Users/michael/src/git/lib/static-build-i386-4.99.12beta/include/ -mmacosx-version-min=10.5 -O -g -isysroot /Developer/SDKs/MacOSX10.5.sdk -arch i386 -I/Users/michael/src/git/lib/static-build-i386-4.99.12beta/include/ -mmacosx-version-min=10.5 conftest.c >&5
configure:18300: $? = 0
configure:18314: result: yes
configure:18318: checking iconv.h presence
configure:18333: gcc -E -O -g -isysroot /Developer/SDKs/MacOSX10.5.sdk -arch i386 -I/Users/michael/src/git/lib/static-build-i386-4.99.12beta/include/ -mmacosx-version-min=10.5 conftest.c
configure:18339: $? = 0
configure:18353: result: yes
configure:18381: checking for iconv.h
configure:18389: result: yes
configure:18418: checking time.h usability
configure:18435: gcc -c -O -g -isysroot /Developer/SDKs/MacOSX10.5.sdk -arch i386 -I/Users/michael/src/git/lib/static-build-i386-4.99.12beta/include/ -mmacosx-version-min=10.5 -O -g -isysroot /Developer/SDKs/MacOSX10.5.sdk -arch i386 -I/Users/michael/src/git/lib/static-build-i386-4.99.12beta/include/ -mmacosx-version-min=10.5 conftest.c >&5
configure:18441: $? = 0
configure:18455: result: yes
configure:18459: checking time.h presence
configure:18474: gcc -E -O -g -isysroot /Developer/SDKs/MacOSX10.5.sdk -arch i386 -I/Users/michael/src/git/lib/static-build-i386-4.99.12beta/include/ -mmacosx-version-min=10.5 conftest.c
configure:18480: $? = 0
configure:18494: result: yes
configure:18522: checking for time.h
configure:18530: result: yes
configure:18418: checking locale.h usability
configure:18435: gcc -c -O -g -isysroot /Developer/SDKs/MacOSX10.5.sdk -arch i386 -I/Users/michael/src/git/lib/static-build-i386-4.99.12beta/include/ -mmacosx-version-min=10.5 -O -g -isysroot /Developer/SDKs/MacOSX10.5.sdk -arch i386 -I/Users/michael/src/git/lib/static-build-i386-4.99.12beta/include/ -mmacosx-version-min=10.5 conftest.c >&5
configure:18441: $? = 0
configure:18455: result: yes
configure:18459: checking locale.h presence
configure:18474: gcc -E -O -g -isysroot /Developer/SDKs/MacOSX10.5.sdk -arch i386 -I/Users/michael/src/git/lib/static-build-i386-4.99.12beta/include/ -mmacosx-version-min=10.5 conftest.c
configure:18480: $? = 0
configure:18494: result: yes
configure:18522: checking for locale.h
configure:18530: result: yes
configure:18548: checking for syslog.h
configure:18554: result: yes
configure:18688: checking for sys/stat.h
configure:18694: result: yes
configure:18828: checking for sys/types.h
configure:18834: result: yes
configure:18978: checking sys/wait.h usability
configure:18995: gcc -c -O -g -isysroot /Developer/SDKs/MacOSX10.5.sdk -arch i386 -I/Users/michael/src/git/lib/static-build-i386-4.99.12beta/include/ -mmacosx-version-min=10.5 -O -g -isysroot /Developer/SDKs/MacOSX10.5.sdk -arch i386 -I/Users/michael/src/git/lib/static-build-i386-4.99.12beta/include/ -mmacosx-version-min=10.5 conftest.c >&5
configure:19001: $? = 0
configure:19015: result: yes
configure:19019: checking sys/wait.h presence
configure:19034: gcc -E -O -g -isysroot /Developer/SDKs/MacOSX10.5.sdk -arch i386 -I/Users/michael/src/git/lib/static-build-i386-4.99.12beta/include/ -mmacosx-version-min=10.5 conftest.c
configure:19040: $? = 0
configure:19054: result: yes
configure:19082: checking for sys/wait.h
configure:19090: result: yes
configure:19118: checking regex.h usability
configure:19135: gcc -c -O -g -isysroot /Developer/SDKs/MacOSX10.5.sdk -arch i386 -I/Users/michael/src/git/lib/static-build-i386-4.99.12beta/include/ -mmacosx-version-min=10.5 -O -g -isysroot /Developer/SDKs/MacOSX10.5.sdk -arch i386 -I/Users/michael/src/git/lib/static-build-i386-4.99.12beta/include/ -mmacosx-version-min=10.5 conftest.c >&5
configure:19141: $? = 0
configure:19155: result: yes
configure:19159: checking regex.h presence
configure:19174: gcc -E -O -g -isysroot /Developer/SDKs/MacOSX10.5.sdk -arch i386 -I/Users/michael/src/git/lib/static-build-i386-4.99.12beta/include/ -mmacosx-version-min=10.5 conftest.c
configure:19180: $? = 0
configure:19194: result: yes
configure:19222: checking for regex.h
configure:19230: result: yes
configure:19249: checking whether sigprocmask is declared
configure:19283: gcc -c -O -g -isysroot /Developer/SDKs/MacOSX10.5.sdk -arch i386 -I/Users/michael/src/git/lib/static-build-i386-4.99.12beta/include/ -mmacosx-version-min=10.5 -O -g -isysroot /Developer/SDKs/MacOSX10.5.sdk -arch i386 -I/Users/michael/src/git/lib/static-build-i386-4.99.12beta/include/ -mmacosx-version-min=10.5 conftest.c >&5
configure:19289: $? = 0
configure:19304: result: yes
configure:19328: checking for an ANSI C-conforming const
configure:19403: gcc -c -O -g -isysroot /Developer/SDKs/MacOSX10.5.sdk -arch i386 -I/Users/michael/src/git/lib/static-build-i386-4.99.12beta/include/ -mmacosx-version-min=10.5 -O -g -isysroot /Developer/SDKs/MacOSX10.5.sdk -arch i386 -I/Users/michael/src/git/lib/static-build-i386-4.99.12beta/include/ -mmacosx-version-min=10.5 conftest.c >&5
configure:19409: $? = 0
configure:19424: result: yes
configure:19434: checking whether time.h and sys/time.h may both be included
configure:19464: gcc -c -O -g -isysroot /Developer/SDKs/MacOSX10.5.sdk -arch i386 -I/Users/michael/src/git/lib/static-build-i386-4.99.12beta/include/ -mmacosx-version-min=10.5 -O -g -isysroot /Developer/SDKs/MacOSX10.5.sdk -arch i386 -I/Users/michael/src/git/lib/static-build-i386-4.99.12beta/include/ -mmacosx-version-min=10.5 conftest.c >&5
configure:19470: $? = 0
configure:19485: result: yes
configure:19495: checking whether struct tm is in sys/time.h or time.h
configure:19525: gcc -c -O -g -isysroot /Developer/SDKs/MacOSX10.5.sdk -arch i386 -I/Users/michael/src/git/lib/static-build-i386-4.99.12beta/include/ -mmacosx-version-min=10.5 -O -g -isysroot /Developer/SDKs/MacOSX10.5.sdk -arch i386 -I/Users/michael/src/git/lib/static-build-i386-4.99.12beta/include/ -mmacosx-version-min=10.5 conftest.c >&5
configure:19531: $? = 0
configure:19546: result: time.h
configure:19562: checking whether closedir returns void
configure:19596: gcc -o conftest -O -g -isysroot /Developer/SDKs/MacOSX10.5.sdk -arch i386 -I/Users/michael/src/git/lib/static-build-i386-4.99.12beta/include/ -mmacosx-version-min=10.5 -O -g -isysroot /Developer/SDKs/MacOSX10.5.sdk -arch i386 -I/Users/michael/src/git/lib/static-build-i386-4.99.12beta/include/ -mmacosx-version-min=10.5 -framework CoreFoundation -arch i386 -L/Users/michael/src/git/lib/static-build-i386-4.99.12beta/lib -L/Developer/SDKs/MacOSX10.5.sdk/usr/lib/ -mmacosx-version-min=10.5 -lcharset -liconv -lintl -lgmp -lgpg-error -lgcrypt -lgnutls -lgnutls-extra -lgnutls-openssl conftest.c -ldl  >&5
configure:19599: $? = 0
configure:19605: ./conftest
configure:19608: $? = 0
configure:19624: result: no
configure:19642: checking for sys/time.h
configure:19648: result: yes
configure:19642: checking for unistd.h
configure:19648: result: yes
configure:19788: checking for alarm
configure:19844: gcc -o conftest -O -g -isysroot /Developer/SDKs/MacOSX10.5.sdk -arch i386 -I/Users/michael/src/git/lib/static-build-i386-4.99.12beta/include/ -mmacosx-version-min=10.5 -O -g -isysroot /Developer/SDKs/MacOSX10.5.sdk -arch i386 -I/Users/michael/src/git/lib/static-build-i386-4.99.12beta/include/ -mmacosx-version-min=10.5 -framework CoreFoundation -arch i386 -L/Users/michael/src/git/lib/static-build-i386-4.99.12beta/lib -L/Developer/SDKs/MacOSX10.5.sdk/usr/lib/ -mmacosx-version-min=10.5 -lcharset -liconv -lintl -lgmp -lgpg-error -lgcrypt -lgnutls -lgnutls-extra -lgnutls-openssl conftest.c -ldl  >&5
configure:19850: $? = 0
configure:19868: result: yes
configure:19894: checking for working mktime
configure:20103: gcc -o conftest -O -g -isysroot /Developer/SDKs/MacOSX10.5.sdk -arch i386 -I/Users/michael/src/git/lib/static-build-i386-4.99.12beta/include/ -mmacosx-version-min=10.5 -O -g -isysroot /Developer/SDKs/MacOSX10.5.sdk -arch i386 -I/Users/michael/src/git/lib/static-build-i386-4.99.12beta/include/ -mmacosx-version-min=10.5 -framework CoreFoundation -arch i386 -L/Users/michael/src/git/lib/static-build-i386-4.99.12beta/lib -L/Developer/SDKs/MacOSX10.5.sdk/usr/lib/ -mmacosx-version-min=10.5 -lcharset -liconv -lintl -lgmp -lgpg-error -lgcrypt -lgnutls -lgnutls-extra -lgnutls-openssl conftest.c -ldl  >&5
configure:20106: $? = 0
configure:20112: ./conftest
configure:20115: $? = 0
configure:20131: result: yes
configure:20158: checking sys/select.h usability
configure:20175: gcc -c -O -g -isysroot /Developer/SDKs/MacOSX10.5.sdk -arch i386 -I/Users/michael/src/git/lib/static-build-i386-4.99.12beta/include/ -mmacosx-version-min=10.5 -O -g -isysroot /Developer/SDKs/MacOSX10.5.sdk -arch i386 -I/Users/michael/src/git/lib/static-build-i386-4.99.12beta/include/ -mmacosx-version-min=10.5 conftest.c >&5
configure:20181: $? = 0
configure:20195: result: yes
configure:20199: checking sys/select.h presence
configure:20214: gcc -E -O -g -isysroot /Developer/SDKs/MacOSX10.5.sdk -arch i386 -I/Users/michael/src/git/lib/static-build-i386-4.99.12beta/include/ -mmacosx-version-min=10.5 conftest.c
configure:20220: $? = 0
configure:20234: result: yes
configure:20262: checking for sys/select.h
configure:20270: result: yes
configure:20148: checking for sys/socket.h
configure:20154: result: yes
configure:20283: checking types of arguments for select
configure:20321: gcc -c -O -g -isysroot /Developer/SDKs/MacOSX10.5.sdk -arch i386 -I/Users/michael/src/git/lib/static-build-i386-4.99.12beta/include/ -mmacosx-version-min=10.5 -O -g -isysroot /Developer/SDKs/MacOSX10.5.sdk -arch i386 -I/Users/michael/src/git/lib/static-build-i386-4.99.12beta/include/ -mmacosx-version-min=10.5 conftest.c >&5
configure:20327: $? = 0
configure:20348: result: int,fd_set *,struct timeval *
configure:20379: checking for gethostbyaddr
configure:20435: gcc -o conftest -O -g -isysroot /Developer/SDKs/MacOSX10.5.sdk -arch i386 -I/Users/michael/src/git/lib/static-build-i386-4.99.12beta/include/ -mmacosx-version-min=10.5 -O -g -isysroot /Developer/SDKs/MacOSX10.5.sdk -arch i386 -I/Users/michael/src/git/lib/static-build-i386-4.99.12beta/include/ -mmacosx-version-min=10.5 -framework CoreFoundation -arch i386 -L/Users/michael/src/git/lib/static-build-i386-4.99.12beta/lib -L/Developer/SDKs/MacOSX10.5.sdk/usr/lib/ -mmacosx-version-min=10.5 -lcharset -liconv -lintl -lgmp -lgpg-error -lgcrypt -lgnutls -lgnutls-extra -lgnutls-openssl conftest.c -ldl  >&5
configure:20441: $? = 0
configure:20459: result: yes
configure:20379: checking for gethostbyname
configure:20435: gcc -o conftest -O -g -isysroot /Developer/SDKs/MacOSX10.5.sdk -arch i386 -I/Users/michael/src/git/lib/static-build-i386-4.99.12beta/include/ -mmacosx-version-min=10.5 -O -g -isysroot /Developer/SDKs/MacOSX10.5.sdk -arch i386 -I/Users/michael/src/git/lib/static-build-i386-4.99.12beta/include/ -mmacosx-version-min=10.5 -framework CoreFoundation -arch i386 -L/Users/michael/src/git/lib/static-build-i386-4.99.12beta/lib -L/Developer/SDKs/MacOSX10.5.sdk/usr/lib/ -mmacosx-version-min=10.5 -lcharset -liconv -lintl -lgmp -lgpg-error -lgcrypt -lgnutls -lgnutls-extra -lgnutls-openssl conftest.c -ldl  >&5
configure:20441: $? = 0
configure:20459: result: yes
configure:20379: checking for inet_ntoa
configure:20435: gcc -o conftest -O -g -isysroot /Developer/SDKs/MacOSX10.5.sdk -arch i386 -I/Users/michael/src/git/lib/static-build-i386-4.99.12beta/include/ -mmacosx-version-min=10.5 -O -g -isysroot /Developer/SDKs/MacOSX10.5.sdk -arch i386 -I/Users/michael/src/git/lib/static-build-i386-4.99.12beta/include/ -mmacosx-version-min=10.5 -framework CoreFoundation -arch i386 -L/Users/michael/src/git/lib/static-build-i386-4.99.12beta/lib -L/Developer/SDKs/MacOSX10.5.sdk/usr/lib/ -mmacosx-version-min=10.5 -lcharset -liconv -lintl -lgmp -lgpg-error -lgcrypt -lgnutls -lgnutls-extra -lgnutls-openssl conftest.c -ldl  >&5
configure:20441: $? = 0
configure:20459: result: yes
configure:20379: checking for isascii
configure:20435: gcc -o conftest -O -g -isysroot /Developer/SDKs/MacOSX10.5.sdk -arch i386 -I/Users/michael/src/git/lib/static-build-i386-4.99.12beta/include/ -mmacosx-version-min=10.5 -O -g -isysroot /Developer/SDKs/MacOSX10.5.sdk -arch i386 -I/Users/michael/src/git/lib/static-build-i386-4.99.12beta/include/ -mmacosx-version-min=10.5 -framework CoreFoundation -arch i386 -L/Users/michael/src/git/lib/static-build-i386-4.99.12beta/lib -L/Developer/SDKs/MacOSX10.5.sdk/usr/lib/ -mmacosx-version-min=10.5 -lcharset -liconv -lintl -lgmp -lgpg-error -lgcrypt -lgnutls -lgnutls-extra -lgnutls-openssl conftest.c -ldl  >&5
conftest.c:98: warning: conflicting types for built-in function 'isascii'
configure:20441: $? = 0
configure:20459: result: yes
configure:20379: checking for getpid
configure:20435: gcc -o conftest -O -g -isysroot /Developer/SDKs/MacOSX10.5.sdk -arch i386 -I/Users/michael/src/git/lib/static-build-i386-4.99.12beta/include/ -mmacosx-version-min=10.5 -O -g -isysroot /Developer/SDKs/MacOSX10.5.sdk -arch i386 -I/Users/michael/src/git/lib/static-build-i386-4.99.12beta/include/ -mmacosx-version-min=10.5 -framework CoreFoundation -arch i386 -L/Users/michael/src/git/lib/static-build-i386-4.99.12beta/lib -L/Developer/SDKs/MacOSX10.5.sdk/usr/lib/ -mmacosx-version-min=10.5 -lcharset -liconv -lintl -lgmp -lgpg-error -lgcrypt -lgnutls -lgnutls-extra -lgnutls-openssl conftest.c -ldl  >&5
configure:20441: $? = 0
configure:20459: result: yes
configure:20474: checking for memmove
configure:20530: gcc -o conftest -O -g -isysroot /Developer/SDKs/MacOSX10.5.sdk -arch i386 -I/Users/michael/src/git/lib/static-build-i386-4.99.12beta/include/ -mmacosx-version-min=10.5 -O -g -isysroot /Developer/SDKs/MacOSX10.5.sdk -arch i386 -I/Users/michael/src/git/lib/static-build-i386-4.99.12beta/include/ -mmacosx-version-min=10.5 -framework CoreFoundation -arch i386 -L/Users/michael/src/git/lib/static-build-i386-4.99.12beta/lib -L/Developer/SDKs/MacOSX10.5.sdk/usr/lib/ -mmacosx-version-min=10.5 -lcharset -liconv -lintl -lgmp -lgpg-error -lgcrypt -lgnutls -lgnutls-extra -lgnutls-openssl conftest.c -ldl  >&5
conftest.c:100: warning: conflicting types for built-in function 'memmove'
configure:20536: $? = 0
configure:20554: result: yes
configure:20474: checking for memset
configure:20530: gcc -o conftest -O -g -isysroot /Developer/SDKs/MacOSX10.5.sdk -arch i386 -I/Users/michael/src/git/lib/static-build-i386-4.99.12beta/include/ -mmacosx-version-min=10.5 -O -g -isysroot /Developer/SDKs/MacOSX10.5.sdk -arch i386 -I/Users/michael/src/git/lib/static-build-i386-4.99.12beta/include/ -mmacosx-version-min=10.5 -framework CoreFoundation -arch i386 -L/Users/michael/src/git/lib/static-build-i386-4.99.12beta/lib -L/Developer/SDKs/MacOSX10.5.sdk/usr/lib/ -mmacosx-version-min=10.5 -lcharset -liconv -lintl -lgmp -lgpg-error -lgcrypt -lgnutls -lgnutls-extra -lgnutls-openssl conftest.c -ldl  >&5
conftest.c:101: warning: conflicting types for built-in function 'memset'
configure:20536: $? = 0
configure:20554: result: yes
configure:20569: checking for select
configure:20625: gcc -o conftest -O -g -isysroot /Developer/SDKs/MacOSX10.5.sdk -arch i386 -I/Users/michael/src/git/lib/static-build-i386-4.99.12beta/include/ -mmacosx-version-min=10.5 -O -g -isysroot /Developer/SDKs/MacOSX10.5.sdk -arch i386 -I/Users/michael/src/git/lib/static-build-i386-4.99.12beta/include/ -mmacosx-version-min=10.5 -framework CoreFoundation -arch i386 -L/Users/michael/src/git/lib/static-build-i386-4.99.12beta/lib -L/Developer/SDKs/MacOSX10.5.sdk/usr/lib/ -mmacosx-version-min=10.5 -lcharset -liconv -lintl -lgmp -lgpg-error -lgcrypt -lgnutls -lgnutls-extra -lgnutls-openssl conftest.c -ldl  >&5
configure:20631: $? = 0
configure:20649: result: yes
configure:20569: checking for socket
configure:20625: gcc -o conftest -O -g -isysroot /Developer/SDKs/MacOSX10.5.sdk -arch i386 -I/Users/michael/src/git/lib/static-build-i386-4.99.12beta/include/ -mmacosx-version-min=10.5 -O -g -isysroot /Developer/SDKs/MacOSX10.5.sdk -arch i386 -I/Users/michael/src/git/lib/static-build-i386-4.99.12beta/include/ -mmacosx-version-min=10.5 -framework CoreFoundation -arch i386 -L/Users/michael/src/git/lib/static-build-i386-4.99.12beta/lib -L/Developer/SDKs/MacOSX10.5.sdk/usr/lib/ -mmacosx-version-min=10.5 -lcharset -liconv -lintl -lgmp -lgpg-error -lgcrypt -lgnutls -lgnutls-extra -lgnutls-openssl conftest.c -ldl  >&5
configure:20631: $? = 0
configure:20649: result: yes
configure:20666: checking for strcasecmp
configure:20722: gcc -o conftest -O -g -isysroot /Developer/SDKs/MacOSX10.5.sdk -arch i386 -I/Users/michael/src/git/lib/static-build-i386-4.99.12beta/include/ -mmacosx-version-min=10.5 -O -g -isysroot /Developer/SDKs/MacOSX10.5.sdk -arch i386 -I/Users/michael/src/git/lib/static-build-i386-4.99.12beta/include/ -mmacosx-version-min=10.5 -framework CoreFoundation -arch i386 -L/Users/michael/src/git/lib/static-build-i386-4.99.12beta/lib -L/Developer/SDKs/MacOSX10.5.sdk/usr/lib/ -mmacosx-version-min=10.5 -lcharset -liconv -lintl -lgmp -lgpg-error -lgcrypt -lgnutls -lgnutls-extra -lgnutls-openssl conftest.c -ldl  >&5
conftest.c:104: warning: conflicting types for built-in function 'strcasecmp'
configure:20728: $? = 0
configure:20746: result: yes
configure:20666: checking for strchr
configure:20722: gcc -o conftest -O -g -isysroot /Developer/SDKs/MacOSX10.5.sdk -arch i386 -I/Users/michael/src/git/lib/static-build-i386-4.99.12beta/include/ -mmacosx-version-min=10.5 -O -g -isysroot /Developer/SDKs/MacOSX10.5.sdk -arch i386 -I/Users/michael/src/git/lib/static-build-i386-4.99.12beta/include/ -mmacosx-version-min=10.5 -framework CoreFoundation -arch i386 -L/Users/michael/src/git/lib/static-build-i386-4.99.12beta/lib -L/Developer/SDKs/MacOSX10.5.sdk/usr/lib/ -mmacosx-version-min=10.5 -lcharset -liconv -lintl -lgmp -lgpg-error -lgcrypt -lgnutls -lgnutls-extra -lgnutls-openssl conftest.c -ldl  >&5
conftest.c:105: warning: conflicting types for built-in function 'strchr'
configure:20728: $? = 0
configure:20746: result: yes
configure:20666: checking for strdup
configure:20722: gcc -o conftest -O -g -isysroot /Developer/SDKs/MacOSX10.5.sdk -arch i386 -I/Users/michael/src/git/lib/static-build-i386-4.99.12beta/include/ -mmacosx-version-min=10.5 -O -g -isysroot /Developer/SDKs/MacOSX10.5.sdk -arch i386 -I/Users/michael/src/git/lib/static-build-i386-4.99.12beta/include/ -mmacosx-version-min=10.5 -framework CoreFoundation -arch i386 -L/Users/michael/src/git/lib/static-build-i386-4.99.12beta/lib -L/Developer/SDKs/MacOSX10.5.sdk/usr/lib/ -mmacosx-version-min=10.5 -lcharset -liconv -lintl -lgmp -lgpg-error -lgcrypt -lgnutls -lgnutls-extra -lgnutls-openssl conftest.c -ldl  >&5
conftest.c:106: warning: conflicting types for built-in function 'strdup'
configure:20728: $? = 0
configure:20746: result: yes
configure:20666: checking for strerror
configure:20722: gcc -o conftest -O -g -isysroot /Developer/SDKs/MacOSX10.5.sdk -arch i386 -I/Users/michael/src/git/lib/static-build-i386-4.99.12beta/include/ -mmacosx-version-min=10.5 -O -g -isysroot /Developer/SDKs/MacOSX10.5.sdk -arch i386 -I/Users/michael/src/git/lib/static-build-i386-4.99.12beta/include/ -mmacosx-version-min=10.5 -framework CoreFoundation -arch i386 -L/Users/michael/src/git/lib/static-build-i386-4.99.12beta/lib -L/Developer/SDKs/MacOSX10.5.sdk/usr/lib/ -mmacosx-version-min=10.5 -lcharset -liconv -lintl -lgmp -lgpg-error -lgcrypt -lgnutls -lgnutls-extra -lgnutls-openssl conftest.c -ldl  >&5
configure:20728: $? = 0
configure:20746: result: yes
configure:20760: checking for snprintf
configure:20816: gcc -o conftest -O -g -isysroot /Developer/SDKs/MacOSX10.5.sdk -arch i386 -I/Users/michael/src/git/lib/static-build-i386-4.99.12beta/include/ -mmacosx-version-min=10.5 -O -g -isysroot /Developer/SDKs/MacOSX10.5.sdk -arch i386 -I/Users/michael/src/git/lib/static-build-i386-4.99.12beta/include/ -mmacosx-version-min=10.5 -framework CoreFoundation -arch i386 -L/Users/michael/src/git/lib/static-build-i386-4.99.12beta/lib -L/Developer/SDKs/MacOSX10.5.sdk/usr/lib/ -mmacosx-version-min=10.5 -lcharset -liconv -lintl -lgmp -lgpg-error -lgcrypt -lgnutls -lgnutls-extra -lgnutls-openssl conftest.c -ldl  >&5
conftest.c:108: warning: conflicting types for built-in function 'snprintf'
configure:20822: $? = 0
configure:20840: result: yes
configure:20855: checking for symlink
configure:20911: gcc -o conftest -O -g -isysroot /Developer/SDKs/MacOSX10.5.sdk -arch i386 -I/Users/michael/src/git/lib/static-build-i386-4.99.12beta/include/ -mmacosx-version-min=10.5 -O -g -isysroot /Developer/SDKs/MacOSX10.5.sdk -arch i386 -I/Users/michael/src/git/lib/static-build-i386-4.99.12beta/include/ -mmacosx-version-min=10.5 -framework CoreFoundation -arch i386 -L/Users/michael/src/git/lib/static-build-i386-4.99.12beta/lib -L/Developer/SDKs/MacOSX10.5.sdk/usr/lib/ -mmacosx-version-min=10.5 -lcharset -liconv -lintl -lgmp -lgpg-error -lgcrypt -lgnutls -lgnutls-extra -lgnutls-openssl conftest.c -ldl  >&5
configure:20917: $? = 0
configure:20935: result: yes
configure:20855: checking for setlocale
configure:20911: gcc -o conftest -O -g -isysroot /Developer/SDKs/MacOSX10.5.sdk -arch i386 -I/Users/michael/src/git/lib/static-build-i386-4.99.12beta/include/ -mmacosx-version-min=10.5 -O -g -isysroot /Developer/SDKs/MacOSX10.5.sdk -arch i386 -I/Users/michael/src/git/lib/static-build-i386-4.99.12beta/include/ -mmacosx-version-min=10.5 -framework CoreFoundation -arch i386 -L/Users/michael/src/git/lib/static-build-i386-4.99.12beta/lib -L/Developer/SDKs/MacOSX10.5.sdk/usr/lib/ -mmacosx-version-min=10.5 -lcharset -liconv -lintl -lgmp -lgpg-error -lgcrypt -lgnutls -lgnutls-extra -lgnutls-openssl conftest.c -ldl  >&5
configure:20917: $? = 0
configure:20935: result: yes
configure:20950: checking for srandom
configure:21006: gcc -o conftest -O -g -isysroot /Developer/SDKs/MacOSX10.5.sdk -arch i386 -I/Users/michael/src/git/lib/static-build-i386-4.99.12beta/include/ -mmacosx-version-min=10.5 -O -g -isysroot /Developer/SDKs/MacOSX10.5.sdk -arch i386 -I/Users/michael/src/git/lib/static-build-i386-4.99.12beta/include/ -mmacosx-version-min=10.5 -framework CoreFoundation -arch i386 -L/Users/michael/src/git/lib/static-build-i386-4.99.12beta/lib -L/Developer/SDKs/MacOSX10.5.sdk/usr/lib/ -mmacosx-version-min=10.5 -lcharset -liconv -lintl -lgmp -lgpg-error -lgcrypt -lgnutls -lgnutls-extra -lgnutls-openssl conftest.c -ldl  >&5
configure:21012: $? = 0
configure:21030: result: yes
configure:20950: checking for random
configure:21006: gcc -o conftest -O -g -isysroot /Developer/SDKs/MacOSX10.5.sdk -arch i386 -I/Users/michael/src/git/lib/static-build-i386-4.99.12beta/include/ -mmacosx-version-min=10.5 -O -g -isysroot /Developer/SDKs/MacOSX10.5.sdk -arch i386 -I/Users/michael/src/git/lib/static-build-i386-4.99.12beta/include/ -mmacosx-version-min=10.5 -framework CoreFoundation -arch i386 -L/Users/michael/src/git/lib/static-build-i386-4.99.12beta/lib -L/Developer/SDKs/MacOSX10.5.sdk/usr/lib/ -mmacosx-version-min=10.5 -lcharset -liconv -lintl -lgmp -lgpg-error -lgcrypt -lgnutls -lgnutls-extra -lgnutls-openssl conftest.c -ldl  >&5
configure:21012: $? = 0
configure:21030: result: yes
configure:21101: checking whether binary relocation support should be enabled
configure:21119: result: yes
configure:21131: checking for pthread_getspecific in -lpthread
configure:21166: gcc -o conftest -O -g -isysroot /Developer/SDKs/MacOSX10.5.sdk -arch i386 -I/Users/michael/src/git/lib/static-build-i386-4.99.12beta/include/ -mmacosx-version-min=10.5 -O -g -isysroot /Developer/SDKs/MacOSX10.5.sdk -arch i386 -I/Users/michael/src/git/lib/static-build-i386-4.99.12beta/include/ -mmacosx-version-min=10.5 -framework CoreFoundation -arch i386 -L/Users/michael/src/git/lib/static-build-i386-4.99.12beta/lib -L/Developer/SDKs/MacOSX10.5.sdk/usr/lib/ -mmacosx-version-min=10.5 -lcharset -liconv -lintl -lgmp -lgpg-error -lgcrypt -lgnutls -lgnutls-extra -lgnutls-openssl conftest.c -lpthread  -ldl  >&5
configure:21172: $? = 0
configure:21190: result: yes
configure:21203: checking whether binary relocation should use threads
configure:21218: result: yes
configure:21248: checking if gwen is a subproject
configure:21257: result: no
configure:21275: checking whether local installation mode is wanted
configure:21284: result: yes
configure:21369: checking plugin search dir
configure:21399: result: Frameworks/AqBanking/lib/gwenhywfar/plugins/59
configure:21408: checking data search dir
configure:21438: result: Frameworks/AqBanking/share/gwenhywfar
configure:21447: checking system data search dir
configure:21477: result: Frameworks/AqBanking/share
configure:21486: checking locale search dir
configure:21516: result: Frameworks/AqBanking/share/locale
configure:21525: checking cfg search dir
configure:21556: result: Frameworks/AqBanking/etc
configure:21565: checking if compiling with variadic macros
configure:21574: result: no
configure:21590: checking if profiling is to be supported
configure:21599: result: no
configure:21647: checking for libgcrypt-config
configure:21678: result: /Users/michael/src/git/lib/static-build-i386-4.99.12beta/bin/libgcrypt-config
configure:21695: checking for LIBGCRYPT - version >= 1.2.0
configure:21729: result: yes (1.4.5)
configure:21741: checking LIBGCRYPT API version
configure:21744: result: okay
configure:21800: checking for gpg-error-config
configure:21818: found /Users/michael/src/git/lib/static-build-i386-4.99.12beta/bin/gpg-error-config
configure:21831: result: /Users/michael/src/git/lib/static-build-i386-4.99.12beta/bin/gpg-error-config
configure:21840: checking for GPG Error - version >= 0.0
configure:21866: result: yes (1.7)
configure:22005: checking pkg-config is at least version 0.9.0
configure:22008: result: yes
configure:22019: checking for LIBGNUTLS
configure:22120: result: yes
configure:22127: checking for gnutls_transport_set_errno in -lgnutls
configure:22162: gcc -o conftest -O -g -isysroot /Developer/SDKs/MacOSX10.5.sdk -arch i386 -I/Users/michael/src/git/lib/static-build-i386-4.99.12beta/include/ -mmacosx-version-min=10.5 -O -g -isysroot /Developer/SDKs/MacOSX10.5.sdk -arch i386 -I/Users/michael/src/git/lib/static-build-i386-4.99.12beta/include/ -mmacosx-version-min=10.5 -framework CoreFoundation -arch i386 -L/Users/michael/src/git/lib/static-build-i386-4.99.12beta/lib -L/Developer/SDKs/MacOSX10.5.sdk/usr/lib/ -mmacosx-version-min=10.5 -lcharset -liconv -lintl -lgmp -lgpg-error -lgcrypt -lgnutls -lgnutls-extra -lgnutls-openssl conftest.c -lgnutls  -lz -lintl -lgnutls -lgnutls-openssl >&5
configure:22168: $? = 0
configure:22186: result: yes
configure:22214: checking if OpenSSL should be used
configure:22223: result: yes
configure:22228: checking for openssl includes
configure:22266: result: -I/usr/include
configure:22271: checking for openssl libs
configure:22314: result: -L/usr/lib -lssl -lcrypto
configure:22350: checking whether openssl is usable
configure:22357: result: yes
configure:22395: checking for preselected distribution name
configure:22401: result: no, will have to determine it
configure:22409: checking whether this is a Debian derivate
configure:22428: result: no
configure:22445: checking whether this is an RPM distribution
configure:22494: result: no (no RPM installed)
configure:22516: checking for xgettext
configure:22544: result: missing
configure:22556: WARNING: xgettext is missing. Locale suport is disabled.
configure:22562: checking for msgfmt
configure:22593: result: missing
configure:22603: WARNING: msgfmt is missing. Locale suport is disabled.
configure:22627: checking for locale.h
configure:22633: result: yes
configure:22637: checking libintl.h usability
configure:22654: gcc -c -O -g -isysroot /Developer/SDKs/MacOSX10.5.sdk -arch i386 -I/Users/michael/src/git/lib/static-build-i386-4.99.12beta/include/ -mmacosx-version-min=10.5 -O -g -isysroot /Developer/SDKs/MacOSX10.5.sdk -arch i386 -I/Users/michael/src/git/lib/static-build-i386-4.99.12beta/include/ -mmacosx-version-min=10.5 conftest.c >&5
configure:22660: $? = 0
configure:22674: result: yes
configure:22678: checking libintl.h presence
configure:22693: gcc -E -O -g -isysroot /Developer/SDKs/MacOSX10.5.sdk -arch i386 -I/Users/michael/src/git/lib/static-build-i386-4.99.12beta/include/ -mmacosx-version-min=10.5 conftest.c
configure:22699: $? = 0
configure:22713: result: yes
configure:22741: checking for libintl.h
configure:22749: result: yes
configure:22768: checking for library containing gettext
configure:22809: gcc -o conftest -O -g -isysroot /Developer/SDKs/MacOSX10.5.sdk -arch i386 -I/Users/michael/src/git/lib/static-build-i386-4.99.12beta/include/ -mmacosx-version-min=10.5 -O -g -isysroot /Developer/SDKs/MacOSX10.5.sdk -arch i386 -I/Users/michael/src/git/lib/static-build-i386-4.99.12beta/include/ -mmacosx-version-min=10.5 -framework CoreFoundation -arch i386 -L/Users/michael/src/git/lib/static-build-i386-4.99.12beta/lib -L/Developer/SDKs/MacOSX10.5.sdk/usr/lib/ -mmacosx-version-min=10.5 -lcharset -liconv -lintl -lgmp -lgpg-error -lgcrypt -lgnutls -lgnutls-extra -lgnutls-openssl conftest.c  >&5
conftest.c:107: warning: conflicting types for built-in function 'gettext'
configure:22815: $? = 0
configure:22843: result: none required
configure:22897: checking for iconv.h
configure:22902: result: yes
configure:23022: checking for iconv
configure:23048: gcc -o conftest -O -g -isysroot /Developer/SDKs/MacOSX10.5.sdk -arch i386 -I/Users/michael/src/git/lib/static-build-i386-4.99.12beta/include/ -mmacosx-version-min=10.5 -O -g -isysroot /Developer/SDKs/MacOSX10.5.sdk -arch i386 -I/Users/michael/src/git/lib/static-build-i386-4.99.12beta/include/ -mmacosx-version-min=10.5 -I/usr/include -framework CoreFoundation -arch i386 -L/Users/michael/src/git/lib/static-build-i386-4.99.12beta/lib -L/Developer/SDKs/MacOSX10.5.sdk/usr/lib/ -mmacosx-version-min=10.5 -lcharset -liconv -lintl -lgmp -lgpg-error -lgcrypt -lgnutls -lgnutls-extra -lgnutls-openssl conftest.c -lpthread -ldl  >&5
configure:23054: $? = 0
configure:23061: result: yes
configure:24505: checking docpath
configure:24516: result: /Users/michael/apidoc
configure:24525: checking doxygen tag files
configure:24540: result: none
configure:24555: checking for library containing dlopen
configure:24596: gcc -o conftest -O -g -isysroot /Developer/SDKs/MacOSX10.5.sdk -arch i386 -I/Users/michael/src/git/lib/static-build-i386-4.99.12beta/include/ -mmacosx-version-min=10.5 -O -g -isysroot /Developer/SDKs/MacOSX10.5.sdk -arch i386 -I/Users/michael/src/git/lib/static-build-i386-4.99.12beta/include/ -mmacosx-version-min=10.5 -I/usr/include -framework CoreFoundation -arch i386 -L/Users/michael/src/git/lib/static-build-i386-4.99.12beta/lib -L/Developer/SDKs/MacOSX10.5.sdk/usr/lib/ -mmacosx-version-min=10.5 -lcharset -liconv -lintl -lgmp -lgpg-error -lgcrypt -lgnutls -lgnutls-extra -lgnutls-openssl conftest.c  >&5
configure:24602: $? = 0
configure:24630: result: none required
configure:24650: checking whether this is an official release
configure:24673: result: no
configure:24682: checking if symbol visibility is supported
configure:24691: result: yes
configure:24695: checking if symbol visibility is supported
configure:24745: result: yes, gcc-4.2.1
configure:24755: checking if symbol visibility is supported
configure:24764: result: yes
configure:24779: checking if MEMTRACE is wanted
configure:24788: result: no
configure:24893: checking default buffer hard limit
configure:24909: result: (16*1024*1024)
configure:24958: checking if full docu should be created
configure:24984: result: no
configure:25104: checking crypt token plugins
configure:25142: result: ohbci
configure:25149: checking DBIO plugins
configure:25205: result: csv olddb xmldb
configure:25212: checking ConfigManager plugins
configure:25250: result: dir
configure:25438: creating ./config.status

## ---------------------- ##
## Running config.status. ##
## ---------------------- ##

This file was extended by config.status, which was
generated by GNU Autoconf 2.61.  Invocation command line was

  CONFIG_FILES    = 
  CONFIG_HEADERS  = 
  CONFIG_LINKS    = 
  CONFIG_COMMANDS = 
  $ ./config.status 

on moeve-3.local

config.status:1112: creating Doxyfile
config.status:1112: creating Makefile
config.status:1112: creating admin/Makefile
config.status:1112: creating m4/Makefile
config.status:1112: creating po/Makefile
config.status:1112: creating gwenhywfar-config.in
config.status:1112: creating gwenhywfar.pc
config.status:1112: creating gwenhywfar.spec
config.status:1112: creating gwenhywfar.iss
config.status:1112: creating checks/Makefile
config.status:1112: creating data/Makefile
config.status:1112: creating doc/Makefile
config.status:1112: creating doc/dialog/Makefile
config.status:1112: creating doc/inherit/Makefile
config.status:1112: creating doc/plugindescr.xsd
config.status:1112: creating src/Makefile
config.status:1112: creating src/types.h
config.status:1112: creating src/ressource.rc
config.status:1112: creating src/version.h
config.status:1112: creating src/base/Makefile
config.status:1112: creating src/crypt3/Makefile
config.status:1112: creating src/cryptmsg/Makefile
config.status:1112: creating src/crypttoken/Makefile
config.status:1112: creating src/gui/Makefile
config.status:1112: creating src/sio/Makefile
config.status:1112: creating src/html/Makefile
config.status:1112: creating src/os/Makefile
config.status:1112: creating src/os/posix/Makefile
config.status:1112: creating src/os/posix/system.h
config.status:1112: creating src/os/windows/Makefile
config.status:1112: creating src/os/windows/system.h
config.status:1112: creating src/parser/Makefile
config.status:1112: creating plugins/Makefile
config.status:1112: creating plugins/dbio/Makefile
config.status:1112: creating plugins/dbio/csv/Makefile
config.status:1112: creating plugins/dbio/csv/csv.xml
config.status:1112: creating plugins/dbio/csv/ressource.rc
config.status:1112: creating plugins/dbio/olddb/Makefile
config.status:1112: creating plugins/dbio/olddb/olddb.xml
config.status:1112: creating plugins/dbio/olddb/ressource.rc
config.status:1112: creating plugins/dbio/xmldb/Makefile
config.status:1112: creating plugins/dbio/xmldb/xmldb.xml
config.status:1112: creating plugins/dbio/xmldb/ressource.rc
config.status:1112: creating plugins/ct/Makefile
config.status:1112: creating plugins/ct/ohbci/Makefile
config.status:1112: creating plugins/ct/ohbci/ohbci.xml
config.status:1112: creating plugins/ct/ohbci/ressource.rc
config.status:1112: creating plugins/configmgr/Makefile
config.status:1112: creating plugins/configmgr/dir/Makefile
config.status:1112: creating plugins/configmgr/dir/dir.xml
config.status:1112: creating tools/Makefile
config.status:1112: creating tools/xmlmerge/Makefile
config.status:1112: creating tools/typemaker/Makefile
config.status:1112: creating tools/typemaker2/Makefile
config.status:1112: creating tools/typemaker2/types/Makefile
config.status:1112: creating tools/typemaker2/types/c/Makefile
config.status:1112: creating tools/gcttool/Makefile
config.status:1112: creating test/Makefile
config.status:1112: creating gui/Makefile
config.status:1112: creating gui/cpp/Makefile
config.status:1112: creating gui/qt3/Makefile
config.status:1112: creating gui/qt3/gwengui-qt3.pc
config.status:1112: creating gui/qt4/Makefile
config.status:1112: creating gui/qt4/gwengui-qt4.pc
config.status:1112: creating gui/fox16/Makefile
config.status:1112: creating gui/fox16/gwengui-fox16.pc
config.status:1112: creating gui/gtk2/Makefile
config.status:1112: creating gui/testdialogs/Makefile
config.status:1112: creating config.h
config.status:1480: executing depfiles commands
config.status:1480: executing libtool commands

## ---------------- ##
## Cache variables. ##
## ---------------- ##

ac_cv_build=i386-apple-darwin10.4.0
ac_cv_c_compiler_gnu=yes
ac_cv_c_const=yes
ac_cv_cxx_compiler_gnu=yes
ac_cv_env_CCC_set=
ac_cv_env_CCC_value=
ac_cv_env_CC_set=
ac_cv_env_CC_value=
ac_cv_env_CFLAGS_set=set
ac_cv_env_CFLAGS_value='-O -g -isysroot /Developer/SDKs/MacOSX10.5.sdk -arch i386 -I/Users/michael/src/git/lib/static-build-i386-4.99.12beta/include/ -mmacosx-version-min=10.5'
ac_cv_env_CPPFLAGS_set=set
ac_cv_env_CPPFLAGS_value='-O -g -isysroot /Developer/SDKs/MacOSX10.5.sdk -arch i386 -I/Users/michael/src/git/lib/static-build-i386-4.99.12beta/include/ -mmacosx-version-min=10.5'
ac_cv_env_CPP_set=
ac_cv_env_CPP_value=
ac_cv_env_CXXCPP_set=
ac_cv_env_CXXCPP_value=
ac_cv_env_CXXFLAGS_set=
ac_cv_env_CXXFLAGS_value=
ac_cv_env_CXX_set=
ac_cv_env_CXX_value=
ac_cv_env_GTK2_CFLAGS_set=
ac_cv_env_GTK2_CFLAGS_value=
ac_cv_env_GTK2_LIBS_set=
ac_cv_env_GTK2_LIBS_value=
ac_cv_env_LDFLAGS_set=set
ac_cv_env_LDFLAGS_value='-framework CoreFoundation -arch i386 -L/Users/michael/src/git/lib/static-build-i386-4.99.12beta/lib -L/Developer/SDKs/MacOSX10.5.sdk/usr/lib/ -mmacosx-version-min=10.5 -lcharset -liconv -lintl -lgmp -lgpg-error -lgcrypt -lgnutls -lgnutls-extra -lgnutls-openssl'
ac_cv_env_LIBGNUTLS_CFLAGS_set=set
ac_cv_env_LIBGNUTLS_CFLAGS_value=-H/Users/michael/src/git/lib/static-build-i386-4.99.12beta/include/gnutls
ac_cv_env_LIBGNUTLS_LIBS_set=set
ac_cv_env_LIBGNUTLS_LIBS_value='-lz -lintl -lgnutls -lgnutls-openssl'
ac_cv_env_LIBS_set=
ac_cv_env_LIBS_value=
ac_cv_env_PKG_CONFIG_set=set
ac_cv_env_PKG_CONFIG_value=/Users/michael/src/git/lib/static-build-i386-4.99.12beta/bin/pkg-config
ac_cv_env_build_alias_set=
ac_cv_env_build_alias_value=
ac_cv_env_host_alias_set=
ac_cv_env_host_alias_value=
ac_cv_env_target_alias_set=
ac_cv_env_target_alias_value=
ac_cv_func_alarm=yes
ac_cv_func_closedir_void=no
ac_cv_func_gethostbyaddr=yes
ac_cv_func_gethostbyname=yes
ac_cv_func_getpid=yes
ac_cv_func_inet_ntoa=yes
ac_cv_func_isascii=yes
ac_cv_func_memmove=yes
ac_cv_func_memset=yes
ac_cv_func_random=yes
ac_cv_func_select=yes
ac_cv_func_select_args='int,fd_set *,struct timeval *'
ac_cv_func_setlocale=yes
ac_cv_func_snprintf=yes
ac_cv_func_socket=yes
ac_cv_func_srandom=yes
ac_cv_func_strcasecmp=yes
ac_cv_func_strchr=yes
ac_cv_func_strdup=yes
ac_cv_func_strerror=yes
ac_cv_func_symlink=yes
ac_cv_func_working_mktime=yes
ac_cv_have_decl_sigprocmask=yes
ac_cv_header_arpa_inet_h=yes
ac_cv_header_dirent_dirent_h=yes
ac_cv_header_dlfcn_h=yes
ac_cv_header_fcntl_h=yes
ac_cv_header_iconv_h=yes
ac_cv_header_inttypes_h=yes
ac_cv_header_libintl_h=yes
ac_cv_header_locale_h=yes
ac_cv_header_memory_h=yes
ac_cv_header_netdb_h=yes
ac_cv_header_netinet_in_h=yes
ac_cv_header_regex_h=yes
ac_cv_header_signal_h=yes
ac_cv_header_stdc=yes
ac_cv_header_stdint_h=yes
ac_cv_header_stdlib_h=yes
ac_cv_header_string_h=yes
ac_cv_header_strings_h=yes
ac_cv_header_sys_select_h=yes
ac_cv_header_sys_socket_h=yes
ac_cv_header_sys_stat_h=yes
ac_cv_header_sys_time_h=yes
ac_cv_header_sys_types_h=yes
ac_cv_header_sys_wait_h=yes
ac_cv_header_syslog_h=yes
ac_cv_header_termios_h=yes
ac_cv_header_time=yes
ac_cv_header_time_h=yes
ac_cv_header_unistd_h=yes
ac_cv_host=i386-apple-darwin10.4.0
ac_cv_lib_dl_dlopen=yes
ac_cv_lib_gnutls_gnutls_transport_set_errno=yes
ac_cv_lib_pthread_pthread_getspecific=yes
ac_cv_lib_rt_sem_init=no
ac_cv_objext=o
ac_cv_path_EGREP='/usr/bin/grep -E'
ac_cv_path_FGREP='/usr/bin/grep -F'
ac_cv_path_GPG_ERROR_CONFIG=/Users/michael/src/git/lib/static-build-i386-4.99.12beta/bin/gpg-error-config
ac_cv_path_GREP=/usr/bin/grep
ac_cv_path_LIBGCRYPT_CONFIG=/Users/michael/src/git/lib/static-build-i386-4.99.12beta/bin/libgcrypt-config
ac_cv_path_MSGFMT=missing
ac_cv_path_SED=/usr/bin/sed
ac_cv_path_install='/usr/bin/install -c'
ac_cv_prog_AWK=awk
ac_cv_prog_CPP='gcc -E'
ac_cv_prog_CXXCPP='g++ -E'
ac_cv_prog_SED=/usr/bin/sed
ac_cv_prog_USE_DOT=NO
ac_cv_prog_XGETTEXT=missing
ac_cv_prog_ac_ct_AR=ar
ac_cv_prog_ac_ct_CC=gcc
ac_cv_prog_ac_ct_CXX=g++
ac_cv_prog_ac_ct_DSYMUTIL=dsymutil
ac_cv_prog_ac_ct_LIPO=lipo
ac_cv_prog_ac_ct_NMEDIT=nmedit
ac_cv_prog_ac_ct_OTOOL=otool
ac_cv_prog_ac_ct_RANLIB=ranlib
ac_cv_prog_ac_ct_STRIP=strip
ac_cv_prog_cc_c89=
ac_cv_prog_cc_g=yes
ac_cv_prog_cxx_g=yes
ac_cv_prog_make_make_set=yes
ac_cv_search_dlopen='none required'
ac_cv_search_gettext='none required'
ac_cv_search_opendir='none required'
ac_cv_struct_tm=time.h
acl_cv_hardcode_direct=no
acl_cv_hardcode_libdir_flag_spec=
acl_cv_hardcode_libdir_separator=
acl_cv_hardcode_minus_L=no
acl_cv_libext=a
acl_cv_libname_spec='lib$name'
acl_cv_library_names_spec='$libname$shrext'
acl_cv_path_LD=/usr/libexec/gcc/i686-apple-darwin10/4.2.1/ld
acl_cv_prog_gnu_ld=no
acl_cv_rpath=done
acl_cv_shlibext=dylib
acl_cv_wl=-Wl,
am_cv_CC_dependencies_compiler_type=none
am_cv_CXX_dependencies_compiler_type=none
am_cv_func_iconv=yes
am_cv_func_iconv_works=yes
am_cv_lib_iconv=no
am_cv_proto_iconv='extern size_t iconv (iconv_t cd, char * *inbuf, size_t *inbytesleft, char * *outbuf, size_t *outbytesleft);'
am_cv_proto_iconv_arg1=
br_cv_binreloc=yes
br_cv_binreloc_threads=yes
lt_cv_apple_cc_single_mod=yes
lt_cv_deplibs_check_method=pass_all
lt_cv_file_magic_cmd='$MAGIC_CMD'
lt_cv_file_magic_test_file=
lt_cv_ld_exported_symbols_list=yes
lt_cv_ld_reload_flag=-r
lt_cv_nm_interface='BSD nm'
lt_cv_objdir=.libs
lt_cv_path_LD=/usr/libexec/gcc/i686-apple-darwin10/4.2.1/ld
lt_cv_path_LDCXX=/usr/libexec/gcc/i686-apple-darwin10/4.2.1/ld
lt_cv_path_NM=/usr/bin/nm
lt_cv_prog_compiler_c_o=yes
lt_cv_prog_compiler_c_o_CXX=yes
lt_cv_prog_compiler_pic_works=yes
lt_cv_prog_compiler_pic_works_CXX=yes
lt_cv_prog_compiler_rtti_exceptions=no
lt_cv_prog_compiler_static_works=no
lt_cv_prog_compiler_static_works_CXX=no
lt_cv_prog_gnu_ld=no
lt_cv_prog_gnu_ldcxx=no
lt_cv_sys_global_symbol_pipe='sed -n -e '\''s/^.*[	 ]\([BCDEGRST][BCDEGRST]*\)[	 ][	 ]*_\([_A-Za-z][_A-Za-z0-9]*\)$/\1 _\2 \2/p'\'''
lt_cv_sys_global_symbol_to_c_name_address='sed -n -e '\''s/^: \([^ ]*\) $/  {\"\1\", (void *) 0},/p'\'' -e '\''s/^[BCDEGRST]* \([^ ]*\) \([^ ]*\)$/  {"\2", (void *) \&\2},/p'\'''
lt_cv_sys_global_symbol_to_c_name_address_lib_prefix='sed -n -e '\''s/^: \([^ ]*\) $/  {\"\1\", (void *) 0},/p'\'' -e '\''s/^[BCDEGRST]* \([^ ]*\) \(lib[^ ]*\)$/  {"\2", (void *) \&\2},/p'\'' -e '\''s/^[BCDEGRST]* \([^ ]*\) \([^ ]*\)$/  {"lib\2", (void *) \&\2},/p'\'''
lt_cv_sys_global_symbol_to_cdecl='sed -n -e '\''s/^T .* \(.*\)$/extern int \1();/p'\'' -e '\''s/^[BCDEGRST]* .* \(.*\)$/extern char \1;/p'\'''
lt_cv_sys_max_cmd_len=196608
pkg_cv_LIBGNUTLS_CFLAGS=-H/Users/michael/src/git/lib/static-build-i386-4.99.12beta/include/gnutls
pkg_cv_LIBGNUTLS_LIBS='-lz -lintl -lgnutls -lgnutls-openssl'

## ----------------- ##
## Output variables. ##
## ----------------- ##

ACLOCAL='${SHELL} /Users/michael/src/git/lib/gwenhywfar/missing --run aclocal-1.10'
AMDEPBACKSLASH=''
AMDEP_FALSE=''
AMDEP_TRUE='#'
AMTAR='${SHELL} /Users/michael/src/git/lib/gwenhywfar/missing --run tar'
AR='ar'
AS='as'
AUTOCONF='${SHELL} /Users/michael/src/git/lib/gwenhywfar/missing --run autoconf'
AUTOHEADER='${SHELL} /Users/michael/src/git/lib/gwenhywfar/missing --run autoheader'
AUTOMAKE='${SHELL} /Users/michael/src/git/lib/gwenhywfar/missing --run automake-1.10'
AWK='awk'
BINRELOC_CFLAGS='-DENABLE_BINRELOC'
BINRELOC_LIBS='-lpthread'
CC='gcc'
CCDEPMODE='depmode=none'
CFLAGS='-O -g -isysroot /Developer/SDKs/MacOSX10.5.sdk -arch i386 -I/Users/michael/src/git/lib/static-build-i386-4.99.12beta/include/ -mmacosx-version-min=10.5 -Wall -Wall'
CPP='gcc -E'
CPPFLAGS='-O -g -isysroot /Developer/SDKs/MacOSX10.5.sdk -arch i386 -I/Users/michael/src/git/lib/static-build-i386-4.99.12beta/include/ -mmacosx-version-min=10.5 -I/usr/include'
CXX='g++'
CXXCPP='g++ -E'
CXXDEPMODE='depmode=none'
CXXFLAGS='-g -O2 -Wall -Wall'
CYGPATH_W='echo'
DEFS='-DHAVE_CONFIG_H'
DEPDIR='.deps'
DLLTOOL='dlltool'
DOXYGEN_DEFINE='DOXYGEN_HIDE'
DOXYGEN_INPUT='listdoc.h gwenhywfar4'
DOXYGEN_TAGFILES=''
DSYMUTIL='dsymutil'
DUMPBIN=''
ECHO_C='ECHO_N=''
ECHO_T=''
EGREP='/usr/bin/grep -E'
EXEEXT=''
FGREP='/usr/bin/grep -F'
GPG_ERROR_CFLAGS='-I/Users/michael/src/git/lib/static-build-i386-4.99.12beta/include'
GPG_ERROR_CONFIG='/Users/michael/src/git/lib/static-build-i386-4.99.12beta/bin/gpg-error-config'
GPG_ERROR_LIBS='-L/Users/michael/src/git/lib/static-build-i386-4.99.12beta/lib -lgpg-error'
GREP='/usr/bin/grep'
GTK2_CFLAGS=''
GTK2_LIBS=''
GWENHYWFAR_SO_AGE='0'
GWENHYWFAR_SO_CURRENT='59'
GWENHYWFAR_SO_EFFECTIVE='59'
GWENHYWFAR_SO_REVISION='14'
GWENHYWFAR_VERSION_BUILD='0'
GWENHYWFAR_VERSION_FULL_STRING='3.99.14beta-0'
GWENHYWFAR_VERSION_MAJOR='3'
GWENHYWFAR_VERSION_MINOR='99'
GWENHYWFAR_VERSION_PATCHLEVEL='14'
GWENHYWFAR_VERSION_RELEASE_STRING='3.99.14beta'
GWENHYWFAR_VERSION_STRING='3.99.14'
GWENHYWFAR_VERSION_TAG='beta'
GWENPP_SO_AGE='0'
GWENPP_SO_CURRENT='16'
GWENPP_SO_EFFECTIVE='16'
GWENPP_SO_REVISION='0'
GWENUI_SO_AGE='0'
GWENUI_SO_CURRENT='1'
GWENUI_SO_EFFECTIVE='1'
GWENUI_SO_REVISION='1'
GWEN_OS='posix'
HAVE_I18N='yes'
ICONV_LIBS='-L/usr/lib'
IF_HAVE_OPENSSL_FALSE='#'
IF_HAVE_OPENSSL_TRUE=''
IF_MAKE_I18N_FILES_FALSE=''
IF_MAKE_I18N_FILES_TRUE='#'
INSTALL_DATA='${INSTALL} -m 644'
INSTALL_DLL_TARGET=''
INSTALL_PROGRAM='${INSTALL}'
INSTALL_SCRIPT='${INSTALL}'
INSTALL_STRIP_PROGRAM='$(install_sh) -c -s'
IS_WINDOWS_FALSE=''
IS_WINDOWS_TRUE='#'
LD='/usr/libexec/gcc/i686-apple-darwin10/4.2.1/ld'
LDFLAGS='-framework CoreFoundation -arch i386 -L/Users/michael/src/git/lib/static-build-i386-4.99.12beta/lib -L/Developer/SDKs/MacOSX10.5.sdk/usr/lib/ -mmacosx-version-min=10.5 -lcharset -liconv -lintl -lgmp -lgpg-error -lgcrypt -lgnutls -lgnutls-extra -lgnutls-openssl'
LIBGCRYPT_CFLAGS='-I/Users/michael/src/git/lib/static-build-i386-4.99.12beta/include'
LIBGCRYPT_CONFIG='/Users/michael/src/git/lib/static-build-i386-4.99.12beta/bin/libgcrypt-config'
LIBGCRYPT_LIBS='-L/Users/michael/src/git/lib/static-build-i386-4.99.12beta/lib -lgcrypt -lgpg-error'
LIBGNUTLS_CFLAGS='-H/Users/michael/src/git/lib/static-build-i386-4.99.12beta/include/gnutls'
LIBGNUTLS_LIBS='-lz -lintl -lgnutls -lgnutls-openssl'
LIBICONV=''
LIBOBJS=''
LIBS=''
LIBTOOL='$(SHELL) $(top_builddir)/libtool'
LIPO='lipo'
LN_S='ln -s'
LTLIBICONV=''
LTLIBOBJS=''
MAKEINFO='${SHELL} /Users/michael/src/git/lib/gwenhywfar/missing --run makeinfo'
MAKE_DLL_TARGET=''
MAKE_I18N_FILES='no'
MSGFMT='missing'
NM='/usr/bin/nm'
NMEDIT='nmedit'
OBJDUMP='objdump'
OBJEXT='o'
OHBCI_VERSION_STRING='0.1.0'
OSYSTEM='osx'
OS_TYPE='posix'
OTOOL64=':'
OTOOL='otool'
PACKAGE='gwenhywfar'
PACKAGE_BUGREPORT=''
PACKAGE_NAME=''
PACKAGE_STRING=''
PACKAGE_TARNAME=''
PACKAGE_VERSION=''
PATH_SEPARATOR=':'
PKG_CONFIG='/Users/michael/src/git/lib/static-build-i386-4.99.12beta/bin/pkg-config'
PROFILING_CFLAGS=''
PROFILING_LDFLAGS=''
PROG_LIBRARIES=' -L/usr/lib -lssl -lcrypto '
QT3TO4=''
QT4_BINDIR=''
QT_BINDIR=''
RANLIB='ranlib'
RC='no'
SED='/usr/bin/sed'
SET_MAKE=''
SHELL='/bin/sh'
STRIP='strip'
STRIPALL=''
UIC3='NO'
USE_DOT='NO'
VERSION='3.99.14beta'
WITH_GUI_FOX16_FALSE=''
WITH_GUI_FOX16_TRUE='#'
WITH_GUI_GTK2_FALSE=''
WITH_GUI_GTK2_TRUE='#'
WITH_GUI_QT3_FALSE=''
WITH_GUI_QT3_TRUE='#'
WITH_GUI_QT4_FALSE=''
WITH_GUI_QT4_TRUE='#'
WITH_ICONV='1'
XGETTEXT='missing'
YES=''
ac_ct_CC='gcc'
ac_ct_CXX='g++'
ac_ct_DUMPBIN=''
all_includes=''
all_libraries=' -framework CoreFoundation '
am__fastdepCC_FALSE=''
am__fastdepCC_TRUE='#'
am__fastdepCXX_FALSE=''
am__fastdepCXX_TRUE='#'
am__include='include'
am__isrc=' -I$(srcdir)'
am__leading_dot='.'
am__quote=''
am__tar='${AMTAR} chof - "$$tardir"'
am__untar='${AMTAR} xf -'
aq_distrib_name=''
aq_distrib_tag=''
aq_distrib_version=''
bindir='${exec_prefix}/bin'
build='i386-apple-darwin10.4.0'
build_alias=''
build_cpu='i386'
build_os='darwin10.4.0'
build_vendor='apple'
datadir='${datarootdir}'
datarootdir='${prefix}/share'
docdir='${datarootdir}/doc/${PACKAGE}'
docpath='/Users/michael/apidoc'
dvidir='${docdir}'
exec_prefix='${prefix}'
fox_includes=''
fox_libs=''
gwen_enable_export='1'
gwenhywfar_bindir='${bindir}'
gwenhywfar_buffer_hardlimit='(16*1024*1024)'
gwenhywfar_cfg_searchdir='Frameworks/AqBanking/etc'
gwenhywfar_crypt_lib=''
gwenhywfar_data_searchdir='Frameworks/AqBanking/share/gwenhywfar'
gwenhywfar_datadir='${datadir}/gwenhywfar'
gwenhywfar_guis=''
gwenhywfar_headerdir='${includedir}/gwenhywfar4'
gwenhywfar_headerdir_am='$(includedir)/gwenhywfar4'
gwenhywfar_internal_libname='libgwenhywfar.la'
gwenhywfar_ldflags='-L${libdir}'
gwenhywfar_libs='-lgwenhywfar'
gwenhywfar_libspp=''
gwenhywfar_libsui=''
gwenhywfar_locale_searchdir='Frameworks/AqBanking/share/locale'
gwenhywfar_os_lib='os/posix/libos.la'
gwenhywfar_pkgincludedir=''
gwenhywfar_plugin_searchdir='Frameworks/AqBanking/lib/gwenhywfar/plugins/59'
gwenhywfar_plugindir='${libdir}/gwenhywfar/plugins/59'
gwenhywfar_plugins_cfgmgr_dirs=' dir'
gwenhywfar_plugins_cfgmgr_libs=' dir/libcfgmgr_dir.la'
gwenhywfar_plugins_ct_dirs=' ohbci'
gwenhywfar_plugins_ct_libs=' ohbci/libct_ohbci.la'
gwenhywfar_plugins_dbio_dirs=' csv olddb xmldb'
gwenhywfar_plugins_dbio_libs=' csv/libdbio_csv.la olddb/libdbio_olddb.la xmldb/libdbio_xmldb.la'
gwenhywfar_symlinkdir='$(top_builddir)/gwenhywfar4'
gwenhywfar_sys_is_windows='0'
gwenhywfar_sysdata_searchdir='Frameworks/AqBanking/share'
host='i386-apple-darwin10.4.0'
host_alias=''
host_cpu='i386'
host_os='darwin10.4.0'
host_vendor='apple'
htmldir='${docdir}'
i18n_libs=''
includedir='${prefix}/include'
infodir='${datarootdir}/info'
install_sh='$(SHELL) /Users/michael/src/git/lib/gwenhywfar/install-sh'
libdir='${exec_prefix}/lib'
libexecdir='${exec_prefix}/libexec'
localedir='${datarootdir}/locale'
localstatedir='${prefix}/var'
lt_ECHO='/bin/echo'
mandir='${datarootdir}/man'
mkdir_p='/Users/michael/src/git/lib/gwenhywfar/install-sh -c -d'
oldincludedir='/usr/include'
pdfdir='${docdir}'
prefix='/Users/michael/src/git/lib/static-build-i386-4.99.12beta'
program_transform_name='s,x,x,'
psdir='${docdir}'
qt3_includes=''
qt3_libs=''
qt3_moc=''
qt3_uic=''
qt4_includes=''
qt4_libs=''
qt4_moc=''
qt4_uic=''
rt_libs=''
sbindir='${exec_prefix}/sbin'
sharedstatedir='${prefix}/com'
ssl_available='yes'
ssl_includes=''
ssl_lib='-lssl -lcrypto'
ssl_libraries='-L/usr/lib'
sysconfdir='${prefix}/etc'
target_alias=''
visibility_cflags='-fvisibility=hidden'
with_gui_fox16=''
with_gui_gtk2=''
with_gui_qt3=''
with_gui_qt4=''

## ----------- ##
## confdefs.h. ##
## ----------- ##

#define PACKAGE_NAME ""
#define PACKAGE_TARNAME ""
#define PACKAGE_VERSION ""
#define PACKAGE_STRING ""
#define PACKAGE_BUGREPORT ""
#define GWENHYWFAR_VERSION_MAJOR 3
#define GWENHYWFAR_VERSION_MINOR 99
#define GWENHYWFAR_VERSION_PATCHLEVEL 14
#define GWENHYWFAR_VERSION_BUILD 0
#define GWENHYWFAR_VERSION_STRING "3.99.14"
#define GWENHYWFAR_VERSION_FULL_STRING "3.99.14beta-0"
#define GWENHYWFAR_VERSION_TAG beta
#define PACKAGE "gwenhywfar"
#define VERSION "3.99.14beta"
#define OS_NAME "i386-apple-darwin10.4.0"
#define OS_DARWIN 1
#define OS_POSIX 1
#define OS_SHORTNAME "osx"
#define OS_TYPE "posix"
#define STDC_HEADERS 1
#define HAVE_SYS_TYPES_H 1
#define HAVE_SYS_STAT_H 1
#define HAVE_STDLIB_H 1
#define HAVE_STRING_H 1
#define HAVE_MEMORY_H 1
#define HAVE_STRINGS_H 1
#define HAVE_INTTYPES_H 1
#define HAVE_STDINT_H 1
#define HAVE_UNISTD_H 1
#define HAVE_DLFCN_H 1
#define LT_OBJDIR ".libs/"
#define HAVE_LIBDL 1
#define HAVE_ICONV 1
#define ICONV_CONST 
#define HAVE_DIRENT_H 1
#define STDC_HEADERS 1
#define HAVE_ARPA_INET_H 1
#define HAVE_FCNTL_H 1
#define HAVE_NETDB_H 1
#define HAVE_NETINET_IN_H 1
#define HAVE_STDLIB_H 1
#define HAVE_STRING_H 1
#define HAVE_STRINGS_H 1
#define HAVE_SYS_SOCKET_H 1
#define HAVE_SYS_TIME_H 1
#define HAVE_SYSLOG_H 1
#define HAVE_UNISTD_H 1
#define HAVE_UNISTD_H 1
#define HAVE_DLFCN_H 1
#define HAVE_SIGNAL_H 1
#define HAVE_TERMIOS_H 1
#define HAVE_ICONV_H 1
#define HAVE_TIME_H 1
#define HAVE_LOCALE_H 1
#define HAVE_SYSLOG_H 1
#define HAVE_SYS_STAT_H 1
#define HAVE_SYS_TYPES_H 1
#define HAVE_SYS_WAIT_H 1
#define HAVE_REGEX_H 1
#define HAVE_DECL_SIGPROCMASK 1
#define TIME_WITH_SYS_TIME 1
#define HAVE_SYS_TIME_H 1
#define HAVE_UNISTD_H 1
#define HAVE_ALARM 1
#define HAVE_SYS_SELECT_H 1
#define HAVE_SYS_SOCKET_H 1
#define SELECT_TYPE_ARG1 int
#define SELECT_TYPE_ARG234 (fd_set *)
#define SELECT_TYPE_ARG5 (struct timeval *)
#define HAVE_GETHOSTBYADDR 1
#define HAVE_GETHOSTBYNAME 1
#define HAVE_INET_NTOA 1
#define HAVE_ISASCII 1
#define HAVE_GETPID 1
#define HAVE_MEMMOVE 1
#define HAVE_MEMSET 1
#define HAVE_SELECT 1
#define HAVE_SOCKET 1
#define HAVE_STRCASECMP 1
#define HAVE_STRCHR 1
#define HAVE_STRDUP 1
#define HAVE_STRERROR 1
#define HAVE_SNPRINTF 1
#define HAVE_SYMLINK 1
#define HAVE_SETLOCALE 1
#define HAVE_SRANDOM 1
#define HAVE_RANDOM 1
#define ENABLE_BINRELOC
#define HAVE_LIBPTHREAD 1
#define BR_PTHREAD 1
#define ENABLE_LOCAL_INSTALL 1
#define NO_VARIADIC_MACROS 1
#define NEED_LIBGCRYPT_VERSION "1.2.0"
#define HAVE_GNUTLS_TRANSPORT_SET_ERRNO 1
#define HAVE_OPENSSL 1
#define HAVE_LOCALE_H 1
#define HAVE_LIBINTL_H 1
#define HAVE_I18N 1
#define HAVE_ICONV 1
#define GCC_WITH_VISIBILITY_ATTRIBUTE 1
#define GWENHYWFAR_WITH_PLUGIN_CT_OHBCI 1
#define GWENHYWFAR_WITH_PLUGIN_DBIO_CSV 1
#define GWENHYWFAR_WITH_PLUGIN_DBIO_OLDDB 1
#define GWENHYWFAR_WITH_PLUGIN_DBIO_XMLDB 1
#define GWENHYWFAR_WITH_PLUGIN_CFGMGR_DIR 1

configure: exit 0

## ---------------------- ##
## Running config.status. ##
## ---------------------- ##

This file was extended by config.status, which was
generated by GNU Autoconf 2.61.  Invocation command line was

  CONFIG_FILES    = 
  CONFIG_HEADERS  = 
  CONFIG_LINKS    = 
  CONFIG_COMMANDS = 
  $ ./config.status config.h

on moeve-3.local

config.status:1112: creating config.h
config.status:1434: config.h is unchanged
