This file contains any messages produced by compilers while
running configure, to aid debugging if configure makes a mistake.

It was created by libgpg-error configure 1.7, which was
generated by GNU Autoconf 2.61.  Invocation command line was

  $ /Users/michael/src/git/lib/libgpg-error-1.7/configure --disable-dependency-tracking --prefix=/Users/michael/src/git/lib/static-build-i386-5.0.14 --disable-shared --enable-static --disable-languages --disable-rpath --disable-nls

## --------- ##
## Platform. ##
## --------- ##

hostname = kranich
uname -m = x86_64
uname -r = 11.3.0
uname -s = Darwin
uname -v = Darwin Kernel Version 11.3.0: Thu Jan 12 18:47:41 PST 2012; root:xnu-1699.24.23~1/RELEASE_X86_64

/usr/bin/uname -p = i386
/bin/uname -X     = unknown

/bin/arch              = unknown
/usr/bin/arch -k       = unknown
/usr/convex/getsysinfo = unknown
/usr/bin/hostinfo      = Mach kernel version:
	 Darwin Kernel Version 11.3.0: Thu Jan 12 18:47:41 PST 2012; root:xnu-1699.24.23~1/RELEASE_X86_64
Kernel configured for up to 4 processors.
2 processors are physically available.
4 processors are logically available.
Processor type: i486 (Intel 80486)
Processors active: 0 1 2 3
Primary memory available: 4.00 gigabytes
Default processor set: 115 tasks, 527 threads, 4 processors
Load average: 1.70, Mach factor: 2.37
/bin/machine           = unknown
/usr/bin/oslevel       = unknown
/bin/universe          = unknown

PATH: /Users/michael/src/git/lib/static-build-i386-5.0.14/bin
PATH: /usr/bin
PATH: /bin
PATH: /usr/sbin
PATH: /sbin
PATH: /usr/X11/bin


## ----------- ##
## Core tests. ##
## ----------- ##

configure:2040: checking for a BSD-compatible install
configure:2096: result: /usr/bin/install -c
configure:2107: checking whether build environment is sane
configure:2150: result: yes
configure:2178: checking for a thread-safe mkdir -p
configure:2217: result: /Users/michael/src/git/lib/libgpg-error-1.7/install-sh -c -d
configure:2230: checking for gawk
configure:2260: result: no
configure:2230: checking for mawk
configure:2260: result: no
configure:2230: checking for nawk
configure:2260: result: no
configure:2230: checking for awk
configure:2246: found /usr/bin/awk
configure:2257: result: awk
configure:2268: checking whether make sets $(MAKE)
configure:2289: result: yes
configure:2477: checking whether to enable maintainer-specific portions of Makefiles
configure:2486: result: no
configure:2511: checking build system type
configure:2529: result: i386-apple-darwin11.3.0
configure:2551: checking host system type
configure:2566: result: i386-apple-darwin11.3.0
configure:2592: autobuild project... libgpg-error
configure:2594: autobuild revision... 1.7
configure:2598: autobuild hostname... kranich
configure:2607: autobuild timestamp... 20120229-200318
configure:2661: checking for gcc
configure:2677: found /usr/bin/gcc
configure:2688: result: gcc
configure:2926: checking for C compiler version
configure:2933: gcc --version >&5
i686-apple-darwin11-llvm-gcc-4.2 (GCC) 4.2.1 (Based on Apple Inc. build 5658) (LLVM build 2335.15.00)
Copyright (C) 2007 Free Software Foundation, Inc.
This is free software; see the source for copying conditions.  There is NO
warranty; not even for MERCHANTABILITY or FITNESS FOR A PARTICULAR PURPOSE.

configure:2936: $? = 0
configure:2943: gcc -v >&5
Using built-in specs.
Target: i686-apple-darwin11
Configured with: /private/var/tmp/llvmgcc42/llvmgcc42-2335.15~25/src/configure --disable-checking --enable-werror --prefix=/Developer/usr/llvm-gcc-4.2 --mandir=/share/man --enable-languages=c,objc,c++,obj-c++ --program-prefix=llvm- --program-transform-name=/^[cg][^.-]*$/s/$/-4.2/ --with-slibdir=/usr/lib --build=i686-apple-darwin11 --enable-llvm=/private/var/tmp/llvmgcc42/llvmgcc42-2335.15~25/dst-llvmCore/Developer/usr/local --program-prefix=i686-apple-darwin11- --host=x86_64-apple-darwin11 --target=i686-apple-darwin11 --with-gxx-include-dir=/usr/include/c++/4.2.1
Thread model: posix
gcc version 4.2.1 (Based on Apple Inc. build 5658) (LLVM build 2335.15.00)
configure:2946: $? = 0
configure:2953: gcc -V >&5
llvm-gcc-4.2: argument to `-V' is missing
configure:2956: $? = 1
configure:2979: checking for C compiler default output file name
configure:3006: gcc -O -g -isysroot /Developer_3/SDKs/MacOSX10.5.sdk -arch i386 -I/Users/michael/src/git/lib/static-build-i386-5.0.14/include/ -mmacosx-version-min=10.5 -O -g -isysroot /Developer_3/SDKs/MacOSX10.5.sdk -arch i386 -I/Users/michael/src/git/lib/static-build-i386-5.0.14/include/ -mmacosx-version-min=10.5 -arch i386 -L/Users/michael/src/git/lib/static-build-i386-5.0.14/lib -L/Developer_3/SDKs/MacOSX10.5.sdk/usr/lib/ -mmacosx-version-min=10.5 conftest.c  >&5
configure:3009: $? = 0
configure:3047: result: a.out
configure:3064: checking whether the C compiler works
configure:3074: ./a.out
configure:3077: $? = 0
configure:3094: result: yes
configure:3101: checking whether we are cross compiling
configure:3103: result: no
configure:3106: checking for suffix of executables
configure:3113: gcc -o conftest -O -g -isysroot /Developer_3/SDKs/MacOSX10.5.sdk -arch i386 -I/Users/michael/src/git/lib/static-build-i386-5.0.14/include/ -mmacosx-version-min=10.5 -O -g -isysroot /Developer_3/SDKs/MacOSX10.5.sdk -arch i386 -I/Users/michael/src/git/lib/static-build-i386-5.0.14/include/ -mmacosx-version-min=10.5 -arch i386 -L/Users/michael/src/git/lib/static-build-i386-5.0.14/lib -L/Developer_3/SDKs/MacOSX10.5.sdk/usr/lib/ -mmacosx-version-min=10.5 conftest.c  >&5
configure:3116: $? = 0
configure:3140: result: 
configure:3146: checking for suffix of object files
configure:3172: gcc -c -O -g -isysroot /Developer_3/SDKs/MacOSX10.5.sdk -arch i386 -I/Users/michael/src/git/lib/static-build-i386-5.0.14/include/ -mmacosx-version-min=10.5 -O -g -isysroot /Developer_3/SDKs/MacOSX10.5.sdk -arch i386 -I/Users/michael/src/git/lib/static-build-i386-5.0.14/include/ -mmacosx-version-min=10.5 conftest.c >&5
configure:3175: $? = 0
configure:3198: result: o
configure:3202: checking whether we are using the GNU C compiler
configure:3231: gcc -c -O -g -isysroot /Developer_3/SDKs/MacOSX10.5.sdk -arch i386 -I/Users/michael/src/git/lib/static-build-i386-5.0.14/include/ -mmacosx-version-min=10.5 -O -g -isysroot /Developer_3/SDKs/MacOSX10.5.sdk -arch i386 -I/Users/michael/src/git/lib/static-build-i386-5.0.14/include/ -mmacosx-version-min=10.5 conftest.c >&5
configure:3237: $? = 0
configure:3254: result: yes
configure:3259: checking whether gcc accepts -g
configure:3289: gcc -c -g -O -g -isysroot /Developer_3/SDKs/MacOSX10.5.sdk -arch i386 -I/Users/michael/src/git/lib/static-build-i386-5.0.14/include/ -mmacosx-version-min=10.5 conftest.c >&5
configure:3295: $? = 0
configure:3394: result: yes
configure:3411: checking for gcc option to accept ISO C89
configure:3485: gcc  -c -O -g -isysroot /Developer_3/SDKs/MacOSX10.5.sdk -arch i386 -I/Users/michael/src/git/lib/static-build-i386-5.0.14/include/ -mmacosx-version-min=10.5 -O -g -isysroot /Developer_3/SDKs/MacOSX10.5.sdk -arch i386 -I/Users/michael/src/git/lib/static-build-i386-5.0.14/include/ -mmacosx-version-min=10.5 conftest.c >&5
configure:3491: $? = 0
configure:3514: result: none needed
configure:3543: checking for style of include used by make
configure:3571: result: GNU
configure:3596: checking dependency style of gcc
configure:3687: result: none
configure:3703: checking whether gcc and cc understand -c and -o together
configure:3738: gcc -c conftest.c -o conftest2.o >&5
configure:3741: $? = 0
configure:3747: gcc -c conftest.c -o conftest2.o >&5
configure:3750: $? = 0
configure:3761: cc -c conftest.c >&5
configure:3764: $? = 0
configure:3772: cc -c conftest.c -o conftest2.o >&5
configure:3775: $? = 0
configure:3781: cc -c conftest.c -o conftest2.o >&5
configure:3784: $? = 0
configure:3802: result: yes
configure:3833: checking how to run the C preprocessor
configure:3873: gcc -E -O -g -isysroot /Developer_3/SDKs/MacOSX10.5.sdk -arch i386 -I/Users/michael/src/git/lib/static-build-i386-5.0.14/include/ -mmacosx-version-min=10.5 conftest.c
configure:3879: $? = 0
configure:3910: gcc -E -O -g -isysroot /Developer_3/SDKs/MacOSX10.5.sdk -arch i386 -I/Users/michael/src/git/lib/static-build-i386-5.0.14/include/ -mmacosx-version-min=10.5 conftest.c
conftest.c:10:28: error: ac_nonexistent.h: No such file or directory
configure:3916: $? = 1
configure: failed program was:
| /* confdefs.h.  */
| #define PACKAGE_NAME "libgpg-error"
| #define PACKAGE_TARNAME "libgpg-error"
| #define PACKAGE_VERSION "1.7"
| #define PACKAGE_STRING "libgpg-error 1.7"
| #define PACKAGE_BUGREPORT "bug-gnupg@gnupg.org"
| #define PACKAGE "libgpg-error"
| #define VERSION "1.7"
| /* end confdefs.h.  */
| #include <ac_nonexistent.h>
configure:3949: result: gcc -E
configure:3978: gcc -E -O -g -isysroot /Developer_3/SDKs/MacOSX10.5.sdk -arch i386 -I/Users/michael/src/git/lib/static-build-i386-5.0.14/include/ -mmacosx-version-min=10.5 conftest.c
configure:3984: $? = 0
configure:4015: gcc -E -O -g -isysroot /Developer_3/SDKs/MacOSX10.5.sdk -arch i386 -I/Users/michael/src/git/lib/static-build-i386-5.0.14/include/ -mmacosx-version-min=10.5 conftest.c
conftest.c:10:28: error: ac_nonexistent.h: No such file or directory
configure:4021: $? = 1
configure: failed program was:
| /* confdefs.h.  */
| #define PACKAGE_NAME "libgpg-error"
| #define PACKAGE_TARNAME "libgpg-error"
| #define PACKAGE_VERSION "1.7"
| #define PACKAGE_STRING "libgpg-error 1.7"
| #define PACKAGE_BUGREPORT "bug-gnupg@gnupg.org"
| #define PACKAGE "libgpg-error"
| #define VERSION "1.7"
| /* end confdefs.h.  */
| #include <ac_nonexistent.h>
configure:4062: checking for gawk
configure:4089: result: awk
configure:4143: checking for ar
configure:4159: found /usr/bin/ar
configure:4170: result: ar
configure:4241: checking for windres
configure:4271: result: no
configure:4378: checking for a sed that does not truncate output
configure:4432: result: /usr/bin/sed
configure:4435: checking for grep that handles long lines and -e
configure:4509: result: /usr/bin/grep
configure:4514: checking for egrep
configure:4592: result: /usr/bin/grep -E
configure:4608: checking for ld used by gcc
configure:4675: result: /usr/llvm-gcc-4.2/libexec/gcc/i686-apple-darwin11/4.2.1/ld
configure:4684: checking if the linker (/usr/llvm-gcc-4.2/libexec/gcc/i686-apple-darwin11/4.2.1/ld) is GNU ld
configure:4699: result: no
configure:4704: checking for /usr/llvm-gcc-4.2/libexec/gcc/i686-apple-darwin11/4.2.1/ld option to reload object files
configure:4711: result: -r
configure:4720: checking for BSD-compatible nm
configure:4762: result: /usr/bin/nm
configure:4766: checking whether ln -s works
configure:4770: result: yes
configure:4777: checking how to recognise dependent libraries
configure:4951: result: pass_all
configure:5448: checking for ANSI C header files
configure:5478: gcc -c -O -g -isysroot /Developer_3/SDKs/MacOSX10.5.sdk -arch i386 -I/Users/michael/src/git/lib/static-build-i386-5.0.14/include/ -mmacosx-version-min=10.5 -O -g -isysroot /Developer_3/SDKs/MacOSX10.5.sdk -arch i386 -I/Users/michael/src/git/lib/static-build-i386-5.0.14/include/ -mmacosx-version-min=10.5 conftest.c >&5
configure:5484: $? = 0
configure:5583: gcc -o conftest -O -g -isysroot /Developer_3/SDKs/MacOSX10.5.sdk -arch i386 -I/Users/michael/src/git/lib/static-build-i386-5.0.14/include/ -mmacosx-version-min=10.5 -O -g -isysroot /Developer_3/SDKs/MacOSX10.5.sdk -arch i386 -I/Users/michael/src/git/lib/static-build-i386-5.0.14/include/ -mmacosx-version-min=10.5 -arch i386 -L/Users/michael/src/git/lib/static-build-i386-5.0.14/lib -L/Developer_3/SDKs/MacOSX10.5.sdk/usr/lib/ -mmacosx-version-min=10.5 conftest.c  >&5
configure:5586: $? = 0
configure:5592: ./conftest
configure:5595: $? = 0
configure:5612: result: yes
configure:5636: checking for sys/types.h
configure:5657: gcc -c -O -g -isysroot /Developer_3/SDKs/MacOSX10.5.sdk -arch i386 -I/Users/michael/src/git/lib/static-build-i386-5.0.14/include/ -mmacosx-version-min=10.5 -O -g -isysroot /Developer_3/SDKs/MacOSX10.5.sdk -arch i386 -I/Users/michael/src/git/lib/static-build-i386-5.0.14/include/ -mmacosx-version-min=10.5 conftest.c >&5
configure:5663: $? = 0
configure:5679: result: yes
configure:5636: checking for sys/stat.h
configure:5657: gcc -c -O -g -isysroot /Developer_3/SDKs/MacOSX10.5.sdk -arch i386 -I/Users/michael/src/git/lib/static-build-i386-5.0.14/include/ -mmacosx-version-min=10.5 -O -g -isysroot /Developer_3/SDKs/MacOSX10.5.sdk -arch i386 -I/Users/michael/src/git/lib/static-build-i386-5.0.14/include/ -mmacosx-version-min=10.5 conftest.c >&5
configure:5663: $? = 0
configure:5679: result: yes
configure:5636: checking for stdlib.h
configure:5657: gcc -c -O -g -isysroot /Developer_3/SDKs/MacOSX10.5.sdk -arch i386 -I/Users/michael/src/git/lib/static-build-i386-5.0.14/include/ -mmacosx-version-min=10.5 -O -g -isysroot /Developer_3/SDKs/MacOSX10.5.sdk -arch i386 -I/Users/michael/src/git/lib/static-build-i386-5.0.14/include/ -mmacosx-version-min=10.5 conftest.c >&5
configure:5663: $? = 0
configure:5679: result: yes
configure:5636: checking for string.h
configure:5657: gcc -c -O -g -isysroot /Developer_3/SDKs/MacOSX10.5.sdk -arch i386 -I/Users/michael/src/git/lib/static-build-i386-5.0.14/include/ -mmacosx-version-min=10.5 -O -g -isysroot /Developer_3/SDKs/MacOSX10.5.sdk -arch i386 -I/Users/michael/src/git/lib/static-build-i386-5.0.14/include/ -mmacosx-version-min=10.5 conftest.c >&5
configure:5663: $? = 0
configure:5679: result: yes
configure:5636: checking for memory.h
configure:5657: gcc -c -O -g -isysroot /Developer_3/SDKs/MacOSX10.5.sdk -arch i386 -I/Users/michael/src/git/lib/static-build-i386-5.0.14/include/ -mmacosx-version-min=10.5 -O -g -isysroot /Developer_3/SDKs/MacOSX10.5.sdk -arch i386 -I/Users/michael/src/git/lib/static-build-i386-5.0.14/include/ -mmacosx-version-min=10.5 conftest.c >&5
configure:5663: $? = 0
configure:5679: result: yes
configure:5636: checking for strings.h
configure:5657: gcc -c -O -g -isysroot /Developer_3/SDKs/MacOSX10.5.sdk -arch i386 -I/Users/michael/src/git/lib/static-build-i386-5.0.14/include/ -mmacosx-version-min=10.5 -O -g -isysroot /Developer_3/SDKs/MacOSX10.5.sdk -arch i386 -I/Users/michael/src/git/lib/static-build-i386-5.0.14/include/ -mmacosx-version-min=10.5 conftest.c >&5
configure:5663: $? = 0
configure:5679: result: yes
configure:5636: checking for inttypes.h
configure:5657: gcc -c -O -g -isysroot /Developer_3/SDKs/MacOSX10.5.sdk -arch i386 -I/Users/michael/src/git/lib/static-build-i386-5.0.14/include/ -mmacosx-version-min=10.5 -O -g -isysroot /Developer_3/SDKs/MacOSX10.5.sdk -arch i386 -I/Users/michael/src/git/lib/static-build-i386-5.0.14/include/ -mmacosx-version-min=10.5 conftest.c >&5
configure:5663: $? = 0
configure:5679: result: yes
configure:5636: checking for stdint.h
configure:5657: gcc -c -O -g -isysroot /Developer_3/SDKs/MacOSX10.5.sdk -arch i386 -I/Users/michael/src/git/lib/static-build-i386-5.0.14/include/ -mmacosx-version-min=10.5 -O -g -isysroot /Developer_3/SDKs/MacOSX10.5.sdk -arch i386 -I/Users/michael/src/git/lib/static-build-i386-5.0.14/include/ -mmacosx-version-min=10.5 conftest.c >&5
configure:5663: $? = 0
configure:5679: result: yes
configure:5636: checking for unistd.h
configure:5657: gcc -c -O -g -isysroot /Developer_3/SDKs/MacOSX10.5.sdk -arch i386 -I/Users/michael/src/git/lib/static-build-i386-5.0.14/include/ -mmacosx-version-min=10.5 -O -g -isysroot /Developer_3/SDKs/MacOSX10.5.sdk -arch i386 -I/Users/michael/src/git/lib/static-build-i386-5.0.14/include/ -mmacosx-version-min=10.5 conftest.c >&5
configure:5663: $? = 0
configure:5679: result: yes
configure:5706: checking dlfcn.h usability
configure:5723: gcc -c -O -g -isysroot /Developer_3/SDKs/MacOSX10.5.sdk -arch i386 -I/Users/michael/src/git/lib/static-build-i386-5.0.14/include/ -mmacosx-version-min=10.5 -O -g -isysroot /Developer_3/SDKs/MacOSX10.5.sdk -arch i386 -I/Users/michael/src/git/lib/static-build-i386-5.0.14/include/ -mmacosx-version-min=10.5 conftest.c >&5
configure:5729: $? = 0
configure:5743: result: yes
configure:5747: checking dlfcn.h presence
configure:5762: gcc -E -O -g -isysroot /Developer_3/SDKs/MacOSX10.5.sdk -arch i386 -I/Users/michael/src/git/lib/static-build-i386-5.0.14/include/ -mmacosx-version-min=10.5 conftest.c
configure:5768: $? = 0
configure:5782: result: yes
configure:5815: checking for dlfcn.h
configure:5823: result: yes
configure:5894: checking for g++
configure:5910: found /usr/bin/g++
configure:5921: result: g++
configure:5952: checking for C++ compiler version
configure:5959: g++ --version >&5
i686-apple-darwin11-llvm-g++-4.2 (GCC) 4.2.1 (Based on Apple Inc. build 5658) (LLVM build 2335.15.00)
Copyright (C) 2007 Free Software Foundation, Inc.
This is free software; see the source for copying conditions.  There is NO
warranty; not even for MERCHANTABILITY or FITNESS FOR A PARTICULAR PURPOSE.

configure:5962: $? = 0
configure:5969: g++ -v >&5
Using built-in specs.
Target: i686-apple-darwin11
Configured with: /private/var/tmp/llvmgcc42/llvmgcc42-2335.15~25/src/configure --disable-checking --enable-werror --prefix=/Developer/usr/llvm-gcc-4.2 --mandir=/share/man --enable-languages=c,objc,c++,obj-c++ --program-prefix=llvm- --program-transform-name=/^[cg][^.-]*$/s/$/-4.2/ --with-slibdir=/usr/lib --build=i686-apple-darwin11 --enable-llvm=/private/var/tmp/llvmgcc42/llvmgcc42-2335.15~25/dst-llvmCore/Developer/usr/local --program-prefix=i686-apple-darwin11- --host=x86_64-apple-darwin11 --target=i686-apple-darwin11 --with-gxx-include-dir=/usr/include/c++/4.2.1
Thread model: posix
gcc version 4.2.1 (Based on Apple Inc. build 5658) (LLVM build 2335.15.00)
configure:5972: $? = 0
configure:5979: g++ -V >&5
llvm-g++-4.2: argument to `-V' is missing
configure:5982: $? = 1
configure:5985: checking whether we are using the GNU C++ compiler
configure:6014: g++ -c  -O -g -isysroot /Developer_3/SDKs/MacOSX10.5.sdk -arch i386 -I/Users/michael/src/git/lib/static-build-i386-5.0.14/include/ -mmacosx-version-min=10.5 conftest.cpp >&5
configure:6020: $? = 0
configure:6037: result: yes
configure:6042: checking whether g++ accepts -g
configure:6072: g++ -c -g -O -g -isysroot /Developer_3/SDKs/MacOSX10.5.sdk -arch i386 -I/Users/michael/src/git/lib/static-build-i386-5.0.14/include/ -mmacosx-version-min=10.5 conftest.cpp >&5
configure:6078: $? = 0
configure:6177: result: yes
configure:6202: checking dependency style of g++
configure:6293: result: none
configure:6313: checking how to run the C++ preprocessor
configure:6349: g++ -E -O -g -isysroot /Developer_3/SDKs/MacOSX10.5.sdk -arch i386 -I/Users/michael/src/git/lib/static-build-i386-5.0.14/include/ -mmacosx-version-min=10.5 conftest.cpp
configure:6355: $? = 0
configure:6386: g++ -E -O -g -isysroot /Developer_3/SDKs/MacOSX10.5.sdk -arch i386 -I/Users/michael/src/git/lib/static-build-i386-5.0.14/include/ -mmacosx-version-min=10.5 conftest.cpp
conftest.cpp:22:28: error: ac_nonexistent.h: No such file or directory
configure:6392: $? = 1
configure: failed program was:
| /* confdefs.h.  */
| #define PACKAGE_NAME "libgpg-error"
| #define PACKAGE_TARNAME "libgpg-error"
| #define PACKAGE_VERSION "1.7"
| #define PACKAGE_STRING "libgpg-error 1.7"
| #define PACKAGE_BUGREPORT "bug-gnupg@gnupg.org"
| #define PACKAGE "libgpg-error"
| #define VERSION "1.7"
| #define _GNU_SOURCE 1
| #define STDC_HEADERS 1
| #define HAVE_SYS_TYPES_H 1
| #define HAVE_SYS_STAT_H 1
| #define HAVE_STDLIB_H 1
| #define HAVE_STRING_H 1
| #define HAVE_MEMORY_H 1
| #define HAVE_STRINGS_H 1
| #define HAVE_INTTYPES_H 1
| #define HAVE_STDINT_H 1
| #define HAVE_UNISTD_H 1
| #define HAVE_DLFCN_H 1
| /* end confdefs.h.  */
| #include <ac_nonexistent.h>
configure:6425: result: g++ -E
configure:6454: g++ -E -O -g -isysroot /Developer_3/SDKs/MacOSX10.5.sdk -arch i386 -I/Users/michael/src/git/lib/static-build-i386-5.0.14/include/ -mmacosx-version-min=10.5 conftest.cpp
configure:6460: $? = 0
configure:6491: g++ -E -O -g -isysroot /Developer_3/SDKs/MacOSX10.5.sdk -arch i386 -I/Users/michael/src/git/lib/static-build-i386-5.0.14/include/ -mmacosx-version-min=10.5 conftest.cpp
conftest.cpp:22:28: error: ac_nonexistent.h: No such file or directory
configure:6497: $? = 1
configure: failed program was:
| /* confdefs.h.  */
| #define PACKAGE_NAME "libgpg-error"
| #define PACKAGE_TARNAME "libgpg-error"
| #define PACKAGE_VERSION "1.7"
| #define PACKAGE_STRING "libgpg-error 1.7"
| #define PACKAGE_BUGREPORT "bug-gnupg@gnupg.org"
| #define PACKAGE "libgpg-error"
| #define VERSION "1.7"
| #define _GNU_SOURCE 1
| #define STDC_HEADERS 1
| #define HAVE_SYS_TYPES_H 1
| #define HAVE_SYS_STAT_H 1
| #define HAVE_STDLIB_H 1
| #define HAVE_STRING_H 1
| #define HAVE_MEMORY_H 1
| #define HAVE_STRINGS_H 1
| #define HAVE_INTTYPES_H 1
| #define HAVE_STDINT_H 1
| #define HAVE_UNISTD_H 1
| #define HAVE_DLFCN_H 1
| /* end confdefs.h.  */
| #include <ac_nonexistent.h>
configure:6588: checking for g77
configure:6618: result: no
configure:6588: checking for xlf
configure:6618: result: no
configure:6588: checking for f77
configure:6618: result: no
configure:6588: checking for frt
configure:6618: result: no
configure:6588: checking for pgf77
configure:6618: result: no
configure:6588: checking for cf77
configure:6618: result: no
configure:6588: checking for fort77
configure:6618: result: no
configure:6588: checking for fl32
configure:6618: result: no
configure:6588: checking for af77
configure:6618: result: no
configure:6588: checking for xlf90
configure:6618: result: no
configure:6588: checking for f90
configure:6618: result: no
configure:6588: checking for pgf90
configure:6618: result: no
configure:6588: checking for pghpf
configure:6618: result: no
configure:6588: checking for epcf90
configure:6618: result: no
configure:6588: checking for gfortran
configure:6618: result: no
configure:6588: checking for g95
configure:6618: result: no
configure:6588: checking for xlf95
configure:6618: result: no
configure:6588: checking for f95
configure:6618: result: no
configure:6588: checking for fort
configure:6618: result: no
configure:6588: checking for ifort
configure:6618: result: no
configure:6588: checking for ifc
configure:6618: result: no
configure:6588: checking for efc
configure:6618: result: no
configure:6588: checking for pgf95
configure:6618: result: no
configure:6588: checking for lf95
configure:6618: result: no
configure:6588: checking for ftn
configure:6618: result: no
configure:6645: checking for Fortran 77 compiler version
configure:6652:  --version >&5
/Users/michael/src/git/lib/libgpg-error-1.7/configure: line 6653: --version: command not found
configure:6655: $? = 127
configure:6662:  -v >&5
/Users/michael/src/git/lib/libgpg-error-1.7/configure: line 6663: -v: command not found
configure:6665: $? = 127
configure:6672:  -V >&5
/Users/michael/src/git/lib/libgpg-error-1.7/configure: line 6673: -V: command not found
configure:6675: $? = 127
configure:6683: checking whether we are using the GNU Fortran 77 compiler
configure:6702:  -c  conftest.F >&5
/Users/michael/src/git/lib/libgpg-error-1.7/configure: line 6703: -c: command not found
configure:6708: $? = 127
configure: failed program was:
|       program main
| #ifndef __GNUC__
|        choke me
| #endif
| 
|       end
configure:6725: result: no
configure:6731: checking whether  accepts -g
configure:6748:  -c -g conftest.f >&5
/Users/michael/src/git/lib/libgpg-error-1.7/configure: line 6749: -c: command not found
configure:6754: $? = 127
configure: failed program was:
|       program main
| 
|       end
configure:6770: result: no
configure:6800: checking the maximum length of command line arguments
configure:6865: result: 65536
configure:6876: checking command to parse /usr/bin/nm output from gcc object
configure:6965: gcc -c -O -g -isysroot /Developer_3/SDKs/MacOSX10.5.sdk -arch i386 -I/Users/michael/src/git/lib/static-build-i386-5.0.14/include/ -mmacosx-version-min=10.5 -O -g -isysroot /Developer_3/SDKs/MacOSX10.5.sdk -arch i386 -I/Users/michael/src/git/lib/static-build-i386-5.0.14/include/ -mmacosx-version-min=10.5 conftest.c >&5
configure:6968: $? = 0
configure:6972: /usr/bin/nm conftest.o \| sed -n -e 's/^.*[ 	]\([BCDEGRST][BCDEGRST]*\)[ 	][ 	]*\(\)\([_A-Za-z][_A-Za-z0-9]*\)$/\1 \2\3 \3/p' \> conftest.nm
configure:6975: $? = 0
cannot find nm_test_var in conftest.nm
configure:6965: gcc -c -O -g -isysroot /Developer_3/SDKs/MacOSX10.5.sdk -arch i386 -I/Users/michael/src/git/lib/static-build-i386-5.0.14/include/ -mmacosx-version-min=10.5 -O -g -isysroot /Developer_3/SDKs/MacOSX10.5.sdk -arch i386 -I/Users/michael/src/git/lib/static-build-i386-5.0.14/include/ -mmacosx-version-min=10.5 conftest.c >&5
configure:6968: $? = 0
configure:6972: /usr/bin/nm conftest.o \| sed -n -e 's/^.*[ 	]\([BCDEGRST][BCDEGRST]*\)[ 	][ 	]*\(_\)\([_A-Za-z][_A-Za-z0-9]*\)$/\1 \2\3 \3/p' \> conftest.nm
configure:6975: $? = 0
configure:7027: gcc -o conftest -O -g -isysroot /Developer_3/SDKs/MacOSX10.5.sdk -arch i386 -I/Users/michael/src/git/lib/static-build-i386-5.0.14/include/ -mmacosx-version-min=10.5 -O -g -isysroot /Developer_3/SDKs/MacOSX10.5.sdk -arch i386 -I/Users/michael/src/git/lib/static-build-i386-5.0.14/include/ -mmacosx-version-min=10.5 -arch i386 -L/Users/michael/src/git/lib/static-build-i386-5.0.14/lib -L/Developer_3/SDKs/MacOSX10.5.sdk/usr/lib/ -mmacosx-version-min=10.5 conftest.c conftstm.o >&5
configure:7030: $? = 0
configure:7068: result: ok
configure:7072: checking for objdir
configure:7087: result: .libs
configure:7179: checking for ar
configure:7206: result: ar
configure:7275: checking for ranlib
configure:7291: found /usr/bin/ranlib
configure:7302: result: ranlib
configure:7371: checking for strip
configure:7387: found /usr/bin/strip
configure:7398: result: strip
configure:7674: checking if gcc static flag  works
configure:7697: result: yes
configure:7719: checking if gcc supports -fno-rtti -fno-exceptions
configure:7737: gcc -c -O -g -isysroot /Developer_3/SDKs/MacOSX10.5.sdk -arch i386 -I/Users/michael/src/git/lib/static-build-i386-5.0.14/include/ -mmacosx-version-min=10.5 -O -g -isysroot /Developer_3/SDKs/MacOSX10.5.sdk -arch i386 -I/Users/michael/src/git/lib/static-build-i386-5.0.14/include/ -mmacosx-version-min=10.5 -fno-rtti -fno-exceptions conftest.c >&5
cc1: warning: command line option "-fno-rtti" is valid for C++/ObjC++ but not for C
configure:7741: $? = 0
configure:7752: result: no
configure:7767: checking for gcc option to produce PIC
configure:7944: result: -fno-common
configure:7952: checking if gcc PIC flag -fno-common works
configure:7970: gcc -c -O -g -isysroot /Developer_3/SDKs/MacOSX10.5.sdk -arch i386 -I/Users/michael/src/git/lib/static-build-i386-5.0.14/include/ -mmacosx-version-min=10.5 -O -g -isysroot /Developer_3/SDKs/MacOSX10.5.sdk -arch i386 -I/Users/michael/src/git/lib/static-build-i386-5.0.14/include/ -mmacosx-version-min=10.5 -fno-common -DPIC conftest.c >&5
configure:7974: $? = 0
configure:7985: result: yes
configure:8009: checking if gcc supports -c -o file.o
configure:8030: gcc -c -O -g -isysroot /Developer_3/SDKs/MacOSX10.5.sdk -arch i386 -I/Users/michael/src/git/lib/static-build-i386-5.0.14/include/ -mmacosx-version-min=10.5 -O -g -isysroot /Developer_3/SDKs/MacOSX10.5.sdk -arch i386 -I/Users/michael/src/git/lib/static-build-i386-5.0.14/include/ -mmacosx-version-min=10.5 -o out/conftest2.o conftest.c >&5
configure:8034: $? = 0
configure:8054: result: yes
configure:8080: checking whether the gcc linker (/usr/llvm-gcc-4.2/libexec/gcc/i686-apple-darwin11/4.2.1/ld) supports shared libraries
configure:8925: result: yes
configure:8996: checking dynamic linker characteristics
configure:9548: result: darwin11.3.0 dyld
configure:9552: checking how to hardcode library paths into programs
configure:9577: result: immediate
configure:9591: checking whether stripping libraries is possible
configure:9604: result: yes
configure:10393: checking if libtool supports shared libraries
configure:10395: result: yes
configure:10398: checking whether to build shared libraries
configure:10456: result: no
configure:10459: checking whether to build static libraries
configure:10463: result: yes
configure:10555: creating libtool
configure:11102: checking for ld used by g++
configure:11169: result: /usr/llvm-gcc-4.2/libexec/gcc/i686-apple-darwin11/4.2.1/ld
configure:11178: checking if the linker (/usr/llvm-gcc-4.2/libexec/gcc/i686-apple-darwin11/4.2.1/ld) is GNU ld
configure:11193: result: no
configure:11244: checking whether the g++ linker (/usr/llvm-gcc-4.2/libexec/gcc/i686-apple-darwin11/4.2.1/ld) supports shared libraries
configure:12068: result: yes
configure:12090: g++ -c -g -O2 -O -g -isysroot /Developer_3/SDKs/MacOSX10.5.sdk -arch i386 -I/Users/michael/src/git/lib/static-build-i386-5.0.14/include/ -mmacosx-version-min=10.5 conftest.cc >&5
configure:12093: $? = 0
configure:12189: checking for g++ option to produce PIC
configure:12441: result: -fno-common
configure:12449: checking if g++ PIC flag -fno-common works
configure:12467: g++ -c -g -O2 -O -g -isysroot /Developer_3/SDKs/MacOSX10.5.sdk -arch i386 -I/Users/michael/src/git/lib/static-build-i386-5.0.14/include/ -mmacosx-version-min=10.5 -fno-common -DPIC conftest.cc >&5
configure:12471: $? = 0
configure:12482: result: yes
configure:12506: checking if g++ supports -c -o file.o
configure:12527: g++ -c -g -O2 -O -g -isysroot /Developer_3/SDKs/MacOSX10.5.sdk -arch i386 -I/Users/michael/src/git/lib/static-build-i386-5.0.14/include/ -mmacosx-version-min=10.5 -o out/conftest2.o conftest.cc >&5
configure:12531: $? = 0
configure:12551: result: yes
configure:12577: checking whether the g++ linker (/usr/llvm-gcc-4.2/libexec/gcc/i686-apple-darwin11/4.2.1/ld) supports shared libraries
configure:12605: result: yes
configure:12676: checking dynamic linker characteristics
configure:13228: result: darwin11.3.0 dyld
configure:13232: checking how to hardcode library paths into programs
configure:13257: result: immediate
configure:13271: checking whether stripping libraries is possible
configure:13284: result: yes
configure:20467: checking for cc for build
configure:20474: result: gcc
configure:20497: checking whether NLS is requested
configure:20506: result: no
configure:20544: checking for msgfmt
configure:20579: result: no
configure:20585: checking for gmsgfmt
configure:20616: result: :
configure:20667: checking for xgettext
configure:20702: result: no
configure:20745: checking for msgmerge
configure:20779: result: no
configure:20830: checking for ld used by GCC
configure:20894: result: /usr/llvm-gcc-4.2/libexec/gcc/i686-apple-darwin11/4.2.1/ld
configure:20903: checking if the linker (/usr/llvm-gcc-4.2/libexec/gcc/i686-apple-darwin11/4.2.1/ld) is GNU ld
configure:20916: result: no
configure:20923: checking for shared library run path origin
configure:20936: result: done
configure:21372: checking for CFPreferencesCopyAppValue
configure:21400: gcc -o conftest -O -g -isysroot /Developer_3/SDKs/MacOSX10.5.sdk -arch i386 -I/Users/michael/src/git/lib/static-build-i386-5.0.14/include/ -mmacosx-version-min=10.5 -O -g -isysroot /Developer_3/SDKs/MacOSX10.5.sdk -arch i386 -I/Users/michael/src/git/lib/static-build-i386-5.0.14/include/ -mmacosx-version-min=10.5 -arch i386 -L/Users/michael/src/git/lib/static-build-i386-5.0.14/lib -L/Developer_3/SDKs/MacOSX10.5.sdk/usr/lib/ -mmacosx-version-min=10.5 conftest.c  -Wl,-framework -Wl,CoreFoundation >&5
configure:21406: $? = 0
configure:21424: result: yes
configure:21433: checking for CFLocaleCopyCurrent
configure:21461: gcc -o conftest -O -g -isysroot /Developer_3/SDKs/MacOSX10.5.sdk -arch i386 -I/Users/michael/src/git/lib/static-build-i386-5.0.14/include/ -mmacosx-version-min=10.5 -O -g -isysroot /Developer_3/SDKs/MacOSX10.5.sdk -arch i386 -I/Users/michael/src/git/lib/static-build-i386-5.0.14/include/ -mmacosx-version-min=10.5 -arch i386 -L/Users/michael/src/git/lib/static-build-i386-5.0.14/lib -L/Developer_3/SDKs/MacOSX10.5.sdk/usr/lib/ -mmacosx-version-min=10.5 conftest.c  -Wl,-framework -Wl,CoreFoundation >&5
configure:21467: $? = 0
configure:21485: result: yes
configure:22267: checking whether to use NLS
configure:22269: result: no
configure:22346: checking for ANSI C header files
configure:22510: result: yes
configure:22526: checking for stdlib.h
configure:22532: result: yes
configure:22536: checking locale.h usability
configure:22553: gcc -c -O -g -isysroot /Developer_3/SDKs/MacOSX10.5.sdk -arch i386 -I/Users/michael/src/git/lib/static-build-i386-5.0.14/include/ -mmacosx-version-min=10.5 -O -g -isysroot /Developer_3/SDKs/MacOSX10.5.sdk -arch i386 -I/Users/michael/src/git/lib/static-build-i386-5.0.14/include/ -mmacosx-version-min=10.5 conftest.c >&5
configure:22559: $? = 0
configure:22573: result: yes
configure:22577: checking locale.h presence
configure:22592: gcc -E -O -g -isysroot /Developer_3/SDKs/MacOSX10.5.sdk -arch i386 -I/Users/michael/src/git/lib/static-build-i386-5.0.14/include/ -mmacosx-version-min=10.5 conftest.c
configure:22598: $? = 0
configure:22612: result: yes
configure:22645: checking for locale.h
configure:22653: result: yes
configure:22666: checking whether strerror_r is declared
configure:22695: gcc -c -O -g -isysroot /Developer_3/SDKs/MacOSX10.5.sdk -arch i386 -I/Users/michael/src/git/lib/static-build-i386-5.0.14/include/ -mmacosx-version-min=10.5 -O -g -isysroot /Developer_3/SDKs/MacOSX10.5.sdk -arch i386 -I/Users/michael/src/git/lib/static-build-i386-5.0.14/include/ -mmacosx-version-min=10.5 conftest.c >&5
configure:22701: $? = 0
configure:22716: result: yes
configure:22738: checking for strerror_r
configure:22794: gcc -o conftest -O -g -isysroot /Developer_3/SDKs/MacOSX10.5.sdk -arch i386 -I/Users/michael/src/git/lib/static-build-i386-5.0.14/include/ -mmacosx-version-min=10.5 -O -g -isysroot /Developer_3/SDKs/MacOSX10.5.sdk -arch i386 -I/Users/michael/src/git/lib/static-build-i386-5.0.14/include/ -mmacosx-version-min=10.5 -arch i386 -L/Users/michael/src/git/lib/static-build-i386-5.0.14/lib -L/Developer_3/SDKs/MacOSX10.5.sdk/usr/lib/ -mmacosx-version-min=10.5 conftest.c  >&5
configure:22800: $? = 0
configure:22818: result: yes
configure:22828: checking whether strerror_r returns char *
configure:22862: gcc -c -O -g -isysroot /Developer_3/SDKs/MacOSX10.5.sdk -arch i386 -I/Users/michael/src/git/lib/static-build-i386-5.0.14/include/ -mmacosx-version-min=10.5 -O -g -isysroot /Developer_3/SDKs/MacOSX10.5.sdk -arch i386 -I/Users/michael/src/git/lib/static-build-i386-5.0.14/include/ -mmacosx-version-min=10.5 conftest.c >&5
conftest.c: In function 'main':
conftest.c:67: error: invalid type argument of 'unary *'
conftest.c:68: warning: initialization makes pointer from integer without a cast
configure:22868: $? = 1
configure: failed program was:
| /* confdefs.h.  */
| #define PACKAGE_NAME "libgpg-error"
| #define PACKAGE_TARNAME "libgpg-error"
| #define PACKAGE_VERSION "1.7"
| #define PACKAGE_STRING "libgpg-error 1.7"
| #define PACKAGE_BUGREPORT "bug-gnupg@gnupg.org"
| #define PACKAGE "libgpg-error"
| #define VERSION "1.7"
| #define _GNU_SOURCE 1
| #define STDC_HEADERS 1
| #define HAVE_SYS_TYPES_H 1
| #define HAVE_SYS_STAT_H 1
| #define HAVE_STDLIB_H 1
| #define HAVE_STRING_H 1
| #define HAVE_MEMORY_H 1
| #define HAVE_STRINGS_H 1
| #define HAVE_INTTYPES_H 1
| #define HAVE_STDINT_H 1
| #define HAVE_UNISTD_H 1
| #define HAVE_DLFCN_H 1
| #define HAVE_CFPREFERENCESCOPYAPPVALUE 1
| #define HAVE_CFLOCALECOPYCURRENT 1
| #define STDC_HEADERS 1
| #define HAVE_STDLIB_H 1
| #define HAVE_LOCALE_H 1
| #define HAVE_DECL_STRERROR_R 1
| #define HAVE_STRERROR_R 1
| /* end confdefs.h.  */
| #include <stdio.h>
| #ifdef HAVE_SYS_TYPES_H
| # include <sys/types.h>
| #endif
| #ifdef HAVE_SYS_STAT_H
| # include <sys/stat.h>
| #endif
| #ifdef STDC_HEADERS
| # include <stdlib.h>
| # include <stddef.h>
| #else
| # ifdef HAVE_STDLIB_H
| #  include <stdlib.h>
| # endif
| #endif
| #ifdef HAVE_STRING_H
| # if !defined STDC_HEADERS && defined HAVE_MEMORY_H
| #  include <memory.h>
| # endif
| # include <string.h>
| #endif
| #ifdef HAVE_STRINGS_H
| # include <strings.h>
| #endif
| #ifdef HAVE_INTTYPES_H
| # include <inttypes.h>
| #endif
| #ifdef HAVE_STDINT_H
| # include <stdint.h>
| #endif
| #ifdef HAVE_UNISTD_H
| # include <unistd.h>
| #endif
| int
| main ()
| {
| 
| 	  char buf[100];
| 	  char x = *strerror_r (0, buf, sizeof buf);
| 	  char *p = strerror_r (0, buf, sizeof buf);
| 	  return !p || x;
| 
|   ;
|   return 0;
| }
configure:22944: result: no
configure:22960: checking for strerror_r
configure:23039: result: yes
configure:23052: checking for an ANSI C-conforming const
configure:23127: gcc -c -O -g -isysroot /Developer_3/SDKs/MacOSX10.5.sdk -arch i386 -I/Users/michael/src/git/lib/static-build-i386-5.0.14/include/ -mmacosx-version-min=10.5 -O -g -isysroot /Developer_3/SDKs/MacOSX10.5.sdk -arch i386 -I/Users/michael/src/git/lib/static-build-i386-5.0.14/include/ -mmacosx-version-min=10.5 conftest.c >&5
configure:23133: $? = 0
configure:23148: result: yes
configure:23367: creating ./config.status

## ---------------------- ##
## Running config.status. ##
## ---------------------- ##

This file was extended by libgpg-error config.status 1.7, which was
generated by GNU Autoconf 2.61.  Invocation command line was

  CONFIG_FILES    = 
  CONFIG_HEADERS  = 
  CONFIG_LINKS    = 
  CONFIG_COMMANDS = 
  $ ./config.status 

on kranich

config.status:712: creating src/gpg-error-config
config.status:712: creating Makefile
config.status:712: creating po/Makefile.in
config.status:712: creating m4/Makefile
config.status:712: creating src/Makefile
config.status:712: creating tests/Makefile
config.status:712: creating lang/Makefile
config.status:712: creating lang/cl/Makefile
config.status:712: creating lang/cl/gpg-error.asd
config.status:712: creating src/versioninfo.rc
config.status:712: creating config.h
config.status:987: executing depfiles commands
config.status:987: executing po-directories commands

## ---------------- ##
## Cache variables. ##
## ---------------- ##

ac_cv_build=i386-apple-darwin11.3.0
ac_cv_c_compiler_gnu=yes
ac_cv_c_const=yes
ac_cv_cxx_compiler_gnu=yes
ac_cv_env_CCC_set=
ac_cv_env_CCC_value=
ac_cv_env_CC_FOR_BUILD_set=
ac_cv_env_CC_FOR_BUILD_value=
ac_cv_env_CC_set=
ac_cv_env_CC_value=
ac_cv_env_CFLAGS_set=set
ac_cv_env_CFLAGS_value='-O -g -isysroot /Developer_3/SDKs/MacOSX10.5.sdk -arch i386 -I/Users/michael/src/git/lib/static-build-i386-5.0.14/include/ -mmacosx-version-min=10.5'
ac_cv_env_CPPFLAGS_set=set
ac_cv_env_CPPFLAGS_value='-O -g -isysroot /Developer_3/SDKs/MacOSX10.5.sdk -arch i386 -I/Users/michael/src/git/lib/static-build-i386-5.0.14/include/ -mmacosx-version-min=10.5'
ac_cv_env_CPP_set=
ac_cv_env_CPP_value=
ac_cv_env_CXXCPP_set=
ac_cv_env_CXXCPP_value=
ac_cv_env_CXXFLAGS_set=
ac_cv_env_CXXFLAGS_value=
ac_cv_env_CXX_set=
ac_cv_env_CXX_value=
ac_cv_env_F77_set=
ac_cv_env_F77_value=
ac_cv_env_FFLAGS_set=
ac_cv_env_FFLAGS_value=
ac_cv_env_LDFLAGS_set=set
ac_cv_env_LDFLAGS_value='-arch i386 -L/Users/michael/src/git/lib/static-build-i386-5.0.14/lib -L/Developer_3/SDKs/MacOSX10.5.sdk/usr/lib/ -mmacosx-version-min=10.5'
ac_cv_env_LIBS_set=
ac_cv_env_LIBS_value=
ac_cv_env_build_alias_set=
ac_cv_env_build_alias_value=
ac_cv_env_host_alias_set=
ac_cv_env_host_alias_value=
ac_cv_env_target_alias_set=
ac_cv_env_target_alias_value=
ac_cv_f77_compiler_gnu=no
ac_cv_func_strerror_r=yes
ac_cv_func_strerror_r_char_p=no
ac_cv_have_decl_strerror_r=yes
ac_cv_header_dlfcn_h=yes
ac_cv_header_inttypes_h=yes
ac_cv_header_locale_h=yes
ac_cv_header_memory_h=yes
ac_cv_header_stdc=yes
ac_cv_header_stdint_h=yes
ac_cv_header_stdlib_h=yes
ac_cv_header_string_h=yes
ac_cv_header_strings_h=yes
ac_cv_header_sys_stat_h=yes
ac_cv_header_sys_types_h=yes
ac_cv_header_unistd_h=yes
ac_cv_host=i386-apple-darwin11.3.0
ac_cv_objext=o
ac_cv_path_EGREP='/usr/bin/grep -E'
ac_cv_path_GMSGFMT=:
ac_cv_path_GREP=/usr/bin/grep
ac_cv_path_MSGFMT=:
ac_cv_path_MSGMERGE=:
ac_cv_path_XGETTEXT=:
ac_cv_path_install='/usr/bin/install -c'
ac_cv_prog_AWK=awk
ac_cv_prog_CPP='gcc -E'
ac_cv_prog_CXXCPP='g++ -E'
ac_cv_prog_ac_ct_AR=ar
ac_cv_prog_ac_ct_CC=gcc
ac_cv_prog_ac_ct_CXX=g++
ac_cv_prog_ac_ct_RANLIB=ranlib
ac_cv_prog_ac_ct_STRIP=strip
ac_cv_prog_cc_c89=
ac_cv_prog_cc_g=yes
ac_cv_prog_cc_gcc_c_o=yes
ac_cv_prog_cxx_g=yes
ac_cv_prog_f77_g=no
ac_cv_prog_make_make_set=yes
acl_cv_hardcode_direct=no
acl_cv_hardcode_libdir_flag_spec=
acl_cv_hardcode_libdir_separator=
acl_cv_hardcode_minus_L=no
acl_cv_libext=a
acl_cv_path_LD=/usr/llvm-gcc-4.2/libexec/gcc/i686-apple-darwin11/4.2.1/ld
acl_cv_prog_gnu_ld=no
acl_cv_rpath=done
acl_cv_shlibext=dylib
acl_cv_wl=-Wl,
am_cv_CC_dependencies_compiler_type=none
am_cv_CXX_dependencies_compiler_type=none
gt_cv_func_CFLocaleCopyCurrent=yes
gt_cv_func_CFPreferencesCopyAppValue=yes
lt_cv_deplibs_check_method=pass_all
lt_cv_file_magic_cmd='$MAGIC_CMD'
lt_cv_file_magic_test_file=
lt_cv_ld_reload_flag=-r
lt_cv_objdir=.libs
lt_cv_path_LD=/usr/llvm-gcc-4.2/libexec/gcc/i686-apple-darwin11/4.2.1/ld
lt_cv_path_LDCXX=/usr/llvm-gcc-4.2/libexec/gcc/i686-apple-darwin11/4.2.1/ld
lt_cv_path_NM=/usr/bin/nm
lt_cv_path_SED=/usr/bin/sed
lt_cv_prog_compiler_c_o=yes
lt_cv_prog_compiler_c_o_CXX=yes
lt_cv_prog_compiler_c_o_RC=yes
lt_cv_prog_compiler_rtti_exceptions=no
lt_cv_prog_gnu_ld=no
lt_cv_prog_gnu_ldcxx=no
lt_cv_sys_global_symbol_pipe='sed -n -e '\''s/^.*[ 	]\([BCDEGRST][BCDEGRST]*\)[ 	][ 	]*\(_\)\([_A-Za-z][_A-Za-z0-9]*\)$/\1 \2\3 \3/p'\'''
lt_cv_sys_global_symbol_to_c_name_address='sed -n -e '\''s/^: \([^ ]*\) $/  {\"\1\", (lt_ptr) 0},/p'\'' -e '\''s/^[BCDEGRST] \([^ ]*\) \([^ ]*\)$/  {"\2", (lt_ptr) \&\2},/p'\'''
lt_cv_sys_global_symbol_to_cdecl='sed -n -e '\''s/^. .* \(.*\)$/extern int \1;/p'\'''
lt_cv_sys_max_cmd_len=65536
lt_lt_cv_prog_compiler_c_o='"yes"'
lt_lt_cv_prog_compiler_c_o_CXX='"yes"'
lt_lt_cv_prog_compiler_c_o_RC='"yes"'
lt_lt_cv_sys_global_symbol_pipe='"sed -n -e '\''s/^.*[ 	]\\([BCDEGRST][BCDEGRST]*\\)[ 	][ 	]*\\(_\\)\\([_A-Za-z][_A-Za-z0-9]*\\)\$/\\1 \\2\\3 \\3/p'\''"'
lt_lt_cv_sys_global_symbol_to_c_name_address='"sed -n -e '\''s/^: \\([^ ]*\\) \$/  {\\\"\\1\\\", (lt_ptr) 0},/p'\'' -e '\''s/^[BCDEGRST] \\([^ ]*\\) \\([^ ]*\\)\$/  {\"\\2\", (lt_ptr) \\&\\2},/p'\''"'
lt_lt_cv_sys_global_symbol_to_cdecl='"sed -n -e '\''s/^. .* \\(.*\\)\$/extern int \\1;/p'\''"'

## ----------------- ##
## Output variables. ##
## ----------------- ##

ACLOCAL='${SHELL} /Users/michael/src/git/lib/libgpg-error-1.7/missing --run aclocal-1.10'
AMDEPBACKSLASH=''
AMDEP_FALSE=''
AMDEP_TRUE='#'
AMTAR='${SHELL} /Users/michael/src/git/lib/libgpg-error-1.7/missing --run tar'
AR='ar'
AS='as'
AUTOCONF='${SHELL} /Users/michael/src/git/lib/libgpg-error-1.7/missing --run autoconf'
AUTOHEADER='${SHELL} /Users/michael/src/git/lib/libgpg-error-1.7/missing --run autoheader'
AUTOMAKE='${SHELL} /Users/michael/src/git/lib/libgpg-error-1.7/missing --run automake-1.10'
AWK='awk'
BUILD_FILEVERSION=''
BUILD_TIMESTAMP=''
CC='gcc'
CCDEPMODE='depmode=none'
CC_FOR_BUILD='gcc'
CFLAGS='-O -g -isysroot /Developer_3/SDKs/MacOSX10.5.sdk -arch i386 -I/Users/michael/src/git/lib/static-build-i386-5.0.14/include/ -mmacosx-version-min=10.5'
CPP='gcc -E'
CPPFLAGS='-O -g -isysroot /Developer_3/SDKs/MacOSX10.5.sdk -arch i386 -I/Users/michael/src/git/lib/static-build-i386-5.0.14/include/ -mmacosx-version-min=10.5'
CXX='g++'
CXXCPP='g++ -E'
CXXDEPMODE='depmode=none'
CXXFLAGS='-g -O2'
CYGPATH_W='echo'
DEFS='-DHAVE_CONFIG_H'
DEPDIR='.deps'
DLLTOOL='dlltool'
ECHO='/bin/echo'
ECHO_C='ECHO_N=''
ECHO_T=''
EGREP='/usr/bin/grep -E'
EXEEXT=''
F77=''
FFLAGS=''
GMSGFMT=':'
GMSGFMT_015=':'
GPG_ERROR_CONFIG_CFLAGS=''
GPG_ERROR_CONFIG_LIBS='-lgpg-error'
GREP='/usr/bin/grep'
HAVE_W32_SYSTEM_FALSE=''
HAVE_W32_SYSTEM_TRUE='#'
INSTALL_DATA='${INSTALL} -m 644'
INSTALL_PROGRAM='${INSTALL}'
INSTALL_SCRIPT='${INSTALL}'
INSTALL_STRIP_PROGRAM='$(install_sh) -c -s'
INTLLIBS=''
INTL_MACOSX_LIBS='-Wl,-framework -Wl,CoreFoundation'
LANGUAGES_SOME_FALSE=''
LANGUAGES_SOME_TRUE='#'
LDFLAGS='-arch i386 -L/Users/michael/src/git/lib/static-build-i386-5.0.14/lib -L/Developer_3/SDKs/MacOSX10.5.sdk/usr/lib/ -mmacosx-version-min=10.5'
LIBGPG_ERROR_LT_AGE='5'
LIBGPG_ERROR_LT_CURRENT='5'
LIBGPG_ERROR_LT_REVISION='0'
LIBICONV='/Developer_3/SDKs/MacOSX10.5.sdk/usr/lib//libiconv.dylib'
LIBINTL=''
LIBOBJS=''
LIBS=''
LIBTOOL='$(SHELL) $(top_builddir)/libtool'
LN_S='ln -s'
LTLIBICONV='-L/Developer_3/SDKs/MacOSX10.5.sdk/usr/lib/ -liconv'
LTLIBINTL=''
LTLIBOBJS=''
MAINT='#'
MAINTAINER_MODE_FALSE=''
MAINTAINER_MODE_TRUE='#'
MAKEINFO='${SHELL} /Users/michael/src/git/lib/libgpg-error-1.7/missing --run makeinfo'
MSGFMT=':'
MSGFMT_015=':'
MSGMERGE=':'
OBJDUMP='objdump'
OBJEXT='o'
PACKAGE='libgpg-error'
PACKAGE_BUGREPORT='bug-gnupg@gnupg.org'
PACKAGE_NAME='libgpg-error'
PACKAGE_STRING='libgpg-error 1.7'
PACKAGE_TARNAME='libgpg-error'
PACKAGE_VERSION='1.7'
PATH_SEPARATOR=':'
POSUB=''
RANLIB='ranlib'
RC='no'
SET_MAKE=''
SHELL='/bin/sh'
STRIP='strip'
USE_NLS='no'
VERSION='1.7'
XGETTEXT=':'
XGETTEXT_015=':'
ac_ct_CC='gcc'
ac_ct_CXX='g++'
ac_ct_F77=''
am__fastdepCC_FALSE=''
am__fastdepCC_TRUE='#'
am__fastdepCXX_FALSE=''
am__fastdepCXX_TRUE='#'
am__include='include'
am__isrc=' -I$(srcdir)'
am__leading_dot='.'
am__quote=''
am__tar='${AMTAR} chof - "$$tardir"'
am__untar='${AMTAR} xf -'
bindir='${exec_prefix}/bin'
build='i386-apple-darwin11.3.0'
build_alias=''
build_cpu='i386'
build_os='darwin11.3.0'
build_vendor='apple'
datadir='${datarootdir}'
datarootdir='${prefix}/share'
docdir='${datarootdir}/doc/${PACKAGE_TARNAME}'
dvidir='${docdir}'
exec_prefix='${prefix}'
host='i386-apple-darwin11.3.0'
host_alias=''
host_cpu='i386'
host_os='darwin11.3.0'
host_vendor='apple'
htmldir='${docdir}'
includedir='${prefix}/include'
infodir='${datarootdir}/info'
install_sh='$(SHELL) /Users/michael/src/git/lib/libgpg-error-1.7/install-sh'
libdir='${exec_prefix}/lib'
libexecdir='${exec_prefix}/libexec'
localedir='${datarootdir}/locale'
localstatedir='${prefix}/var'
mandir='${datarootdir}/man'
mkdir_p='/Users/michael/src/git/lib/libgpg-error-1.7/install-sh -c -d'
oldincludedir='/usr/include'
pdfdir='${docdir}'
prefix='/Users/michael/src/git/lib/static-build-i386-5.0.14'
program_transform_name='s,x,x,'
psdir='${docdir}'
sbindir='${exec_prefix}/sbin'
sharedstatedir='${prefix}/com'
sysconfdir='${prefix}/etc'
target_alias=''

## ----------- ##
## confdefs.h. ##
## ----------- ##

#define PACKAGE_NAME "libgpg-error"
#define PACKAGE_TARNAME "libgpg-error"
#define PACKAGE_VERSION "1.7"
#define PACKAGE_STRING "libgpg-error 1.7"
#define PACKAGE_BUGREPORT "bug-gnupg@gnupg.org"
#define PACKAGE "libgpg-error"
#define VERSION "1.7"
#define _GNU_SOURCE 1
#define STDC_HEADERS 1
#define HAVE_SYS_TYPES_H 1
#define HAVE_SYS_STAT_H 1
#define HAVE_STDLIB_H 1
#define HAVE_STRING_H 1
#define HAVE_MEMORY_H 1
#define HAVE_STRINGS_H 1
#define HAVE_INTTYPES_H 1
#define HAVE_STDINT_H 1
#define HAVE_UNISTD_H 1
#define HAVE_DLFCN_H 1
#define HAVE_CFPREFERENCESCOPYAPPVALUE 1
#define HAVE_CFLOCALECOPYCURRENT 1
#define STDC_HEADERS 1
#define HAVE_STDLIB_H 1
#define HAVE_LOCALE_H 1
#define HAVE_DECL_STRERROR_R 1
#define HAVE_STRERROR_R 1

configure: exit 0
