This file contains any messages produced by compilers while
running configure, to aid debugging if configure makes a mistake.

It was created by configure, which was
generated by GNU Autoconf 2.61.  Invocation command line was

  $ /Users/michael/src/git/lib/gettext-0.17/gettext-runtime/libasprintf/configure --prefix=/Users/michael/src/git/lib/static-build-i386-4.99.21rc5 --disable-dependency-tracking --disable-shared --enable-static --disable-java --disable-openmp --disable-largefile --disable-rpath --enable-relocatable CFLAGS=-O -g -isysroot /Developer/SDKs/MacOSX10.5.sdk -arch i386 -I/Users/michael/src/git/lib/static-build-i386-4.99.21rc5/include/ -mmacosx-version-min=10.5 LDFLAGS=-arch i386 -L/Users/michael/src/git/lib/static-build-i386-4.99.21rc5/lib -L/Developer/SDKs/MacOSX10.5.sdk/usr/lib/ -mmacosx-version-min=10.5 CPPFLAGS=-O -g -isysroot /Developer/SDKs/MacOSX10.5.sdk -arch i386 -I/Users/michael/src/git/lib/static-build-i386-4.99.21rc5/include/ -mmacosx-version-min=10.5 --cache-file=/dev/null --srcdir=/Users/michael/src/git/lib/gettext-0.17/gettext-runtime/libasprintf

## --------- ##
## Platform. ##
## --------- ##

hostname = moeve.fritz.box
uname -m = i386
uname -r = 10.4.0
uname -s = Darwin
uname -v = Darwin Kernel Version 10.4.0: Fri Apr 23 18:28:53 PDT 2010; root:xnu-1504.7.4~1/RELEASE_I386

/usr/bin/uname -p = i386
/bin/uname -X     = unknown

/bin/arch              = unknown
/usr/bin/arch -k       = unknown
/usr/convex/getsysinfo = unknown
/usr/bin/hostinfo      = Mach kernel version:
	 Darwin Kernel Version 10.4.0: Fri Apr 23 18:28:53 PDT 2010; root:xnu-1504.7.4~1/RELEASE_I386
Kernel configured for up to 2 processors.
2 processors are physically available.
2 processors are logically available.
Processor type: i486 (Intel 80486)
Processors active: 0 1
Primary memory available: 4.00 gigabytes
Default processor set: 109 tasks, 478 threads, 2 processors
Load average: 2.01, Mach factor: 0.78
/bin/machine           = unknown
/usr/bin/oslevel       = unknown
/bin/universe          = unknown

PATH: /Users/michael/src/git/lib/static-build-i386-4.99.21rc5/bin
PATH: /usr/bin
PATH: /bin
PATH: /usr/sbin
PATH: /sbin
PATH: /usr/X11/bin


## ----------- ##
## Core tests. ##
## ----------- ##

configure:1976: checking for a BSD-compatible install
configure:2032: result: /usr/bin/install -c
configure:2043: checking whether build environment is sane
configure:2086: result: yes
configure:2114: checking for a thread-safe mkdir -p
configure:2153: result: /Users/michael/src/git/lib/gettext-0.17/gettext-runtime/libasprintf/../../build-aux/install-sh -c -d
configure:2166: checking for gawk
configure:2196: result: no
configure:2166: checking for mawk
configure:2196: result: no
configure:2166: checking for nawk
configure:2196: result: no
configure:2166: checking for awk
configure:2182: found /usr/bin/awk
configure:2193: result: awk
configure:2204: checking whether make sets $(MAKE)
configure:2225: result: yes
configure:2464: checking for gcc
configure:2480: found /usr/bin/gcc
configure:2491: result: gcc
configure:2729: checking for C compiler version
configure:2736: gcc --version >&5
i686-apple-darwin10-gcc-4.2.1 (GCC) 4.2.1 (Apple Inc. build 5664)
Copyright (C) 2007 Free Software Foundation, Inc.
This is free software; see the source for copying conditions.  There is NO
warranty; not even for MERCHANTABILITY or FITNESS FOR A PARTICULAR PURPOSE.

configure:2739: $? = 0
configure:2746: gcc -v >&5
Using built-in specs.
Target: i686-apple-darwin10
Configured with: /var/tmp/gcc/gcc-5664~38/src/configure --disable-checking --enable-werror --prefix=/usr --mandir=/share/man --enable-languages=c,objc,c++,obj-c++ --program-transform-name=/^[cg][^.-]*$/s/$/-4.2/ --with-slibdir=/usr/lib --build=i686-apple-darwin10 --program-prefix=i686-apple-darwin10- --host=x86_64-apple-darwin10 --target=i686-apple-darwin10 --with-gxx-include-dir=/include/c++/4.2.1
Thread model: posix
gcc version 4.2.1 (Apple Inc. build 5664)
configure:2749: $? = 0
configure:2756: gcc -V >&5
gcc-4.2: argument to `-V' is missing
configure:2759: $? = 1
configure:2782: checking for C compiler default output file name
configure:2809: gcc -O -g -isysroot /Developer/SDKs/MacOSX10.5.sdk -arch i386 -I/Users/michael/src/git/lib/static-build-i386-4.99.21rc5/include/ -mmacosx-version-min=10.5 -O -g -isysroot /Developer/SDKs/MacOSX10.5.sdk -arch i386 -I/Users/michael/src/git/lib/static-build-i386-4.99.21rc5/include/ -mmacosx-version-min=10.5 -arch i386 -L/Users/michael/src/git/lib/static-build-i386-4.99.21rc5/lib -L/Developer/SDKs/MacOSX10.5.sdk/usr/lib/ -mmacosx-version-min=10.5 conftest.c  >&5
ld: warning: directory '/Users/michael/src/git/lib/static-build-i386-4.99.21rc5/lib' following -L not found
configure:2812: $? = 0
configure:2850: result: a.out
configure:2867: checking whether the C compiler works
configure:2877: ./a.out
configure:2880: $? = 0
configure:2897: result: yes
configure:2904: checking whether we are cross compiling
configure:2906: result: no
configure:2909: checking for suffix of executables
configure:2916: gcc -o conftest -O -g -isysroot /Developer/SDKs/MacOSX10.5.sdk -arch i386 -I/Users/michael/src/git/lib/static-build-i386-4.99.21rc5/include/ -mmacosx-version-min=10.5 -O -g -isysroot /Developer/SDKs/MacOSX10.5.sdk -arch i386 -I/Users/michael/src/git/lib/static-build-i386-4.99.21rc5/include/ -mmacosx-version-min=10.5 -arch i386 -L/Users/michael/src/git/lib/static-build-i386-4.99.21rc5/lib -L/Developer/SDKs/MacOSX10.5.sdk/usr/lib/ -mmacosx-version-min=10.5 conftest.c  >&5
ld: warning: directory '/Users/michael/src/git/lib/static-build-i386-4.99.21rc5/lib' following -L not found
configure:2919: $? = 0
configure:2943: result: 
configure:2949: checking for suffix of object files
configure:2975: gcc -c -O -g -isysroot /Developer/SDKs/MacOSX10.5.sdk -arch i386 -I/Users/michael/src/git/lib/static-build-i386-4.99.21rc5/include/ -mmacosx-version-min=10.5 -O -g -isysroot /Developer/SDKs/MacOSX10.5.sdk -arch i386 -I/Users/michael/src/git/lib/static-build-i386-4.99.21rc5/include/ -mmacosx-version-min=10.5 conftest.c >&5
configure:2978: $? = 0
configure:3001: result: o
configure:3005: checking whether we are using the GNU C compiler
configure:3034: gcc -c -O -g -isysroot /Developer/SDKs/MacOSX10.5.sdk -arch i386 -I/Users/michael/src/git/lib/static-build-i386-4.99.21rc5/include/ -mmacosx-version-min=10.5 -O -g -isysroot /Developer/SDKs/MacOSX10.5.sdk -arch i386 -I/Users/michael/src/git/lib/static-build-i386-4.99.21rc5/include/ -mmacosx-version-min=10.5 conftest.c >&5
configure:3040: $? = 0
configure:3057: result: yes
configure:3062: checking whether gcc accepts -g
configure:3092: gcc -c -g -O -g -isysroot /Developer/SDKs/MacOSX10.5.sdk -arch i386 -I/Users/michael/src/git/lib/static-build-i386-4.99.21rc5/include/ -mmacosx-version-min=10.5 conftest.c >&5
configure:3098: $? = 0
configure:3197: result: yes
configure:3214: checking for gcc option to accept ISO C89
configure:3288: gcc  -c -O -g -isysroot /Developer/SDKs/MacOSX10.5.sdk -arch i386 -I/Users/michael/src/git/lib/static-build-i386-4.99.21rc5/include/ -mmacosx-version-min=10.5 -O -g -isysroot /Developer/SDKs/MacOSX10.5.sdk -arch i386 -I/Users/michael/src/git/lib/static-build-i386-4.99.21rc5/include/ -mmacosx-version-min=10.5 conftest.c >&5
configure:3294: $? = 0
configure:3317: result: none needed
configure:3346: checking for style of include used by make
configure:3374: result: GNU
configure:3399: checking dependency style of gcc
configure:3490: result: none
configure:3563: checking for g++
configure:3579: found /usr/bin/g++
configure:3590: result: g++
configure:3621: checking for C++ compiler version
configure:3628: g++ --version >&5
i686-apple-darwin10-g++-4.2.1 (GCC) 4.2.1 (Apple Inc. build 5664)
Copyright (C) 2007 Free Software Foundation, Inc.
This is free software; see the source for copying conditions.  There is NO
warranty; not even for MERCHANTABILITY or FITNESS FOR A PARTICULAR PURPOSE.

configure:3631: $? = 0
configure:3638: g++ -v >&5
Using built-in specs.
Target: i686-apple-darwin10
Configured with: /var/tmp/gcc/gcc-5664~38/src/configure --disable-checking --enable-werror --prefix=/usr --mandir=/share/man --enable-languages=c,objc,c++,obj-c++ --program-transform-name=/^[cg][^.-]*$/s/$/-4.2/ --with-slibdir=/usr/lib --build=i686-apple-darwin10 --program-prefix=i686-apple-darwin10- --host=x86_64-apple-darwin10 --target=i686-apple-darwin10 --with-gxx-include-dir=/include/c++/4.2.1
Thread model: posix
gcc version 4.2.1 (Apple Inc. build 5664)
configure:3641: $? = 0
configure:3648: g++ -V >&5
g++-4.2: argument to `-V' is missing
configure:3651: $? = 1
configure:3654: checking whether we are using the GNU C++ compiler
configure:3683: g++ -c  -O -g -isysroot /Developer/SDKs/MacOSX10.5.sdk -arch i386 -I/Users/michael/src/git/lib/static-build-i386-4.99.21rc5/include/ -mmacosx-version-min=10.5 conftest.cpp >&5
configure:3689: $? = 0
configure:3706: result: yes
configure:3711: checking whether g++ accepts -g
configure:3741: g++ -c -g -O -g -isysroot /Developer/SDKs/MacOSX10.5.sdk -arch i386 -I/Users/michael/src/git/lib/static-build-i386-4.99.21rc5/include/ -mmacosx-version-min=10.5 conftest.cpp >&5
configure:3747: $? = 0
configure:3846: result: yes
configure:3871: checking dependency style of g++
configure:3962: result: none
configure:3990: checking for a BSD-compatible install
configure:4046: result: /usr/bin/install -c
configure:4064: checking build system type
configure:4082: result: i386-apple-darwin10.4.0
configure:4104: checking host system type
configure:4119: result: i386-apple-darwin10.4.0
configure:4286: checking for a sed that does not truncate output
configure:4342: result: /usr/bin/sed
configure:4345: checking for grep that handles long lines and -e
configure:4419: result: /usr/bin/grep
configure:4424: checking for egrep
configure:4502: result: /usr/bin/grep -E
configure:4518: checking for ld used by gcc
configure:4585: result: /usr/libexec/gcc/i686-apple-darwin10/4.2.1/ld
configure:4594: checking if the linker (/usr/libexec/gcc/i686-apple-darwin10/4.2.1/ld) is GNU ld
configure:4609: result: no
configure:4614: checking for /usr/libexec/gcc/i686-apple-darwin10/4.2.1/ld option to reload object files
configure:4621: result: -r
configure:4639: checking for BSD-compatible nm
configure:4688: result: /usr/bin/nm
configure:4692: checking whether ln -s works
configure:4696: result: yes
configure:4703: checking how to recognize dependent libraries
configure:4889: result: pass_all
configure:5417: checking how to run the C preprocessor
configure:5457: gcc -E -O -g -isysroot /Developer/SDKs/MacOSX10.5.sdk -arch i386 -I/Users/michael/src/git/lib/static-build-i386-4.99.21rc5/include/ -mmacosx-version-min=10.5 conftest.c
configure:5463: $? = 0
configure:5494: gcc -E -O -g -isysroot /Developer/SDKs/MacOSX10.5.sdk -arch i386 -I/Users/michael/src/git/lib/static-build-i386-4.99.21rc5/include/ -mmacosx-version-min=10.5 conftest.c
conftest.c:10:28: error: ac_nonexistent.h: No such file or directory
configure:5500: $? = 1
configure: failed program was:
| /* confdefs.h.  */
| #define PACKAGE_NAME ""
| #define PACKAGE_TARNAME ""
| #define PACKAGE_VERSION ""
| #define PACKAGE_STRING ""
| #define PACKAGE_BUGREPORT ""
| #define PACKAGE "libasprintf"
| #define VERSION "1.0"
| /* end confdefs.h.  */
| #include <ac_nonexistent.h>
configure:5533: result: gcc -E
configure:5562: gcc -E -O -g -isysroot /Developer/SDKs/MacOSX10.5.sdk -arch i386 -I/Users/michael/src/git/lib/static-build-i386-4.99.21rc5/include/ -mmacosx-version-min=10.5 conftest.c
configure:5568: $? = 0
configure:5599: gcc -E -O -g -isysroot /Developer/SDKs/MacOSX10.5.sdk -arch i386 -I/Users/michael/src/git/lib/static-build-i386-4.99.21rc5/include/ -mmacosx-version-min=10.5 conftest.c
conftest.c:10:28: error: ac_nonexistent.h: No such file or directory
configure:5605: $? = 1
configure: failed program was:
| /* confdefs.h.  */
| #define PACKAGE_NAME ""
| #define PACKAGE_TARNAME ""
| #define PACKAGE_VERSION ""
| #define PACKAGE_STRING ""
| #define PACKAGE_BUGREPORT ""
| #define PACKAGE "libasprintf"
| #define VERSION "1.0"
| /* end confdefs.h.  */
| #include <ac_nonexistent.h>
configure:5643: checking for ANSI C header files
configure:5673: gcc -c -O -g -isysroot /Developer/SDKs/MacOSX10.5.sdk -arch i386 -I/Users/michael/src/git/lib/static-build-i386-4.99.21rc5/include/ -mmacosx-version-min=10.5 -O -g -isysroot /Developer/SDKs/MacOSX10.5.sdk -arch i386 -I/Users/michael/src/git/lib/static-build-i386-4.99.21rc5/include/ -mmacosx-version-min=10.5 conftest.c >&5
configure:5679: $? = 0
configure:5778: gcc -o conftest -O -g -isysroot /Developer/SDKs/MacOSX10.5.sdk -arch i386 -I/Users/michael/src/git/lib/static-build-i386-4.99.21rc5/include/ -mmacosx-version-min=10.5 -O -g -isysroot /Developer/SDKs/MacOSX10.5.sdk -arch i386 -I/Users/michael/src/git/lib/static-build-i386-4.99.21rc5/include/ -mmacosx-version-min=10.5 -arch i386 -L/Users/michael/src/git/lib/static-build-i386-4.99.21rc5/lib -L/Developer/SDKs/MacOSX10.5.sdk/usr/lib/ -mmacosx-version-min=10.5 conftest.c  >&5
ld: warning: directory '/Users/michael/src/git/lib/static-build-i386-4.99.21rc5/lib' following -L not found
configure:5781: $? = 0
configure:5787: ./conftest
configure:5790: $? = 0
configure:5807: result: yes
configure:5831: checking for sys/types.h
configure:5852: gcc -c -O -g -isysroot /Developer/SDKs/MacOSX10.5.sdk -arch i386 -I/Users/michael/src/git/lib/static-build-i386-4.99.21rc5/include/ -mmacosx-version-min=10.5 -O -g -isysroot /Developer/SDKs/MacOSX10.5.sdk -arch i386 -I/Users/michael/src/git/lib/static-build-i386-4.99.21rc5/include/ -mmacosx-version-min=10.5 conftest.c >&5
configure:5858: $? = 0
configure:5874: result: yes
configure:5831: checking for sys/stat.h
configure:5852: gcc -c -O -g -isysroot /Developer/SDKs/MacOSX10.5.sdk -arch i386 -I/Users/michael/src/git/lib/static-build-i386-4.99.21rc5/include/ -mmacosx-version-min=10.5 -O -g -isysroot /Developer/SDKs/MacOSX10.5.sdk -arch i386 -I/Users/michael/src/git/lib/static-build-i386-4.99.21rc5/include/ -mmacosx-version-min=10.5 conftest.c >&5
configure:5858: $? = 0
configure:5874: result: yes
configure:5831: checking for stdlib.h
configure:5852: gcc -c -O -g -isysroot /Developer/SDKs/MacOSX10.5.sdk -arch i386 -I/Users/michael/src/git/lib/static-build-i386-4.99.21rc5/include/ -mmacosx-version-min=10.5 -O -g -isysroot /Developer/SDKs/MacOSX10.5.sdk -arch i386 -I/Users/michael/src/git/lib/static-build-i386-4.99.21rc5/include/ -mmacosx-version-min=10.5 conftest.c >&5
configure:5858: $? = 0
configure:5874: result: yes
configure:5831: checking for string.h
configure:5852: gcc -c -O -g -isysroot /Developer/SDKs/MacOSX10.5.sdk -arch i386 -I/Users/michael/src/git/lib/static-build-i386-4.99.21rc5/include/ -mmacosx-version-min=10.5 -O -g -isysroot /Developer/SDKs/MacOSX10.5.sdk -arch i386 -I/Users/michael/src/git/lib/static-build-i386-4.99.21rc5/include/ -mmacosx-version-min=10.5 conftest.c >&5
configure:5858: $? = 0
configure:5874: result: yes
configure:5831: checking for memory.h
configure:5852: gcc -c -O -g -isysroot /Developer/SDKs/MacOSX10.5.sdk -arch i386 -I/Users/michael/src/git/lib/static-build-i386-4.99.21rc5/include/ -mmacosx-version-min=10.5 -O -g -isysroot /Developer/SDKs/MacOSX10.5.sdk -arch i386 -I/Users/michael/src/git/lib/static-build-i386-4.99.21rc5/include/ -mmacosx-version-min=10.5 conftest.c >&5
configure:5858: $? = 0
configure:5874: result: yes
configure:5831: checking for strings.h
configure:5852: gcc -c -O -g -isysroot /Developer/SDKs/MacOSX10.5.sdk -arch i386 -I/Users/michael/src/git/lib/static-build-i386-4.99.21rc5/include/ -mmacosx-version-min=10.5 -O -g -isysroot /Developer/SDKs/MacOSX10.5.sdk -arch i386 -I/Users/michael/src/git/lib/static-build-i386-4.99.21rc5/include/ -mmacosx-version-min=10.5 conftest.c >&5
configure:5858: $? = 0
configure:5874: result: yes
configure:5831: checking for inttypes.h
configure:5852: gcc -c -O -g -isysroot /Developer/SDKs/MacOSX10.5.sdk -arch i386 -I/Users/michael/src/git/lib/static-build-i386-4.99.21rc5/include/ -mmacosx-version-min=10.5 -O -g -isysroot /Developer/SDKs/MacOSX10.5.sdk -arch i386 -I/Users/michael/src/git/lib/static-build-i386-4.99.21rc5/include/ -mmacosx-version-min=10.5 conftest.c >&5
configure:5858: $? = 0
configure:5874: result: yes
configure:5831: checking for stdint.h
configure:5852: gcc -c -O -g -isysroot /Developer/SDKs/MacOSX10.5.sdk -arch i386 -I/Users/michael/src/git/lib/static-build-i386-4.99.21rc5/include/ -mmacosx-version-min=10.5 -O -g -isysroot /Developer/SDKs/MacOSX10.5.sdk -arch i386 -I/Users/michael/src/git/lib/static-build-i386-4.99.21rc5/include/ -mmacosx-version-min=10.5 conftest.c >&5
configure:5858: $? = 0
configure:5874: result: yes
configure:5831: checking for unistd.h
configure:5852: gcc -c -O -g -isysroot /Developer/SDKs/MacOSX10.5.sdk -arch i386 -I/Users/michael/src/git/lib/static-build-i386-4.99.21rc5/include/ -mmacosx-version-min=10.5 -O -g -isysroot /Developer/SDKs/MacOSX10.5.sdk -arch i386 -I/Users/michael/src/git/lib/static-build-i386-4.99.21rc5/include/ -mmacosx-version-min=10.5 conftest.c >&5
configure:5858: $? = 0
configure:5874: result: yes
configure:5901: checking dlfcn.h usability
configure:5918: gcc -c -O -g -isysroot /Developer/SDKs/MacOSX10.5.sdk -arch i386 -I/Users/michael/src/git/lib/static-build-i386-4.99.21rc5/include/ -mmacosx-version-min=10.5 -O -g -isysroot /Developer/SDKs/MacOSX10.5.sdk -arch i386 -I/Users/michael/src/git/lib/static-build-i386-4.99.21rc5/include/ -mmacosx-version-min=10.5 conftest.c >&5
configure:5924: $? = 0
configure:5938: result: yes
configure:5942: checking dlfcn.h presence
configure:5957: gcc -E -O -g -isysroot /Developer/SDKs/MacOSX10.5.sdk -arch i386 -I/Users/michael/src/git/lib/static-build-i386-4.99.21rc5/include/ -mmacosx-version-min=10.5 conftest.c
configure:5963: $? = 0
configure:5977: result: yes
configure:6005: checking for dlfcn.h
configure:6013: result: yes
configure:6036: checking how to run the C++ preprocessor
configure:6072: g++ -E -O -g -isysroot /Developer/SDKs/MacOSX10.5.sdk -arch i386 -I/Users/michael/src/git/lib/static-build-i386-4.99.21rc5/include/ -mmacosx-version-min=10.5 conftest.cpp
configure:6078: $? = 0
configure:6109: g++ -E -O -g -isysroot /Developer/SDKs/MacOSX10.5.sdk -arch i386 -I/Users/michael/src/git/lib/static-build-i386-4.99.21rc5/include/ -mmacosx-version-min=10.5 conftest.cpp
conftest.cpp:21:28: error: ac_nonexistent.h: No such file or directory
configure:6115: $? = 1
configure: failed program was:
| /* confdefs.h.  */
| #define PACKAGE_NAME ""
| #define PACKAGE_TARNAME ""
| #define PACKAGE_VERSION ""
| #define PACKAGE_STRING ""
| #define PACKAGE_BUGREPORT ""
| #define PACKAGE "libasprintf"
| #define VERSION "1.0"
| #define STDC_HEADERS 1
| #define HAVE_SYS_TYPES_H 1
| #define HAVE_SYS_STAT_H 1
| #define HAVE_STDLIB_H 1
| #define HAVE_STRING_H 1
| #define HAVE_MEMORY_H 1
| #define HAVE_STRINGS_H 1
| #define HAVE_INTTYPES_H 1
| #define HAVE_STDINT_H 1
| #define HAVE_UNISTD_H 1
| #define HAVE_DLFCN_H 1
| /* end confdefs.h.  */
| #include <ac_nonexistent.h>
configure:6148: result: g++ -E
configure:6177: g++ -E -O -g -isysroot /Developer/SDKs/MacOSX10.5.sdk -arch i386 -I/Users/michael/src/git/lib/static-build-i386-4.99.21rc5/include/ -mmacosx-version-min=10.5 conftest.cpp
configure:6183: $? = 0
configure:6214: g++ -E -O -g -isysroot /Developer/SDKs/MacOSX10.5.sdk -arch i386 -I/Users/michael/src/git/lib/static-build-i386-4.99.21rc5/include/ -mmacosx-version-min=10.5 conftest.cpp
conftest.cpp:21:28: error: ac_nonexistent.h: No such file or directory
configure:6220: $? = 1
configure: failed program was:
| /* confdefs.h.  */
| #define PACKAGE_NAME ""
| #define PACKAGE_TARNAME ""
| #define PACKAGE_VERSION ""
| #define PACKAGE_STRING ""
| #define PACKAGE_BUGREPORT ""
| #define PACKAGE "libasprintf"
| #define VERSION "1.0"
| #define STDC_HEADERS 1
| #define HAVE_SYS_TYPES_H 1
| #define HAVE_SYS_STAT_H 1
| #define HAVE_STDLIB_H 1
| #define HAVE_STRING_H 1
| #define HAVE_MEMORY_H 1
| #define HAVE_STRINGS_H 1
| #define HAVE_INTTYPES_H 1
| #define HAVE_STDINT_H 1
| #define HAVE_UNISTD_H 1
| #define HAVE_DLFCN_H 1
| /* end confdefs.h.  */
| #include <ac_nonexistent.h>
configure:6313: checking for g77
configure:6343: result: no
configure:6313: checking for xlf
configure:6343: result: no
configure:6313: checking for f77
configure:6343: result: no
configure:6313: checking for frt
configure:6343: result: no
configure:6313: checking for pgf77
configure:6343: result: no
configure:6313: checking for cf77
configure:6343: result: no
configure:6313: checking for fort77
configure:6343: result: no
configure:6313: checking for fl32
configure:6343: result: no
configure:6313: checking for af77
configure:6343: result: no
configure:6313: checking for xlf90
configure:6343: result: no
configure:6313: checking for f90
configure:6343: result: no
configure:6313: checking for pgf90
configure:6343: result: no
configure:6313: checking for pghpf
configure:6343: result: no
configure:6313: checking for epcf90
configure:6343: result: no
configure:6313: checking for gfortran
configure:6343: result: no
configure:6313: checking for g95
configure:6343: result: no
configure:6313: checking for xlf95
configure:6343: result: no
configure:6313: checking for f95
configure:6343: result: no
configure:6313: checking for fort
configure:6343: result: no
configure:6313: checking for ifort
configure:6343: result: no
configure:6313: checking for ifc
configure:6343: result: no
configure:6313: checking for efc
configure:6343: result: no
configure:6313: checking for pgf95
configure:6343: result: no
configure:6313: checking for lf95
configure:6343: result: no
configure:6313: checking for ftn
configure:6343: result: no
configure:6370: checking for Fortran 77 compiler version
configure:6377:  --version >&5
/Users/michael/src/git/lib/gettext-0.17/gettext-runtime/libasprintf/configure: line 6378: --version: command not found
configure:6380: $? = 127
configure:6387:  -v >&5
/Users/michael/src/git/lib/gettext-0.17/gettext-runtime/libasprintf/configure: line 6388: -v: command not found
configure:6390: $? = 127
configure:6397:  -V >&5
/Users/michael/src/git/lib/gettext-0.17/gettext-runtime/libasprintf/configure: line 6398: -V: command not found
configure:6400: $? = 127
configure:6408: checking whether we are using the GNU Fortran 77 compiler
configure:6427:  -c  conftest.F >&5
/Users/michael/src/git/lib/gettext-0.17/gettext-runtime/libasprintf/configure: line 6428: -c: command not found
configure:6433: $? = 127
configure: failed program was:
|       program main
| #ifndef __GNUC__
|        choke me
| #endif
| 
|       end
configure:6450: result: no
configure:6456: checking whether  accepts -g
configure:6473:  -c -g conftest.f >&5
/Users/michael/src/git/lib/gettext-0.17/gettext-runtime/libasprintf/configure: line 6474: -c: command not found
configure:6479: $? = 127
configure: failed program was:
|       program main
| 
|       end
configure:6495: result: no
configure:6525: checking the maximum length of command line arguments
configure:6637: result: 196608
configure:6649: checking command to parse /usr/bin/nm output from gcc object
configure:6754: gcc -c -O -g -isysroot /Developer/SDKs/MacOSX10.5.sdk -arch i386 -I/Users/michael/src/git/lib/static-build-i386-4.99.21rc5/include/ -mmacosx-version-min=10.5 -O -g -isysroot /Developer/SDKs/MacOSX10.5.sdk -arch i386 -I/Users/michael/src/git/lib/static-build-i386-4.99.21rc5/include/ -mmacosx-version-min=10.5 conftest.c >&5
configure:6757: $? = 0
configure:6761: /usr/bin/nm conftest.o \| sed -n -e 's/^.*[ 	]\([BCDEGRST][BCDEGRST]*\)[ 	][ 	]*\([_A-Za-z][_A-Za-z0-9]*\)$/\1 \2 \2/p' \> conftest.nm
configure:6764: $? = 0
cannot find nm_test_var in conftest.nm
configure:6754: gcc -c -O -g -isysroot /Developer/SDKs/MacOSX10.5.sdk -arch i386 -I/Users/michael/src/git/lib/static-build-i386-4.99.21rc5/include/ -mmacosx-version-min=10.5 -O -g -isysroot /Developer/SDKs/MacOSX10.5.sdk -arch i386 -I/Users/michael/src/git/lib/static-build-i386-4.99.21rc5/include/ -mmacosx-version-min=10.5 conftest.c >&5
configure:6757: $? = 0
configure:6761: /usr/bin/nm conftest.o \| sed -n -e 's/^.*[ 	]\([BCDEGRST][BCDEGRST]*\)[ 	][ 	]*_\([_A-Za-z][_A-Za-z0-9]*\)$/\1 _\2 \2/p' \> conftest.nm
configure:6764: $? = 0
configure:6816: gcc -o conftest -O -g -isysroot /Developer/SDKs/MacOSX10.5.sdk -arch i386 -I/Users/michael/src/git/lib/static-build-i386-4.99.21rc5/include/ -mmacosx-version-min=10.5 -O -g -isysroot /Developer/SDKs/MacOSX10.5.sdk -arch i386 -I/Users/michael/src/git/lib/static-build-i386-4.99.21rc5/include/ -mmacosx-version-min=10.5 -arch i386 -L/Users/michael/src/git/lib/static-build-i386-4.99.21rc5/lib -L/Developer/SDKs/MacOSX10.5.sdk/usr/lib/ -mmacosx-version-min=10.5 conftest.c conftstm.o >&5
ld: warning: directory '/Users/michael/src/git/lib/static-build-i386-4.99.21rc5/lib' following -L not found
configure:6819: $? = 0
configure:6857: result: ok
configure:6861: checking for objdir
configure:6876: result: .libs
configure:6968: checking for ar
configure:6984: found /usr/bin/ar
configure:6995: result: ar
configure:7064: checking for ranlib
configure:7080: found /usr/bin/ranlib
configure:7091: result: ranlib
configure:7160: checking for strip
configure:7176: found /usr/bin/strip
configure:7187: result: strip
configure:7477: checking if gcc supports -fno-rtti -fno-exceptions
configure:7495: gcc -c -O -g -isysroot /Developer/SDKs/MacOSX10.5.sdk -arch i386 -I/Users/michael/src/git/lib/static-build-i386-4.99.21rc5/include/ -mmacosx-version-min=10.5 -O -g -isysroot /Developer/SDKs/MacOSX10.5.sdk -arch i386 -I/Users/michael/src/git/lib/static-build-i386-4.99.21rc5/include/ -mmacosx-version-min=10.5 -fno-rtti -fno-exceptions conftest.c >&5
cc1: warning: command line option "-fno-rtti" is valid for C++/ObjC++ but not for C
configure:7499: $? = 0
configure:7512: result: no
configure:7527: checking for gcc option to produce PIC
configure:7762: result: -fno-common
configure:7770: checking if gcc PIC flag -fno-common works
configure:7788: gcc -c -O -g -isysroot /Developer/SDKs/MacOSX10.5.sdk -arch i386 -I/Users/michael/src/git/lib/static-build-i386-4.99.21rc5/include/ -mmacosx-version-min=10.5 -O -g -isysroot /Developer/SDKs/MacOSX10.5.sdk -arch i386 -I/Users/michael/src/git/lib/static-build-i386-4.99.21rc5/include/ -mmacosx-version-min=10.5 -fno-common -DPIC conftest.c >&5
configure:7792: $? = 0
configure:7805: result: yes
configure:7833: checking if gcc static flag -static works
configure:7861: result: no
configure:7871: checking if gcc supports -c -o file.o
configure:7892: gcc -c -O -g -isysroot /Developer/SDKs/MacOSX10.5.sdk -arch i386 -I/Users/michael/src/git/lib/static-build-i386-4.99.21rc5/include/ -mmacosx-version-min=10.5 -O -g -isysroot /Developer/SDKs/MacOSX10.5.sdk -arch i386 -I/Users/michael/src/git/lib/static-build-i386-4.99.21rc5/include/ -mmacosx-version-min=10.5 -o out/conftest2.o conftest.c >&5
configure:7896: $? = 0
configure:7918: result: yes
configure:7944: checking whether the gcc linker (/usr/libexec/gcc/i686-apple-darwin10/4.2.1/ld) supports shared libraries
configure:8924: result: yes
configure:8991: checking dynamic linker characteristics
configure:9593: result: darwin10.4.0 dyld
configure:9602: checking how to hardcode library paths into programs
configure:9627: result: immediate
configure:9641: checking whether stripping libraries is possible
configure:9655: result: yes
configure:10448: checking if libtool supports shared libraries
configure:10450: result: yes
configure:10453: checking whether to build shared libraries
configure:10474: result: no
configure:10477: checking whether to build static libraries
configure:10481: result: yes
configure:10574: creating libtool
configure:11162: checking for ld used by g++
configure:11229: result: /usr/libexec/gcc/i686-apple-darwin10/4.2.1/ld
configure:11238: checking if the linker (/usr/libexec/gcc/i686-apple-darwin10/4.2.1/ld) is GNU ld
configure:11253: result: no
configure:11304: checking whether the g++ linker (/usr/libexec/gcc/i686-apple-darwin10/4.2.1/ld) supports shared libraries
configure:12278: result: yes
configure:12300: g++ -c -g -O2 -O -g -isysroot /Developer/SDKs/MacOSX10.5.sdk -arch i386 -I/Users/michael/src/git/lib/static-build-i386-4.99.21rc5/include/ -mmacosx-version-min=10.5 conftest.cpp >&5
configure:12303: $? = 0
configure:12455: checking for g++ option to produce PIC
configure:12739: result: -fno-common
configure:12747: checking if g++ PIC flag -fno-common works
configure:12765: g++ -c -g -O2 -O -g -isysroot /Developer/SDKs/MacOSX10.5.sdk -arch i386 -I/Users/michael/src/git/lib/static-build-i386-4.99.21rc5/include/ -mmacosx-version-min=10.5 -fno-common -DPIC conftest.cpp >&5
configure:12769: $? = 0
configure:12782: result: yes
configure:12810: checking if g++ static flag -static works
configure:12838: result: no
configure:12848: checking if g++ supports -c -o file.o
configure:12869: g++ -c -g -O2 -O -g -isysroot /Developer/SDKs/MacOSX10.5.sdk -arch i386 -I/Users/michael/src/git/lib/static-build-i386-4.99.21rc5/include/ -mmacosx-version-min=10.5 -o out/conftest2.o conftest.cpp >&5
configure:12873: $? = 0
configure:12895: result: yes
configure:12921: checking whether the g++ linker (/usr/libexec/gcc/i686-apple-darwin10/4.2.1/ld) supports shared libraries
configure:12946: result: yes
configure:13013: checking dynamic linker characteristics
configure:13563: result: darwin10.4.0 dyld
configure:13572: checking how to hardcode library paths into programs
configure:13597: result: immediate
configure:19788: checking for inline
configure:19814: gcc -c -O -g -isysroot /Developer/SDKs/MacOSX10.5.sdk -arch i386 -I/Users/michael/src/git/lib/static-build-i386-4.99.21rc5/include/ -mmacosx-version-min=10.5 -O -g -isysroot /Developer/SDKs/MacOSX10.5.sdk -arch i386 -I/Users/michael/src/git/lib/static-build-i386-4.99.21rc5/include/ -mmacosx-version-min=10.5 conftest.c >&5
configure:19820: $? = 0
configure:19838: result: inline
configure:19857: checking for size_t
configure:19887: gcc -c -O -g -isysroot /Developer/SDKs/MacOSX10.5.sdk -arch i386 -I/Users/michael/src/git/lib/static-build-i386-4.99.21rc5/include/ -mmacosx-version-min=10.5 -O -g -isysroot /Developer/SDKs/MacOSX10.5.sdk -arch i386 -I/Users/michael/src/git/lib/static-build-i386-4.99.21rc5/include/ -mmacosx-version-min=10.5 conftest.c >&5
configure:19893: $? = 0
configure:19908: result: yes
configure:19921: checking for long long int
configure:19971: gcc -o conftest -O -g -isysroot /Developer/SDKs/MacOSX10.5.sdk -arch i386 -I/Users/michael/src/git/lib/static-build-i386-4.99.21rc5/include/ -mmacosx-version-min=10.5 -O -g -isysroot /Developer/SDKs/MacOSX10.5.sdk -arch i386 -I/Users/michael/src/git/lib/static-build-i386-4.99.21rc5/include/ -mmacosx-version-min=10.5 -arch i386 -L/Users/michael/src/git/lib/static-build-i386-4.99.21rc5/lib -L/Developer/SDKs/MacOSX10.5.sdk/usr/lib/ -mmacosx-version-min=10.5 conftest.c  >&5
ld: warning: directory '/Users/michael/src/git/lib/static-build-i386-4.99.21rc5/lib' following -L not found
configure:19977: $? = 0
configure:20022: gcc -o conftest -O -g -isysroot /Developer/SDKs/MacOSX10.5.sdk -arch i386 -I/Users/michael/src/git/lib/static-build-i386-4.99.21rc5/include/ -mmacosx-version-min=10.5 -O -g -isysroot /Developer/SDKs/MacOSX10.5.sdk -arch i386 -I/Users/michael/src/git/lib/static-build-i386-4.99.21rc5/include/ -mmacosx-version-min=10.5 -arch i386 -L/Users/michael/src/git/lib/static-build-i386-4.99.21rc5/lib -L/Developer/SDKs/MacOSX10.5.sdk/usr/lib/ -mmacosx-version-min=10.5 conftest.c  >&5
ld: warning: directory '/Users/michael/src/git/lib/static-build-i386-4.99.21rc5/lib' following -L not found
configure:20025: $? = 0
configure:20031: ./conftest
configure:20034: $? = 0
configure:20059: result: yes
configure:20081: checking for long double
configure:20137: result: yes
configure:20148: checking for wchar_t
configure:20175: gcc -c -O -g -isysroot /Developer/SDKs/MacOSX10.5.sdk -arch i386 -I/Users/michael/src/git/lib/static-build-i386-4.99.21rc5/include/ -mmacosx-version-min=10.5 -O -g -isysroot /Developer/SDKs/MacOSX10.5.sdk -arch i386 -I/Users/michael/src/git/lib/static-build-i386-4.99.21rc5/include/ -mmacosx-version-min=10.5 conftest.c >&5
configure:20181: $? = 0
configure:20196: result: yes
configure:20207: checking for wint_t
configure:20242: gcc -c -O -g -isysroot /Developer/SDKs/MacOSX10.5.sdk -arch i386 -I/Users/michael/src/git/lib/static-build-i386-4.99.21rc5/include/ -mmacosx-version-min=10.5 -O -g -isysroot /Developer/SDKs/MacOSX10.5.sdk -arch i386 -I/Users/michael/src/git/lib/static-build-i386-4.99.21rc5/include/ -mmacosx-version-min=10.5 conftest.c >&5
configure:20248: $? = 0
configure:20263: result: yes
configure:20273: checking for ptrdiff_t
configure:20303: gcc -c -O -g -isysroot /Developer/SDKs/MacOSX10.5.sdk -arch i386 -I/Users/michael/src/git/lib/static-build-i386-4.99.21rc5/include/ -mmacosx-version-min=10.5 -O -g -isysroot /Developer/SDKs/MacOSX10.5.sdk -arch i386 -I/Users/michael/src/git/lib/static-build-i386-4.99.21rc5/include/ -mmacosx-version-min=10.5 conftest.c >&5
configure:20309: $? = 0
configure:20324: result: yes
configure:20338: checking for inttypes.h
configure:20365: gcc -c -O -g -isysroot /Developer/SDKs/MacOSX10.5.sdk -arch i386 -I/Users/michael/src/git/lib/static-build-i386-4.99.21rc5/include/ -mmacosx-version-min=10.5 -O -g -isysroot /Developer/SDKs/MacOSX10.5.sdk -arch i386 -I/Users/michael/src/git/lib/static-build-i386-4.99.21rc5/include/ -mmacosx-version-min=10.5 conftest.c >&5
configure:20371: $? = 0
configure:20386: result: yes
configure:20397: checking for stdint.h
configure:20424: gcc -c -O -g -isysroot /Developer/SDKs/MacOSX10.5.sdk -arch i386 -I/Users/michael/src/git/lib/static-build-i386-4.99.21rc5/include/ -mmacosx-version-min=10.5 -O -g -isysroot /Developer/SDKs/MacOSX10.5.sdk -arch i386 -I/Users/michael/src/git/lib/static-build-i386-4.99.21rc5/include/ -mmacosx-version-min=10.5 conftest.c >&5
configure:20430: $? = 0
configure:20445: result: yes
configure:20458: checking for intmax_t
configure:20494: gcc -c -O -g -isysroot /Developer/SDKs/MacOSX10.5.sdk -arch i386 -I/Users/michael/src/git/lib/static-build-i386-4.99.21rc5/include/ -mmacosx-version-min=10.5 -O -g -isysroot /Developer/SDKs/MacOSX10.5.sdk -arch i386 -I/Users/michael/src/git/lib/static-build-i386-4.99.21rc5/include/ -mmacosx-version-min=10.5 conftest.c >&5
configure:20500: $? = 0
configure:20515: result: yes
configure:20531: checking for stdint.h
configure:20537: result: yes
configure:20666: checking for SIZE_MAX
configure:21379: result: yes
configure:21397: checking for stdint.h
configure:21403: result: yes
configure:21537: checking for working alloca.h
configure:21564: gcc -o conftest -O -g -isysroot /Developer/SDKs/MacOSX10.5.sdk -arch i386 -I/Users/michael/src/git/lib/static-build-i386-4.99.21rc5/include/ -mmacosx-version-min=10.5 -O -g -isysroot /Developer/SDKs/MacOSX10.5.sdk -arch i386 -I/Users/michael/src/git/lib/static-build-i386-4.99.21rc5/include/ -mmacosx-version-min=10.5 -arch i386 -L/Users/michael/src/git/lib/static-build-i386-4.99.21rc5/lib -L/Developer/SDKs/MacOSX10.5.sdk/usr/lib/ -mmacosx-version-min=10.5 conftest.c  >&5
ld: warning: directory '/Users/michael/src/git/lib/static-build-i386-4.99.21rc5/lib' following -L not found
configure:21570: $? = 0
configure:21587: result: yes
configure:21597: checking for alloca
configure:21644: gcc -o conftest -O -g -isysroot /Developer/SDKs/MacOSX10.5.sdk -arch i386 -I/Users/michael/src/git/lib/static-build-i386-4.99.21rc5/include/ -mmacosx-version-min=10.5 -O -g -isysroot /Developer/SDKs/MacOSX10.5.sdk -arch i386 -I/Users/michael/src/git/lib/static-build-i386-4.99.21rc5/include/ -mmacosx-version-min=10.5 -arch i386 -L/Users/michael/src/git/lib/static-build-i386-4.99.21rc5/lib -L/Developer/SDKs/MacOSX10.5.sdk/usr/lib/ -mmacosx-version-min=10.5 conftest.c  >&5
ld: warning: directory '/Users/michael/src/git/lib/static-build-i386-4.99.21rc5/lib' following -L not found
configure:21650: $? = 0
configure:21667: result: yes
configure:21922: checking for snprintf
configure:21978: gcc -o conftest -O -g -isysroot /Developer/SDKs/MacOSX10.5.sdk -arch i386 -I/Users/michael/src/git/lib/static-build-i386-4.99.21rc5/include/ -mmacosx-version-min=10.5 -O -g -isysroot /Developer/SDKs/MacOSX10.5.sdk -arch i386 -I/Users/michael/src/git/lib/static-build-i386-4.99.21rc5/include/ -mmacosx-version-min=10.5 -arch i386 -L/Users/michael/src/git/lib/static-build-i386-4.99.21rc5/lib -L/Developer/SDKs/MacOSX10.5.sdk/usr/lib/ -mmacosx-version-min=10.5 conftest.c  >&5
conftest.c:56: warning: conflicting types for built-in function 'snprintf'
ld: warning: directory '/Users/michael/src/git/lib/static-build-i386-4.99.21rc5/lib' following -L not found
configure:21984: $? = 0
configure:22002: result: yes
configure:21922: checking for vasprintf
configure:21978: gcc -o conftest -O -g -isysroot /Developer/SDKs/MacOSX10.5.sdk -arch i386 -I/Users/michael/src/git/lib/static-build-i386-4.99.21rc5/include/ -mmacosx-version-min=10.5 -O -g -isysroot /Developer/SDKs/MacOSX10.5.sdk -arch i386 -I/Users/michael/src/git/lib/static-build-i386-4.99.21rc5/include/ -mmacosx-version-min=10.5 -arch i386 -L/Users/michael/src/git/lib/static-build-i386-4.99.21rc5/lib -L/Developer/SDKs/MacOSX10.5.sdk/usr/lib/ -mmacosx-version-min=10.5 conftest.c  >&5
ld: warning: directory '/Users/michael/src/git/lib/static-build-i386-4.99.21rc5/lib' following -L not found
configure:21984: $? = 0
configure:22002: result: yes
configure:21922: checking for wcslen
configure:21978: gcc -o conftest -O -g -isysroot /Developer/SDKs/MacOSX10.5.sdk -arch i386 -I/Users/michael/src/git/lib/static-build-i386-4.99.21rc5/include/ -mmacosx-version-min=10.5 -O -g -isysroot /Developer/SDKs/MacOSX10.5.sdk -arch i386 -I/Users/michael/src/git/lib/static-build-i386-4.99.21rc5/include/ -mmacosx-version-min=10.5 -arch i386 -L/Users/michael/src/git/lib/static-build-i386-4.99.21rc5/lib -L/Developer/SDKs/MacOSX10.5.sdk/usr/lib/ -mmacosx-version-min=10.5 conftest.c  >&5
ld: warning: directory '/Users/michael/src/git/lib/static-build-i386-4.99.21rc5/lib' following -L not found
configure:21984: $? = 0
configure:22002: result: yes
configure:22012: checking whether _snprintf is declared
configure:22041: gcc -c -O -g -isysroot /Developer/SDKs/MacOSX10.5.sdk -arch i386 -I/Users/michael/src/git/lib/static-build-i386-4.99.21rc5/include/ -mmacosx-version-min=10.5 -O -g -isysroot /Developer/SDKs/MacOSX10.5.sdk -arch i386 -I/Users/michael/src/git/lib/static-build-i386-4.99.21rc5/include/ -mmacosx-version-min=10.5 conftest.c >&5
conftest.c: In function 'main':
conftest.c:73: error: '_snprintf' undeclared (first use in this function)
conftest.c:73: error: (Each undeclared identifier is reported only once
conftest.c:73: error: for each function it appears in.)
configure:22047: $? = 1
configure: failed program was:
| /* confdefs.h.  */
| #define PACKAGE_NAME ""
| #define PACKAGE_TARNAME ""
| #define PACKAGE_VERSION ""
| #define PACKAGE_STRING ""
| #define PACKAGE_BUGREPORT ""
| #define PACKAGE "libasprintf"
| #define VERSION "1.0"
| #define STDC_HEADERS 1
| #define HAVE_SYS_TYPES_H 1
| #define HAVE_SYS_STAT_H 1
| #define HAVE_STDLIB_H 1
| #define HAVE_STRING_H 1
| #define HAVE_MEMORY_H 1
| #define HAVE_STRINGS_H 1
| #define HAVE_INTTYPES_H 1
| #define HAVE_STDINT_H 1
| #define HAVE_UNISTD_H 1
| #define HAVE_DLFCN_H 1
| #define HAVE_LONG_LONG_INT 1
| #define HAVE_LONG_LONG 1
| #define HAVE_LONG_DOUBLE 1
| #define HAVE_WCHAR_T 1
| #define HAVE_WINT_T 1
| #define HAVE_INTTYPES_H_WITH_UINTMAX 1
| #define HAVE_STDINT_H_WITH_UINTMAX 1
| #define HAVE_INTMAX_T 1
| #define HAVE_STDINT_H 1
| #define HAVE_STDINT_H 1
| #define HAVE_ALLOCA_H 1
| #define HAVE_ALLOCA 1
| #define HAVE_SNPRINTF 1
| #define HAVE_VASPRINTF 1
| #define HAVE_WCSLEN 1
| /* end confdefs.h.  */
| #include <stdio.h>
| #ifdef HAVE_SYS_TYPES_H
| # include <sys/types.h>
| #endif
| #ifdef HAVE_SYS_STAT_H
| # include <sys/stat.h>
| #endif
| #ifdef STDC_HEADERS
| # include <stdlib.h>
| # include <stddef.h>
| #else
| # ifdef HAVE_STDLIB_H
| #  include <stdlib.h>
| # endif
| #endif
| #ifdef HAVE_STRING_H
| # if !defined STDC_HEADERS && defined HAVE_MEMORY_H
| #  include <memory.h>
| # endif
| # include <string.h>
| #endif
| #ifdef HAVE_STRINGS_H
| # include <strings.h>
| #endif
| #ifdef HAVE_INTTYPES_H
| # include <inttypes.h>
| #endif
| #ifdef HAVE_STDINT_H
| # include <stdint.h>
| #endif
| #ifdef HAVE_UNISTD_H
| # include <unistd.h>
| #endif
| int
| main ()
| {
| #ifndef _snprintf
|   (void) _snprintf;
| #endif
| 
|   ;
|   return 0;
| }
configure:22062: result: no
configure:22082: checking whether printf() supports POSIX/XSI format strings
configure:22137: gcc -o conftest -O -g -isysroot /Developer/SDKs/MacOSX10.5.sdk -arch i386 -I/Users/michael/src/git/lib/static-build-i386-4.99.21rc5/include/ -mmacosx-version-min=10.5 -O -g -isysroot /Developer/SDKs/MacOSX10.5.sdk -arch i386 -I/Users/michael/src/git/lib/static-build-i386-4.99.21rc5/include/ -mmacosx-version-min=10.5 -arch i386 -L/Users/michael/src/git/lib/static-build-i386-4.99.21rc5/lib -L/Developer/SDKs/MacOSX10.5.sdk/usr/lib/ -mmacosx-version-min=10.5 conftest.c  >&5
ld: warning: directory '/Users/michael/src/git/lib/static-build-i386-4.99.21rc5/lib' following -L not found
configure:22140: $? = 0
configure:22146: ./conftest
configure:22149: $? = 0
configure:22166: result: yes
configure:22182: checking for dvips
configure:22213: result: /Users/michael/src/git/lib/gettext-0.17/build-aux/missing dvips
configure:22223: checking for texi2pdf
configure:22241: found /usr/bin/texi2pdf
configure:22254: result: /usr/bin/texi2pdf
configure:22264: checking for perl
configure:22282: found /usr/bin/perl
configure:22295: result: /usr/bin/perl
configure:22428: creating ./config.status

## ---------------------- ##
## Running config.status. ##
## ---------------------- ##

This file was extended by config.status, which was
generated by GNU Autoconf 2.61.  Invocation command line was

  CONFIG_FILES    = 
  CONFIG_HEADERS  = 
  CONFIG_LINKS    = 
  CONFIG_COMMANDS = 
  $ ./config.status 

on moeve.fritz.box

config.status:671: creating Makefile
config.status:671: creating config.h
config.status:953: executing depfiles commands

## ---------------- ##
## Cache variables. ##
## ---------------- ##

ac_cv_build=i386-apple-darwin10.4.0
ac_cv_c_compiler_gnu=yes
ac_cv_c_inline=inline
ac_cv_cxx_compiler_gnu=yes
ac_cv_env_CCC_set=
ac_cv_env_CCC_value=
ac_cv_env_CC_set=
ac_cv_env_CC_value=
ac_cv_env_CFLAGS_set=set
ac_cv_env_CFLAGS_value='-O -g -isysroot /Developer/SDKs/MacOSX10.5.sdk -arch i386 -I/Users/michael/src/git/lib/static-build-i386-4.99.21rc5/include/ -mmacosx-version-min=10.5'
ac_cv_env_CPPFLAGS_set=set
ac_cv_env_CPPFLAGS_value='-O -g -isysroot /Developer/SDKs/MacOSX10.5.sdk -arch i386 -I/Users/michael/src/git/lib/static-build-i386-4.99.21rc5/include/ -mmacosx-version-min=10.5'
ac_cv_env_CPP_set=
ac_cv_env_CPP_value=
ac_cv_env_CXXCPP_set=
ac_cv_env_CXXCPP_value=
ac_cv_env_CXXFLAGS_set=
ac_cv_env_CXXFLAGS_value=
ac_cv_env_CXX_set=
ac_cv_env_CXX_value=
ac_cv_env_F77_set=
ac_cv_env_F77_value=
ac_cv_env_FFLAGS_set=
ac_cv_env_FFLAGS_value=
ac_cv_env_LDFLAGS_set=set
ac_cv_env_LDFLAGS_value='-arch i386 -L/Users/michael/src/git/lib/static-build-i386-4.99.21rc5/lib -L/Developer/SDKs/MacOSX10.5.sdk/usr/lib/ -mmacosx-version-min=10.5'
ac_cv_env_LIBS_set=
ac_cv_env_LIBS_value=
ac_cv_env_build_alias_set=
ac_cv_env_build_alias_value=
ac_cv_env_host_alias_set=
ac_cv_env_host_alias_value=
ac_cv_env_target_alias_set=
ac_cv_env_target_alias_value=
ac_cv_f77_compiler_gnu=no
ac_cv_func_alloca_works=yes
ac_cv_func_snprintf=yes
ac_cv_func_vasprintf=yes
ac_cv_func_wcslen=yes
ac_cv_have_decl__snprintf=no
ac_cv_header_dlfcn_h=yes
ac_cv_header_inttypes_h=yes
ac_cv_header_memory_h=yes
ac_cv_header_stdc=yes
ac_cv_header_stdint_h=yes
ac_cv_header_stdlib_h=yes
ac_cv_header_string_h=yes
ac_cv_header_strings_h=yes
ac_cv_header_sys_stat_h=yes
ac_cv_header_sys_types_h=yes
ac_cv_header_unistd_h=yes
ac_cv_host=i386-apple-darwin10.4.0
ac_cv_objext=o
ac_cv_path_DVIPS='/Users/michael/src/git/lib/gettext-0.17/build-aux/missing dvips'
ac_cv_path_EGREP='/usr/bin/grep -E'
ac_cv_path_GREP=/usr/bin/grep
ac_cv_path_PERL=/usr/bin/perl
ac_cv_path_TEXI2PDF=/usr/bin/texi2pdf
ac_cv_path_install='/usr/bin/install -c'
ac_cv_prog_AWK=awk
ac_cv_prog_CPP='gcc -E'
ac_cv_prog_CXXCPP='g++ -E'
ac_cv_prog_ac_ct_AR=ar
ac_cv_prog_ac_ct_CC=gcc
ac_cv_prog_ac_ct_CXX=g++
ac_cv_prog_ac_ct_RANLIB=ranlib
ac_cv_prog_ac_ct_STRIP=strip
ac_cv_prog_cc_c89=
ac_cv_prog_cc_g=yes
ac_cv_prog_cxx_g=yes
ac_cv_prog_f77_g=no
ac_cv_prog_make_make_set=yes
ac_cv_type_long_long=yes
ac_cv_type_long_long_int=yes
ac_cv_type_ptrdiff_t=yes
ac_cv_type_size_t=yes
ac_cv_working_alloca_h=yes
am_cv_CC_dependencies_compiler_type=none
am_cv_CXX_dependencies_compiler_type=none
gl_cv_header_inttypes_h=yes
gl_cv_header_stdint_h=yes
gl_cv_size_max=yes
gt_cv_c_intmax_t=yes
gt_cv_c_long_double=yes
gt_cv_c_wchar_t=yes
gt_cv_c_wint_t=yes
gt_cv_func_printf_posix=yes
lt_cv_deplibs_check_method=pass_all
lt_cv_file_magic_cmd='$MAGIC_CMD'
lt_cv_file_magic_test_file=
lt_cv_ld_reload_flag=-r
lt_cv_objdir=.libs
lt_cv_path_LD=/usr/libexec/gcc/i686-apple-darwin10/4.2.1/ld
lt_cv_path_LDCXX=/usr/libexec/gcc/i686-apple-darwin10/4.2.1/ld
lt_cv_path_NM=/usr/bin/nm
lt_cv_path_SED=/usr/bin/sed
lt_cv_prog_compiler_c_o=yes
lt_cv_prog_compiler_c_o_CXX=yes
lt_cv_prog_compiler_rtti_exceptions=no
lt_cv_prog_gnu_ld=no
lt_cv_prog_gnu_ldcxx=no
lt_cv_sys_global_symbol_pipe='sed -n -e '\''s/^.*[ 	]\([BCDEGRST][BCDEGRST]*\)[ 	][ 	]*_\([_A-Za-z][_A-Za-z0-9]*\)$/\1 _\2 \2/p'\'''
lt_cv_sys_global_symbol_to_c_name_address='sed -n -e '\''s/^: \([^ ]*\) $/  {\"\1\", (lt_ptr) 0},/p'\'' -e '\''s/^[BCDEGRST] \([^ ]*\) \([^ ]*\)$/  {"\2", (lt_ptr) \&\2},/p'\'''
lt_cv_sys_global_symbol_to_cdecl='sed -n -e '\''s/^. .* \(.*\)$/extern int \1;/p'\'''
lt_cv_sys_max_cmd_len=196608
lt_lt_cv_prog_compiler_c_o='"yes"'
lt_lt_cv_prog_compiler_c_o_CXX='"yes"'
lt_lt_cv_sys_global_symbol_pipe='"sed -n -e '\''s/^.*[ 	]\\([BCDEGRST][BCDEGRST]*\\)[ 	][ 	]*_\\([_A-Za-z][_A-Za-z0-9]*\\)\$/\\1 _\\2 \\2/p'\''"'
lt_lt_cv_sys_global_symbol_to_c_name_address='"sed -n -e '\''s/^: \\([^ ]*\\) \$/  {\\\"\\1\\\", (lt_ptr) 0},/p'\'' -e '\''s/^[BCDEGRST] \\([^ ]*\\) \\([^ ]*\\)\$/  {\"\\2\", (lt_ptr) \\&\\2},/p'\''"'
lt_lt_cv_sys_global_symbol_to_cdecl='"sed -n -e '\''s/^. .* \\(.*\\)\$/extern int \\1;/p'\''"'

## ----------------- ##
## Output variables. ##
## ----------------- ##

ACLOCAL='${SHELL} /Users/michael/src/git/lib/gettext-0.17/build-aux/missing --run aclocal-1.10'
ALLOCA=''
ALLOCA_H='alloca.h'
AMDEPBACKSLASH=''
AMDEP_FALSE=''
AMDEP_TRUE='#'
AMTAR='${SHELL} /Users/michael/src/git/lib/gettext-0.17/build-aux/missing --run tar'
AR='ar'
AS='as'
AUTOCONF='${SHELL} /Users/michael/src/git/lib/gettext-0.17/build-aux/missing --run autoconf'
AUTOHEADER='${SHELL} /Users/michael/src/git/lib/gettext-0.17/build-aux/missing --run autoheader'
AUTOMAKE='${SHELL} /Users/michael/src/git/lib/gettext-0.17/build-aux/missing --run automake-1.10'
AWK='awk'
CC='gcc'
CCDEPMODE='depmode=none'
CFLAGS='-O -g -isysroot /Developer/SDKs/MacOSX10.5.sdk -arch i386 -I/Users/michael/src/git/lib/static-build-i386-4.99.21rc5/include/ -mmacosx-version-min=10.5'
CPP='gcc -E'
CPPFLAGS='-O -g -isysroot /Developer/SDKs/MacOSX10.5.sdk -arch i386 -I/Users/michael/src/git/lib/static-build-i386-4.99.21rc5/include/ -mmacosx-version-min=10.5'
CXX='g++'
CXXCPP='g++ -E'
CXXDEPMODE='depmode=none'
CXXFLAGS='-g -O2'
CYGPATH_W='echo'
DEFS='-DHAVE_CONFIG_H'
DEPDIR='.deps'
DLLTOOL='dlltool'
DVIPS='/Users/michael/src/git/lib/gettext-0.17/build-aux/missing dvips'
ECHO='/bin/echo'
ECHO_C='ECHO_N=''
ECHO_T=''
EGREP='/usr/bin/grep -E'
EXEEXT=''
F77=''
FFLAGS=''
GREP='/usr/bin/grep'
INSTALL_DATA='${INSTALL} -m 644'
INSTALL_PROGRAM='${INSTALL}'
INSTALL_SCRIPT='${INSTALL}'
INSTALL_STRIP_PROGRAM='$(install_sh) -c -s'
LDFLAGS='-arch i386 -L/Users/michael/src/git/lib/static-build-i386-4.99.21rc5/lib -L/Developer/SDKs/MacOSX10.5.sdk/usr/lib/ -mmacosx-version-min=10.5'
LIBOBJS=''
LIBS=''
LIBTOOL='$(SHELL) $(top_builddir)/libtool'
LN_S='ln -s'
LTLIBOBJS=''
LTNOUNDEF=''
MAKEINFO='${SHELL} /Users/michael/src/git/lib/gettext-0.17/build-aux/missing --run makeinfo'
OBJDUMP='objdump'
OBJEXT='o'
PACKAGE='libasprintf'
PACKAGE_BUGREPORT=''
PACKAGE_NAME=''
PACKAGE_STRING=''
PACKAGE_TARNAME=''
PACKAGE_VERSION=''
PATH_SEPARATOR=':'
PERL='/usr/bin/perl'
RANLIB='ranlib'
SED='/usr/bin/sed'
SET_MAKE=''
SHELL='/bin/sh'
STRIP='strip'
TEXI2PDF='/usr/bin/texi2pdf'
VERSION='1.0'
ac_ct_CC='gcc'
ac_ct_CXX='g++'
ac_ct_F77=''
am__fastdepCC_FALSE=''
am__fastdepCC_TRUE='#'
am__fastdepCXX_FALSE=''
am__fastdepCXX_TRUE='#'
am__include='include'
am__isrc=' -I$(srcdir)'
am__leading_dot='.'
am__quote=''
am__tar='${AMTAR} chof - "$$tardir"'
am__untar='${AMTAR} xf -'
bindir='${exec_prefix}/bin'
build='i386-apple-darwin10.4.0'
build_alias=''
build_cpu='i386'
build_os='darwin10.4.0'
build_vendor='apple'
datadir='${datarootdir}'
datarootdir='${prefix}/share'
docdir='${datarootdir}/doc/${PACKAGE}'
dvidir='${docdir}'
exec_prefix='${prefix}'
host='i386-apple-darwin10.4.0'
host_alias=''
host_cpu='i386'
host_os='darwin10.4.0'
host_vendor='apple'
htmldir='${docdir}'
includedir='${prefix}/include'
infodir='${datarootdir}/info'
install_sh='$(SHELL) /Users/michael/src/git/lib/gettext-0.17/build-aux/install-sh'
libdir='${exec_prefix}/lib'
libexecdir='${exec_prefix}/libexec'
localedir='${datarootdir}/locale'
localstatedir='${prefix}/var'
mandir='${datarootdir}/man'
mkdir_p='/Users/michael/src/git/lib/gettext-0.17/gettext-runtime/libasprintf/../../build-aux/install-sh -c -d'
oldincludedir='/usr/include'
pdfdir='${docdir}'
prefix='/Users/michael/src/git/lib/static-build-i386-4.99.21rc5'
program_transform_name='s,x,x,'
psdir='${docdir}'
sbindir='${exec_prefix}/sbin'
sharedstatedir='${prefix}/com'
sysconfdir='${prefix}/etc'
target_alias=''

## ----------- ##
## confdefs.h. ##
## ----------- ##

#define PACKAGE_NAME ""
#define PACKAGE_TARNAME ""
#define PACKAGE_VERSION ""
#define PACKAGE_STRING ""
#define PACKAGE_BUGREPORT ""
#define PACKAGE "libasprintf"
#define VERSION "1.0"
#define STDC_HEADERS 1
#define HAVE_SYS_TYPES_H 1
#define HAVE_SYS_STAT_H 1
#define HAVE_STDLIB_H 1
#define HAVE_STRING_H 1
#define HAVE_MEMORY_H 1
#define HAVE_STRINGS_H 1
#define HAVE_INTTYPES_H 1
#define HAVE_STDINT_H 1
#define HAVE_UNISTD_H 1
#define HAVE_DLFCN_H 1
#define HAVE_LONG_LONG_INT 1
#define HAVE_LONG_LONG 1
#define HAVE_LONG_DOUBLE 1
#define HAVE_WCHAR_T 1
#define HAVE_WINT_T 1
#define HAVE_INTTYPES_H_WITH_UINTMAX 1
#define HAVE_STDINT_H_WITH_UINTMAX 1
#define HAVE_INTMAX_T 1
#define HAVE_STDINT_H 1
#define HAVE_STDINT_H 1
#define HAVE_ALLOCA_H 1
#define HAVE_ALLOCA 1
#define HAVE_SNPRINTF 1
#define HAVE_VASPRINTF 1
#define HAVE_WCSLEN 1
#define HAVE_DECL__SNPRINTF 0
#define HAVE_POSIX_PRINTF 1

configure: exit 0
