This file contains any messages produced by compilers while
running configure, to aid debugging if configure makes a mistake.

It was created by configure, which was
generated by GNU Autoconf 2.61.  Invocation command line was

  $ /Users/michael/src/git/lib/aqbanking/configure --disable-dependency-tracking --prefix=/Users/michael/src/git/lib/static-build-i386-4.99.25rc --enable-shared --enable-static --enable-debug=no --with-backends=aqhbci --with-frontends= --enable-local-install --disable-tutorials --with-bankinfos=de --without-imexports --disable-qt3-threads --disable-qt3 --with-exporter=csv --disable-variadic-macros

## --------- ##
## Platform. ##
## --------- ##

hostname = moeve
uname -m = i386
uname -r = 10.4.0
uname -s = Darwin
uname -v = Darwin Kernel Version 10.4.0: Fri Apr 23 18:28:53 PDT 2010; root:xnu-1504.7.4~1/RELEASE_I386

/usr/bin/uname -p = i386
/bin/uname -X     = unknown

/bin/arch              = unknown
/usr/bin/arch -k       = unknown
/usr/convex/getsysinfo = unknown
/usr/bin/hostinfo      = Mach kernel version:
	 Darwin Kernel Version 10.4.0: Fri Apr 23 18:28:53 PDT 2010; root:xnu-1504.7.4~1/RELEASE_I386
Kernel configured for up to 2 processors.
2 processors are physically available.
2 processors are logically available.
Processor type: i486 (Intel 80486)
Processors active: 0 1
Primary memory available: 4.00 gigabytes
Default processor set: 103 tasks, 422 threads, 2 processors
Load average: 2.07, Mach factor: 0.59
/bin/machine           = unknown
/usr/bin/oslevel       = unknown
/bin/universe          = unknown

PATH: /Users/michael/src/git/lib/static-build-i386-4.99.25rc/bin
PATH: /usr/bin
PATH: /bin
PATH: /usr/sbin
PATH: /sbin
PATH: /usr/X11/bin


## ----------- ##
## Core tests. ##
## ----------- ##

configure:2168: checking build system type
configure:2186: result: i386-apple-darwin10.4.0
configure:2208: checking host system type
configure:2223: result: i386-apple-darwin10.4.0
configure:2441: checking for a BSD-compatible install
configure:2497: result: /usr/bin/install -c
configure:2508: checking whether build environment is sane
configure:2551: result: yes
configure:2579: checking for a thread-safe mkdir -p
configure:2618: result: /Users/michael/src/git/lib/aqbanking/install-sh -c -d
configure:2631: checking for gawk
configure:2661: result: no
configure:2631: checking for mawk
configure:2661: result: no
configure:2631: checking for nawk
configure:2661: result: no
configure:2631: checking for awk
configure:2647: found /usr/bin/awk
configure:2658: result: awk
configure:2669: checking whether make sets $(MAKE)
configure:2690: result: yes
configure:3190: checking host system type
configure:3373: result: posix
configure:3533: checking for gcc
configure:3549: found /usr/bin/gcc
configure:3560: result: gcc
configure:3798: checking for C compiler version
configure:3805: gcc --version >&5
i686-apple-darwin10-gcc-4.2.1 (GCC) 4.2.1 (Apple Inc. build 5664)
Copyright (C) 2007 Free Software Foundation, Inc.
This is free software; see the source for copying conditions.  There is NO
warranty; not even for MERCHANTABILITY or FITNESS FOR A PARTICULAR PURPOSE.

configure:3808: $? = 0
configure:3815: gcc -v >&5
Using built-in specs.
Target: i686-apple-darwin10
Configured with: /var/tmp/gcc/gcc-5664~38/src/configure --disable-checking --enable-werror --prefix=/usr --mandir=/share/man --enable-languages=c,objc,c++,obj-c++ --program-transform-name=/^[cg][^.-]*$/s/$/-4.2/ --with-slibdir=/usr/lib --build=i686-apple-darwin10 --program-prefix=i686-apple-darwin10- --host=x86_64-apple-darwin10 --target=i686-apple-darwin10 --with-gxx-include-dir=/include/c++/4.2.1
Thread model: posix
gcc version 4.2.1 (Apple Inc. build 5664)
configure:3818: $? = 0
configure:3825: gcc -V >&5
gcc-4.2: argument to `-V' is missing
configure:3828: $? = 1
configure:3851: checking for C compiler default output file name
configure:3878: gcc -O -g -isysroot /Developer/SDKs/MacOSX10.5.sdk -arch i386 -I/Users/michael/src/git/lib/static-build-i386-4.99.25rc/include/ -mmacosx-version-min=10.5 -O -g -isysroot /Developer/SDKs/MacOSX10.5.sdk -arch i386 -I/Users/michael/src/git/lib/static-build-i386-4.99.25rc/include/ -mmacosx-version-min=10.5 -framework CoreFoundation -arch i386 -L/Users/michael/src/git/lib/static-build-i386-4.99.25rc/lib -L/Developer/SDKs/MacOSX10.5.sdk/usr/lib/ -mmacosx-version-min=10.5 -lcharset -liconv -lintl -lgmp -lgpg-error -lgcrypt -lgnutls -lgnutls-extra -lgnutls-openssl -lgwenhywfar conftest.c  >&5
configure:3881: $? = 0
configure:3919: result: a.out
configure:3936: checking whether the C compiler works
configure:3946: ./a.out
configure:3949: $? = 0
configure:3966: result: yes
configure:3973: checking whether we are cross compiling
configure:3975: result: no
configure:3978: checking for suffix of executables
configure:3985: gcc -o conftest -O -g -isysroot /Developer/SDKs/MacOSX10.5.sdk -arch i386 -I/Users/michael/src/git/lib/static-build-i386-4.99.25rc/include/ -mmacosx-version-min=10.5 -O -g -isysroot /Developer/SDKs/MacOSX10.5.sdk -arch i386 -I/Users/michael/src/git/lib/static-build-i386-4.99.25rc/include/ -mmacosx-version-min=10.5 -framework CoreFoundation -arch i386 -L/Users/michael/src/git/lib/static-build-i386-4.99.25rc/lib -L/Developer/SDKs/MacOSX10.5.sdk/usr/lib/ -mmacosx-version-min=10.5 -lcharset -liconv -lintl -lgmp -lgpg-error -lgcrypt -lgnutls -lgnutls-extra -lgnutls-openssl -lgwenhywfar conftest.c  >&5
configure:3988: $? = 0
configure:4012: result: 
configure:4018: checking for suffix of object files
configure:4044: gcc -c -O -g -isysroot /Developer/SDKs/MacOSX10.5.sdk -arch i386 -I/Users/michael/src/git/lib/static-build-i386-4.99.25rc/include/ -mmacosx-version-min=10.5 -O -g -isysroot /Developer/SDKs/MacOSX10.5.sdk -arch i386 -I/Users/michael/src/git/lib/static-build-i386-4.99.25rc/include/ -mmacosx-version-min=10.5 conftest.c >&5
configure:4047: $? = 0
configure:4070: result: o
configure:4074: checking whether we are using the GNU C compiler
configure:4103: gcc -c -O -g -isysroot /Developer/SDKs/MacOSX10.5.sdk -arch i386 -I/Users/michael/src/git/lib/static-build-i386-4.99.25rc/include/ -mmacosx-version-min=10.5 -O -g -isysroot /Developer/SDKs/MacOSX10.5.sdk -arch i386 -I/Users/michael/src/git/lib/static-build-i386-4.99.25rc/include/ -mmacosx-version-min=10.5 conftest.c >&5
configure:4109: $? = 0
configure:4126: result: yes
configure:4131: checking whether gcc accepts -g
configure:4161: gcc -c -g -O -g -isysroot /Developer/SDKs/MacOSX10.5.sdk -arch i386 -I/Users/michael/src/git/lib/static-build-i386-4.99.25rc/include/ -mmacosx-version-min=10.5 conftest.c >&5
configure:4167: $? = 0
configure:4266: result: yes
configure:4283: checking for gcc option to accept ISO C89
configure:4357: gcc  -c -O -g -isysroot /Developer/SDKs/MacOSX10.5.sdk -arch i386 -I/Users/michael/src/git/lib/static-build-i386-4.99.25rc/include/ -mmacosx-version-min=10.5 -O -g -isysroot /Developer/SDKs/MacOSX10.5.sdk -arch i386 -I/Users/michael/src/git/lib/static-build-i386-4.99.25rc/include/ -mmacosx-version-min=10.5 conftest.c >&5
configure:4363: $? = 0
configure:4386: result: none needed
configure:4415: checking for style of include used by make
configure:4443: result: GNU
configure:4468: checking dependency style of gcc
configure:4559: result: none
configure:4632: checking for g++
configure:4648: found /usr/bin/g++
configure:4659: result: g++
configure:4690: checking for C++ compiler version
configure:4697: g++ --version >&5
i686-apple-darwin10-g++-4.2.1 (GCC) 4.2.1 (Apple Inc. build 5664)
Copyright (C) 2007 Free Software Foundation, Inc.
This is free software; see the source for copying conditions.  There is NO
warranty; not even for MERCHANTABILITY or FITNESS FOR A PARTICULAR PURPOSE.

configure:4700: $? = 0
configure:4707: g++ -v >&5
Using built-in specs.
Target: i686-apple-darwin10
Configured with: /var/tmp/gcc/gcc-5664~38/src/configure --disable-checking --enable-werror --prefix=/usr --mandir=/share/man --enable-languages=c,objc,c++,obj-c++ --program-transform-name=/^[cg][^.-]*$/s/$/-4.2/ --with-slibdir=/usr/lib --build=i686-apple-darwin10 --program-prefix=i686-apple-darwin10- --host=x86_64-apple-darwin10 --target=i686-apple-darwin10 --with-gxx-include-dir=/include/c++/4.2.1
Thread model: posix
gcc version 4.2.1 (Apple Inc. build 5664)
configure:4710: $? = 0
configure:4717: g++ -V >&5
g++-4.2: argument to `-V' is missing
configure:4720: $? = 1
configure:4723: checking whether we are using the GNU C++ compiler
configure:4752: g++ -c  -O -g -isysroot /Developer/SDKs/MacOSX10.5.sdk -arch i386 -I/Users/michael/src/git/lib/static-build-i386-4.99.25rc/include/ -mmacosx-version-min=10.5 conftest.cpp >&5
configure:4758: $? = 0
configure:4775: result: yes
configure:4780: checking whether g++ accepts -g
configure:4810: g++ -c -g -O -g -isysroot /Developer/SDKs/MacOSX10.5.sdk -arch i386 -I/Users/michael/src/git/lib/static-build-i386-4.99.25rc/include/ -mmacosx-version-min=10.5 conftest.cpp >&5
configure:4816: $? = 0
configure:4915: result: yes
configure:4940: checking dependency style of g++
configure:5031: result: none
configure:5059: checking for a BSD-compatible install
configure:5115: result: /usr/bin/install -c
configure:5488: checking for windres
configure:5518: result: no
configure:5566: checking for a sed that does not truncate output
configure:5645: result: /usr/bin/sed
configure:5663: checking for grep that handles long lines and -e
configure:5737: result: /usr/bin/grep
configure:5742: checking for egrep
configure:5820: result: /usr/bin/grep -E
configure:5825: checking for fgrep
configure:5903: result: /usr/bin/grep -F
configure:5938: checking for ld used by gcc
configure:6005: result: /usr/libexec/gcc/i686-apple-darwin10/4.2.1/ld
configure:6014: checking if the linker (/usr/libexec/gcc/i686-apple-darwin10/4.2.1/ld) is GNU ld
configure:6029: result: no
configure:6041: checking for BSD- or MS-compatible name lister (nm)
configure:6090: result: /usr/bin/nm
configure:6212: checking the name lister (/usr/bin/nm) interface
configure:6219: gcc -c -O -g -isysroot /Developer/SDKs/MacOSX10.5.sdk -arch i386 -I/Users/michael/src/git/lib/static-build-i386-4.99.25rc/include/ -mmacosx-version-min=10.5 -O -g -isysroot /Developer/SDKs/MacOSX10.5.sdk -arch i386 -I/Users/michael/src/git/lib/static-build-i386-4.99.25rc/include/ -mmacosx-version-min=10.5 conftest.c >&5
configure:6222: /usr/bin/nm "conftest.o"
configure:6225: output
00000184 D _some_variable
configure:6232: result: BSD nm
configure:6235: checking whether ln -s works
configure:6239: result: yes
configure:6247: checking the maximum length of command line arguments
configure:6367: result: 196608
configure:6384: checking whether the shell understands some XSI constructs
configure:6394: result: yes
configure:6398: checking whether the shell understands "+="
configure:6404: result: yes
configure:6439: checking for /usr/libexec/gcc/i686-apple-darwin10/4.2.1/ld option to reload object files
configure:6446: result: -r
configure:6473: checking how to recognize dependent libraries
configure:6663: result: pass_all
configure:6723: checking for ar
configure:6739: found /usr/bin/ar
configure:6750: result: ar
configure:6832: checking for strip
configure:6848: found /usr/bin/strip
configure:6859: result: strip
configure:6935: checking for ranlib
configure:6951: found /usr/bin/ranlib
configure:6962: result: ranlib
configure:7056: checking command to parse /usr/bin/nm output from gcc object
configure:7174: gcc -c -O -g -isysroot /Developer/SDKs/MacOSX10.5.sdk -arch i386 -I/Users/michael/src/git/lib/static-build-i386-4.99.25rc/include/ -mmacosx-version-min=10.5 -O -g -isysroot /Developer/SDKs/MacOSX10.5.sdk -arch i386 -I/Users/michael/src/git/lib/static-build-i386-4.99.25rc/include/ -mmacosx-version-min=10.5 conftest.c >&5
configure:7177: $? = 0
configure:7181: /usr/bin/nm conftest.o \| sed -n -e 's/^.*[	 ]\([BCDEGRST][BCDEGRST]*\)[	 ][	 ]*\([_A-Za-z][_A-Za-z0-9]*\)$/\1 \2 \2/p' \> conftest.nm
configure:7184: $? = 0
cannot find nm_test_var in conftest.nm
configure:7174: gcc -c -O -g -isysroot /Developer/SDKs/MacOSX10.5.sdk -arch i386 -I/Users/michael/src/git/lib/static-build-i386-4.99.25rc/include/ -mmacosx-version-min=10.5 -O -g -isysroot /Developer/SDKs/MacOSX10.5.sdk -arch i386 -I/Users/michael/src/git/lib/static-build-i386-4.99.25rc/include/ -mmacosx-version-min=10.5 conftest.c >&5
configure:7177: $? = 0
configure:7181: /usr/bin/nm conftest.o \| sed -n -e 's/^.*[	 ]\([BCDEGRST][BCDEGRST]*\)[	 ][	 ]*_\([_A-Za-z][_A-Za-z0-9]*\)$/\1 _\2 \2/p' \> conftest.nm
configure:7184: $? = 0
configure:7238: gcc -o conftest -O -g -isysroot /Developer/SDKs/MacOSX10.5.sdk -arch i386 -I/Users/michael/src/git/lib/static-build-i386-4.99.25rc/include/ -mmacosx-version-min=10.5 -O -g -isysroot /Developer/SDKs/MacOSX10.5.sdk -arch i386 -I/Users/michael/src/git/lib/static-build-i386-4.99.25rc/include/ -mmacosx-version-min=10.5 -framework CoreFoundation -arch i386 -L/Users/michael/src/git/lib/static-build-i386-4.99.25rc/lib -L/Developer/SDKs/MacOSX10.5.sdk/usr/lib/ -mmacosx-version-min=10.5 -lcharset -liconv -lintl -lgmp -lgpg-error -lgcrypt -lgnutls -lgnutls-extra -lgnutls-openssl -lgwenhywfar conftest.c conftstm.o >&5
configure:7241: $? = 0
configure:7279: result: ok
configure:7569: checking for dsymutil
configure:7585: found /usr/bin/dsymutil
configure:7596: result: dsymutil
configure:7665: checking for nmedit
configure:7681: found /usr/bin/nmedit
configure:7692: result: nmedit
configure:7761: checking for lipo
configure:7777: found /usr/bin/lipo
configure:7788: result: lipo
configure:7857: checking for otool
configure:7873: found /usr/bin/otool
configure:7884: result: otool
configure:7953: checking for otool64
configure:7983: result: no
configure:8032: checking for -single_module linker flag
gcc -O -g -isysroot /Developer/SDKs/MacOSX10.5.sdk -arch i386 -I/Users/michael/src/git/lib/static-build-i386-4.99.25rc/include/ -mmacosx-version-min=10.5 -framework CoreFoundation -arch i386 -L/Users/michael/src/git/lib/static-build-i386-4.99.25rc/lib -L/Developer/SDKs/MacOSX10.5.sdk/usr/lib/ -mmacosx-version-min=10.5 -lcharset -liconv -lintl -lgmp -lgpg-error -lgcrypt -lgnutls -lgnutls-extra -lgnutls-openssl -lgwenhywfar -o libconftest.dylib -dynamiclib -Wl,-single_module conftest.c
configure:8059: result: yes
configure:8061: checking for -exported_symbols_list linker flag
configure:8091: gcc -o conftest -O -g -isysroot /Developer/SDKs/MacOSX10.5.sdk -arch i386 -I/Users/michael/src/git/lib/static-build-i386-4.99.25rc/include/ -mmacosx-version-min=10.5 -O -g -isysroot /Developer/SDKs/MacOSX10.5.sdk -arch i386 -I/Users/michael/src/git/lib/static-build-i386-4.99.25rc/include/ -mmacosx-version-min=10.5 -framework CoreFoundation -arch i386 -L/Users/michael/src/git/lib/static-build-i386-4.99.25rc/lib -L/Developer/SDKs/MacOSX10.5.sdk/usr/lib/ -mmacosx-version-min=10.5 -lcharset -liconv -lintl -lgmp -lgpg-error -lgcrypt -lgnutls -lgnutls-extra -lgnutls-openssl -lgwenhywfar -Wl,-exported_symbols_list,conftest.sym conftest.c  >&5
configure:8097: $? = 0
configure:8116: result: yes
configure:8158: checking how to run the C preprocessor
configure:8198: gcc -E -O -g -isysroot /Developer/SDKs/MacOSX10.5.sdk -arch i386 -I/Users/michael/src/git/lib/static-build-i386-4.99.25rc/include/ -mmacosx-version-min=10.5 conftest.c
configure:8204: $? = 0
configure:8235: gcc -E -O -g -isysroot /Developer/SDKs/MacOSX10.5.sdk -arch i386 -I/Users/michael/src/git/lib/static-build-i386-4.99.25rc/include/ -mmacosx-version-min=10.5 conftest.c
conftest.c:57:28: error: ac_nonexistent.h: No such file or directory
configure:8241: $? = 1
configure: failed program was:
| /* confdefs.h.  */
| #define PACKAGE_NAME ""
| #define PACKAGE_TARNAME ""
| #define PACKAGE_VERSION ""
| #define PACKAGE_STRING ""
| #define PACKAGE_BUGREPORT ""
| #define AQBANKING_SO_EFFECTIVE_STR "32"
| #define PACKAGE "aqbanking"
| #define VERSION "4.99.25rc"
| #define AQHBCI_VERSION_MAJOR 4
| #define AQHBCI_VERSION_MINOR 99
| #define AQHBCI_VERSION_PATCHLEVEL 25
| #define AQHBCI_VERSION_BUILD 0
| #define AQHBCI_VERSION_STRING "4.99.25"
| #define AQHBCI_VERSION_FULL_STRING "4.99.25.0rc"
| #define AQHBCI_VERSION_TAG rc
| #define AQHBCI_SO_EFFECTIVE_STR "18"
| #define AQOFXCONNECT_VERSION_MAJOR 4
| #define AQOFXCONNECT_VERSION_MINOR 99
| #define AQOFXCONNECT_VERSION_PATCHLEVEL 25
| #define AQOFXCONNECT_VERSION_BUILD 0
| #define AQOFXCONNECT_VERSION_STRING "4.99.25"
| #define AQOFXCONNECT_VERSION_FULL_STRING "4.99.25.0rc"
| #define AQOFXCONNECT_VERSION_TAG rc
| #define AQOFXCONNECT_SO_EFFECTIVE_STR "6"
| #define AQPAYPAL_VERSION_MAJOR 4
| #define AQPAYPAL_VERSION_MINOR 99
| #define AQPAYPAL_VERSION_PATCHLEVEL 25
| #define AQPAYPAL_VERSION_BUILD 0
| #define AQPAYPAL_VERSION_STRING "4.99.25"
| #define AQPAYPAL_VERSION_FULL_STRING "4.99.25.0rc"
| #define AQPAYPAL_VERSION_TAG rc
| #define AQPAYPAL_SO_EFFECTIVE_STR "1"
| #define QBANKING_VERSION_MAJOR 4
| #define QBANKING_VERSION_MINOR 99
| #define QBANKING_VERSION_PATCHLEVEL 25
| #define QBANKING_VERSION_BUILD 0
| #define QBANKING_VERSION_STRING "4.99.25"
| #define QBANKING_VERSION_FULL_STRING "4.99.25.0rc"
| #define QBANKING_VERSION_TAG rc
| #define QBANKING_SO_EFFECTIVE_STR ""
| #define Q4BANKING_VERSION_MAJOR 4
| #define Q4BANKING_VERSION_MINOR 99
| #define Q4BANKING_VERSION_PATCHLEVEL 25
| #define Q4BANKING_VERSION_BUILD 0
| #define Q4BANKING_VERSION_STRING "4.99.25"
| #define Q4BANKING_VERSION_FULL_STRING "4.99.25.0rc"
| #define Q4BANKING_VERSION_TAG rc
| #define Q4BANKING_SO_EFFECTIVE_STR ""
| #define OS_NAME "i386-apple-darwin10.4.0"
| #define OS_DARWIN 1
| #define OS_POSIX 1
| #define OS_SHORTNAME "osx"
| #define OS_TYPE "posix"
| #define _GNU_SOURCE 1
| /* end confdefs.h.  */
| #include <ac_nonexistent.h>
configure:8274: result: gcc -E
configure:8303: gcc -E -O -g -isysroot /Developer/SDKs/MacOSX10.5.sdk -arch i386 -I/Users/michael/src/git/lib/static-build-i386-4.99.25rc/include/ -mmacosx-version-min=10.5 conftest.c
configure:8309: $? = 0
configure:8340: gcc -E -O -g -isysroot /Developer/SDKs/MacOSX10.5.sdk -arch i386 -I/Users/michael/src/git/lib/static-build-i386-4.99.25rc/include/ -mmacosx-version-min=10.5 conftest.c
conftest.c:57:28: error: ac_nonexistent.h: No such file or directory
configure:8346: $? = 1
configure: failed program was:
| /* confdefs.h.  */
| #define PACKAGE_NAME ""
| #define PACKAGE_TARNAME ""
| #define PACKAGE_VERSION ""
| #define PACKAGE_STRING ""
| #define PACKAGE_BUGREPORT ""
| #define AQBANKING_SO_EFFECTIVE_STR "32"
| #define PACKAGE "aqbanking"
| #define VERSION "4.99.25rc"
| #define AQHBCI_VERSION_MAJOR 4
| #define AQHBCI_VERSION_MINOR 99
| #define AQHBCI_VERSION_PATCHLEVEL 25
| #define AQHBCI_VERSION_BUILD 0
| #define AQHBCI_VERSION_STRING "4.99.25"
| #define AQHBCI_VERSION_FULL_STRING "4.99.25.0rc"
| #define AQHBCI_VERSION_TAG rc
| #define AQHBCI_SO_EFFECTIVE_STR "18"
| #define AQOFXCONNECT_VERSION_MAJOR 4
| #define AQOFXCONNECT_VERSION_MINOR 99
| #define AQOFXCONNECT_VERSION_PATCHLEVEL 25
| #define AQOFXCONNECT_VERSION_BUILD 0
| #define AQOFXCONNECT_VERSION_STRING "4.99.25"
| #define AQOFXCONNECT_VERSION_FULL_STRING "4.99.25.0rc"
| #define AQOFXCONNECT_VERSION_TAG rc
| #define AQOFXCONNECT_SO_EFFECTIVE_STR "6"
| #define AQPAYPAL_VERSION_MAJOR 4
| #define AQPAYPAL_VERSION_MINOR 99
| #define AQPAYPAL_VERSION_PATCHLEVEL 25
| #define AQPAYPAL_VERSION_BUILD 0
| #define AQPAYPAL_VERSION_STRING "4.99.25"
| #define AQPAYPAL_VERSION_FULL_STRING "4.99.25.0rc"
| #define AQPAYPAL_VERSION_TAG rc
| #define AQPAYPAL_SO_EFFECTIVE_STR "1"
| #define QBANKING_VERSION_MAJOR 4
| #define QBANKING_VERSION_MINOR 99
| #define QBANKING_VERSION_PATCHLEVEL 25
| #define QBANKING_VERSION_BUILD 0
| #define QBANKING_VERSION_STRING "4.99.25"
| #define QBANKING_VERSION_FULL_STRING "4.99.25.0rc"
| #define QBANKING_VERSION_TAG rc
| #define QBANKING_SO_EFFECTIVE_STR ""
| #define Q4BANKING_VERSION_MAJOR 4
| #define Q4BANKING_VERSION_MINOR 99
| #define Q4BANKING_VERSION_PATCHLEVEL 25
| #define Q4BANKING_VERSION_BUILD 0
| #define Q4BANKING_VERSION_STRING "4.99.25"
| #define Q4BANKING_VERSION_FULL_STRING "4.99.25.0rc"
| #define Q4BANKING_VERSION_TAG rc
| #define Q4BANKING_SO_EFFECTIVE_STR ""
| #define OS_NAME "i386-apple-darwin10.4.0"
| #define OS_DARWIN 1
| #define OS_POSIX 1
| #define OS_SHORTNAME "osx"
| #define OS_TYPE "posix"
| #define _GNU_SOURCE 1
| /* end confdefs.h.  */
| #include <ac_nonexistent.h>
configure:8384: checking for ANSI C header files
configure:8414: gcc -c -O -g -isysroot /Developer/SDKs/MacOSX10.5.sdk -arch i386 -I/Users/michael/src/git/lib/static-build-i386-4.99.25rc/include/ -mmacosx-version-min=10.5 -O -g -isysroot /Developer/SDKs/MacOSX10.5.sdk -arch i386 -I/Users/michael/src/git/lib/static-build-i386-4.99.25rc/include/ -mmacosx-version-min=10.5 conftest.c >&5
configure:8420: $? = 0
configure:8519: gcc -o conftest -O -g -isysroot /Developer/SDKs/MacOSX10.5.sdk -arch i386 -I/Users/michael/src/git/lib/static-build-i386-4.99.25rc/include/ -mmacosx-version-min=10.5 -O -g -isysroot /Developer/SDKs/MacOSX10.5.sdk -arch i386 -I/Users/michael/src/git/lib/static-build-i386-4.99.25rc/include/ -mmacosx-version-min=10.5 -framework CoreFoundation -arch i386 -L/Users/michael/src/git/lib/static-build-i386-4.99.25rc/lib -L/Developer/SDKs/MacOSX10.5.sdk/usr/lib/ -mmacosx-version-min=10.5 -lcharset -liconv -lintl -lgmp -lgpg-error -lgcrypt -lgnutls -lgnutls-extra -lgnutls-openssl -lgwenhywfar conftest.c  >&5
configure:8522: $? = 0
configure:8528: ./conftest
configure:8531: $? = 0
configure:8548: result: yes
configure:8572: checking for sys/types.h
configure:8593: gcc -c -O -g -isysroot /Developer/SDKs/MacOSX10.5.sdk -arch i386 -I/Users/michael/src/git/lib/static-build-i386-4.99.25rc/include/ -mmacosx-version-min=10.5 -O -g -isysroot /Developer/SDKs/MacOSX10.5.sdk -arch i386 -I/Users/michael/src/git/lib/static-build-i386-4.99.25rc/include/ -mmacosx-version-min=10.5 conftest.c >&5
configure:8599: $? = 0
configure:8615: result: yes
configure:8572: checking for sys/stat.h
configure:8593: gcc -c -O -g -isysroot /Developer/SDKs/MacOSX10.5.sdk -arch i386 -I/Users/michael/src/git/lib/static-build-i386-4.99.25rc/include/ -mmacosx-version-min=10.5 -O -g -isysroot /Developer/SDKs/MacOSX10.5.sdk -arch i386 -I/Users/michael/src/git/lib/static-build-i386-4.99.25rc/include/ -mmacosx-version-min=10.5 conftest.c >&5
configure:8599: $? = 0
configure:8615: result: yes
configure:8572: checking for stdlib.h
configure:8593: gcc -c -O -g -isysroot /Developer/SDKs/MacOSX10.5.sdk -arch i386 -I/Users/michael/src/git/lib/static-build-i386-4.99.25rc/include/ -mmacosx-version-min=10.5 -O -g -isysroot /Developer/SDKs/MacOSX10.5.sdk -arch i386 -I/Users/michael/src/git/lib/static-build-i386-4.99.25rc/include/ -mmacosx-version-min=10.5 conftest.c >&5
configure:8599: $? = 0
configure:8615: result: yes
configure:8572: checking for string.h
configure:8593: gcc -c -O -g -isysroot /Developer/SDKs/MacOSX10.5.sdk -arch i386 -I/Users/michael/src/git/lib/static-build-i386-4.99.25rc/include/ -mmacosx-version-min=10.5 -O -g -isysroot /Developer/SDKs/MacOSX10.5.sdk -arch i386 -I/Users/michael/src/git/lib/static-build-i386-4.99.25rc/include/ -mmacosx-version-min=10.5 conftest.c >&5
configure:8599: $? = 0
configure:8615: result: yes
configure:8572: checking for memory.h
configure:8593: gcc -c -O -g -isysroot /Developer/SDKs/MacOSX10.5.sdk -arch i386 -I/Users/michael/src/git/lib/static-build-i386-4.99.25rc/include/ -mmacosx-version-min=10.5 -O -g -isysroot /Developer/SDKs/MacOSX10.5.sdk -arch i386 -I/Users/michael/src/git/lib/static-build-i386-4.99.25rc/include/ -mmacosx-version-min=10.5 conftest.c >&5
configure:8599: $? = 0
configure:8615: result: yes
configure:8572: checking for strings.h
configure:8593: gcc -c -O -g -isysroot /Developer/SDKs/MacOSX10.5.sdk -arch i386 -I/Users/michael/src/git/lib/static-build-i386-4.99.25rc/include/ -mmacosx-version-min=10.5 -O -g -isysroot /Developer/SDKs/MacOSX10.5.sdk -arch i386 -I/Users/michael/src/git/lib/static-build-i386-4.99.25rc/include/ -mmacosx-version-min=10.5 conftest.c >&5
configure:8599: $? = 0
configure:8615: result: yes
configure:8572: checking for inttypes.h
configure:8593: gcc -c -O -g -isysroot /Developer/SDKs/MacOSX10.5.sdk -arch i386 -I/Users/michael/src/git/lib/static-build-i386-4.99.25rc/include/ -mmacosx-version-min=10.5 -O -g -isysroot /Developer/SDKs/MacOSX10.5.sdk -arch i386 -I/Users/michael/src/git/lib/static-build-i386-4.99.25rc/include/ -mmacosx-version-min=10.5 conftest.c >&5
configure:8599: $? = 0
configure:8615: result: yes
configure:8572: checking for stdint.h
configure:8593: gcc -c -O -g -isysroot /Developer/SDKs/MacOSX10.5.sdk -arch i386 -I/Users/michael/src/git/lib/static-build-i386-4.99.25rc/include/ -mmacosx-version-min=10.5 -O -g -isysroot /Developer/SDKs/MacOSX10.5.sdk -arch i386 -I/Users/michael/src/git/lib/static-build-i386-4.99.25rc/include/ -mmacosx-version-min=10.5 conftest.c >&5
configure:8599: $? = 0
configure:8615: result: yes
configure:8572: checking for unistd.h
configure:8593: gcc -c -O -g -isysroot /Developer/SDKs/MacOSX10.5.sdk -arch i386 -I/Users/michael/src/git/lib/static-build-i386-4.99.25rc/include/ -mmacosx-version-min=10.5 -O -g -isysroot /Developer/SDKs/MacOSX10.5.sdk -arch i386 -I/Users/michael/src/git/lib/static-build-i386-4.99.25rc/include/ -mmacosx-version-min=10.5 conftest.c >&5
configure:8599: $? = 0
configure:8615: result: yes
configure:8631: checking for dlfcn.h
configure:8652: gcc -c -O -g -isysroot /Developer/SDKs/MacOSX10.5.sdk -arch i386 -I/Users/michael/src/git/lib/static-build-i386-4.99.25rc/include/ -mmacosx-version-min=10.5 -O -g -isysroot /Developer/SDKs/MacOSX10.5.sdk -arch i386 -I/Users/michael/src/git/lib/static-build-i386-4.99.25rc/include/ -mmacosx-version-min=10.5 conftest.c >&5
configure:8658: $? = 0
configure:8674: result: yes
configure:8803: checking for C++ compiler version
configure:8810: g++ --version >&5
i686-apple-darwin10-g++-4.2.1 (GCC) 4.2.1 (Apple Inc. build 5664)
Copyright (C) 2007 Free Software Foundation, Inc.
This is free software; see the source for copying conditions.  There is NO
warranty; not even for MERCHANTABILITY or FITNESS FOR A PARTICULAR PURPOSE.

configure:8813: $? = 0
configure:8820: g++ -v >&5
Using built-in specs.
Target: i686-apple-darwin10
Configured with: /var/tmp/gcc/gcc-5664~38/src/configure --disable-checking --enable-werror --prefix=/usr --mandir=/share/man --enable-languages=c,objc,c++,obj-c++ --program-transform-name=/^[cg][^.-]*$/s/$/-4.2/ --with-slibdir=/usr/lib --build=i686-apple-darwin10 --program-prefix=i686-apple-darwin10- --host=x86_64-apple-darwin10 --target=i686-apple-darwin10 --with-gxx-include-dir=/include/c++/4.2.1
Thread model: posix
gcc version 4.2.1 (Apple Inc. build 5664)
configure:8823: $? = 0
configure:8830: g++ -V >&5
g++-4.2: argument to `-V' is missing
configure:8833: $? = 1
configure:8836: checking whether we are using the GNU C++ compiler
configure:8888: result: yes
configure:8893: checking whether g++ accepts -g
configure:9028: result: yes
configure:9053: checking dependency style of g++
configure:9144: result: none
configure:9167: checking how to run the C++ preprocessor
configure:9203: g++ -E -O -g -isysroot /Developer/SDKs/MacOSX10.5.sdk -arch i386 -I/Users/michael/src/git/lib/static-build-i386-4.99.25rc/include/ -mmacosx-version-min=10.5 conftest.cpp
configure:9209: $? = 0
configure:9240: g++ -E -O -g -isysroot /Developer/SDKs/MacOSX10.5.sdk -arch i386 -I/Users/michael/src/git/lib/static-build-i386-4.99.25rc/include/ -mmacosx-version-min=10.5 conftest.cpp
conftest.cpp:68:28: error: ac_nonexistent.h: No such file or directory
configure:9246: $? = 1
configure: failed program was:
| /* confdefs.h.  */
| #define PACKAGE_NAME ""
| #define PACKAGE_TARNAME ""
| #define PACKAGE_VERSION ""
| #define PACKAGE_STRING ""
| #define PACKAGE_BUGREPORT ""
| #define AQBANKING_SO_EFFECTIVE_STR "32"
| #define PACKAGE "aqbanking"
| #define VERSION "4.99.25rc"
| #define AQHBCI_VERSION_MAJOR 4
| #define AQHBCI_VERSION_MINOR 99
| #define AQHBCI_VERSION_PATCHLEVEL 25
| #define AQHBCI_VERSION_BUILD 0
| #define AQHBCI_VERSION_STRING "4.99.25"
| #define AQHBCI_VERSION_FULL_STRING "4.99.25.0rc"
| #define AQHBCI_VERSION_TAG rc
| #define AQHBCI_SO_EFFECTIVE_STR "18"
| #define AQOFXCONNECT_VERSION_MAJOR 4
| #define AQOFXCONNECT_VERSION_MINOR 99
| #define AQOFXCONNECT_VERSION_PATCHLEVEL 25
| #define AQOFXCONNECT_VERSION_BUILD 0
| #define AQOFXCONNECT_VERSION_STRING "4.99.25"
| #define AQOFXCONNECT_VERSION_FULL_STRING "4.99.25.0rc"
| #define AQOFXCONNECT_VERSION_TAG rc
| #define AQOFXCONNECT_SO_EFFECTIVE_STR "6"
| #define AQPAYPAL_VERSION_MAJOR 4
| #define AQPAYPAL_VERSION_MINOR 99
| #define AQPAYPAL_VERSION_PATCHLEVEL 25
| #define AQPAYPAL_VERSION_BUILD 0
| #define AQPAYPAL_VERSION_STRING "4.99.25"
| #define AQPAYPAL_VERSION_FULL_STRING "4.99.25.0rc"
| #define AQPAYPAL_VERSION_TAG rc
| #define AQPAYPAL_SO_EFFECTIVE_STR "1"
| #define QBANKING_VERSION_MAJOR 4
| #define QBANKING_VERSION_MINOR 99
| #define QBANKING_VERSION_PATCHLEVEL 25
| #define QBANKING_VERSION_BUILD 0
| #define QBANKING_VERSION_STRING "4.99.25"
| #define QBANKING_VERSION_FULL_STRING "4.99.25.0rc"
| #define QBANKING_VERSION_TAG rc
| #define QBANKING_SO_EFFECTIVE_STR ""
| #define Q4BANKING_VERSION_MAJOR 4
| #define Q4BANKING_VERSION_MINOR 99
| #define Q4BANKING_VERSION_PATCHLEVEL 25
| #define Q4BANKING_VERSION_BUILD 0
| #define Q4BANKING_VERSION_STRING "4.99.25"
| #define Q4BANKING_VERSION_FULL_STRING "4.99.25.0rc"
| #define Q4BANKING_VERSION_TAG rc
| #define Q4BANKING_SO_EFFECTIVE_STR ""
| #define OS_NAME "i386-apple-darwin10.4.0"
| #define OS_DARWIN 1
| #define OS_POSIX 1
| #define OS_SHORTNAME "osx"
| #define OS_TYPE "posix"
| #define _GNU_SOURCE 1
| #define STDC_HEADERS 1
| #define HAVE_SYS_TYPES_H 1
| #define HAVE_SYS_STAT_H 1
| #define HAVE_STDLIB_H 1
| #define HAVE_STRING_H 1
| #define HAVE_MEMORY_H 1
| #define HAVE_STRINGS_H 1
| #define HAVE_INTTYPES_H 1
| #define HAVE_STDINT_H 1
| #define HAVE_UNISTD_H 1
| #define HAVE_DLFCN_H 1
| /* end confdefs.h.  */
| #include <ac_nonexistent.h>
configure:9279: result: g++ -E
configure:9308: g++ -E -O -g -isysroot /Developer/SDKs/MacOSX10.5.sdk -arch i386 -I/Users/michael/src/git/lib/static-build-i386-4.99.25rc/include/ -mmacosx-version-min=10.5 conftest.cpp
configure:9314: $? = 0
configure:9345: g++ -E -O -g -isysroot /Developer/SDKs/MacOSX10.5.sdk -arch i386 -I/Users/michael/src/git/lib/static-build-i386-4.99.25rc/include/ -mmacosx-version-min=10.5 conftest.cpp
conftest.cpp:68:28: error: ac_nonexistent.h: No such file or directory
configure:9351: $? = 1
configure: failed program was:
| /* confdefs.h.  */
| #define PACKAGE_NAME ""
| #define PACKAGE_TARNAME ""
| #define PACKAGE_VERSION ""
| #define PACKAGE_STRING ""
| #define PACKAGE_BUGREPORT ""
| #define AQBANKING_SO_EFFECTIVE_STR "32"
| #define PACKAGE "aqbanking"
| #define VERSION "4.99.25rc"
| #define AQHBCI_VERSION_MAJOR 4
| #define AQHBCI_VERSION_MINOR 99
| #define AQHBCI_VERSION_PATCHLEVEL 25
| #define AQHBCI_VERSION_BUILD 0
| #define AQHBCI_VERSION_STRING "4.99.25"
| #define AQHBCI_VERSION_FULL_STRING "4.99.25.0rc"
| #define AQHBCI_VERSION_TAG rc
| #define AQHBCI_SO_EFFECTIVE_STR "18"
| #define AQOFXCONNECT_VERSION_MAJOR 4
| #define AQOFXCONNECT_VERSION_MINOR 99
| #define AQOFXCONNECT_VERSION_PATCHLEVEL 25
| #define AQOFXCONNECT_VERSION_BUILD 0
| #define AQOFXCONNECT_VERSION_STRING "4.99.25"
| #define AQOFXCONNECT_VERSION_FULL_STRING "4.99.25.0rc"
| #define AQOFXCONNECT_VERSION_TAG rc
| #define AQOFXCONNECT_SO_EFFECTIVE_STR "6"
| #define AQPAYPAL_VERSION_MAJOR 4
| #define AQPAYPAL_VERSION_MINOR 99
| #define AQPAYPAL_VERSION_PATCHLEVEL 25
| #define AQPAYPAL_VERSION_BUILD 0
| #define AQPAYPAL_VERSION_STRING "4.99.25"
| #define AQPAYPAL_VERSION_FULL_STRING "4.99.25.0rc"
| #define AQPAYPAL_VERSION_TAG rc
| #define AQPAYPAL_SO_EFFECTIVE_STR "1"
| #define QBANKING_VERSION_MAJOR 4
| #define QBANKING_VERSION_MINOR 99
| #define QBANKING_VERSION_PATCHLEVEL 25
| #define QBANKING_VERSION_BUILD 0
| #define QBANKING_VERSION_STRING "4.99.25"
| #define QBANKING_VERSION_FULL_STRING "4.99.25.0rc"
| #define QBANKING_VERSION_TAG rc
| #define QBANKING_SO_EFFECTIVE_STR ""
| #define Q4BANKING_VERSION_MAJOR 4
| #define Q4BANKING_VERSION_MINOR 99
| #define Q4BANKING_VERSION_PATCHLEVEL 25
| #define Q4BANKING_VERSION_BUILD 0
| #define Q4BANKING_VERSION_STRING "4.99.25"
| #define Q4BANKING_VERSION_FULL_STRING "4.99.25.0rc"
| #define Q4BANKING_VERSION_TAG rc
| #define Q4BANKING_SO_EFFECTIVE_STR ""
| #define OS_NAME "i386-apple-darwin10.4.0"
| #define OS_DARWIN 1
| #define OS_POSIX 1
| #define OS_SHORTNAME "osx"
| #define OS_TYPE "posix"
| #define _GNU_SOURCE 1
| #define STDC_HEADERS 1
| #define HAVE_SYS_TYPES_H 1
| #define HAVE_SYS_STAT_H 1
| #define HAVE_STDLIB_H 1
| #define HAVE_STRING_H 1
| #define HAVE_MEMORY_H 1
| #define HAVE_STRINGS_H 1
| #define HAVE_INTTYPES_H 1
| #define HAVE_STDINT_H 1
| #define HAVE_UNISTD_H 1
| #define HAVE_DLFCN_H 1
| /* end confdefs.h.  */
| #include <ac_nonexistent.h>
configure:9501: checking for objdir
configure:9516: result: .libs
configure:9812: checking if gcc supports -fno-rtti -fno-exceptions
configure:9830: gcc -c -O -g -isysroot /Developer/SDKs/MacOSX10.5.sdk -arch i386 -I/Users/michael/src/git/lib/static-build-i386-4.99.25rc/include/ -mmacosx-version-min=10.5 -O -g -isysroot /Developer/SDKs/MacOSX10.5.sdk -arch i386 -I/Users/michael/src/git/lib/static-build-i386-4.99.25rc/include/ -mmacosx-version-min=10.5 -fno-rtti -fno-exceptions conftest.c >&5
cc1: warning: command line option "-fno-rtti" is valid for C++/ObjC++ but not for C
configure:9834: $? = 0
configure:9847: result: no
configure:9867: checking for gcc option to produce PIC
configure:10124: result: -fno-common -DPIC
configure:10136: checking if gcc PIC flag -fno-common -DPIC works
configure:10154: gcc -c -O -g -isysroot /Developer/SDKs/MacOSX10.5.sdk -arch i386 -I/Users/michael/src/git/lib/static-build-i386-4.99.25rc/include/ -mmacosx-version-min=10.5 -O -g -isysroot /Developer/SDKs/MacOSX10.5.sdk -arch i386 -I/Users/michael/src/git/lib/static-build-i386-4.99.25rc/include/ -mmacosx-version-min=10.5 -fno-common -DPIC -DPIC conftest.c >&5
configure:10158: $? = 0
configure:10171: result: yes
configure:10195: checking if gcc static flag -static works
configure:10223: result: no
configure:10238: checking if gcc supports -c -o file.o
configure:10259: gcc -c -O -g -isysroot /Developer/SDKs/MacOSX10.5.sdk -arch i386 -I/Users/michael/src/git/lib/static-build-i386-4.99.25rc/include/ -mmacosx-version-min=10.5 -O -g -isysroot /Developer/SDKs/MacOSX10.5.sdk -arch i386 -I/Users/michael/src/git/lib/static-build-i386-4.99.25rc/include/ -mmacosx-version-min=10.5 -o out/conftest2.o conftest.c >&5
configure:10263: $? = 0
configure:10285: result: yes
configure:10293: checking if gcc supports -c -o file.o
configure:10340: result: yes
configure:10373: checking whether the gcc linker (/usr/libexec/gcc/i686-apple-darwin10/4.2.1/ld) supports shared libraries
configure:11427: result: yes
configure:11666: checking dynamic linker characteristics
configure:12345: result: darwin10.4.0 dyld
configure:12447: checking how to hardcode library paths into programs
configure:12472: result: immediate
configure:13285: checking whether stripping libraries is possible
configure:13299: result: yes
configure:13325: checking if libtool supports shared libraries
configure:13327: result: yes
configure:13330: checking whether to build shared libraries
configure:13351: result: yes
configure:13354: checking whether to build static libraries
configure:13358: result: yes
configure:13508: checking for ld used by g++
configure:13575: result: /usr/libexec/gcc/i686-apple-darwin10/4.2.1/ld
configure:13584: checking if the linker (/usr/libexec/gcc/i686-apple-darwin10/4.2.1/ld) is GNU ld
configure:13599: result: no
configure:13654: checking whether the g++ linker (/usr/libexec/gcc/i686-apple-darwin10/4.2.1/ld) supports shared libraries
configure:14616: result: yes
configure:14644: g++ -c -g -O2 -O -g -isysroot /Developer/SDKs/MacOSX10.5.sdk -arch i386 -I/Users/michael/src/git/lib/static-build-i386-4.99.25rc/include/ -mmacosx-version-min=10.5 conftest.cpp >&5
configure:14647: $? = 0
configure:14829: checking for g++ option to produce PIC
configure:15138: result: -fno-common -DPIC
configure:15147: checking if g++ PIC flag -fno-common -DPIC works
configure:15165: g++ -c -g -O2 -O -g -isysroot /Developer/SDKs/MacOSX10.5.sdk -arch i386 -I/Users/michael/src/git/lib/static-build-i386-4.99.25rc/include/ -mmacosx-version-min=10.5 -fno-common -DPIC -DPIC conftest.cpp >&5
configure:15169: $? = 0
configure:15182: result: yes
configure:15203: checking if g++ static flag -static works
configure:15231: result: no
configure:15243: checking if g++ supports -c -o file.o
configure:15264: g++ -c -g -O2 -O -g -isysroot /Developer/SDKs/MacOSX10.5.sdk -arch i386 -I/Users/michael/src/git/lib/static-build-i386-4.99.25rc/include/ -mmacosx-version-min=10.5 -o out/conftest2.o conftest.cpp >&5
configure:15268: $? = 0
configure:15290: result: yes
configure:15295: checking if g++ supports -c -o file.o
configure:15342: result: yes
configure:15372: checking whether the g++ linker (/usr/libexec/gcc/i686-apple-darwin10/4.2.1/ld) supports shared libraries
configure:15398: result: yes
configure:15535: checking dynamic linker characteristics
configure:16162: result: darwin10.4.0 dyld
configure:16213: checking how to hardcode library paths into programs
configure:16238: result: immediate
configure:16298: checking for dot
configure:16326: result: NO
configure:16336: checking for sed
configure:16363: result: /usr/bin/sed
configure:16378: checking for ANSI C header files
configure:16542: result: yes
configure:16571: checking fcntl.h usability
configure:16588: gcc -c -O -g -isysroot /Developer/SDKs/MacOSX10.5.sdk -arch i386 -I/Users/michael/src/git/lib/static-build-i386-4.99.25rc/include/ -mmacosx-version-min=10.5 -O -g -isysroot /Developer/SDKs/MacOSX10.5.sdk -arch i386 -I/Users/michael/src/git/lib/static-build-i386-4.99.25rc/include/ -mmacosx-version-min=10.5 conftest.c >&5
configure:16594: $? = 0
configure:16608: result: yes
configure:16612: checking fcntl.h presence
configure:16627: gcc -E -O -g -isysroot /Developer/SDKs/MacOSX10.5.sdk -arch i386 -I/Users/michael/src/git/lib/static-build-i386-4.99.25rc/include/ -mmacosx-version-min=10.5 conftest.c
configure:16633: $? = 0
configure:16647: result: yes
configure:16675: checking for fcntl.h
configure:16683: result: yes
configure:16561: checking for stdlib.h
configure:16567: result: yes
configure:16561: checking for string.h
configure:16567: result: yes
configure:16561: checking for unistd.h
configure:16567: result: yes
configure:16571: checking locale.h usability
configure:16588: gcc -c -O -g -isysroot /Developer/SDKs/MacOSX10.5.sdk -arch i386 -I/Users/michael/src/git/lib/static-build-i386-4.99.25rc/include/ -mmacosx-version-min=10.5 -O -g -isysroot /Developer/SDKs/MacOSX10.5.sdk -arch i386 -I/Users/michael/src/git/lib/static-build-i386-4.99.25rc/include/ -mmacosx-version-min=10.5 conftest.c >&5
configure:16594: $? = 0
configure:16608: result: yes
configure:16612: checking locale.h presence
configure:16627: gcc -E -O -g -isysroot /Developer/SDKs/MacOSX10.5.sdk -arch i386 -I/Users/michael/src/git/lib/static-build-i386-4.99.25rc/include/ -mmacosx-version-min=10.5 conftest.c
configure:16633: $? = 0
configure:16647: result: yes
configure:16675: checking for locale.h
configure:16683: result: yes
configure:16713: checking termios.h usability
configure:16730: gcc -c -O -g -isysroot /Developer/SDKs/MacOSX10.5.sdk -arch i386 -I/Users/michael/src/git/lib/static-build-i386-4.99.25rc/include/ -mmacosx-version-min=10.5 -O -g -isysroot /Developer/SDKs/MacOSX10.5.sdk -arch i386 -I/Users/michael/src/git/lib/static-build-i386-4.99.25rc/include/ -mmacosx-version-min=10.5 conftest.c >&5
configure:16736: $? = 0
configure:16750: result: yes
configure:16754: checking termios.h presence
configure:16769: gcc -E -O -g -isysroot /Developer/SDKs/MacOSX10.5.sdk -arch i386 -I/Users/michael/src/git/lib/static-build-i386-4.99.25rc/include/ -mmacosx-version-min=10.5 conftest.c
configure:16775: $? = 0
configure:16789: result: yes
configure:16817: checking for termios.h
configure:16825: result: yes
configure:16713: checking signal.h usability
configure:16730: gcc -c -O -g -isysroot /Developer/SDKs/MacOSX10.5.sdk -arch i386 -I/Users/michael/src/git/lib/static-build-i386-4.99.25rc/include/ -mmacosx-version-min=10.5 -O -g -isysroot /Developer/SDKs/MacOSX10.5.sdk -arch i386 -I/Users/michael/src/git/lib/static-build-i386-4.99.25rc/include/ -mmacosx-version-min=10.5 conftest.c >&5
configure:16736: $? = 0
configure:16750: result: yes
configure:16754: checking signal.h presence
configure:16769: gcc -E -O -g -isysroot /Developer/SDKs/MacOSX10.5.sdk -arch i386 -I/Users/michael/src/git/lib/static-build-i386-4.99.25rc/include/ -mmacosx-version-min=10.5 conftest.c
configure:16775: $? = 0
configure:16789: result: yes
configure:16817: checking for signal.h
configure:16825: result: yes
configure:16713: checking iconv.h usability
configure:16730: gcc -c -O -g -isysroot /Developer/SDKs/MacOSX10.5.sdk -arch i386 -I/Users/michael/src/git/lib/static-build-i386-4.99.25rc/include/ -mmacosx-version-min=10.5 -O -g -isysroot /Developer/SDKs/MacOSX10.5.sdk -arch i386 -I/Users/michael/src/git/lib/static-build-i386-4.99.25rc/include/ -mmacosx-version-min=10.5 conftest.c >&5
configure:16736: $? = 0
configure:16750: result: yes
configure:16754: checking iconv.h presence
configure:16769: gcc -E -O -g -isysroot /Developer/SDKs/MacOSX10.5.sdk -arch i386 -I/Users/michael/src/git/lib/static-build-i386-4.99.25rc/include/ -mmacosx-version-min=10.5 conftest.c
configure:16775: $? = 0
configure:16789: result: yes
configure:16817: checking for iconv.h
configure:16825: result: yes
configure:16838: checking whether sigprocmask is declared
configure:16872: gcc -c -O -g -isysroot /Developer/SDKs/MacOSX10.5.sdk -arch i386 -I/Users/michael/src/git/lib/static-build-i386-4.99.25rc/include/ -mmacosx-version-min=10.5 -O -g -isysroot /Developer/SDKs/MacOSX10.5.sdk -arch i386 -I/Users/michael/src/git/lib/static-build-i386-4.99.25rc/include/ -mmacosx-version-min=10.5 conftest.c >&5
configure:16878: $? = 0
configure:16893: result: yes
configure:16918: checking for an ANSI C-conforming const
configure:16993: gcc -c -O -g -isysroot /Developer/SDKs/MacOSX10.5.sdk -arch i386 -I/Users/michael/src/git/lib/static-build-i386-4.99.25rc/include/ -mmacosx-version-min=10.5 -O -g -isysroot /Developer/SDKs/MacOSX10.5.sdk -arch i386 -I/Users/michael/src/git/lib/static-build-i386-4.99.25rc/include/ -mmacosx-version-min=10.5 conftest.c >&5
configure:16999: $? = 0
configure:17014: result: yes
configure:17024: checking whether struct tm is in sys/time.h or time.h
configure:17054: gcc -c -O -g -isysroot /Developer/SDKs/MacOSX10.5.sdk -arch i386 -I/Users/michael/src/git/lib/static-build-i386-4.99.25rc/include/ -mmacosx-version-min=10.5 -O -g -isysroot /Developer/SDKs/MacOSX10.5.sdk -arch i386 -I/Users/michael/src/git/lib/static-build-i386-4.99.25rc/include/ -mmacosx-version-min=10.5 conftest.c >&5
configure:17060: $? = 0
configure:17075: result: time.h
configure:17096: checking for strftime
configure:17152: gcc -o conftest -O -g -isysroot /Developer/SDKs/MacOSX10.5.sdk -arch i386 -I/Users/michael/src/git/lib/static-build-i386-4.99.25rc/include/ -mmacosx-version-min=10.5 -O -g -isysroot /Developer/SDKs/MacOSX10.5.sdk -arch i386 -I/Users/michael/src/git/lib/static-build-i386-4.99.25rc/include/ -mmacosx-version-min=10.5 -framework CoreFoundation -arch i386 -L/Users/michael/src/git/lib/static-build-i386-4.99.25rc/lib -L/Developer/SDKs/MacOSX10.5.sdk/usr/lib/ -mmacosx-version-min=10.5 -lcharset -liconv -lintl -lgmp -lgpg-error -lgcrypt -lgnutls -lgnutls-extra -lgnutls-openssl -lgwenhywfar conftest.c  >&5
conftest.c:102: warning: conflicting types for built-in function 'strftime'
configure:17158: $? = 0
configure:17176: result: yes
configure:17266: checking for memmove
configure:17322: gcc -o conftest -O -g -isysroot /Developer/SDKs/MacOSX10.5.sdk -arch i386 -I/Users/michael/src/git/lib/static-build-i386-4.99.25rc/include/ -mmacosx-version-min=10.5 -O -g -isysroot /Developer/SDKs/MacOSX10.5.sdk -arch i386 -I/Users/michael/src/git/lib/static-build-i386-4.99.25rc/include/ -mmacosx-version-min=10.5 -framework CoreFoundation -arch i386 -L/Users/michael/src/git/lib/static-build-i386-4.99.25rc/lib -L/Developer/SDKs/MacOSX10.5.sdk/usr/lib/ -mmacosx-version-min=10.5 -lcharset -liconv -lintl -lgmp -lgpg-error -lgcrypt -lgnutls -lgnutls-extra -lgnutls-openssl -lgwenhywfar conftest.c  >&5
conftest.c:103: warning: conflicting types for built-in function 'memmove'
configure:17328: $? = 0
configure:17346: result: yes
configure:17266: checking for memset
configure:17322: gcc -o conftest -O -g -isysroot /Developer/SDKs/MacOSX10.5.sdk -arch i386 -I/Users/michael/src/git/lib/static-build-i386-4.99.25rc/include/ -mmacosx-version-min=10.5 -O -g -isysroot /Developer/SDKs/MacOSX10.5.sdk -arch i386 -I/Users/michael/src/git/lib/static-build-i386-4.99.25rc/include/ -mmacosx-version-min=10.5 -framework CoreFoundation -arch i386 -L/Users/michael/src/git/lib/static-build-i386-4.99.25rc/lib -L/Developer/SDKs/MacOSX10.5.sdk/usr/lib/ -mmacosx-version-min=10.5 -lcharset -liconv -lintl -lgmp -lgpg-error -lgcrypt -lgnutls -lgnutls-extra -lgnutls-openssl -lgwenhywfar conftest.c  >&5
conftest.c:104: warning: conflicting types for built-in function 'memset'
configure:17328: $? = 0
configure:17346: result: yes
configure:17266: checking for strcasecmp
configure:17322: gcc -o conftest -O -g -isysroot /Developer/SDKs/MacOSX10.5.sdk -arch i386 -I/Users/michael/src/git/lib/static-build-i386-4.99.25rc/include/ -mmacosx-version-min=10.5 -O -g -isysroot /Developer/SDKs/MacOSX10.5.sdk -arch i386 -I/Users/michael/src/git/lib/static-build-i386-4.99.25rc/include/ -mmacosx-version-min=10.5 -framework CoreFoundation -arch i386 -L/Users/michael/src/git/lib/static-build-i386-4.99.25rc/lib -L/Developer/SDKs/MacOSX10.5.sdk/usr/lib/ -mmacosx-version-min=10.5 -lcharset -liconv -lintl -lgmp -lgpg-error -lgcrypt -lgnutls -lgnutls-extra -lgnutls-openssl -lgwenhywfar conftest.c  >&5
conftest.c:105: warning: conflicting types for built-in function 'strcasecmp'
configure:17328: $? = 0
configure:17346: result: yes
configure:17266: checking for strdup
configure:17322: gcc -o conftest -O -g -isysroot /Developer/SDKs/MacOSX10.5.sdk -arch i386 -I/Users/michael/src/git/lib/static-build-i386-4.99.25rc/include/ -mmacosx-version-min=10.5 -O -g -isysroot /Developer/SDKs/MacOSX10.5.sdk -arch i386 -I/Users/michael/src/git/lib/static-build-i386-4.99.25rc/include/ -mmacosx-version-min=10.5 -framework CoreFoundation -arch i386 -L/Users/michael/src/git/lib/static-build-i386-4.99.25rc/lib -L/Developer/SDKs/MacOSX10.5.sdk/usr/lib/ -mmacosx-version-min=10.5 -lcharset -liconv -lintl -lgmp -lgpg-error -lgcrypt -lgnutls -lgnutls-extra -lgnutls-openssl -lgwenhywfar conftest.c  >&5
conftest.c:106: warning: conflicting types for built-in function 'strdup'
configure:17328: $? = 0
configure:17346: result: yes
configure:17266: checking for strerror
configure:17322: gcc -o conftest -O -g -isysroot /Developer/SDKs/MacOSX10.5.sdk -arch i386 -I/Users/michael/src/git/lib/static-build-i386-4.99.25rc/include/ -mmacosx-version-min=10.5 -O -g -isysroot /Developer/SDKs/MacOSX10.5.sdk -arch i386 -I/Users/michael/src/git/lib/static-build-i386-4.99.25rc/include/ -mmacosx-version-min=10.5 -framework CoreFoundation -arch i386 -L/Users/michael/src/git/lib/static-build-i386-4.99.25rc/lib -L/Developer/SDKs/MacOSX10.5.sdk/usr/lib/ -mmacosx-version-min=10.5 -lcharset -liconv -lintl -lgmp -lgpg-error -lgcrypt -lgnutls -lgnutls-extra -lgnutls-openssl -lgwenhywfar conftest.c  >&5
configure:17328: $? = 0
configure:17346: result: yes
configure:17266: checking for snprintf
configure:17322: gcc -o conftest -O -g -isysroot /Developer/SDKs/MacOSX10.5.sdk -arch i386 -I/Users/michael/src/git/lib/static-build-i386-4.99.25rc/include/ -mmacosx-version-min=10.5 -O -g -isysroot /Developer/SDKs/MacOSX10.5.sdk -arch i386 -I/Users/michael/src/git/lib/static-build-i386-4.99.25rc/include/ -mmacosx-version-min=10.5 -framework CoreFoundation -arch i386 -L/Users/michael/src/git/lib/static-build-i386-4.99.25rc/lib -L/Developer/SDKs/MacOSX10.5.sdk/usr/lib/ -mmacosx-version-min=10.5 -lcharset -liconv -lintl -lgmp -lgpg-error -lgcrypt -lgnutls -lgnutls-extra -lgnutls-openssl -lgwenhywfar conftest.c  >&5
conftest.c:108: warning: conflicting types for built-in function 'snprintf'
configure:17328: $? = 0
configure:17346: result: yes
configure:17360: checking for setlocale
configure:17416: gcc -o conftest -O -g -isysroot /Developer/SDKs/MacOSX10.5.sdk -arch i386 -I/Users/michael/src/git/lib/static-build-i386-4.99.25rc/include/ -mmacosx-version-min=10.5 -O -g -isysroot /Developer/SDKs/MacOSX10.5.sdk -arch i386 -I/Users/michael/src/git/lib/static-build-i386-4.99.25rc/include/ -mmacosx-version-min=10.5 -framework CoreFoundation -arch i386 -L/Users/michael/src/git/lib/static-build-i386-4.99.25rc/lib -L/Developer/SDKs/MacOSX10.5.sdk/usr/lib/ -mmacosx-version-min=10.5 -lcharset -liconv -lintl -lgmp -lgpg-error -lgcrypt -lgnutls -lgnutls-extra -lgnutls-openssl -lgwenhywfar conftest.c  >&5
configure:17422: $? = 0
configure:17440: result: yes
configure:17704: checking if gwenhywfar support desired
configure:17713: result: yes
configure:17725: checking for gwenhywfar
configure:17766: result: /Users/michael/src/git/lib/static-build-i386-4.99.25rc
configure:17768: checking for gwen libs
configure:17771: result: -L/Users/michael/src/git/lib/static-build-i386-4.99.25rc/lib -lgwenhywfar
configure:17773: checking for gwen includes
configure:17776: result: -I/Users/michael/src/git/lib/static-build-i386-4.99.25rc/include/gwenhywfar4
configure:17778: checking for gwen binary tools
configure:17781: result: /Users/michael/src/git/lib/static-build-i386-4.99.25rc/bin
configure:17783: checking for gwen plugins
configure:17786: result: /Users/michael/src/git/lib/static-build-i386-4.99.25rc/lib/gwenhywfar/plugins/59
configure:17788: checking for gwen headers
configure:17791: result: /Users/michael/src/git/lib/static-build-i386-4.99.25rc/include/gwenhywfar4/gwenhywfar
configure:17794: checking if gwenhywfar test desired
configure:17803: result: yes
configure:17805: checking for Gwenhywfar version >=3.99.24.0
configure:17809: result: found 3.99.27.0
configure:17871: result: no
configure:18202: checking typemaker2 binary
configure:18213: result: $(gwenhywfar_bindir)/typemaker2
configure:18223: checking xmlmerge
configure:18234: result: /Users/michael/src/git/lib/static-build-i386-4.99.25rc/bin/xmlmerge
configure:18247: checking for ktoblzcheck
configure:18254: $PKG_CONFIG --exists --print-errors "$pkg_modules"
Package ktoblzcheck was not found in the pkg-config search path.
Perhaps you should add the directory containing `ktoblzcheck.pc'
to the PKG_CONFIG_PATH environment variable
No package 'ktoblzcheck' found
configure:18257: $? = 1
configure:18270: $PKG_CONFIG --exists --print-errors "$pkg_modules"
Package ktoblzcheck was not found in the pkg-config search path.
Perhaps you should add the directory containing `ktoblzcheck.pc'
to the PKG_CONFIG_PATH environment variable
No package 'ktoblzcheck' found
configure:18273: $? = 1
No package 'ktoblzcheck' found
configure:18300: result: no
configure:18325: WARNING:
*** ktoblzcheck is missing.
*** Account number checking will not be available.
*** We strongly suggest installing ktoblzcheck and its devel
*** package.
configure:18353: checking for __gmpz_init in -lgmp
configure:18388: gcc -o conftest -O -g -isysroot /Developer/SDKs/MacOSX10.5.sdk -arch i386 -I/Users/michael/src/git/lib/static-build-i386-4.99.25rc/include/ -mmacosx-version-min=10.5 -O -g -isysroot /Developer/SDKs/MacOSX10.5.sdk -arch i386 -I/Users/michael/src/git/lib/static-build-i386-4.99.25rc/include/ -mmacosx-version-min=10.5 -framework CoreFoundation -arch i386 -L/Users/michael/src/git/lib/static-build-i386-4.99.25rc/lib -L/Developer/SDKs/MacOSX10.5.sdk/usr/lib/ -mmacosx-version-min=10.5 -lcharset -liconv -lintl -lgmp -lgpg-error -lgcrypt -lgnutls -lgnutls-extra -lgnutls-openssl -lgwenhywfar conftest.c -lgmp   >&5
configure:18394: $? = 0
configure:18412: result: yes
configure:18435: checking gmp.h usability
configure:18452: gcc -c -O -g -isysroot /Developer/SDKs/MacOSX10.5.sdk -arch i386 -I/Users/michael/src/git/lib/static-build-i386-4.99.25rc/include/ -mmacosx-version-min=10.5 -O -g -isysroot /Developer/SDKs/MacOSX10.5.sdk -arch i386 -I/Users/michael/src/git/lib/static-build-i386-4.99.25rc/include/ -mmacosx-version-min=10.5 conftest.c >&5
configure:18458: $? = 0
configure:18472: result: yes
configure:18476: checking gmp.h presence
configure:18491: gcc -E -O -g -isysroot /Developer/SDKs/MacOSX10.5.sdk -arch i386 -I/Users/michael/src/git/lib/static-build-i386-4.99.25rc/include/ -mmacosx-version-min=10.5 conftest.c
configure:18497: $? = 0
configure:18511: result: yes
configure:18539: checking for gmp.h
configure:18547: result: yes
configure:18619: checking whether local installation mode is wanted
configure:18628: result: yes
configure:18645: checking plugin search dir
configure:18675: result: Frameworks/AqBanking/lib/aqbanking/plugins/32
configure:18684: checking cfg search dir
configure:18715: result: Frameworks/AqBanking/etc
configure:18724: checking locale search dir
configure:18754: result: Frameworks/AqBanking/share/locale
configure:18763: checking data search dir
configure:18793: result: Frameworks/AqBanking/share
configure:18803: checking for preselected distribution name
configure:18809: result: no, will have to determine it
configure:18817: checking whether this is a Debian derivate
configure:18836: result: no
configure:18853: checking whether this is an RPM distribution
configure:18902: result: no (no RPM installed)
configure:18924: checking for xgettext
configure:18952: result: missing
configure:18964: WARNING: xgettext is missing. Locale suport is disabled.
configure:18970: checking for msgfmt
configure:19001: result: missing
configure:19011: WARNING: msgfmt is missing. Locale suport is disabled.
configure:19051: checking for locale.h
configure:19057: result: yes
configure:19061: checking libintl.h usability
configure:19078: gcc -c -O -g -isysroot /Developer/SDKs/MacOSX10.5.sdk -arch i386 -I/Users/michael/src/git/lib/static-build-i386-4.99.25rc/include/ -mmacosx-version-min=10.5 -O -g -isysroot /Developer/SDKs/MacOSX10.5.sdk -arch i386 -I/Users/michael/src/git/lib/static-build-i386-4.99.25rc/include/ -mmacosx-version-min=10.5 conftest.c >&5
configure:19084: $? = 0
configure:19098: result: yes
configure:19102: checking libintl.h presence
configure:19117: gcc -E -O -g -isysroot /Developer/SDKs/MacOSX10.5.sdk -arch i386 -I/Users/michael/src/git/lib/static-build-i386-4.99.25rc/include/ -mmacosx-version-min=10.5 conftest.c
configure:19123: $? = 0
configure:19137: result: yes
configure:19165: checking for libintl.h
configure:19173: result: yes
configure:19192: checking for setlocale
configure:19272: result: yes
configure:19286: checking for library containing gettext
configure:19327: gcc -o conftest -O -g -isysroot /Developer/SDKs/MacOSX10.5.sdk -arch i386 -I/Users/michael/src/git/lib/static-build-i386-4.99.25rc/include/ -mmacosx-version-min=10.5 -O -g -isysroot /Developer/SDKs/MacOSX10.5.sdk -arch i386 -I/Users/michael/src/git/lib/static-build-i386-4.99.25rc/include/ -mmacosx-version-min=10.5 -framework CoreFoundation -arch i386 -L/Users/michael/src/git/lib/static-build-i386-4.99.25rc/lib -L/Developer/SDKs/MacOSX10.5.sdk/usr/lib/ -mmacosx-version-min=10.5 -lcharset -liconv -lintl -lgmp -lgpg-error -lgcrypt -lgnutls -lgnutls-extra -lgnutls-openssl -lgwenhywfar conftest.c  >&5
conftest.c:100: warning: conflicting types for built-in function 'gettext'
configure:19333: $? = 0
configure:19361: result: none required
configure:19394: checking whether this is an official release
configure:19417: result: no
configure:19432: checking for compiler arguments
configure:19524: result: -O -g -isysroot /Developer/SDKs/MacOSX10.5.sdk -arch i386 -I/Users/michael/src/git/lib/static-build-i386-4.99.25rc/include/ -mmacosx-version-min=10.5 -Wall
configure:19535: checking if symbol visibility is supported
configure:19581: result: yes, gcc-4.2.1
configure:19645: checking docpath
configure:19656: result: /Users/michael/apidoc
configure:19664: checking if full docu should be created
configure:19693: result: no
configure:19702: checking doxygen tag files
configure:19717: result: none
configure:19786: checking aqhbci data dir
configure:19797: result: 
configure:19890: checking if plugin init is wanted
configure:19899: result: yes
configure:19917: checking if AqBanking is a subproject
configure:19926: result: no
configure:19944: checking whether aqbanking-cli is wanted
configure:19953: result: yes
configure:19983: checking whether tutorials are to be built
configure:20002: result: no
configure:20209: creating ./config.status

## ---------------------- ##
## Running config.status. ##
## ---------------------- ##

This file was extended by config.status, which was
generated by GNU Autoconf 2.61.  Invocation command line was

  CONFIG_FILES    = 
  CONFIG_HEADERS  = 
  CONFIG_LINKS    = 
  CONFIG_COMMANDS = 
  $ ./config.status 

on moeve

config.status:1248: creating mksymlinks.sh
config.status:1248: creating admin/Makefile
config.status:1248: creating doc/Makefile
config.status:1248: creating m4/Makefile
config.status:1248: creating src/Makefile
config.status:1248: creating src/libs/Makefile
config.status:1248: creating src/libs/aqbanking/Makefile
config.status:1248: creating src/libs/aqbanking/ressource.rc
config.status:1248: creating src/libs/aqbanking/jobs/Makefile
config.status:1248: creating src/libs/aqbanking/types/Makefile
config.status:1248: creating src/libs/aqbanking/gui/Makefile
config.status:1248: creating src/libs/aqbanking/dialogs/Makefile
config.status:1248: creating src/libs/aqbanking/typemaker2/Makefile
config.status:1248: creating src/libs/aqbanking/typemaker2/c/Makefile
config.status:1248: creating src/libs/aqbanking/backendsupport/Makefile
config.status:1248: creating src/libs/aqbanking++/Makefile
config.status:1248: creating src/plugins/Makefile
config.status:1248: creating src/plugins/bankinfo/Makefile
config.status:1248: creating src/plugins/bankinfo/at/Makefile
config.status:1248: creating src/plugins/bankinfo/at/at.xml
config.status:1248: creating src/plugins/bankinfo/ca/Makefile
config.status:1248: creating src/plugins/bankinfo/ca/ca.xml
config.status:1248: creating src/plugins/bankinfo/ch/Makefile
config.status:1248: creating src/plugins/bankinfo/ch/ch.xml
config.status:1248: creating src/plugins/bankinfo/de/Makefile
config.status:1248: creating src/plugins/bankinfo/de/de.xml
config.status:1248: creating src/plugins/bankinfo/us/Makefile
config.status:1248: creating src/plugins/bankinfo/us/us.xml
config.status:1248: creating src/plugins/bankinfo/generic/Makefile
config.status:1248: creating src/plugins/imexporters/Makefile
config.status:1248: creating src/plugins/imexporters/dtaus/Makefile
config.status:1248: creating src/plugins/imexporters/dtaus/dtaus.xml
config.status:1248: creating src/plugins/imexporters/dtaus/ressource.rc
config.status:1248: creating src/plugins/imexporters/dtaus/profiles/Makefile
config.status:1248: creating src/plugins/imexporters/dtaus/profiles/default.conf
config.status:1248: creating src/plugins/imexporters/dtaus/profiles/debitnote.conf
config.status:1248: creating src/plugins/imexporters/dtaus/profiles/transfer.conf
config.status:1248: creating src/plugins/imexporters/eri2/Makefile
config.status:1248: creating src/plugins/imexporters/eri2/eri2.xml
config.status:1248: creating src/plugins/imexporters/eri2/ressource.rc
config.status:1248: creating src/plugins/imexporters/eri2/profiles/Makefile
config.status:1248: creating src/plugins/imexporters/eri2/profiles/default.conf
config.status:1248: creating src/plugins/imexporters/ofx/Makefile
config.status:1248: creating src/plugins/imexporters/ofx/ofx.xml
config.status:1248: creating src/plugins/imexporters/ofx/ressource.rc
config.status:1248: creating src/plugins/imexporters/ofx/parser/Makefile
config.status:1248: creating src/plugins/imexporters/ofx/profiles/Makefile
config.status:1248: creating src/plugins/imexporters/ofx/profiles/default.conf
config.status:1248: creating src/plugins/imexporters/swift/Makefile
config.status:1248: creating src/plugins/imexporters/swift/swift.xml
config.status:1248: creating src/plugins/imexporters/swift/ressource.rc
config.status:1248: creating src/plugins/imexporters/swift/profiles/Makefile
config.status:1248: creating src/plugins/imexporters/swift/profiles/swiftmt940.conf
config.status:1248: creating src/plugins/imexporters/swift/profiles/swiftmt942.conf
config.status:1248: creating src/plugins/imexporters/swift/profiles/amro940.conf
config.status:1248: creating src/plugins/imexporters/swift/profiles/amro942.conf
config.status:1248: creating src/plugins/imexporters/csv/Makefile
config.status:1248: creating src/plugins/imexporters/csv/csv.xml
config.status:1248: creating src/plugins/imexporters/csv/ressource.rc
config.status:1248: creating src/plugins/imexporters/csv/profiles/Makefile
config.status:1248: creating src/plugins/imexporters/csv/profiles/default.conf
config.status:1248: creating src/plugins/imexporters/csv/profiles/amex.conf
config.status:1248: creating src/plugins/imexporters/csv/profiles/aqmoney1.conf
config.status:1248: creating src/plugins/imexporters/csv/profiles/aqmoney2.conf
config.status:1248: creating src/plugins/imexporters/csv/profiles/comdirect.conf
config.status:1248: creating src/plugins/imexporters/csv/profiles/consors-tagesgeld.conf
config.status:1248: creating src/plugins/imexporters/csv/profiles/mijnpostbank.conf
config.status:1248: creating src/plugins/imexporters/csv/profiles/oko.conf
config.status:1248: creating src/plugins/imexporters/csv/profiles/spk-aachen.conf
config.status:1248: creating src/plugins/imexporters/csv/profiles/spk-steiermark.conf
config.status:1248: creating src/plugins/imexporters/csv/profiles/tonline-banking.conf
config.status:1248: creating src/plugins/imexporters/csv/profiles/test.conf
config.status:1248: creating src/plugins/imexporters/csv/profiles/vrnetworld.conf
config.status:1248: creating src/plugins/imexporters/csv/profiles/lbbberlin.conf
config.status:1248: creating src/plugins/imexporters/csv/profiles/bankaustria.conf
config.status:1248: creating src/plugins/imexporters/csv/profiles/psk.conf
config.status:1248: creating src/plugins/imexporters/csv/profiles/diba.conf
config.status:1248: creating src/plugins/imexporters/csv/profiles/dkb.conf
config.status:1248: creating src/plugins/imexporters/csv/profiles/dkb-cash.conf
config.status:1248: creating src/plugins/imexporters/csv/profiles/sparda.conf
config.status:1248: creating src/plugins/imexporters/csv/profiles/full.conf
config.status:1248: creating src/plugins/imexporters/csv/profiles/hypovereinsbank.conf
config.status:1248: creating src/plugins/imexporters/csv/profiles/postbankffm.conf
config.status:1248: creating src/plugins/imexporters/csv/profiles/cli-transfers.conf
config.status:1248: creating src/plugins/imexporters/csv/profiles/sns.conf
config.status:1248: creating src/plugins/imexporters/openhbci1/Makefile
config.status:1248: creating src/plugins/imexporters/openhbci1/openhbci1.xml
config.status:1248: creating src/plugins/imexporters/openhbci1/ressource.rc
config.status:1248: creating src/plugins/imexporters/openhbci1/profiles/Makefile
config.status:1248: creating src/plugins/imexporters/openhbci1/profiles/default.conf
config.status:1248: creating src/plugins/imexporters/qif/Makefile
config.status:1248: creating src/plugins/imexporters/qif/qif.xml
config.status:1248: creating src/plugins/imexporters/qif/ressource.rc
config.status:1248: creating src/plugins/imexporters/qif/profiles/Makefile
config.status:1248: creating src/plugins/imexporters/qif/profiles/default.conf
config.status:1248: creating src/plugins/imexporters/yellownet/Makefile
config.status:1248: creating src/plugins/imexporters/yellownet/yellownet.xml
config.status:1248: creating src/plugins/imexporters/yellownet/ressource.rc
config.status:1248: creating src/plugins/imexporters/yellownet/profiles/Makefile
config.status:1248: creating src/plugins/imexporters/yellownet/profiles/default.conf
config.status:1248: creating src/plugins/imexporters/xmldb/Makefile
config.status:1248: creating src/plugins/imexporters/xmldb/xmldb.xml
config.status:1248: creating src/plugins/imexporters/xmldb/ressource.rc
config.status:1248: creating src/plugins/imexporters/xmldb/profiles/Makefile
config.status:1248: creating src/plugins/imexporters/xmldb/profiles/default.conf
config.status:1248: creating src/plugins/imexporters/sepa/Makefile
config.status:1248: creating src/plugins/imexporters/sepa/sepa.xml
config.status:1248: creating src/plugins/imexporters/sepa/ressource.rc
config.status:1248: creating src/plugins/imexporters/sepa/profiles/Makefile
config.status:1248: creating src/plugins/imexporters/sepa/profiles/default.conf
config.status:1248: creating src/plugins/imexporters/sepa/profiles/ccm.conf
config.status:1248: creating src/plugins/imexporters/ctxfile/Makefile
config.status:1248: creating src/plugins/imexporters/ctxfile/ctxfile.xml
config.status:1248: creating src/plugins/imexporters/ctxfile/ressource.rc
config.status:1248: creating src/plugins/imexporters/ctxfile/profiles/Makefile
config.status:1248: creating src/plugins/imexporters/ctxfile/profiles/default.conf
config.status:1248: creating src/plugins/imexporters/q43/Makefile
config.status:1248: creating src/plugins/imexporters/q43/q43.xml
config.status:1248: creating src/plugins/imexporters/q43/profiles/Makefile
config.status:1248: creating src/plugins/imexporters/q43/profiles/default.conf
config.status:1248: creating src/plugins/parsers/Makefile
config.status:1248: creating src/plugins/parsers/dtaus/Makefile
config.status:1248: creating src/plugins/parsers/dtaus/dtaus.xml
config.status:1248: creating src/plugins/parsers/dtaus/ressource.rc
config.status:1248: creating src/plugins/parsers/swift/Makefile
config.status:1248: creating src/plugins/parsers/swift/swift.xml
config.status:1248: creating src/plugins/parsers/swift/ressource.rc
config.status:1248: creating src/plugins/backends/Makefile
config.status:1248: creating src/plugins/backends/aqhbci/Makefile
config.status:1248: creating src/plugins/backends/aqhbci/plugin/Makefile
config.status:1248: creating src/plugins/backends/aqhbci/plugin/aqhbci.xml
config.status:1248: creating src/plugins/backends/aqhbci/plugin/dialogs/Makefile
config.status:1248: creating src/plugins/backends/aqhbci/plugin/header.xml
config.status:1248: creating src/plugins/backends/aqhbci/plugin/ressource.rc
config.status:1248: creating src/plugins/backends/aqhbci/plugin/banking/Makefile
config.status:1248: creating src/plugins/backends/aqhbci/plugin/msglayer/Makefile
config.status:1248: creating src/plugins/backends/aqhbci/plugin/joblayer/Makefile
config.status:1248: creating src/plugins/backends/aqhbci/plugin/applayer/Makefile
config.status:1248: creating src/plugins/backends/aqhbci/plugin/accountjobs/Makefile
config.status:1248: creating src/plugins/backends/aqhbci/plugin/applayer/xml/Makefile
config.status:1248: creating src/plugins/backends/aqhbci/plugin/version.h
config.status:1248: creating src/plugins/backends/aqhbci/tools/Makefile
config.status:1248: creating src/plugins/backends/aqhbci/tools/hbcixml/Makefile
config.status:1248: creating src/plugins/backends/aqhbci/tools/aqhbci-tool/Makefile
config.status:1248: creating src/plugins/backends/aqofxconnect/Makefile
config.status:1248: creating src/plugins/backends/aqofxconnect/version.h
config.status:1248: creating src/plugins/backends/aqofxconnect/plugin/Makefile
config.status:1248: creating src/plugins/backends/aqofxconnect/plugin/aqofxconnect.xml
config.status:1248: creating src/plugins/backends/aqofxconnect/plugin/ressource.rc
config.status:1248: creating src/plugins/backends/aqofxconnect/plugin/libofxhome/Makefile
config.status:1248: creating src/plugins/backends/aqpaypal/Makefile
config.status:1248: creating src/plugins/backends/aqpaypal/plugin/Makefile
config.status:1248: creating src/plugins/backends/aqpaypal/plugin/aqpaypal.xml
config.status:1248: creating src/plugins/backends/aqpaypal/tools/Makefile
config.status:1248: creating src/plugins/backends/aqpaypal/tools/aqpaypal-tool/Makefile
config.status:1248: creating src/plugins/backends/aqnone/Makefile
config.status:1248: creating src/plugins/backends/aqnone/aqnone.xml
config.status:1248: creating src/plugins/backends/aqnone/ressource.rc
config.status:1248: creating src/test/Makefile
config.status:1248: creating src/tools/Makefile
config.status:1248: creating src/tools/aqbanking-cli/Makefile
config.status:1248: creating tutorials/Makefile
config.status:1248: creating po/Makefile
config.status:1248: creating Doxyfile
config.status:1248: creating Makefile
config.status:1248: creating aqbanking-config.in
config.status:1248: creating aqbanking.pc
config.status:1248: creating aqbanking.spec
config.status:1248: creating aqbanking.iss
config.status:1248: creating version.h
config.status:1248: creating system.h
config.status:1248: creating config.h
config.status:1597: executing depfiles commands
config.status:1597: executing libtool commands

## ---------------- ##
## Cache variables. ##
## ---------------- ##

ac_cv_build=i386-apple-darwin10.4.0
ac_cv_c_compiler_gnu=yes
ac_cv_c_const=yes
ac_cv_cxx_compiler_gnu=yes
ac_cv_env_CCC_set=
ac_cv_env_CCC_value=
ac_cv_env_CC_set=
ac_cv_env_CC_value=
ac_cv_env_CFLAGS_set=set
ac_cv_env_CFLAGS_value='-O -g -isysroot /Developer/SDKs/MacOSX10.5.sdk -arch i386 -I/Users/michael/src/git/lib/static-build-i386-4.99.25rc/include/ -mmacosx-version-min=10.5'
ac_cv_env_CPPFLAGS_set=set
ac_cv_env_CPPFLAGS_value='-O -g -isysroot /Developer/SDKs/MacOSX10.5.sdk -arch i386 -I/Users/michael/src/git/lib/static-build-i386-4.99.25rc/include/ -mmacosx-version-min=10.5'
ac_cv_env_CPP_set=
ac_cv_env_CPP_value=
ac_cv_env_CXXCPP_set=
ac_cv_env_CXXCPP_value=
ac_cv_env_CXXFLAGS_set=
ac_cv_env_CXXFLAGS_value=
ac_cv_env_CXX_set=
ac_cv_env_CXX_value=
ac_cv_env_GTK2_CFLAGS_set=
ac_cv_env_GTK2_CFLAGS_value=
ac_cv_env_GTK2_LIBS_set=
ac_cv_env_GTK2_LIBS_value=
ac_cv_env_GWENGUI_GTK2_CFLAGS_set=
ac_cv_env_GWENGUI_GTK2_CFLAGS_value=
ac_cv_env_GWENGUI_GTK2_LIBS_set=
ac_cv_env_GWENGUI_GTK2_LIBS_value=
ac_cv_env_LDFLAGS_set=set
ac_cv_env_LDFLAGS_value='-framework CoreFoundation -arch i386 -L/Users/michael/src/git/lib/static-build-i386-4.99.25rc/lib -L/Developer/SDKs/MacOSX10.5.sdk/usr/lib/ -mmacosx-version-min=10.5 -lcharset -liconv -lintl -lgmp -lgpg-error -lgcrypt -lgnutls -lgnutls-extra -lgnutls-openssl -lgwenhywfar'
ac_cv_env_LIBS_set=
ac_cv_env_LIBS_value=
ac_cv_env_PKG_CONFIG_set=set
ac_cv_env_PKG_CONFIG_value=/Users/michael/src/git/lib/static-build-i386-4.99.25rc/bin/pkg-config
ac_cv_env_build_alias_set=
ac_cv_env_build_alias_value=
ac_cv_env_host_alias_set=
ac_cv_env_host_alias_value=
ac_cv_env_ktoblzcheck_CFLAGS_set=
ac_cv_env_ktoblzcheck_CFLAGS_value=
ac_cv_env_ktoblzcheck_LIBS_set=
ac_cv_env_ktoblzcheck_LIBS_value=
ac_cv_env_target_alias_set=
ac_cv_env_target_alias_value=
ac_cv_func_memmove=yes
ac_cv_func_memset=yes
ac_cv_func_setlocale=yes
ac_cv_func_snprintf=yes
ac_cv_func_strcasecmp=yes
ac_cv_func_strdup=yes
ac_cv_func_strerror=yes
ac_cv_func_strftime=yes
ac_cv_have_decl_sigprocmask=yes
ac_cv_header_dlfcn_h=yes
ac_cv_header_fcntl_h=yes
ac_cv_header_gmp_h=yes
ac_cv_header_iconv_h=yes
ac_cv_header_inttypes_h=yes
ac_cv_header_libintl_h=yes
ac_cv_header_locale_h=yes
ac_cv_header_memory_h=yes
ac_cv_header_signal_h=yes
ac_cv_header_stdc=yes
ac_cv_header_stdint_h=yes
ac_cv_header_stdlib_h=yes
ac_cv_header_string_h=yes
ac_cv_header_strings_h=yes
ac_cv_header_sys_stat_h=yes
ac_cv_header_sys_types_h=yes
ac_cv_header_termios_h=yes
ac_cv_header_unistd_h=yes
ac_cv_host=i386-apple-darwin10.4.0
ac_cv_lib_gmp___gmpz_init=yes
ac_cv_objext=o
ac_cv_path_EGREP='/usr/bin/grep -E'
ac_cv_path_FGREP='/usr/bin/grep -F'
ac_cv_path_GREP=/usr/bin/grep
ac_cv_path_MSGFMT=missing
ac_cv_path_SED=/usr/bin/sed
ac_cv_path_install='/usr/bin/install -c'
ac_cv_prog_AWK=awk
ac_cv_prog_CPP='gcc -E'
ac_cv_prog_CXXCPP='g++ -E'
ac_cv_prog_SED=/usr/bin/sed
ac_cv_prog_USE_DOT=NO
ac_cv_prog_XGETTEXT=missing
ac_cv_prog_ac_ct_AR=ar
ac_cv_prog_ac_ct_CC=gcc
ac_cv_prog_ac_ct_CXX=g++
ac_cv_prog_ac_ct_DSYMUTIL=dsymutil
ac_cv_prog_ac_ct_LIPO=lipo
ac_cv_prog_ac_ct_NMEDIT=nmedit
ac_cv_prog_ac_ct_OTOOL=otool
ac_cv_prog_ac_ct_RANLIB=ranlib
ac_cv_prog_ac_ct_STRIP=strip
ac_cv_prog_cc_c89=
ac_cv_prog_cc_g=yes
ac_cv_prog_cxx_g=yes
ac_cv_prog_make_make_set=yes
ac_cv_search_gettext='none required'
ac_cv_struct_tm=time.h
am_cv_CC_dependencies_compiler_type=none
am_cv_CXX_dependencies_compiler_type=none
lt_cv_apple_cc_single_mod=yes
lt_cv_deplibs_check_method=pass_all
lt_cv_file_magic_cmd='$MAGIC_CMD'
lt_cv_file_magic_test_file=
lt_cv_ld_exported_symbols_list=yes
lt_cv_ld_reload_flag=-r
lt_cv_nm_interface='BSD nm'
lt_cv_objdir=.libs
lt_cv_path_LD=/usr/libexec/gcc/i686-apple-darwin10/4.2.1/ld
lt_cv_path_LDCXX=/usr/libexec/gcc/i686-apple-darwin10/4.2.1/ld
lt_cv_path_NM=/usr/bin/nm
lt_cv_prog_compiler_c_o=yes
lt_cv_prog_compiler_c_o_CXX=yes
lt_cv_prog_compiler_pic_works=yes
lt_cv_prog_compiler_pic_works_CXX=yes
lt_cv_prog_compiler_rtti_exceptions=no
lt_cv_prog_compiler_static_works=no
lt_cv_prog_compiler_static_works_CXX=no
lt_cv_prog_gnu_ld=no
lt_cv_prog_gnu_ldcxx=no
lt_cv_sys_global_symbol_pipe='sed -n -e '\''s/^.*[	 ]\([BCDEGRST][BCDEGRST]*\)[	 ][	 ]*_\([_A-Za-z][_A-Za-z0-9]*\)$/\1 _\2 \2/p'\'''
lt_cv_sys_global_symbol_to_c_name_address='sed -n -e '\''s/^: \([^ ]*\) $/  {\"\1\", (void *) 0},/p'\'' -e '\''s/^[BCDEGRST]* \([^ ]*\) \([^ ]*\)$/  {"\2", (void *) \&\2},/p'\'''
lt_cv_sys_global_symbol_to_c_name_address_lib_prefix='sed -n -e '\''s/^: \([^ ]*\) $/  {\"\1\", (void *) 0},/p'\'' -e '\''s/^[BCDEGRST]* \([^ ]*\) \(lib[^ ]*\)$/  {"\2", (void *) \&\2},/p'\'' -e '\''s/^[BCDEGRST]* \([^ ]*\) \([^ ]*\)$/  {"lib\2", (void *) \&\2},/p'\'''
lt_cv_sys_global_symbol_to_cdecl='sed -n -e '\''s/^T .* \(.*\)$/extern int \1();/p'\'' -e '\''s/^[BCDEGRST]* .* \(.*\)$/extern char \1;/p'\'''
lt_cv_sys_max_cmd_len=196608

## ----------------- ##
## Output variables. ##
## ----------------- ##

ACLOCAL='${SHELL} /Users/michael/src/git/lib/aqbanking/missing --run aclocal-1.10'
ADD_ACLOCAL_FLAGS=' -I /Users/michael/src/git/lib/static-build-i386-4.99.25rc/share/aclocal'
AMDEPBACKSLASH=''
AMDEP_FALSE=''
AMDEP_TRUE='#'
AMTAR='${SHELL} /Users/michael/src/git/lib/aqbanking/missing --run tar'
AQBANKING_CLI_VERSION_STRING='4.99.25'
AQBANKING_SO_AGE='0'
AQBANKING_SO_CURRENT='32'
AQBANKING_SO_EFFECTIVE='32'
AQBANKING_SO_REVISION='25'
AQBANKING_VERSION_BUILD='0'
AQBANKING_VERSION_FULL_STRING='4.99.25.0rc'
AQBANKING_VERSION_MAJOR='4'
AQBANKING_VERSION_MINOR='99'
AQBANKING_VERSION_PATCHLEVEL='25'
AQBANKING_VERSION_RELEASE_STRING='4.99.25rc'
AQBANKING_VERSION_STRING='4.99.25'
AQBANKING_VERSION_TAG='rc'
AQHBCI_SO_AGE='0'
AQHBCI_SO_CURRENT='18'
AQHBCI_SO_EFFECTIVE='18'
AQHBCI_SO_REVISION='2'
AQHBCI_VERSION_BUILD='0'
AQHBCI_VERSION_FULL_STRING='4.99.25.0rc'
AQHBCI_VERSION_MAJOR='4'
AQHBCI_VERSION_MINOR='99'
AQHBCI_VERSION_PATCHLEVEL='25'
AQHBCI_VERSION_RELEASE_STRING=''
AQHBCI_VERSION_STRING='4.99.25'
AQHBCI_VERSION_TAG='rc'
AQOFXCONNECT_SO_AGE='0'
AQOFXCONNECT_SO_CURRENT='6'
AQOFXCONNECT_SO_EFFECTIVE='6'
AQOFXCONNECT_SO_REVISION='0'
AQOFXCONNECT_VERSION_BUILD='0'
AQOFXCONNECT_VERSION_FULL_STRING='4.99.25.0rc'
AQOFXCONNECT_VERSION_MAJOR='4'
AQOFXCONNECT_VERSION_MINOR='99'
AQOFXCONNECT_VERSION_PATCHLEVEL='25'
AQOFXCONNECT_VERSION_RELEASE_STRING=''
AQOFXCONNECT_VERSION_STRING='4.99.25'
AQOFXCONNECT_VERSION_TAG='rc'
AQPAYPAL_SO_AGE='0'
AQPAYPAL_SO_CURRENT='1'
AQPAYPAL_SO_EFFECTIVE='1'
AQPAYPAL_SO_REVISION='0'
AQPAYPAL_VERSION_BUILD='0'
AQPAYPAL_VERSION_FULL_STRING='4.99.25.0rc'
AQPAYPAL_VERSION_MAJOR='4'
AQPAYPAL_VERSION_MINOR='99'
AQPAYPAL_VERSION_PATCHLEVEL='25'
AQPAYPAL_VERSION_RELEASE_STRING=''
AQPAYPAL_VERSION_STRING='4.99.25'
AQPAYPAL_VERSION_TAG='rc'
AR='ar'
AS='as'
AUTOCONF='${SHELL} /Users/michael/src/git/lib/aqbanking/missing --run autoconf'
AUTOHEADER='${SHELL} /Users/michael/src/git/lib/aqbanking/missing --run autoheader'
AUTOMAKE='${SHELL} /Users/michael/src/git/lib/aqbanking/missing --run automake-1.10'
AWK='awk'
CC='gcc'
CCDEPMODE='depmode=none'
CFLAGS='-O -g -isysroot /Developer/SDKs/MacOSX10.5.sdk -arch i386 -I/Users/michael/src/git/lib/static-build-i386-4.99.25rc/include/ -mmacosx-version-min=10.5 -Wall'
CPP='gcc -E'
CPPFLAGS='-O -g -isysroot /Developer/SDKs/MacOSX10.5.sdk -arch i386 -I/Users/michael/src/git/lib/static-build-i386-4.99.25rc/include/ -mmacosx-version-min=10.5'
CXX='g++'
CXXCPP='g++ -E'
CXXDEPMODE='depmode=none'
CXXFLAGS='-g -O2 -Wall'
CYGPATH_W='echo'
DATETIME='20100828181638'
DEFS='-DHAVE_CONFIG_H'
DEPDIR='.deps'
DLLTOOL='dlltool'
DOXYGEN_DEFINE='DOXYGEN_HIDE'
DOXYGEN_FILE_PATTERNS='*.h'
DOXYGEN_INPUT='listdoc.h aqbanking5'
DOXYGEN_TAGFILES=''
DSYMUTIL='dsymutil'
DUMPBIN=''
ECHO_C='ECHO_N=''
ECHO_T=''
EGREP='/usr/bin/grep -E'
ENABLE_CLI_FALSE='#'
ENABLE_CLI_TRUE=''
EXEEXT=''
FGREP='/usr/bin/grep -F'
GREP='/usr/bin/grep'
GTK2_CFLAGS=''
GTK2_LIBS=''
GWENGUI_GTK2_CFLAGS=''
GWENGUI_GTK2_LIBS=''
HAVE_GWENGUI_GTK2='0'
HAVE_I18N='yes'
IF_MAKE_I18N_FILES_FALSE=''
IF_MAKE_I18N_FILES_TRUE='#'
INSTALL_DATA='${INSTALL} -m 644'
INSTALL_DLL_TARGET=''
INSTALL_PROGRAM='${INSTALL}'
INSTALL_SCRIPT='${INSTALL}'
INSTALL_STRIP_PROGRAM='$(install_sh) -c -s'
IS_WINDOWS_FALSE=''
IS_WINDOWS_TRUE='#'
LD='/usr/libexec/gcc/i686-apple-darwin10/4.2.1/ld'
LDFLAGS='-framework CoreFoundation -arch i386 -L/Users/michael/src/git/lib/static-build-i386-4.99.25rc/lib -L/Developer/SDKs/MacOSX10.5.sdk/usr/lib/ -mmacosx-version-min=10.5 -lcharset -liconv -lintl -lgmp -lgpg-error -lgcrypt -lgnutls -lgnutls-extra -lgnutls-openssl -lgwenhywfar'
LIBOBJS=''
LIBS=''
LIBTOOL='$(SHELL) $(top_builddir)/libtool'
LIPO='lipo'
LN_S='ln -s'
LTLIBOBJS=''
MAKEINFO='${SHELL} /Users/michael/src/git/lib/aqbanking/missing --run makeinfo'
MAKE_DLL_TARGET=''
MAKE_I18N_FILES='no'
MSGFMT='missing'
MSGFMT_SUPPORTS_QT=''
NM='/usr/bin/nm'
NMEDIT='nmedit'
OBJDUMP='objdump'
OBJEXT='o'
OSYSTEM='osx'
OS_TYPE='posix'
OTOOL64=':'
OTOOL='otool'
PACKAGE='aqbanking'
PACKAGE_BUGREPORT=''
PACKAGE_NAME=''
PACKAGE_STRING=''
PACKAGE_TARNAME=''
PACKAGE_VERSION=''
PATH_SEPARATOR=':'
PKG_CONFIG='/Users/michael/src/git/lib/static-build-i386-4.99.25rc/bin/pkg-config'
Q4BANKING_SO_AGE=''
Q4BANKING_SO_CURRENT=''
Q4BANKING_SO_EFFECTIVE=''
Q4BANKING_SO_REVISION=''
Q4BANKING_VERSION_BUILD='0'
Q4BANKING_VERSION_FULL_STRING='4.99.25.0rc'
Q4BANKING_VERSION_MAJOR='4'
Q4BANKING_VERSION_MINOR='99'
Q4BANKING_VERSION_PATCHLEVEL='25'
Q4BANKING_VERSION_RELEASE_STRING=''
Q4BANKING_VERSION_STRING='4.99.25'
Q4BANKING_VERSION_TAG='rc'
QBANKING_SO_AGE=''
QBANKING_SO_CURRENT=''
QBANKING_SO_EFFECTIVE=''
QBANKING_SO_REVISION=''
QBANKING_VERSION_BUILD='0'
QBANKING_VERSION_FULL_STRING='4.99.25.0rc'
QBANKING_VERSION_MAJOR='4'
QBANKING_VERSION_MINOR='99'
QBANKING_VERSION_PATCHLEVEL='25'
QBANKING_VERSION_RELEASE_STRING=''
QBANKING_VERSION_STRING='4.99.25'
QBANKING_VERSION_TAG='rc'
RANLIB='ranlib'
RC='no'
SED='/usr/bin/sed'
SET_MAKE=''
SHELL='/bin/sh'
STRIP='strip'
STRIPALL=''
TUTORIALS=''
USE_DOT='NO'
VERSION='4.99.25rc'
WITH_GWENGUI_GTK2_FALSE=''
WITH_GWENGUI_GTK2_TRUE='#'
WITH_KTOBLZCHECK_FALSE=''
WITH_KTOBLZCHECK_TRUE='#'
XGETTEXT='missing'
XMLMERGE='/Users/michael/src/git/lib/static-build-i386-4.99.25rc/bin/xmlmerge'
abs_top_builddir='/Users/michael/src/git/lib/tmp-i386/aqbanking-4.99.25rc'
ac_ct_CC='gcc'
ac_ct_CXX='g++'
ac_ct_DUMPBIN=''
all_includes='-I/Users/michael/src/git/lib/static-build-i386-4.99.25rc/include/gwenhywfar4'
all_libraries=''
am__fastdepCC_FALSE=''
am__fastdepCC_TRUE='#'
am__fastdepCXX_FALSE=''
am__fastdepCXX_TRUE='#'
am__include='include'
am__isrc=' -I$(srcdir)'
am__leading_dot='.'
am__quote=''
am__tar='${AMTAR} chof - "$$tardir"'
am__untar='${AMTAR} xf -'
aq_distrib_name=''
aq_distrib_tag=''
aq_distrib_version=''
aqbanking_backends='aqhbci'
aqbanking_cfg_searchdir='Frameworks/AqBanking/etc'
aqbanking_data_searchdir='Frameworks/AqBanking/share'
aqbanking_headerdir='${includedir}/aqbanking5'
aqbanking_headerdir_am='$(includedir)/aqbanking5'
aqbanking_includes='-I${includedir}/aqbanking5'
aqbanking_internal_libs='/Users/michael/src/git/lib/tmp-i386/aqbanking-4.99.25rc/src/libs/aqbanking/libaqbanking.la'
aqbanking_ldflags='-L${libdir}'
aqbanking_libs='-laqbanking'
aqbanking_locale_searchdir='Frameworks/AqBanking/share/locale'
aqbanking_modules='. jobs types'
aqbanking_pkgdatadir='${datadir}/aqbanking'
aqbanking_plugin_searchdir='Frameworks/AqBanking/lib/aqbanking/plugins/32'
aqbanking_plugindir='${libdir}/aqbanking/plugins/32'
aqbanking_plugins_backends_dirs=' aqhbci'
aqbanking_plugins_bankinfo_dirs=' de'
aqbanking_plugins_imexporters_dirs=' csv dtaus eri2 ofx openhbci1 swift xmldb yellownet sepa ctxfile q43'
aqbanking_plugins_parsers_dirs=' dtaus swift'
aqbanking_symlinkdir='$(top_builddir)/aqbanking5'
aqbanking_sys_is_windows='0'
aqbankingpp_modules='.'
aqhbci_datadir=''
aqhbci_includes='-I${includedir}/aqbanking5'
aqhbci_internal_libs='/Users/michael/src/git/lib/tmp-i386/aqbanking-4.99.25rc/src/plugins/backends/aqhbci/plugin/libaqhbci.la'
aqhbci_ldflags='-L${libdir}'
aqhbci_libs='-laqhbci'
aqofxconnect_includes='-I${includedir}/aqbanking5'
aqofxconnect_internal_libs='/Users/michael/src/git/lib/tmp-i386/aqbanking-4.99.25rc/src/plugins/backends/aqofxconnect/plugin/libaqofxconnect.la'
aqofxconnect_libs='-L${libdir} -laqofxconnect'
aqpaypal_includes='-I${includedir}/aqbanking5'
aqpaypal_internal_libs='/Users/michael/src/git/lib/tmp-i386/aqbanking-4.99.25rc/src/plugins/backends/aqpaypal/plugin/libaqpaypal.la'
aqpaypal_libs='-L${libdir} -laqpaypal'
bindir='${exec_prefix}/bin'
build='i386-apple-darwin10.4.0'
build_alias=''
build_cpu='i386'
build_os='darwin10.4.0'
build_vendor='apple'
datadir='${datarootdir}'
datarootdir='${prefix}/share'
docdir='${datarootdir}/doc/${PACKAGE}'
docpath='/Users/michael/apidoc'
dvidir='${docdir}'
exec_prefix='${prefix}'
gmp_libs='-lgmp'
gwenhywfar_bindir='/Users/michael/src/git/lib/static-build-i386-4.99.25rc/bin'
gwenhywfar_dir='/Users/michael/src/git/lib/static-build-i386-4.99.25rc'
gwenhywfar_has_crypt='yes'
gwenhywfar_headers='/Users/michael/src/git/lib/static-build-i386-4.99.25rc/include/gwenhywfar4/gwenhywfar'
gwenhywfar_includes='-I/Users/michael/src/git/lib/static-build-i386-4.99.25rc/include/gwenhywfar4'
gwenhywfar_libs='-L/Users/michael/src/git/lib/static-build-i386-4.99.25rc/lib -lgwenhywfar'
gwenhywfar_plugins='/Users/michael/src/git/lib/static-build-i386-4.99.25rc/lib/gwenhywfar/plugins/59'
host='i386-apple-darwin10.4.0'
host_alias=''
host_cpu='i386'
host_os='darwin10.4.0'
host_vendor='apple'
htmldir='${docdir}'
i18n_libs=''
includedir='${prefix}/include'
infodir='${datarootdir}/info'
install_sh='$(SHELL) /Users/michael/src/git/lib/aqbanking/install-sh'
ktoblzcheck_CFLAGS=''
ktoblzcheck_LIBS=''
ktoblzcheck_includes=''
ktoblzcheck_libs=''
libdir='${exec_prefix}/lib'
libexecdir='${exec_prefix}/libexec'
localedir='${datarootdir}/locale'
localstatedir='${prefix}/var'
lt_ECHO='/bin/echo'
mandir='${datarootdir}/man'
mkdir_p='/Users/michael/src/git/lib/aqbanking/install-sh -c -d'
oldincludedir='/usr/include'
pdfdir='${docdir}'
prefix='/Users/michael/src/git/lib/static-build-i386-4.99.25rc'
program_transform_name='s,x,x,'
psdir='${docdir}'
sbindir='${exec_prefix}/sbin'
sharedstatedir='${prefix}/com'
sysconfdir='${prefix}/etc'
target_alias=''
typemaker2_exe='$(gwenhywfar_bindir)/typemaker2'
visibility_cflags='-fvisibility=hidden'
with_aqhbci='yes'

## ----------- ##
## confdefs.h. ##
## ----------- ##

#define PACKAGE_NAME ""
#define PACKAGE_TARNAME ""
#define PACKAGE_VERSION ""
#define PACKAGE_STRING ""
#define PACKAGE_BUGREPORT ""
#define AQBANKING_SO_EFFECTIVE_STR "32"
#define PACKAGE "aqbanking"
#define VERSION "4.99.25rc"
#define AQHBCI_VERSION_MAJOR 4
#define AQHBCI_VERSION_MINOR 99
#define AQHBCI_VERSION_PATCHLEVEL 25
#define AQHBCI_VERSION_BUILD 0
#define AQHBCI_VERSION_STRING "4.99.25"
#define AQHBCI_VERSION_FULL_STRING "4.99.25.0rc"
#define AQHBCI_VERSION_TAG rc
#define AQHBCI_SO_EFFECTIVE_STR "18"
#define AQOFXCONNECT_VERSION_MAJOR 4
#define AQOFXCONNECT_VERSION_MINOR 99
#define AQOFXCONNECT_VERSION_PATCHLEVEL 25
#define AQOFXCONNECT_VERSION_BUILD 0
#define AQOFXCONNECT_VERSION_STRING "4.99.25"
#define AQOFXCONNECT_VERSION_FULL_STRING "4.99.25.0rc"
#define AQOFXCONNECT_VERSION_TAG rc
#define AQOFXCONNECT_SO_EFFECTIVE_STR "6"
#define AQPAYPAL_VERSION_MAJOR 4
#define AQPAYPAL_VERSION_MINOR 99
#define AQPAYPAL_VERSION_PATCHLEVEL 25
#define AQPAYPAL_VERSION_BUILD 0
#define AQPAYPAL_VERSION_STRING "4.99.25"
#define AQPAYPAL_VERSION_FULL_STRING "4.99.25.0rc"
#define AQPAYPAL_VERSION_TAG rc
#define AQPAYPAL_SO_EFFECTIVE_STR "1"
#define QBANKING_VERSION_MAJOR 4
#define QBANKING_VERSION_MINOR 99
#define QBANKING_VERSION_PATCHLEVEL 25
#define QBANKING_VERSION_BUILD 0
#define QBANKING_VERSION_STRING "4.99.25"
#define QBANKING_VERSION_FULL_STRING "4.99.25.0rc"
#define QBANKING_VERSION_TAG rc
#define QBANKING_SO_EFFECTIVE_STR ""
#define Q4BANKING_VERSION_MAJOR 4
#define Q4BANKING_VERSION_MINOR 99
#define Q4BANKING_VERSION_PATCHLEVEL 25
#define Q4BANKING_VERSION_BUILD 0
#define Q4BANKING_VERSION_STRING "4.99.25"
#define Q4BANKING_VERSION_FULL_STRING "4.99.25.0rc"
#define Q4BANKING_VERSION_TAG rc
#define Q4BANKING_SO_EFFECTIVE_STR ""
#define OS_NAME "i386-apple-darwin10.4.0"
#define OS_DARWIN 1
#define OS_POSIX 1
#define OS_SHORTNAME "osx"
#define OS_TYPE "posix"
#define _GNU_SOURCE 1
#define STDC_HEADERS 1
#define HAVE_SYS_TYPES_H 1
#define HAVE_SYS_STAT_H 1
#define HAVE_STDLIB_H 1
#define HAVE_STRING_H 1
#define HAVE_MEMORY_H 1
#define HAVE_STRINGS_H 1
#define HAVE_INTTYPES_H 1
#define HAVE_STDINT_H 1
#define HAVE_UNISTD_H 1
#define HAVE_DLFCN_H 1
#define LT_OBJDIR ".libs/"
#define STDC_HEADERS 1
#define HAVE_FCNTL_H 1
#define HAVE_STDLIB_H 1
#define HAVE_STRING_H 1
#define HAVE_UNISTD_H 1
#define HAVE_LOCALE_H 1
#define HAVE_TERMIOS_H 1
#define HAVE_SIGNAL_H 1
#define HAVE_ICONV_H 1
#define HAVE_DECL_SIGPROCMASK 1
#define HAVE_STRFTIME 1
#define HAVE_MEMMOVE 1
#define HAVE_MEMSET 1
#define HAVE_STRCASECMP 1
#define HAVE_STRDUP 1
#define HAVE_STRERROR 1
#define HAVE_SNPRINTF 1
#define HAVE_SETLOCALE 1
#define AQBANKING_WITH_PLUGIN_BACKEND_AQHBCI 1
#define HAVE_GMP_H 1
#define ENABLE_LOCAL_INSTALL 1
#define HAVE_LOCALE_H 1
#define HAVE_LIBINTL_H 1
#define HAVE_SETLOCALE 1
#define HAVE_I18N 1
#define GCC_WITH_VISIBILITY_ATTRIBUTE 1
#define AQBANKING_ENABLE_INIT_PLUGINS 1

configure: exit 0

## ---------------------- ##
## Running config.status. ##
## ---------------------- ##

This file was extended by config.status, which was
generated by GNU Autoconf 2.61.  Invocation command line was

  CONFIG_FILES    = 
  CONFIG_HEADERS  = 
  CONFIG_LINKS    = 
  CONFIG_COMMANDS = 
  $ ./config.status config.h

on moeve

config.status:1248: creating config.h
config.status:1551: config.h is unchanged
