This file contains any messages produced by compilers while
running configure, to aid debugging if configure makes a mistake.

It was created by configure, which was
generated by GNU Autoconf 2.61.  Invocation command line was

  $ /Users/michael/src/git/lib/aqbanking/configure --disable-dependency-tracking --prefix=/Users/michael/src/git/lib/static-build-debug-5.0.10 --enable-shared --enable-static --enable-debug=yes --with-backends=aqhbci --with-frontends= --enable-local-install --disable-tutorials --with-bankinfos=de --without-imexports --disable-qt3-threads --disable-qt3 --with-exporter=csv --disable-variadic-macros

## --------- ##
## Platform. ##
## --------- ##

hostname = kranich
uname -m = x86_64
uname -r = 10.7.4
uname -s = Darwin
uname -v = Darwin Kernel Version 10.7.4: Mon Apr 18 21:24:17 PDT 2011; root:xnu-1504.14.12~3/RELEASE_X86_64

/usr/bin/uname -p = i386
/bin/uname -X     = unknown

/bin/arch              = unknown
/usr/bin/arch -k       = unknown
/usr/convex/getsysinfo = unknown
/usr/bin/hostinfo      = Mach kernel version:
	 Darwin Kernel Version 10.7.4: Mon Apr 18 21:24:17 PDT 2011; root:xnu-1504.14.12~3/RELEASE_X86_64
Kernel configured for up to 4 processors.
2 processors are physically available.
4 processors are logically available.
Processor type: i486 (Intel 80486)
Processors active: 0 1 2 3
Primary memory available: 4.00 gigabytes
Default processor set: 101 tasks, 540 threads, 4 processors
Load average: 1.40, Mach factor: 2.58
/bin/machine           = unknown
/usr/bin/oslevel       = unknown
/bin/universe          = unknown

PATH: /Users/michael/src/git/lib/static-build-debug-5.0.10/bin
PATH: /usr/bin
PATH: /bin
PATH: /usr/sbin
PATH: /sbin
PATH: /usr/X11/bin


## ----------- ##
## Core tests. ##
## ----------- ##

configure:2168: checking build system type
configure:2186: result: i386-apple-darwin10.7.4
configure:2208: checking host system type
configure:2223: result: i386-apple-darwin10.7.4
configure:2441: checking for a BSD-compatible install
configure:2497: result: /usr/bin/install -c
configure:2508: checking whether build environment is sane
configure:2551: result: yes
configure:2579: checking for a thread-safe mkdir -p
configure:2618: result: /Users/michael/src/git/lib/aqbanking/install-sh -c -d
configure:2631: checking for gawk
configure:2661: result: no
configure:2631: checking for mawk
configure:2661: result: no
configure:2631: checking for nawk
configure:2661: result: no
configure:2631: checking for awk
configure:2647: found /usr/bin/awk
configure:2658: result: awk
configure:2669: checking whether make sets $(MAKE)
configure:2690: result: yes
configure:3190: checking host system type
configure:3373: result: posix
configure:3533: checking for gcc
configure:3549: found /usr/bin/gcc
configure:3560: result: gcc
configure:3798: checking for C compiler version
configure:3805: gcc --version >&5
i686-apple-darwin10-gcc-4.2.1 (GCC) 4.2.1 (Apple Inc. build 5666) (dot 3)
Copyright (C) 2007 Free Software Foundation, Inc.
This is free software; see the source for copying conditions.  There is NO
warranty; not even for MERCHANTABILITY or FITNESS FOR A PARTICULAR PURPOSE.

configure:3808: $? = 0
configure:3815: gcc -v >&5
Using built-in specs.
Target: i686-apple-darwin10
Configured with: /var/tmp/gcc/gcc-5666.3~74/src/configure --disable-checking --enable-werror --prefix=/usr --mandir=/share/man --enable-languages=c,objc,c++,obj-c++ --program-transform-name=/^[cg][^.-]*$/s/$/-4.2/ --with-slibdir=/usr/lib --build=i686-apple-darwin10 --program-prefix=i686-apple-darwin10- --host=x86_64-apple-darwin10 --target=i686-apple-darwin10 --with-gxx-include-dir=/include/c++/4.2.1
Thread model: posix
gcc version 4.2.1 (Apple Inc. build 5666) (dot 3)
configure:3818: $? = 0
configure:3825: gcc -V >&5
gcc-4.2: argument to `-V' is missing
configure:3828: $? = 1
configure:3851: checking for C compiler default output file name
configure:3878: gcc -O -g -isysroot /Developer_3/SDKs/MacOSX10.5.sdk -arch i386 -I/Users/michael/src/git/lib/static-build-debug-5.0.10/include/ -mmacosx-version-min=10.5 -O -g -isysroot /Developer_3/SDKs/MacOSX10.5.sdk -arch i386 -I/Users/michael/src/git/lib/static-build-debug-5.0.10/include/ -mmacosx-version-min=10.5 -framework CoreFoundation -arch i386 -L/Users/michael/src/git/lib/static-build-debug-5.0.10/lib -L/Developer_3/SDKs/MacOSX10.5.sdk/usr/lib/ -mmacosx-version-min=10.5 -lcharset -liconv -lintl -lgmp -lgpg-error -lgcrypt -lgnutls -lgnutls-extra -lgnutls-openssl -lgwenhywfar conftest.c  >&5
configure:3881: $? = 0
configure:3919: result: a.out
configure:3936: checking whether the C compiler works
configure:3946: ./a.out
configure:3949: $? = 0
configure:3966: result: yes
configure:3973: checking whether we are cross compiling
configure:3975: result: no
configure:3978: checking for suffix of executables
configure:3985: gcc -o conftest -O -g -isysroot /Developer_3/SDKs/MacOSX10.5.sdk -arch i386 -I/Users/michael/src/git/lib/static-build-debug-5.0.10/include/ -mmacosx-version-min=10.5 -O -g -isysroot /Developer_3/SDKs/MacOSX10.5.sdk -arch i386 -I/Users/michael/src/git/lib/static-build-debug-5.0.10/include/ -mmacosx-version-min=10.5 -framework CoreFoundation -arch i386 -L/Users/michael/src/git/lib/static-build-debug-5.0.10/lib -L/Developer_3/SDKs/MacOSX10.5.sdk/usr/lib/ -mmacosx-version-min=10.5 -lcharset -liconv -lintl -lgmp -lgpg-error -lgcrypt -lgnutls -lgnutls-extra -lgnutls-openssl -lgwenhywfar conftest.c  >&5
configure:3988: $? = 0
configure:4012: result: 
configure:4018: checking for suffix of object files
configure:4044: gcc -c -O -g -isysroot /Developer_3/SDKs/MacOSX10.5.sdk -arch i386 -I/Users/michael/src/git/lib/static-build-debug-5.0.10/include/ -mmacosx-version-min=10.5 -O -g -isysroot /Developer_3/SDKs/MacOSX10.5.sdk -arch i386 -I/Users/michael/src/git/lib/static-build-debug-5.0.10/include/ -mmacosx-version-min=10.5 conftest.c >&5
configure:4047: $? = 0
configure:4070: result: o
configure:4074: checking whether we are using the GNU C compiler
configure:4103: gcc -c -O -g -isysroot /Developer_3/SDKs/MacOSX10.5.sdk -arch i386 -I/Users/michael/src/git/lib/static-build-debug-5.0.10/include/ -mmacosx-version-min=10.5 -O -g -isysroot /Developer_3/SDKs/MacOSX10.5.sdk -arch i386 -I/Users/michael/src/git/lib/static-build-debug-5.0.10/include/ -mmacosx-version-min=10.5 conftest.c >&5
configure:4109: $? = 0
configure:4126: result: yes
configure:4131: checking whether gcc accepts -g
configure:4161: gcc -c -g -O -g -isysroot /Developer_3/SDKs/MacOSX10.5.sdk -arch i386 -I/Users/michael/src/git/lib/static-build-debug-5.0.10/include/ -mmacosx-version-min=10.5 conftest.c >&5
configure:4167: $? = 0
configure:4266: result: yes
configure:4283: checking for gcc option to accept ISO C89
configure:4357: gcc  -c -O -g -isysroot /Developer_3/SDKs/MacOSX10.5.sdk -arch i386 -I/Users/michael/src/git/lib/static-build-debug-5.0.10/include/ -mmacosx-version-min=10.5 -O -g -isysroot /Developer_3/SDKs/MacOSX10.5.sdk -arch i386 -I/Users/michael/src/git/lib/static-build-debug-5.0.10/include/ -mmacosx-version-min=10.5 conftest.c >&5
configure:4363: $? = 0
configure:4386: result: none needed
configure:4415: checking for style of include used by make
configure:4443: result: GNU
configure:4468: checking dependency style of gcc
configure:4559: result: none
configure:4632: checking for g++
configure:4648: found /usr/bin/g++
configure:4659: result: g++
configure:4690: checking for C++ compiler version
configure:4697: g++ --version >&5
i686-apple-darwin10-g++-4.2.1 (GCC) 4.2.1 (Apple Inc. build 5666) (dot 3)
Copyright (C) 2007 Free Software Foundation, Inc.
This is free software; see the source for copying conditions.  There is NO
warranty; not even for MERCHANTABILITY or FITNESS FOR A PARTICULAR PURPOSE.

configure:4700: $? = 0
configure:4707: g++ -v >&5
Using built-in specs.
Target: i686-apple-darwin10
Configured with: /var/tmp/gcc/gcc-5666.3~74/src/configure --disable-checking --enable-werror --prefix=/usr --mandir=/share/man --enable-languages=c,objc,c++,obj-c++ --program-transform-name=/^[cg][^.-]*$/s/$/-4.2/ --with-slibdir=/usr/lib --build=i686-apple-darwin10 --program-prefix=i686-apple-darwin10- --host=x86_64-apple-darwin10 --target=i686-apple-darwin10 --with-gxx-include-dir=/include/c++/4.2.1
Thread model: posix
gcc version 4.2.1 (Apple Inc. build 5666) (dot 3)
configure:4710: $? = 0
configure:4717: g++ -V >&5
g++-4.2: argument to `-V' is missing
configure:4720: $? = 1
configure:4723: checking whether we are using the GNU C++ compiler
configure:4752: g++ -c  -O -g -isysroot /Developer_3/SDKs/MacOSX10.5.sdk -arch i386 -I/Users/michael/src/git/lib/static-build-debug-5.0.10/include/ -mmacosx-version-min=10.5 conftest.cpp >&5
configure:4758: $? = 0
configure:4775: result: yes
configure:4780: checking whether g++ accepts -g
configure:4810: g++ -c -g -O -g -isysroot /Developer_3/SDKs/MacOSX10.5.sdk -arch i386 -I/Users/michael/src/git/lib/static-build-debug-5.0.10/include/ -mmacosx-version-min=10.5 conftest.cpp >&5
configure:4816: $? = 0
configure:4915: result: yes
configure:4940: checking dependency style of g++
configure:5031: result: none
configure:5059: checking for a BSD-compatible install
configure:5115: result: /usr/bin/install -c
configure:5152: checking for a sed that does not truncate output
configure:5231: result: /usr/bin/sed
configure:5249: checking for grep that handles long lines and -e
configure:5323: result: /usr/bin/grep
configure:5328: checking for egrep
configure:5406: result: /usr/bin/grep -E
configure:5411: checking for fgrep
configure:5489: result: /usr/bin/grep -F
configure:5524: checking for ld used by gcc
configure:5591: result: /usr/libexec/gcc/i686-apple-darwin10/4.2.1/ld
configure:5600: checking if the linker (/usr/libexec/gcc/i686-apple-darwin10/4.2.1/ld) is GNU ld
configure:5615: result: no
configure:5627: checking for BSD- or MS-compatible name lister (nm)
configure:5676: result: /usr/bin/nm
configure:5798: checking the name lister (/usr/bin/nm) interface
configure:5805: gcc -c -O -g -isysroot /Developer_3/SDKs/MacOSX10.5.sdk -arch i386 -I/Users/michael/src/git/lib/static-build-debug-5.0.10/include/ -mmacosx-version-min=10.5 -O -g -isysroot /Developer_3/SDKs/MacOSX10.5.sdk -arch i386 -I/Users/michael/src/git/lib/static-build-debug-5.0.10/include/ -mmacosx-version-min=10.5 conftest.c >&5
configure:5808: /usr/bin/nm "conftest.o"
configure:5811: output
00000188 D _some_variable
configure:5818: result: BSD nm
configure:5821: checking whether ln -s works
configure:5825: result: yes
configure:5833: checking the maximum length of command line arguments
configure:5953: result: 196608
configure:5970: checking whether the shell understands some XSI constructs
configure:5980: result: yes
configure:5984: checking whether the shell understands "+="
configure:5990: result: yes
configure:6025: checking for /usr/libexec/gcc/i686-apple-darwin10/4.2.1/ld option to reload object files
configure:6032: result: -r
configure:6059: checking how to recognize dependent libraries
configure:6249: result: pass_all
configure:6309: checking for ar
configure:6325: found /usr/bin/ar
configure:6336: result: ar
configure:6418: checking for strip
configure:6434: found /usr/bin/strip
configure:6445: result: strip
configure:6521: checking for ranlib
configure:6537: found /usr/bin/ranlib
configure:6548: result: ranlib
configure:6642: checking command to parse /usr/bin/nm output from gcc object
configure:6760: gcc -c -O -g -isysroot /Developer_3/SDKs/MacOSX10.5.sdk -arch i386 -I/Users/michael/src/git/lib/static-build-debug-5.0.10/include/ -mmacosx-version-min=10.5 -O -g -isysroot /Developer_3/SDKs/MacOSX10.5.sdk -arch i386 -I/Users/michael/src/git/lib/static-build-debug-5.0.10/include/ -mmacosx-version-min=10.5 conftest.c >&5
configure:6763: $? = 0
configure:6767: /usr/bin/nm conftest.o \| sed -n -e 's/^.*[	 ]\([BCDEGRST][BCDEGRST]*\)[	 ][	 ]*\([_A-Za-z][_A-Za-z0-9]*\)$/\1 \2 \2/p' \> conftest.nm
configure:6770: $? = 0
cannot find nm_test_var in conftest.nm
configure:6760: gcc -c -O -g -isysroot /Developer_3/SDKs/MacOSX10.5.sdk -arch i386 -I/Users/michael/src/git/lib/static-build-debug-5.0.10/include/ -mmacosx-version-min=10.5 -O -g -isysroot /Developer_3/SDKs/MacOSX10.5.sdk -arch i386 -I/Users/michael/src/git/lib/static-build-debug-5.0.10/include/ -mmacosx-version-min=10.5 conftest.c >&5
configure:6763: $? = 0
configure:6767: /usr/bin/nm conftest.o \| sed -n -e 's/^.*[	 ]\([BCDEGRST][BCDEGRST]*\)[	 ][	 ]*_\([_A-Za-z][_A-Za-z0-9]*\)$/\1 _\2 \2/p' \> conftest.nm
configure:6770: $? = 0
configure:6824: gcc -o conftest -O -g -isysroot /Developer_3/SDKs/MacOSX10.5.sdk -arch i386 -I/Users/michael/src/git/lib/static-build-debug-5.0.10/include/ -mmacosx-version-min=10.5 -O -g -isysroot /Developer_3/SDKs/MacOSX10.5.sdk -arch i386 -I/Users/michael/src/git/lib/static-build-debug-5.0.10/include/ -mmacosx-version-min=10.5 -framework CoreFoundation -arch i386 -L/Users/michael/src/git/lib/static-build-debug-5.0.10/lib -L/Developer_3/SDKs/MacOSX10.5.sdk/usr/lib/ -mmacosx-version-min=10.5 -lcharset -liconv -lintl -lgmp -lgpg-error -lgcrypt -lgnutls -lgnutls-extra -lgnutls-openssl -lgwenhywfar conftest.c conftstm.o >&5
configure:6827: $? = 0
configure:6865: result: ok
configure:7155: checking for dsymutil
configure:7171: found /usr/bin/dsymutil
configure:7182: result: dsymutil
configure:7251: checking for nmedit
configure:7267: found /usr/bin/nmedit
configure:7278: result: nmedit
configure:7347: checking for lipo
configure:7363: found /usr/bin/lipo
configure:7374: result: lipo
configure:7443: checking for otool
configure:7459: found /usr/bin/otool
configure:7470: result: otool
configure:7539: checking for otool64
configure:7569: result: no
configure:7618: checking for -single_module linker flag
gcc -O -g -isysroot /Developer_3/SDKs/MacOSX10.5.sdk -arch i386 -I/Users/michael/src/git/lib/static-build-debug-5.0.10/include/ -mmacosx-version-min=10.5 -framework CoreFoundation -arch i386 -L/Users/michael/src/git/lib/static-build-debug-5.0.10/lib -L/Developer_3/SDKs/MacOSX10.5.sdk/usr/lib/ -mmacosx-version-min=10.5 -lcharset -liconv -lintl -lgmp -lgpg-error -lgcrypt -lgnutls -lgnutls-extra -lgnutls-openssl -lgwenhywfar -o libconftest.dylib -dynamiclib -Wl,-single_module conftest.c
configure:7645: result: yes
configure:7647: checking for -exported_symbols_list linker flag
configure:7677: gcc -o conftest -O -g -isysroot /Developer_3/SDKs/MacOSX10.5.sdk -arch i386 -I/Users/michael/src/git/lib/static-build-debug-5.0.10/include/ -mmacosx-version-min=10.5 -O -g -isysroot /Developer_3/SDKs/MacOSX10.5.sdk -arch i386 -I/Users/michael/src/git/lib/static-build-debug-5.0.10/include/ -mmacosx-version-min=10.5 -framework CoreFoundation -arch i386 -L/Users/michael/src/git/lib/static-build-debug-5.0.10/lib -L/Developer_3/SDKs/MacOSX10.5.sdk/usr/lib/ -mmacosx-version-min=10.5 -lcharset -liconv -lintl -lgmp -lgpg-error -lgcrypt -lgnutls -lgnutls-extra -lgnutls-openssl -lgwenhywfar -Wl,-exported_symbols_list,conftest.sym conftest.c  >&5
configure:7683: $? = 0
configure:7702: result: yes
configure:7744: checking how to run the C preprocessor
configure:7784: gcc -E -O -g -isysroot /Developer_3/SDKs/MacOSX10.5.sdk -arch i386 -I/Users/michael/src/git/lib/static-build-debug-5.0.10/include/ -mmacosx-version-min=10.5 conftest.c
configure:7790: $? = 0
configure:7821: gcc -E -O -g -isysroot /Developer_3/SDKs/MacOSX10.5.sdk -arch i386 -I/Users/michael/src/git/lib/static-build-debug-5.0.10/include/ -mmacosx-version-min=10.5 conftest.c
conftest.c:57:28: error: ac_nonexistent.h: No such file or directory
configure:7827: $? = 1
configure: failed program was:
| /* confdefs.h.  */
| #define PACKAGE_NAME ""
| #define PACKAGE_TARNAME ""
| #define PACKAGE_VERSION ""
| #define PACKAGE_STRING ""
| #define PACKAGE_BUGREPORT ""
| #define AQBANKING_SO_EFFECTIVE_STR "33"
| #define PACKAGE "aqbanking"
| #define VERSION "5.0.10"
| #define AQHBCI_VERSION_MAJOR 5
| #define AQHBCI_VERSION_MINOR 0
| #define AQHBCI_VERSION_PATCHLEVEL 10
| #define AQHBCI_VERSION_BUILD 0
| #define AQHBCI_VERSION_STRING "5.0.10"
| #define AQHBCI_VERSION_FULL_STRING "5.0.10.0stable"
| #define AQHBCI_VERSION_TAG stable
| #define AQHBCI_SO_EFFECTIVE_STR "20"
| #define AQOFXCONNECT_VERSION_MAJOR 5
| #define AQOFXCONNECT_VERSION_MINOR 0
| #define AQOFXCONNECT_VERSION_PATCHLEVEL 10
| #define AQOFXCONNECT_VERSION_BUILD 0
| #define AQOFXCONNECT_VERSION_STRING "5.0.10"
| #define AQOFXCONNECT_VERSION_FULL_STRING "5.0.10.0stable"
| #define AQOFXCONNECT_VERSION_TAG stable
| #define AQOFXCONNECT_SO_EFFECTIVE_STR "7"
| #define AQPAYPAL_VERSION_MAJOR 5
| #define AQPAYPAL_VERSION_MINOR 0
| #define AQPAYPAL_VERSION_PATCHLEVEL 10
| #define AQPAYPAL_VERSION_BUILD 0
| #define AQPAYPAL_VERSION_STRING "5.0.10"
| #define AQPAYPAL_VERSION_FULL_STRING "5.0.10.0stable"
| #define AQPAYPAL_VERSION_TAG stable
| #define AQPAYPAL_SO_EFFECTIVE_STR "2"
| #define QBANKING_VERSION_MAJOR 5
| #define QBANKING_VERSION_MINOR 0
| #define QBANKING_VERSION_PATCHLEVEL 10
| #define QBANKING_VERSION_BUILD 0
| #define QBANKING_VERSION_STRING "5.0.10"
| #define QBANKING_VERSION_FULL_STRING "5.0.10.0stable"
| #define QBANKING_VERSION_TAG stable
| #define QBANKING_SO_EFFECTIVE_STR ""
| #define Q4BANKING_VERSION_MAJOR 5
| #define Q4BANKING_VERSION_MINOR 0
| #define Q4BANKING_VERSION_PATCHLEVEL 10
| #define Q4BANKING_VERSION_BUILD 0
| #define Q4BANKING_VERSION_STRING "5.0.10"
| #define Q4BANKING_VERSION_FULL_STRING "5.0.10.0stable"
| #define Q4BANKING_VERSION_TAG stable
| #define Q4BANKING_SO_EFFECTIVE_STR ""
| #define OS_NAME "i386-apple-darwin10.7.4"
| #define OS_DARWIN 1
| #define OS_POSIX 1
| #define OS_SHORTNAME "osx"
| #define OS_TYPE "posix"
| #define _GNU_SOURCE 1
| /* end confdefs.h.  */
| #include <ac_nonexistent.h>
configure:7860: result: gcc -E
configure:7889: gcc -E -O -g -isysroot /Developer_3/SDKs/MacOSX10.5.sdk -arch i386 -I/Users/michael/src/git/lib/static-build-debug-5.0.10/include/ -mmacosx-version-min=10.5 conftest.c
configure:7895: $? = 0
configure:7926: gcc -E -O -g -isysroot /Developer_3/SDKs/MacOSX10.5.sdk -arch i386 -I/Users/michael/src/git/lib/static-build-debug-5.0.10/include/ -mmacosx-version-min=10.5 conftest.c
conftest.c:57:28: error: ac_nonexistent.h: No such file or directory
configure:7932: $? = 1
configure: failed program was:
| /* confdefs.h.  */
| #define PACKAGE_NAME ""
| #define PACKAGE_TARNAME ""
| #define PACKAGE_VERSION ""
| #define PACKAGE_STRING ""
| #define PACKAGE_BUGREPORT ""
| #define AQBANKING_SO_EFFECTIVE_STR "33"
| #define PACKAGE "aqbanking"
| #define VERSION "5.0.10"
| #define AQHBCI_VERSION_MAJOR 5
| #define AQHBCI_VERSION_MINOR 0
| #define AQHBCI_VERSION_PATCHLEVEL 10
| #define AQHBCI_VERSION_BUILD 0
| #define AQHBCI_VERSION_STRING "5.0.10"
| #define AQHBCI_VERSION_FULL_STRING "5.0.10.0stable"
| #define AQHBCI_VERSION_TAG stable
| #define AQHBCI_SO_EFFECTIVE_STR "20"
| #define AQOFXCONNECT_VERSION_MAJOR 5
| #define AQOFXCONNECT_VERSION_MINOR 0
| #define AQOFXCONNECT_VERSION_PATCHLEVEL 10
| #define AQOFXCONNECT_VERSION_BUILD 0
| #define AQOFXCONNECT_VERSION_STRING "5.0.10"
| #define AQOFXCONNECT_VERSION_FULL_STRING "5.0.10.0stable"
| #define AQOFXCONNECT_VERSION_TAG stable
| #define AQOFXCONNECT_SO_EFFECTIVE_STR "7"
| #define AQPAYPAL_VERSION_MAJOR 5
| #define AQPAYPAL_VERSION_MINOR 0
| #define AQPAYPAL_VERSION_PATCHLEVEL 10
| #define AQPAYPAL_VERSION_BUILD 0
| #define AQPAYPAL_VERSION_STRING "5.0.10"
| #define AQPAYPAL_VERSION_FULL_STRING "5.0.10.0stable"
| #define AQPAYPAL_VERSION_TAG stable
| #define AQPAYPAL_SO_EFFECTIVE_STR "2"
| #define QBANKING_VERSION_MAJOR 5
| #define QBANKING_VERSION_MINOR 0
| #define QBANKING_VERSION_PATCHLEVEL 10
| #define QBANKING_VERSION_BUILD 0
| #define QBANKING_VERSION_STRING "5.0.10"
| #define QBANKING_VERSION_FULL_STRING "5.0.10.0stable"
| #define QBANKING_VERSION_TAG stable
| #define QBANKING_SO_EFFECTIVE_STR ""
| #define Q4BANKING_VERSION_MAJOR 5
| #define Q4BANKING_VERSION_MINOR 0
| #define Q4BANKING_VERSION_PATCHLEVEL 10
| #define Q4BANKING_VERSION_BUILD 0
| #define Q4BANKING_VERSION_STRING "5.0.10"
| #define Q4BANKING_VERSION_FULL_STRING "5.0.10.0stable"
| #define Q4BANKING_VERSION_TAG stable
| #define Q4BANKING_SO_EFFECTIVE_STR ""
| #define OS_NAME "i386-apple-darwin10.7.4"
| #define OS_DARWIN 1
| #define OS_POSIX 1
| #define OS_SHORTNAME "osx"
| #define OS_TYPE "posix"
| #define _GNU_SOURCE 1
| /* end confdefs.h.  */
| #include <ac_nonexistent.h>
configure:7970: checking for ANSI C header files
configure:8000: gcc -c -O -g -isysroot /Developer_3/SDKs/MacOSX10.5.sdk -arch i386 -I/Users/michael/src/git/lib/static-build-debug-5.0.10/include/ -mmacosx-version-min=10.5 -O -g -isysroot /Developer_3/SDKs/MacOSX10.5.sdk -arch i386 -I/Users/michael/src/git/lib/static-build-debug-5.0.10/include/ -mmacosx-version-min=10.5 conftest.c >&5
configure:8006: $? = 0
configure:8105: gcc -o conftest -O -g -isysroot /Developer_3/SDKs/MacOSX10.5.sdk -arch i386 -I/Users/michael/src/git/lib/static-build-debug-5.0.10/include/ -mmacosx-version-min=10.5 -O -g -isysroot /Developer_3/SDKs/MacOSX10.5.sdk -arch i386 -I/Users/michael/src/git/lib/static-build-debug-5.0.10/include/ -mmacosx-version-min=10.5 -framework CoreFoundation -arch i386 -L/Users/michael/src/git/lib/static-build-debug-5.0.10/lib -L/Developer_3/SDKs/MacOSX10.5.sdk/usr/lib/ -mmacosx-version-min=10.5 -lcharset -liconv -lintl -lgmp -lgpg-error -lgcrypt -lgnutls -lgnutls-extra -lgnutls-openssl -lgwenhywfar conftest.c  >&5
configure:8108: $? = 0
configure:8114: ./conftest
configure:8117: $? = 0
configure:8134: result: yes
configure:8158: checking for sys/types.h
configure:8179: gcc -c -O -g -isysroot /Developer_3/SDKs/MacOSX10.5.sdk -arch i386 -I/Users/michael/src/git/lib/static-build-debug-5.0.10/include/ -mmacosx-version-min=10.5 -O -g -isysroot /Developer_3/SDKs/MacOSX10.5.sdk -arch i386 -I/Users/michael/src/git/lib/static-build-debug-5.0.10/include/ -mmacosx-version-min=10.5 conftest.c >&5
configure:8185: $? = 0
configure:8201: result: yes
configure:8158: checking for sys/stat.h
configure:8179: gcc -c -O -g -isysroot /Developer_3/SDKs/MacOSX10.5.sdk -arch i386 -I/Users/michael/src/git/lib/static-build-debug-5.0.10/include/ -mmacosx-version-min=10.5 -O -g -isysroot /Developer_3/SDKs/MacOSX10.5.sdk -arch i386 -I/Users/michael/src/git/lib/static-build-debug-5.0.10/include/ -mmacosx-version-min=10.5 conftest.c >&5
configure:8185: $? = 0
configure:8201: result: yes
configure:8158: checking for stdlib.h
configure:8179: gcc -c -O -g -isysroot /Developer_3/SDKs/MacOSX10.5.sdk -arch i386 -I/Users/michael/src/git/lib/static-build-debug-5.0.10/include/ -mmacosx-version-min=10.5 -O -g -isysroot /Developer_3/SDKs/MacOSX10.5.sdk -arch i386 -I/Users/michael/src/git/lib/static-build-debug-5.0.10/include/ -mmacosx-version-min=10.5 conftest.c >&5
configure:8185: $? = 0
configure:8201: result: yes
configure:8158: checking for string.h
configure:8179: gcc -c -O -g -isysroot /Developer_3/SDKs/MacOSX10.5.sdk -arch i386 -I/Users/michael/src/git/lib/static-build-debug-5.0.10/include/ -mmacosx-version-min=10.5 -O -g -isysroot /Developer_3/SDKs/MacOSX10.5.sdk -arch i386 -I/Users/michael/src/git/lib/static-build-debug-5.0.10/include/ -mmacosx-version-min=10.5 conftest.c >&5
configure:8185: $? = 0
configure:8201: result: yes
configure:8158: checking for memory.h
configure:8179: gcc -c -O -g -isysroot /Developer_3/SDKs/MacOSX10.5.sdk -arch i386 -I/Users/michael/src/git/lib/static-build-debug-5.0.10/include/ -mmacosx-version-min=10.5 -O -g -isysroot /Developer_3/SDKs/MacOSX10.5.sdk -arch i386 -I/Users/michael/src/git/lib/static-build-debug-5.0.10/include/ -mmacosx-version-min=10.5 conftest.c >&5
configure:8185: $? = 0
configure:8201: result: yes
configure:8158: checking for strings.h
configure:8179: gcc -c -O -g -isysroot /Developer_3/SDKs/MacOSX10.5.sdk -arch i386 -I/Users/michael/src/git/lib/static-build-debug-5.0.10/include/ -mmacosx-version-min=10.5 -O -g -isysroot /Developer_3/SDKs/MacOSX10.5.sdk -arch i386 -I/Users/michael/src/git/lib/static-build-debug-5.0.10/include/ -mmacosx-version-min=10.5 conftest.c >&5
configure:8185: $? = 0
configure:8201: result: yes
configure:8158: checking for inttypes.h
configure:8179: gcc -c -O -g -isysroot /Developer_3/SDKs/MacOSX10.5.sdk -arch i386 -I/Users/michael/src/git/lib/static-build-debug-5.0.10/include/ -mmacosx-version-min=10.5 -O -g -isysroot /Developer_3/SDKs/MacOSX10.5.sdk -arch i386 -I/Users/michael/src/git/lib/static-build-debug-5.0.10/include/ -mmacosx-version-min=10.5 conftest.c >&5
configure:8185: $? = 0
configure:8201: result: yes
configure:8158: checking for stdint.h
configure:8179: gcc -c -O -g -isysroot /Developer_3/SDKs/MacOSX10.5.sdk -arch i386 -I/Users/michael/src/git/lib/static-build-debug-5.0.10/include/ -mmacosx-version-min=10.5 -O -g -isysroot /Developer_3/SDKs/MacOSX10.5.sdk -arch i386 -I/Users/michael/src/git/lib/static-build-debug-5.0.10/include/ -mmacosx-version-min=10.5 conftest.c >&5
configure:8185: $? = 0
configure:8201: result: yes
configure:8158: checking for unistd.h
configure:8179: gcc -c -O -g -isysroot /Developer_3/SDKs/MacOSX10.5.sdk -arch i386 -I/Users/michael/src/git/lib/static-build-debug-5.0.10/include/ -mmacosx-version-min=10.5 -O -g -isysroot /Developer_3/SDKs/MacOSX10.5.sdk -arch i386 -I/Users/michael/src/git/lib/static-build-debug-5.0.10/include/ -mmacosx-version-min=10.5 conftest.c >&5
configure:8185: $? = 0
configure:8201: result: yes
configure:8217: checking for dlfcn.h
configure:8238: gcc -c -O -g -isysroot /Developer_3/SDKs/MacOSX10.5.sdk -arch i386 -I/Users/michael/src/git/lib/static-build-debug-5.0.10/include/ -mmacosx-version-min=10.5 -O -g -isysroot /Developer_3/SDKs/MacOSX10.5.sdk -arch i386 -I/Users/michael/src/git/lib/static-build-debug-5.0.10/include/ -mmacosx-version-min=10.5 conftest.c >&5
configure:8244: $? = 0
configure:8260: result: yes
configure:8389: checking for C++ compiler version
configure:8396: g++ --version >&5
i686-apple-darwin10-g++-4.2.1 (GCC) 4.2.1 (Apple Inc. build 5666) (dot 3)
Copyright (C) 2007 Free Software Foundation, Inc.
This is free software; see the source for copying conditions.  There is NO
warranty; not even for MERCHANTABILITY or FITNESS FOR A PARTICULAR PURPOSE.

configure:8399: $? = 0
configure:8406: g++ -v >&5
Using built-in specs.
Target: i686-apple-darwin10
Configured with: /var/tmp/gcc/gcc-5666.3~74/src/configure --disable-checking --enable-werror --prefix=/usr --mandir=/share/man --enable-languages=c,objc,c++,obj-c++ --program-transform-name=/^[cg][^.-]*$/s/$/-4.2/ --with-slibdir=/usr/lib --build=i686-apple-darwin10 --program-prefix=i686-apple-darwin10- --host=x86_64-apple-darwin10 --target=i686-apple-darwin10 --with-gxx-include-dir=/include/c++/4.2.1
Thread model: posix
gcc version 4.2.1 (Apple Inc. build 5666) (dot 3)
configure:8409: $? = 0
configure:8416: g++ -V >&5
g++-4.2: argument to `-V' is missing
configure:8419: $? = 1
configure:8422: checking whether we are using the GNU C++ compiler
configure:8474: result: yes
configure:8479: checking whether g++ accepts -g
configure:8614: result: yes
configure:8639: checking dependency style of g++
configure:8730: result: none
configure:8753: checking how to run the C++ preprocessor
configure:8789: g++ -E -O -g -isysroot /Developer_3/SDKs/MacOSX10.5.sdk -arch i386 -I/Users/michael/src/git/lib/static-build-debug-5.0.10/include/ -mmacosx-version-min=10.5 conftest.cpp
configure:8795: $? = 0
configure:8826: g++ -E -O -g -isysroot /Developer_3/SDKs/MacOSX10.5.sdk -arch i386 -I/Users/michael/src/git/lib/static-build-debug-5.0.10/include/ -mmacosx-version-min=10.5 conftest.cpp
conftest.cpp:68:28: error: ac_nonexistent.h: No such file or directory
configure:8832: $? = 1
configure: failed program was:
| /* confdefs.h.  */
| #define PACKAGE_NAME ""
| #define PACKAGE_TARNAME ""
| #define PACKAGE_VERSION ""
| #define PACKAGE_STRING ""
| #define PACKAGE_BUGREPORT ""
| #define AQBANKING_SO_EFFECTIVE_STR "33"
| #define PACKAGE "aqbanking"
| #define VERSION "5.0.10"
| #define AQHBCI_VERSION_MAJOR 5
| #define AQHBCI_VERSION_MINOR 0
| #define AQHBCI_VERSION_PATCHLEVEL 10
| #define AQHBCI_VERSION_BUILD 0
| #define AQHBCI_VERSION_STRING "5.0.10"
| #define AQHBCI_VERSION_FULL_STRING "5.0.10.0stable"
| #define AQHBCI_VERSION_TAG stable
| #define AQHBCI_SO_EFFECTIVE_STR "20"
| #define AQOFXCONNECT_VERSION_MAJOR 5
| #define AQOFXCONNECT_VERSION_MINOR 0
| #define AQOFXCONNECT_VERSION_PATCHLEVEL 10
| #define AQOFXCONNECT_VERSION_BUILD 0
| #define AQOFXCONNECT_VERSION_STRING "5.0.10"
| #define AQOFXCONNECT_VERSION_FULL_STRING "5.0.10.0stable"
| #define AQOFXCONNECT_VERSION_TAG stable
| #define AQOFXCONNECT_SO_EFFECTIVE_STR "7"
| #define AQPAYPAL_VERSION_MAJOR 5
| #define AQPAYPAL_VERSION_MINOR 0
| #define AQPAYPAL_VERSION_PATCHLEVEL 10
| #define AQPAYPAL_VERSION_BUILD 0
| #define AQPAYPAL_VERSION_STRING "5.0.10"
| #define AQPAYPAL_VERSION_FULL_STRING "5.0.10.0stable"
| #define AQPAYPAL_VERSION_TAG stable
| #define AQPAYPAL_SO_EFFECTIVE_STR "2"
| #define QBANKING_VERSION_MAJOR 5
| #define QBANKING_VERSION_MINOR 0
| #define QBANKING_VERSION_PATCHLEVEL 10
| #define QBANKING_VERSION_BUILD 0
| #define QBANKING_VERSION_STRING "5.0.10"
| #define QBANKING_VERSION_FULL_STRING "5.0.10.0stable"
| #define QBANKING_VERSION_TAG stable
| #define QBANKING_SO_EFFECTIVE_STR ""
| #define Q4BANKING_VERSION_MAJOR 5
| #define Q4BANKING_VERSION_MINOR 0
| #define Q4BANKING_VERSION_PATCHLEVEL 10
| #define Q4BANKING_VERSION_BUILD 0
| #define Q4BANKING_VERSION_STRING "5.0.10"
| #define Q4BANKING_VERSION_FULL_STRING "5.0.10.0stable"
| #define Q4BANKING_VERSION_TAG stable
| #define Q4BANKING_SO_EFFECTIVE_STR ""
| #define OS_NAME "i386-apple-darwin10.7.4"
| #define OS_DARWIN 1
| #define OS_POSIX 1
| #define OS_SHORTNAME "osx"
| #define OS_TYPE "posix"
| #define _GNU_SOURCE 1
| #define STDC_HEADERS 1
| #define HAVE_SYS_TYPES_H 1
| #define HAVE_SYS_STAT_H 1
| #define HAVE_STDLIB_H 1
| #define HAVE_STRING_H 1
| #define HAVE_MEMORY_H 1
| #define HAVE_STRINGS_H 1
| #define HAVE_INTTYPES_H 1
| #define HAVE_STDINT_H 1
| #define HAVE_UNISTD_H 1
| #define HAVE_DLFCN_H 1
| /* end confdefs.h.  */
| #include <ac_nonexistent.h>
configure:8865: result: g++ -E
configure:8894: g++ -E -O -g -isysroot /Developer_3/SDKs/MacOSX10.5.sdk -arch i386 -I/Users/michael/src/git/lib/static-build-debug-5.0.10/include/ -mmacosx-version-min=10.5 conftest.cpp
configure:8900: $? = 0
configure:8931: g++ -E -O -g -isysroot /Developer_3/SDKs/MacOSX10.5.sdk -arch i386 -I/Users/michael/src/git/lib/static-build-debug-5.0.10/include/ -mmacosx-version-min=10.5 conftest.cpp
conftest.cpp:68:28: error: ac_nonexistent.h: No such file or directory
configure:8937: $? = 1
configure: failed program was:
| /* confdefs.h.  */
| #define PACKAGE_NAME ""
| #define PACKAGE_TARNAME ""
| #define PACKAGE_VERSION ""
| #define PACKAGE_STRING ""
| #define PACKAGE_BUGREPORT ""
| #define AQBANKING_SO_EFFECTIVE_STR "33"
| #define PACKAGE "aqbanking"
| #define VERSION "5.0.10"
| #define AQHBCI_VERSION_MAJOR 5
| #define AQHBCI_VERSION_MINOR 0
| #define AQHBCI_VERSION_PATCHLEVEL 10
| #define AQHBCI_VERSION_BUILD 0
| #define AQHBCI_VERSION_STRING "5.0.10"
| #define AQHBCI_VERSION_FULL_STRING "5.0.10.0stable"
| #define AQHBCI_VERSION_TAG stable
| #define AQHBCI_SO_EFFECTIVE_STR "20"
| #define AQOFXCONNECT_VERSION_MAJOR 5
| #define AQOFXCONNECT_VERSION_MINOR 0
| #define AQOFXCONNECT_VERSION_PATCHLEVEL 10
| #define AQOFXCONNECT_VERSION_BUILD 0
| #define AQOFXCONNECT_VERSION_STRING "5.0.10"
| #define AQOFXCONNECT_VERSION_FULL_STRING "5.0.10.0stable"
| #define AQOFXCONNECT_VERSION_TAG stable
| #define AQOFXCONNECT_SO_EFFECTIVE_STR "7"
| #define AQPAYPAL_VERSION_MAJOR 5
| #define AQPAYPAL_VERSION_MINOR 0
| #define AQPAYPAL_VERSION_PATCHLEVEL 10
| #define AQPAYPAL_VERSION_BUILD 0
| #define AQPAYPAL_VERSION_STRING "5.0.10"
| #define AQPAYPAL_VERSION_FULL_STRING "5.0.10.0stable"
| #define AQPAYPAL_VERSION_TAG stable
| #define AQPAYPAL_SO_EFFECTIVE_STR "2"
| #define QBANKING_VERSION_MAJOR 5
| #define QBANKING_VERSION_MINOR 0
| #define QBANKING_VERSION_PATCHLEVEL 10
| #define QBANKING_VERSION_BUILD 0
| #define QBANKING_VERSION_STRING "5.0.10"
| #define QBANKING_VERSION_FULL_STRING "5.0.10.0stable"
| #define QBANKING_VERSION_TAG stable
| #define QBANKING_SO_EFFECTIVE_STR ""
| #define Q4BANKING_VERSION_MAJOR 5
| #define Q4BANKING_VERSION_MINOR 0
| #define Q4BANKING_VERSION_PATCHLEVEL 10
| #define Q4BANKING_VERSION_BUILD 0
| #define Q4BANKING_VERSION_STRING "5.0.10"
| #define Q4BANKING_VERSION_FULL_STRING "5.0.10.0stable"
| #define Q4BANKING_VERSION_TAG stable
| #define Q4BANKING_SO_EFFECTIVE_STR ""
| #define OS_NAME "i386-apple-darwin10.7.4"
| #define OS_DARWIN 1
| #define OS_POSIX 1
| #define OS_SHORTNAME "osx"
| #define OS_TYPE "posix"
| #define _GNU_SOURCE 1
| #define STDC_HEADERS 1
| #define HAVE_SYS_TYPES_H 1
| #define HAVE_SYS_STAT_H 1
| #define HAVE_STDLIB_H 1
| #define HAVE_STRING_H 1
| #define HAVE_MEMORY_H 1
| #define HAVE_STRINGS_H 1
| #define HAVE_INTTYPES_H 1
| #define HAVE_STDINT_H 1
| #define HAVE_UNISTD_H 1
| #define HAVE_DLFCN_H 1
| /* end confdefs.h.  */
| #include <ac_nonexistent.h>
configure:9089: checking for objdir
configure:9104: result: .libs
configure:9400: checking if gcc supports -fno-rtti -fno-exceptions
configure:9418: gcc -c -O -g -isysroot /Developer_3/SDKs/MacOSX10.5.sdk -arch i386 -I/Users/michael/src/git/lib/static-build-debug-5.0.10/include/ -mmacosx-version-min=10.5 -O -g -isysroot /Developer_3/SDKs/MacOSX10.5.sdk -arch i386 -I/Users/michael/src/git/lib/static-build-debug-5.0.10/include/ -mmacosx-version-min=10.5 -fno-rtti -fno-exceptions conftest.c >&5
cc1: warning: command line option "-fno-rtti" is valid for C++/ObjC++ but not for C
configure:9422: $? = 0
configure:9435: result: no
configure:9455: checking for gcc option to produce PIC
configure:9712: result: -fno-common -DPIC
configure:9724: checking if gcc PIC flag -fno-common -DPIC works
configure:9742: gcc -c -O -g -isysroot /Developer_3/SDKs/MacOSX10.5.sdk -arch i386 -I/Users/michael/src/git/lib/static-build-debug-5.0.10/include/ -mmacosx-version-min=10.5 -O -g -isysroot /Developer_3/SDKs/MacOSX10.5.sdk -arch i386 -I/Users/michael/src/git/lib/static-build-debug-5.0.10/include/ -mmacosx-version-min=10.5 -fno-common -DPIC -DPIC conftest.c >&5
configure:9746: $? = 0
configure:9759: result: yes
configure:9783: checking if gcc static flag -static works
configure:9811: result: no
configure:9826: checking if gcc supports -c -o file.o
configure:9847: gcc -c -O -g -isysroot /Developer_3/SDKs/MacOSX10.5.sdk -arch i386 -I/Users/michael/src/git/lib/static-build-debug-5.0.10/include/ -mmacosx-version-min=10.5 -O -g -isysroot /Developer_3/SDKs/MacOSX10.5.sdk -arch i386 -I/Users/michael/src/git/lib/static-build-debug-5.0.10/include/ -mmacosx-version-min=10.5 -o out/conftest2.o conftest.c >&5
configure:9851: $? = 0
configure:9873: result: yes
configure:9881: checking if gcc supports -c -o file.o
configure:9928: result: yes
configure:9961: checking whether the gcc linker (/usr/libexec/gcc/i686-apple-darwin10/4.2.1/ld) supports shared libraries
configure:11015: result: yes
configure:11254: checking dynamic linker characteristics
configure:11933: result: darwin10.7.4 dyld
configure:12035: checking how to hardcode library paths into programs
configure:12060: result: immediate
configure:12873: checking whether stripping libraries is possible
configure:12887: result: yes
configure:12913: checking if libtool supports shared libraries
configure:12915: result: yes
configure:12918: checking whether to build shared libraries
configure:12939: result: yes
configure:12942: checking whether to build static libraries
configure:12946: result: yes
configure:13096: checking for ld used by g++
configure:13163: result: /usr/libexec/gcc/i686-apple-darwin10/4.2.1/ld
configure:13172: checking if the linker (/usr/libexec/gcc/i686-apple-darwin10/4.2.1/ld) is GNU ld
configure:13187: result: no
configure:13242: checking whether the g++ linker (/usr/libexec/gcc/i686-apple-darwin10/4.2.1/ld) supports shared libraries
configure:14204: result: yes
configure:14232: g++ -c -g -O2 -O -g -isysroot /Developer_3/SDKs/MacOSX10.5.sdk -arch i386 -I/Users/michael/src/git/lib/static-build-debug-5.0.10/include/ -mmacosx-version-min=10.5 conftest.cpp >&5
configure:14235: $? = 0
configure:14417: checking for g++ option to produce PIC
configure:14726: result: -fno-common -DPIC
configure:14735: checking if g++ PIC flag -fno-common -DPIC works
configure:14753: g++ -c -g -O2 -O -g -isysroot /Developer_3/SDKs/MacOSX10.5.sdk -arch i386 -I/Users/michael/src/git/lib/static-build-debug-5.0.10/include/ -mmacosx-version-min=10.5 -fno-common -DPIC -DPIC conftest.cpp >&5
configure:14757: $? = 0
configure:14770: result: yes
configure:14791: checking if g++ static flag -static works
configure:14819: result: no
configure:14831: checking if g++ supports -c -o file.o
configure:14852: g++ -c -g -O2 -O -g -isysroot /Developer_3/SDKs/MacOSX10.5.sdk -arch i386 -I/Users/michael/src/git/lib/static-build-debug-5.0.10/include/ -mmacosx-version-min=10.5 -o out/conftest2.o conftest.cpp >&5
configure:14856: $? = 0
configure:14878: result: yes
configure:14883: checking if g++ supports -c -o file.o
configure:14930: result: yes
configure:14960: checking whether the g++ linker (/usr/libexec/gcc/i686-apple-darwin10/4.2.1/ld) supports shared libraries
configure:14986: result: yes
configure:15123: checking dynamic linker characteristics
configure:15750: result: darwin10.7.4 dyld
configure:15801: checking how to hardcode library paths into programs
configure:15826: result: immediate
configure:16245: checking for windres
configure:16275: result: no
configure:16300: checking for dot
configure:16328: result: NO
configure:16338: checking for sed
configure:16365: result: /usr/bin/sed
configure:16380: checking for ANSI C header files
configure:16544: result: yes
configure:16573: checking fcntl.h usability
configure:16590: gcc -c -O -g -isysroot /Developer_3/SDKs/MacOSX10.5.sdk -arch i386 -I/Users/michael/src/git/lib/static-build-debug-5.0.10/include/ -mmacosx-version-min=10.5 -O -g -isysroot /Developer_3/SDKs/MacOSX10.5.sdk -arch i386 -I/Users/michael/src/git/lib/static-build-debug-5.0.10/include/ -mmacosx-version-min=10.5 conftest.c >&5
configure:16596: $? = 0
configure:16610: result: yes
configure:16614: checking fcntl.h presence
configure:16629: gcc -E -O -g -isysroot /Developer_3/SDKs/MacOSX10.5.sdk -arch i386 -I/Users/michael/src/git/lib/static-build-debug-5.0.10/include/ -mmacosx-version-min=10.5 conftest.c
configure:16635: $? = 0
configure:16649: result: yes
configure:16677: checking for fcntl.h
configure:16685: result: yes
configure:16563: checking for stdlib.h
configure:16569: result: yes
configure:16563: checking for string.h
configure:16569: result: yes
configure:16563: checking for unistd.h
configure:16569: result: yes
configure:16573: checking locale.h usability
configure:16590: gcc -c -O -g -isysroot /Developer_3/SDKs/MacOSX10.5.sdk -arch i386 -I/Users/michael/src/git/lib/static-build-debug-5.0.10/include/ -mmacosx-version-min=10.5 -O -g -isysroot /Developer_3/SDKs/MacOSX10.5.sdk -arch i386 -I/Users/michael/src/git/lib/static-build-debug-5.0.10/include/ -mmacosx-version-min=10.5 conftest.c >&5
configure:16596: $? = 0
configure:16610: result: yes
configure:16614: checking locale.h presence
configure:16629: gcc -E -O -g -isysroot /Developer_3/SDKs/MacOSX10.5.sdk -arch i386 -I/Users/michael/src/git/lib/static-build-debug-5.0.10/include/ -mmacosx-version-min=10.5 conftest.c
configure:16635: $? = 0
configure:16649: result: yes
configure:16677: checking for locale.h
configure:16685: result: yes
configure:16715: checking termios.h usability
configure:16732: gcc -c -O -g -isysroot /Developer_3/SDKs/MacOSX10.5.sdk -arch i386 -I/Users/michael/src/git/lib/static-build-debug-5.0.10/include/ -mmacosx-version-min=10.5 -O -g -isysroot /Developer_3/SDKs/MacOSX10.5.sdk -arch i386 -I/Users/michael/src/git/lib/static-build-debug-5.0.10/include/ -mmacosx-version-min=10.5 conftest.c >&5
configure:16738: $? = 0
configure:16752: result: yes
configure:16756: checking termios.h presence
configure:16771: gcc -E -O -g -isysroot /Developer_3/SDKs/MacOSX10.5.sdk -arch i386 -I/Users/michael/src/git/lib/static-build-debug-5.0.10/include/ -mmacosx-version-min=10.5 conftest.c
configure:16777: $? = 0
configure:16791: result: yes
configure:16819: checking for termios.h
configure:16827: result: yes
configure:16715: checking signal.h usability
configure:16732: gcc -c -O -g -isysroot /Developer_3/SDKs/MacOSX10.5.sdk -arch i386 -I/Users/michael/src/git/lib/static-build-debug-5.0.10/include/ -mmacosx-version-min=10.5 -O -g -isysroot /Developer_3/SDKs/MacOSX10.5.sdk -arch i386 -I/Users/michael/src/git/lib/static-build-debug-5.0.10/include/ -mmacosx-version-min=10.5 conftest.c >&5
configure:16738: $? = 0
configure:16752: result: yes
configure:16756: checking signal.h presence
configure:16771: gcc -E -O -g -isysroot /Developer_3/SDKs/MacOSX10.5.sdk -arch i386 -I/Users/michael/src/git/lib/static-build-debug-5.0.10/include/ -mmacosx-version-min=10.5 conftest.c
configure:16777: $? = 0
configure:16791: result: yes
configure:16819: checking for signal.h
configure:16827: result: yes
configure:16715: checking iconv.h usability
configure:16732: gcc -c -O -g -isysroot /Developer_3/SDKs/MacOSX10.5.sdk -arch i386 -I/Users/michael/src/git/lib/static-build-debug-5.0.10/include/ -mmacosx-version-min=10.5 -O -g -isysroot /Developer_3/SDKs/MacOSX10.5.sdk -arch i386 -I/Users/michael/src/git/lib/static-build-debug-5.0.10/include/ -mmacosx-version-min=10.5 conftest.c >&5
configure:16738: $? = 0
configure:16752: result: yes
configure:16756: checking iconv.h presence
configure:16771: gcc -E -O -g -isysroot /Developer_3/SDKs/MacOSX10.5.sdk -arch i386 -I/Users/michael/src/git/lib/static-build-debug-5.0.10/include/ -mmacosx-version-min=10.5 conftest.c
configure:16777: $? = 0
configure:16791: result: yes
configure:16819: checking for iconv.h
configure:16827: result: yes
configure:16840: checking whether sigprocmask is declared
configure:16874: gcc -c -O -g -isysroot /Developer_3/SDKs/MacOSX10.5.sdk -arch i386 -I/Users/michael/src/git/lib/static-build-debug-5.0.10/include/ -mmacosx-version-min=10.5 -O -g -isysroot /Developer_3/SDKs/MacOSX10.5.sdk -arch i386 -I/Users/michael/src/git/lib/static-build-debug-5.0.10/include/ -mmacosx-version-min=10.5 conftest.c >&5
configure:16880: $? = 0
configure:16895: result: yes
configure:16920: checking for an ANSI C-conforming const
configure:16995: gcc -c -O -g -isysroot /Developer_3/SDKs/MacOSX10.5.sdk -arch i386 -I/Users/michael/src/git/lib/static-build-debug-5.0.10/include/ -mmacosx-version-min=10.5 -O -g -isysroot /Developer_3/SDKs/MacOSX10.5.sdk -arch i386 -I/Users/michael/src/git/lib/static-build-debug-5.0.10/include/ -mmacosx-version-min=10.5 conftest.c >&5
configure:17001: $? = 0
configure:17016: result: yes
configure:17026: checking whether struct tm is in sys/time.h or time.h
configure:17056: gcc -c -O -g -isysroot /Developer_3/SDKs/MacOSX10.5.sdk -arch i386 -I/Users/michael/src/git/lib/static-build-debug-5.0.10/include/ -mmacosx-version-min=10.5 -O -g -isysroot /Developer_3/SDKs/MacOSX10.5.sdk -arch i386 -I/Users/michael/src/git/lib/static-build-debug-5.0.10/include/ -mmacosx-version-min=10.5 conftest.c >&5
configure:17062: $? = 0
configure:17077: result: time.h
configure:17098: checking for strftime
configure:17154: gcc -o conftest -O -g -isysroot /Developer_3/SDKs/MacOSX10.5.sdk -arch i386 -I/Users/michael/src/git/lib/static-build-debug-5.0.10/include/ -mmacosx-version-min=10.5 -O -g -isysroot /Developer_3/SDKs/MacOSX10.5.sdk -arch i386 -I/Users/michael/src/git/lib/static-build-debug-5.0.10/include/ -mmacosx-version-min=10.5 -framework CoreFoundation -arch i386 -L/Users/michael/src/git/lib/static-build-debug-5.0.10/lib -L/Developer_3/SDKs/MacOSX10.5.sdk/usr/lib/ -mmacosx-version-min=10.5 -lcharset -liconv -lintl -lgmp -lgpg-error -lgcrypt -lgnutls -lgnutls-extra -lgnutls-openssl -lgwenhywfar conftest.c  >&5
conftest.c:102: warning: conflicting types for built-in function 'strftime'
configure:17160: $? = 0
configure:17178: result: yes
configure:17268: checking for memmove
configure:17324: gcc -o conftest -O -g -isysroot /Developer_3/SDKs/MacOSX10.5.sdk -arch i386 -I/Users/michael/src/git/lib/static-build-debug-5.0.10/include/ -mmacosx-version-min=10.5 -O -g -isysroot /Developer_3/SDKs/MacOSX10.5.sdk -arch i386 -I/Users/michael/src/git/lib/static-build-debug-5.0.10/include/ -mmacosx-version-min=10.5 -framework CoreFoundation -arch i386 -L/Users/michael/src/git/lib/static-build-debug-5.0.10/lib -L/Developer_3/SDKs/MacOSX10.5.sdk/usr/lib/ -mmacosx-version-min=10.5 -lcharset -liconv -lintl -lgmp -lgpg-error -lgcrypt -lgnutls -lgnutls-extra -lgnutls-openssl -lgwenhywfar conftest.c  >&5
conftest.c:103: warning: conflicting types for built-in function 'memmove'
configure:17330: $? = 0
configure:17348: result: yes
configure:17268: checking for memset
configure:17324: gcc -o conftest -O -g -isysroot /Developer_3/SDKs/MacOSX10.5.sdk -arch i386 -I/Users/michael/src/git/lib/static-build-debug-5.0.10/include/ -mmacosx-version-min=10.5 -O -g -isysroot /Developer_3/SDKs/MacOSX10.5.sdk -arch i386 -I/Users/michael/src/git/lib/static-build-debug-5.0.10/include/ -mmacosx-version-min=10.5 -framework CoreFoundation -arch i386 -L/Users/michael/src/git/lib/static-build-debug-5.0.10/lib -L/Developer_3/SDKs/MacOSX10.5.sdk/usr/lib/ -mmacosx-version-min=10.5 -lcharset -liconv -lintl -lgmp -lgpg-error -lgcrypt -lgnutls -lgnutls-extra -lgnutls-openssl -lgwenhywfar conftest.c  >&5
conftest.c:104: warning: conflicting types for built-in function 'memset'
configure:17330: $? = 0
configure:17348: result: yes
configure:17268: checking for strcasecmp
configure:17324: gcc -o conftest -O -g -isysroot /Developer_3/SDKs/MacOSX10.5.sdk -arch i386 -I/Users/michael/src/git/lib/static-build-debug-5.0.10/include/ -mmacosx-version-min=10.5 -O -g -isysroot /Developer_3/SDKs/MacOSX10.5.sdk -arch i386 -I/Users/michael/src/git/lib/static-build-debug-5.0.10/include/ -mmacosx-version-min=10.5 -framework CoreFoundation -arch i386 -L/Users/michael/src/git/lib/static-build-debug-5.0.10/lib -L/Developer_3/SDKs/MacOSX10.5.sdk/usr/lib/ -mmacosx-version-min=10.5 -lcharset -liconv -lintl -lgmp -lgpg-error -lgcrypt -lgnutls -lgnutls-extra -lgnutls-openssl -lgwenhywfar conftest.c  >&5
conftest.c:105: warning: conflicting types for built-in function 'strcasecmp'
configure:17330: $? = 0
configure:17348: result: yes
configure:17268: checking for strdup
configure:17324: gcc -o conftest -O -g -isysroot /Developer_3/SDKs/MacOSX10.5.sdk -arch i386 -I/Users/michael/src/git/lib/static-build-debug-5.0.10/include/ -mmacosx-version-min=10.5 -O -g -isysroot /Developer_3/SDKs/MacOSX10.5.sdk -arch i386 -I/Users/michael/src/git/lib/static-build-debug-5.0.10/include/ -mmacosx-version-min=10.5 -framework CoreFoundation -arch i386 -L/Users/michael/src/git/lib/static-build-debug-5.0.10/lib -L/Developer_3/SDKs/MacOSX10.5.sdk/usr/lib/ -mmacosx-version-min=10.5 -lcharset -liconv -lintl -lgmp -lgpg-error -lgcrypt -lgnutls -lgnutls-extra -lgnutls-openssl -lgwenhywfar conftest.c  >&5
conftest.c:106: warning: conflicting types for built-in function 'strdup'
configure:17330: $? = 0
configure:17348: result: yes
configure:17268: checking for strerror
configure:17324: gcc -o conftest -O -g -isysroot /Developer_3/SDKs/MacOSX10.5.sdk -arch i386 -I/Users/michael/src/git/lib/static-build-debug-5.0.10/include/ -mmacosx-version-min=10.5 -O -g -isysroot /Developer_3/SDKs/MacOSX10.5.sdk -arch i386 -I/Users/michael/src/git/lib/static-build-debug-5.0.10/include/ -mmacosx-version-min=10.5 -framework CoreFoundation -arch i386 -L/Users/michael/src/git/lib/static-build-debug-5.0.10/lib -L/Developer_3/SDKs/MacOSX10.5.sdk/usr/lib/ -mmacosx-version-min=10.5 -lcharset -liconv -lintl -lgmp -lgpg-error -lgcrypt -lgnutls -lgnutls-extra -lgnutls-openssl -lgwenhywfar conftest.c  >&5
configure:17330: $? = 0
configure:17348: result: yes
configure:17268: checking for snprintf
configure:17324: gcc -o conftest -O -g -isysroot /Developer_3/SDKs/MacOSX10.5.sdk -arch i386 -I/Users/michael/src/git/lib/static-build-debug-5.0.10/include/ -mmacosx-version-min=10.5 -O -g -isysroot /Developer_3/SDKs/MacOSX10.5.sdk -arch i386 -I/Users/michael/src/git/lib/static-build-debug-5.0.10/include/ -mmacosx-version-min=10.5 -framework CoreFoundation -arch i386 -L/Users/michael/src/git/lib/static-build-debug-5.0.10/lib -L/Developer_3/SDKs/MacOSX10.5.sdk/usr/lib/ -mmacosx-version-min=10.5 -lcharset -liconv -lintl -lgmp -lgpg-error -lgcrypt -lgnutls -lgnutls-extra -lgnutls-openssl -lgwenhywfar conftest.c  >&5
conftest.c:108: warning: conflicting types for built-in function 'snprintf'
configure:17330: $? = 0
configure:17348: result: yes
configure:17362: checking for setlocale
configure:17418: gcc -o conftest -O -g -isysroot /Developer_3/SDKs/MacOSX10.5.sdk -arch i386 -I/Users/michael/src/git/lib/static-build-debug-5.0.10/include/ -mmacosx-version-min=10.5 -O -g -isysroot /Developer_3/SDKs/MacOSX10.5.sdk -arch i386 -I/Users/michael/src/git/lib/static-build-debug-5.0.10/include/ -mmacosx-version-min=10.5 -framework CoreFoundation -arch i386 -L/Users/michael/src/git/lib/static-build-debug-5.0.10/lib -L/Developer_3/SDKs/MacOSX10.5.sdk/usr/lib/ -mmacosx-version-min=10.5 -lcharset -liconv -lintl -lgmp -lgpg-error -lgcrypt -lgnutls -lgnutls-extra -lgnutls-openssl -lgwenhywfar conftest.c  >&5
configure:17424: $? = 0
configure:17442: result: yes
configure:17808: checking pkg-config is at least version 0.9.0
configure:17811: result: yes
configure:17822: checking for ktoblzcheck
configure:17829: $PKG_CONFIG --exists --print-errors "$pkg_modules"
Package ktoblzcheck was not found in the pkg-config search path.
Perhaps you should add the directory containing `ktoblzcheck.pc'
to the PKG_CONFIG_PATH environment variable
No package 'ktoblzcheck' found
configure:17832: $? = 1
configure:17845: $PKG_CONFIG --exists --print-errors "$pkg_modules"
Package ktoblzcheck was not found in the pkg-config search path.
Perhaps you should add the directory containing `ktoblzcheck.pc'
to the PKG_CONFIG_PATH environment variable
No package 'ktoblzcheck' found
configure:17848: $? = 1
No package 'ktoblzcheck' found
configure:17875: result: no
configure:17900: WARNING:
*** ktoblzcheck is missing.
*** Account number checking will not be available.
*** We strongly suggest installing ktoblzcheck and its devel
*** package.
configure:17933: checking if gwenhywfar support desired
configure:17942: result: yes
configure:17954: checking for gwenhywfar
configure:17993: result: /Users/michael/src/git/lib/static-build-debug-5.0.10
configure:17995: checking for gwen libs
configure:17998: result: -L/Users/michael/src/git/lib/static-build-debug-5.0.10/lib -lgwenhywfar
configure:18000: checking for gwen includes
configure:18003: result: -I/Users/michael/src/git/lib/static-build-debug-5.0.10/include/gwenhywfar4
configure:18005: checking for gwen binary tools
configure:18008: result: /Users/michael/src/git/lib/static-build-debug-5.0.10/bin
configure:18010: checking for gwen plugins
configure:18013: result: /Users/michael/src/git/lib/static-build-debug-5.0.10/lib/gwenhywfar/plugins/60
configure:18015: checking for gwen headers
configure:18018: result: /Users/michael/src/git/lib/static-build-debug-5.0.10/include/gwenhywfar4/gwenhywfar
configure:18021: checking if gwenhywfar test desired
configure:18030: result: yes
configure:18032: checking for Gwenhywfar version >=4.0.3.0
configure:18036: result: found 4.1.0.0
configure:18098: result: no
configure:18309: checking typemaker2 binary
configure:18320: result: $(gwenhywfar_bindir)/typemaker2
configure:18330: checking xmlmerge
configure:18341: result: /Users/michael/src/git/lib/static-build-debug-5.0.10/bin/xmlmerge
configure:18353: checking for __gmpz_init in -lgmp
configure:18388: gcc -o conftest -O -g -isysroot /Developer_3/SDKs/MacOSX10.5.sdk -arch i386 -I/Users/michael/src/git/lib/static-build-debug-5.0.10/include/ -mmacosx-version-min=10.5 -O -g -isysroot /Developer_3/SDKs/MacOSX10.5.sdk -arch i386 -I/Users/michael/src/git/lib/static-build-debug-5.0.10/include/ -mmacosx-version-min=10.5 -framework CoreFoundation -arch i386 -L/Users/michael/src/git/lib/static-build-debug-5.0.10/lib -L/Developer_3/SDKs/MacOSX10.5.sdk/usr/lib/ -mmacosx-version-min=10.5 -lcharset -liconv -lintl -lgmp -lgpg-error -lgcrypt -lgnutls -lgnutls-extra -lgnutls-openssl -lgwenhywfar conftest.c -lgmp   >&5
configure:18394: $? = 0
configure:18412: result: yes
configure:18435: checking gmp.h usability
configure:18452: gcc -c -O -g -isysroot /Developer_3/SDKs/MacOSX10.5.sdk -arch i386 -I/Users/michael/src/git/lib/static-build-debug-5.0.10/include/ -mmacosx-version-min=10.5 -O -g -isysroot /Developer_3/SDKs/MacOSX10.5.sdk -arch i386 -I/Users/michael/src/git/lib/static-build-debug-5.0.10/include/ -mmacosx-version-min=10.5 conftest.c >&5
configure:18458: $? = 0
configure:18472: result: yes
configure:18476: checking gmp.h presence
configure:18491: gcc -E -O -g -isysroot /Developer_3/SDKs/MacOSX10.5.sdk -arch i386 -I/Users/michael/src/git/lib/static-build-debug-5.0.10/include/ -mmacosx-version-min=10.5 conftest.c
configure:18497: $? = 0
configure:18511: result: yes
configure:18539: checking for gmp.h
configure:18547: result: yes
configure:18619: checking whether local installation mode is wanted
configure:18628: result: yes
configure:18645: checking plugin search dir
configure:18675: result: Frameworks/AqBanking/lib/aqbanking/plugins/33
configure:18684: checking cfg search dir
configure:18715: result: Frameworks/AqBanking/etc
configure:18724: checking locale search dir
configure:18754: result: Frameworks/AqBanking/share/locale
configure:18763: checking data search dir
configure:18793: result: Frameworks/AqBanking/share
configure:18803: checking for preselected distribution name
configure:18809: result: no, will have to determine it
configure:18817: checking whether this is a Debian derivate
configure:18836: result: no
configure:18853: checking whether this is an RPM distribution
configure:18902: result: no (no RPM installed)
configure:18924: checking for xgettext
configure:18952: result: missing
configure:18964: WARNING: xgettext is missing. Locale suport is disabled.
configure:18970: checking for msgfmt
configure:19001: result: missing
configure:19011: WARNING: msgfmt is missing. Locale suport is disabled.
configure:19051: checking for locale.h
configure:19057: result: yes
configure:19061: checking libintl.h usability
configure:19078: gcc -c -O -g -isysroot /Developer_3/SDKs/MacOSX10.5.sdk -arch i386 -I/Users/michael/src/git/lib/static-build-debug-5.0.10/include/ -mmacosx-version-min=10.5 -O -g -isysroot /Developer_3/SDKs/MacOSX10.5.sdk -arch i386 -I/Users/michael/src/git/lib/static-build-debug-5.0.10/include/ -mmacosx-version-min=10.5 conftest.c >&5
configure:19084: $? = 0
configure:19098: result: yes
configure:19102: checking libintl.h presence
configure:19117: gcc -E -O -g -isysroot /Developer_3/SDKs/MacOSX10.5.sdk -arch i386 -I/Users/michael/src/git/lib/static-build-debug-5.0.10/include/ -mmacosx-version-min=10.5 conftest.c
configure:19123: $? = 0
configure:19137: result: yes
configure:19165: checking for libintl.h
configure:19173: result: yes
configure:19192: checking for setlocale
configure:19272: result: yes
configure:19286: checking for library containing gettext
configure:19327: gcc -o conftest -O -g -isysroot /Developer_3/SDKs/MacOSX10.5.sdk -arch i386 -I/Users/michael/src/git/lib/static-build-debug-5.0.10/include/ -mmacosx-version-min=10.5 -O -g -isysroot /Developer_3/SDKs/MacOSX10.5.sdk -arch i386 -I/Users/michael/src/git/lib/static-build-debug-5.0.10/include/ -mmacosx-version-min=10.5 -framework CoreFoundation -arch i386 -L/Users/michael/src/git/lib/static-build-debug-5.0.10/lib -L/Developer_3/SDKs/MacOSX10.5.sdk/usr/lib/ -mmacosx-version-min=10.5 -lcharset -liconv -lintl -lgmp -lgpg-error -lgcrypt -lgnutls -lgnutls-extra -lgnutls-openssl -lgwenhywfar conftest.c  >&5
conftest.c:100: warning: conflicting types for built-in function 'gettext'
configure:19333: $? = 0
configure:19361: result: none required
configure:19394: checking whether this is an official release
configure:19417: result: no
configure:19432: checking for compiler arguments
configure:19524: result: -O -g -isysroot /Developer_3/SDKs/MacOSX10.5.sdk -arch i386 -I/Users/michael/src/git/lib/static-build-debug-5.0.10/include/ -mmacosx-version-min=10.5 -g -Wall
configure:19535: checking if symbol visibility is supported
configure:19581: result: yes, gcc-4.2.1
configure:19645: checking docpath
configure:19656: result: /Users/michael/apidoc
configure:19664: checking if full docu should be created
configure:19693: result: no
configure:19702: checking doxygen tag files
configure:19717: result: none
configure:19786: checking aqhbci data dir
configure:19797: result: 
configure:19890: checking if plugin init is wanted
configure:19899: result: yes
configure:19917: checking if AqBanking is a subproject
configure:19926: result: no
configure:19944: checking whether aqbanking-cli is wanted
configure:19953: result: yes
configure:19983: checking whether tutorials are to be built
configure:20002: result: no
configure:20209: creating ./config.status

## ---------------------- ##
## Running config.status. ##
## ---------------------- ##

This file was extended by config.status, which was
generated by GNU Autoconf 2.61.  Invocation command line was

  CONFIG_FILES    = 
  CONFIG_HEADERS  = 
  CONFIG_LINKS    = 
  CONFIG_COMMANDS = 
  $ ./config.status 

on kranich

config.status:1248: creating mksymlinks.sh
config.status:1248: creating admin/Makefile
config.status:1248: creating doc/Makefile
config.status:1248: creating m4/Makefile
config.status:1248: creating src/Makefile
config.status:1248: creating src/libs/Makefile
config.status:1248: creating src/libs/aqbanking/Makefile
config.status:1248: creating src/libs/aqbanking/ressource.rc
config.status:1248: creating src/libs/aqbanking/jobs/Makefile
config.status:1248: creating src/libs/aqbanking/types/Makefile
config.status:1248: creating src/libs/aqbanking/gui/Makefile
config.status:1248: creating src/libs/aqbanking/dialogs/Makefile
config.status:1248: creating src/libs/aqbanking/typemaker2/Makefile
config.status:1248: creating src/libs/aqbanking/typemaker2/c/Makefile
config.status:1248: creating src/libs/aqbanking/backendsupport/Makefile
config.status:1248: creating src/libs/aqbankingpp/Makefile
config.status:1248: creating src/plugins/Makefile
config.status:1248: creating src/plugins/bankinfo/Makefile
config.status:1248: creating src/plugins/bankinfo/at/Makefile
config.status:1248: creating src/plugins/bankinfo/at/at.xml
config.status:1248: creating src/plugins/bankinfo/ca/Makefile
config.status:1248: creating src/plugins/bankinfo/ca/ca.xml
config.status:1248: creating src/plugins/bankinfo/ch/Makefile
config.status:1248: creating src/plugins/bankinfo/ch/ch.xml
config.status:1248: creating src/plugins/bankinfo/de/Makefile
config.status:1248: creating src/plugins/bankinfo/de/de.xml
config.status:1248: creating src/plugins/bankinfo/us/Makefile
config.status:1248: creating src/plugins/bankinfo/us/us.xml
config.status:1248: creating src/plugins/bankinfo/generic/Makefile
config.status:1248: creating src/plugins/imexporters/Makefile
config.status:1248: creating src/plugins/imexporters/dtaus/Makefile
config.status:1248: creating src/plugins/imexporters/dtaus/dtaus.xml
config.status:1248: creating src/plugins/imexporters/dtaus/ressource.rc
config.status:1248: creating src/plugins/imexporters/dtaus/profiles/Makefile
config.status:1248: creating src/plugins/imexporters/dtaus/profiles/default.conf
config.status:1248: creating src/plugins/imexporters/dtaus/profiles/debitnote.conf
config.status:1248: creating src/plugins/imexporters/dtaus/profiles/transfer.conf
config.status:1248: creating src/plugins/imexporters/eri2/Makefile
config.status:1248: creating src/plugins/imexporters/eri2/eri2.xml
config.status:1248: creating src/plugins/imexporters/eri2/ressource.rc
config.status:1248: creating src/plugins/imexporters/eri2/profiles/Makefile
config.status:1248: creating src/plugins/imexporters/eri2/profiles/default.conf
config.status:1248: creating src/plugins/imexporters/ofx/Makefile
config.status:1248: creating src/plugins/imexporters/ofx/ofx.xml
config.status:1248: creating src/plugins/imexporters/ofx/ressource.rc
config.status:1248: creating src/plugins/imexporters/ofx/parser/Makefile
config.status:1248: creating src/plugins/imexporters/ofx/profiles/Makefile
config.status:1248: creating src/plugins/imexporters/ofx/profiles/default.conf
config.status:1248: creating src/plugins/imexporters/swift/Makefile
config.status:1248: creating src/plugins/imexporters/swift/swift.xml
config.status:1248: creating src/plugins/imexporters/swift/ressource.rc
config.status:1248: creating src/plugins/imexporters/swift/profiles/Makefile
config.status:1248: creating src/plugins/imexporters/swift/profiles/swiftmt940.conf
config.status:1248: creating src/plugins/imexporters/swift/profiles/swiftmt942.conf
config.status:1248: creating src/plugins/imexporters/swift/profiles/amro940.conf
config.status:1248: creating src/plugins/imexporters/swift/profiles/amro942.conf
config.status:1248: creating src/plugins/imexporters/csv/Makefile
config.status:1248: creating src/plugins/imexporters/csv/csv.xml
config.status:1248: creating src/plugins/imexporters/csv/ressource.rc
config.status:1248: creating src/plugins/imexporters/csv/profiles/Makefile
config.status:1248: creating src/plugins/imexporters/csv/profiles/default.conf
config.status:1248: creating src/plugins/imexporters/csv/profiles/amex.conf
config.status:1248: creating src/plugins/imexporters/csv/profiles/aqmoney1.conf
config.status:1248: creating src/plugins/imexporters/csv/profiles/aqmoney2.conf
config.status:1248: creating src/plugins/imexporters/csv/profiles/comdirect.conf
config.status:1248: creating src/plugins/imexporters/csv/profiles/consors-tagesgeld.conf
config.status:1248: creating src/plugins/imexporters/csv/profiles/mijnpostbank.conf
config.status:1248: creating src/plugins/imexporters/csv/profiles/oko.conf
config.status:1248: creating src/plugins/imexporters/csv/profiles/spk-aachen.conf
config.status:1248: creating src/plugins/imexporters/csv/profiles/spk-steiermark.conf
config.status:1248: creating src/plugins/imexporters/csv/profiles/tonline-banking.conf
config.status:1248: creating src/plugins/imexporters/csv/profiles/test.conf
config.status:1248: creating src/plugins/imexporters/csv/profiles/vrnetworld.conf
config.status:1248: creating src/plugins/imexporters/csv/profiles/lbbberlin.conf
config.status:1248: creating src/plugins/imexporters/csv/profiles/bankaustria.conf
config.status:1248: creating src/plugins/imexporters/csv/profiles/psk.conf
config.status:1248: creating src/plugins/imexporters/csv/profiles/diba.conf
config.status:1248: creating src/plugins/imexporters/csv/profiles/dkb.conf
config.status:1248: creating src/plugins/imexporters/csv/profiles/dkb-cash.conf
config.status:1248: creating src/plugins/imexporters/csv/profiles/sparda.conf
config.status:1248: creating src/plugins/imexporters/csv/profiles/full.conf
config.status:1248: creating src/plugins/imexporters/csv/profiles/hypovereinsbank.conf
config.status:1248: creating src/plugins/imexporters/csv/profiles/postbankffm.conf
config.status:1248: creating src/plugins/imexporters/csv/profiles/cli-transfers.conf
config.status:1248: creating src/plugins/imexporters/csv/profiles/sns.conf
config.status:1248: creating src/plugins/imexporters/openhbci1/Makefile
config.status:1248: creating src/plugins/imexporters/openhbci1/openhbci1.xml
config.status:1248: creating src/plugins/imexporters/openhbci1/ressource.rc
config.status:1248: creating src/plugins/imexporters/openhbci1/profiles/Makefile
config.status:1248: creating src/plugins/imexporters/openhbci1/profiles/default.conf
config.status:1248: creating src/plugins/imexporters/qif/Makefile
config.status:1248: creating src/plugins/imexporters/qif/qif.xml
config.status:1248: creating src/plugins/imexporters/qif/ressource.rc
config.status:1248: creating src/plugins/imexporters/qif/profiles/Makefile
config.status:1248: creating src/plugins/imexporters/qif/profiles/default.conf
config.status:1248: creating src/plugins/imexporters/yellownet/Makefile
config.status:1248: creating src/plugins/imexporters/yellownet/yellownet.xml
config.status:1248: creating src/plugins/imexporters/yellownet/ressource.rc
config.status:1248: creating src/plugins/imexporters/yellownet/profiles/Makefile
config.status:1248: creating src/plugins/imexporters/yellownet/profiles/default.conf
config.status:1248: creating src/plugins/imexporters/xmldb/Makefile
config.status:1248: creating src/plugins/imexporters/xmldb/xmldb.xml
config.status:1248: creating src/plugins/imexporters/xmldb/ressource.rc
config.status:1248: creating src/plugins/imexporters/xmldb/profiles/Makefile
config.status:1248: creating src/plugins/imexporters/xmldb/profiles/default.conf
config.status:1248: creating src/plugins/imexporters/sepa/Makefile
config.status:1248: creating src/plugins/imexporters/sepa/sepa.xml
config.status:1248: creating src/plugins/imexporters/sepa/ressource.rc
config.status:1248: creating src/plugins/imexporters/sepa/profiles/Makefile
config.status:1248: creating src/plugins/imexporters/sepa/profiles/default.conf
config.status:1248: creating src/plugins/imexporters/sepa/profiles/ccm.conf
config.status:1248: creating src/plugins/imexporters/ctxfile/Makefile
config.status:1248: creating src/plugins/imexporters/ctxfile/ctxfile.xml
config.status:1248: creating src/plugins/imexporters/ctxfile/ressource.rc
config.status:1248: creating src/plugins/imexporters/ctxfile/profiles/Makefile
config.status:1248: creating src/plugins/imexporters/ctxfile/profiles/default.conf
config.status:1248: creating src/plugins/imexporters/q43/Makefile
config.status:1248: creating src/plugins/imexporters/q43/q43.xml
config.status:1248: creating src/plugins/imexporters/q43/profiles/Makefile
config.status:1248: creating src/plugins/imexporters/q43/profiles/default.conf
config.status:1248: creating src/plugins/parsers/Makefile
config.status:1248: creating src/plugins/parsers/dtaus/Makefile
config.status:1248: creating src/plugins/parsers/dtaus/dtaus.xml
config.status:1248: creating src/plugins/parsers/dtaus/ressource.rc
config.status:1248: creating src/plugins/parsers/swift/Makefile
config.status:1248: creating src/plugins/parsers/swift/swift.xml
config.status:1248: creating src/plugins/parsers/swift/ressource.rc
config.status:1248: creating src/plugins/backends/Makefile
config.status:1248: creating src/plugins/backends/aqhbci/Makefile
config.status:1248: creating src/plugins/backends/aqhbci/plugin/Makefile
config.status:1248: creating src/plugins/backends/aqhbci/plugin/aqhbci.xml
config.status:1248: creating src/plugins/backends/aqhbci/plugin/dialogs/Makefile
config.status:1248: creating src/plugins/backends/aqhbci/plugin/header.xml
config.status:1248: creating src/plugins/backends/aqhbci/plugin/ressource.rc
config.status:1248: creating src/plugins/backends/aqhbci/plugin/banking/Makefile
config.status:1248: creating src/plugins/backends/aqhbci/plugin/msglayer/Makefile
config.status:1248: creating src/plugins/backends/aqhbci/plugin/joblayer/Makefile
config.status:1248: creating src/plugins/backends/aqhbci/plugin/applayer/Makefile
config.status:1248: creating src/plugins/backends/aqhbci/plugin/accountjobs/Makefile
config.status:1248: creating src/plugins/backends/aqhbci/plugin/applayer/xml/Makefile
config.status:1248: creating src/plugins/backends/aqhbci/plugin/version.h
config.status:1248: creating src/plugins/backends/aqhbci/tools/Makefile
config.status:1248: creating src/plugins/backends/aqhbci/tools/hbcixml/Makefile
config.status:1248: creating src/plugins/backends/aqhbci/tools/aqhbci-tool/Makefile
config.status:1248: creating src/plugins/backends/aqofxconnect/Makefile
config.status:1248: creating src/plugins/backends/aqofxconnect/version.h
config.status:1248: creating src/plugins/backends/aqofxconnect/plugin/Makefile
config.status:1248: creating src/plugins/backends/aqofxconnect/plugin/aqofxconnect.xml
config.status:1248: creating src/plugins/backends/aqofxconnect/plugin/ressource.rc
config.status:1248: creating src/plugins/backends/aqofxconnect/plugin/libofxhome/Makefile
config.status:1248: creating src/plugins/backends/aqpaypal/Makefile
config.status:1248: creating src/plugins/backends/aqpaypal/plugin/Makefile
config.status:1248: creating src/plugins/backends/aqpaypal/plugin/aqpaypal.xml
config.status:1248: creating src/plugins/backends/aqpaypal/tools/Makefile
config.status:1248: creating src/plugins/backends/aqpaypal/tools/aqpaypal-tool/Makefile
config.status:1248: creating src/plugins/backends/aqnone/Makefile
config.status:1248: creating src/plugins/backends/aqnone/aqnone.xml
config.status:1248: creating src/plugins/backends/aqnone/ressource.rc
config.status:1248: creating src/test/Makefile
config.status:1248: creating src/tools/Makefile
config.status:1248: creating src/tools/aqbanking-cli/Makefile
config.status:1248: creating tutorials/Makefile
config.status:1248: creating po/Makefile
config.status:1248: creating Doxyfile
config.status:1248: creating Makefile
config.status:1248: creating aqbanking-config.in
config.status:1248: creating aqbanking.pc
config.status:1248: creating aqbanking.spec
config.status:1248: creating aqbanking.iss
config.status:1248: creating version.h
config.status:1248: creating system.h
config.status:1248: creating config.h
config.status:1598: executing depfiles commands
config.status:1598: executing libtool commands

## ---------------- ##
## Cache variables. ##
## ---------------- ##

ac_cv_build=i386-apple-darwin10.7.4
ac_cv_c_compiler_gnu=yes
ac_cv_c_const=yes
ac_cv_cxx_compiler_gnu=yes
ac_cv_env_CCC_set=
ac_cv_env_CCC_value=
ac_cv_env_CC_set=
ac_cv_env_CC_value=
ac_cv_env_CFLAGS_set=set
ac_cv_env_CFLAGS_value='-O -g -isysroot /Developer_3/SDKs/MacOSX10.5.sdk -arch i386 -I/Users/michael/src/git/lib/static-build-debug-5.0.10/include/ -mmacosx-version-min=10.5'
ac_cv_env_CPPFLAGS_set=set
ac_cv_env_CPPFLAGS_value='-O -g -isysroot /Developer_3/SDKs/MacOSX10.5.sdk -arch i386 -I/Users/michael/src/git/lib/static-build-debug-5.0.10/include/ -mmacosx-version-min=10.5'
ac_cv_env_CPP_set=
ac_cv_env_CPP_value=
ac_cv_env_CXXCPP_set=
ac_cv_env_CXXCPP_value=
ac_cv_env_CXXFLAGS_set=
ac_cv_env_CXXFLAGS_value=
ac_cv_env_CXX_set=
ac_cv_env_CXX_value=
ac_cv_env_GTK2_CFLAGS_set=
ac_cv_env_GTK2_CFLAGS_value=
ac_cv_env_GTK2_LIBS_set=
ac_cv_env_GTK2_LIBS_value=
ac_cv_env_GWENGUI_GTK2_CFLAGS_set=
ac_cv_env_GWENGUI_GTK2_CFLAGS_value=
ac_cv_env_GWENGUI_GTK2_LIBS_set=
ac_cv_env_GWENGUI_GTK2_LIBS_value=
ac_cv_env_LDFLAGS_set=set
ac_cv_env_LDFLAGS_value='-framework CoreFoundation -arch i386 -L/Users/michael/src/git/lib/static-build-debug-5.0.10/lib -L/Developer_3/SDKs/MacOSX10.5.sdk/usr/lib/ -mmacosx-version-min=10.5 -lcharset -liconv -lintl -lgmp -lgpg-error -lgcrypt -lgnutls -lgnutls-extra -lgnutls-openssl -lgwenhywfar'
ac_cv_env_LIBS_set=
ac_cv_env_LIBS_value=
ac_cv_env_PKG_CONFIG_set=set
ac_cv_env_PKG_CONFIG_value=/Users/michael/src/git/lib/static-build-debug-5.0.10/bin/pkg-config
ac_cv_env_build_alias_set=
ac_cv_env_build_alias_value=
ac_cv_env_host_alias_set=
ac_cv_env_host_alias_value=
ac_cv_env_ktoblzcheck_CFLAGS_set=
ac_cv_env_ktoblzcheck_CFLAGS_value=
ac_cv_env_ktoblzcheck_LIBS_set=
ac_cv_env_ktoblzcheck_LIBS_value=
ac_cv_env_target_alias_set=
ac_cv_env_target_alias_value=
ac_cv_func_memmove=yes
ac_cv_func_memset=yes
ac_cv_func_setlocale=yes
ac_cv_func_snprintf=yes
ac_cv_func_strcasecmp=yes
ac_cv_func_strdup=yes
ac_cv_func_strerror=yes
ac_cv_func_strftime=yes
ac_cv_have_decl_sigprocmask=yes
ac_cv_header_dlfcn_h=yes
ac_cv_header_fcntl_h=yes
ac_cv_header_gmp_h=yes
ac_cv_header_iconv_h=yes
ac_cv_header_inttypes_h=yes
ac_cv_header_libintl_h=yes
ac_cv_header_locale_h=yes
ac_cv_header_memory_h=yes
ac_cv_header_signal_h=yes
ac_cv_header_stdc=yes
ac_cv_header_stdint_h=yes
ac_cv_header_stdlib_h=yes
ac_cv_header_string_h=yes
ac_cv_header_strings_h=yes
ac_cv_header_sys_stat_h=yes
ac_cv_header_sys_types_h=yes
ac_cv_header_termios_h=yes
ac_cv_header_unistd_h=yes
ac_cv_host=i386-apple-darwin10.7.4
ac_cv_lib_gmp___gmpz_init=yes
ac_cv_objext=o
ac_cv_path_EGREP='/usr/bin/grep -E'
ac_cv_path_FGREP='/usr/bin/grep -F'
ac_cv_path_GREP=/usr/bin/grep
ac_cv_path_MSGFMT=missing
ac_cv_path_SED=/usr/bin/sed
ac_cv_path_install='/usr/bin/install -c'
ac_cv_prog_AWK=awk
ac_cv_prog_CPP='gcc -E'
ac_cv_prog_CXXCPP='g++ -E'
ac_cv_prog_SED=/usr/bin/sed
ac_cv_prog_USE_DOT=NO
ac_cv_prog_XGETTEXT=missing
ac_cv_prog_ac_ct_AR=ar
ac_cv_prog_ac_ct_CC=gcc
ac_cv_prog_ac_ct_CXX=g++
ac_cv_prog_ac_ct_DSYMUTIL=dsymutil
ac_cv_prog_ac_ct_LIPO=lipo
ac_cv_prog_ac_ct_NMEDIT=nmedit
ac_cv_prog_ac_ct_OTOOL=otool
ac_cv_prog_ac_ct_RANLIB=ranlib
ac_cv_prog_ac_ct_STRIP=strip
ac_cv_prog_cc_c89=
ac_cv_prog_cc_g=yes
ac_cv_prog_cxx_g=yes
ac_cv_prog_make_make_set=yes
ac_cv_search_gettext='none required'
ac_cv_struct_tm=time.h
am_cv_CC_dependencies_compiler_type=none
am_cv_CXX_dependencies_compiler_type=none
lt_cv_apple_cc_single_mod=yes
lt_cv_deplibs_check_method=pass_all
lt_cv_file_magic_cmd='$MAGIC_CMD'
lt_cv_file_magic_test_file=
lt_cv_ld_exported_symbols_list=yes
lt_cv_ld_reload_flag=-r
lt_cv_nm_interface='BSD nm'
lt_cv_objdir=.libs
lt_cv_path_LD=/usr/libexec/gcc/i686-apple-darwin10/4.2.1/ld
lt_cv_path_LDCXX=/usr/libexec/gcc/i686-apple-darwin10/4.2.1/ld
lt_cv_path_NM=/usr/bin/nm
lt_cv_prog_compiler_c_o=yes
lt_cv_prog_compiler_c_o_CXX=yes
lt_cv_prog_compiler_pic_works=yes
lt_cv_prog_compiler_pic_works_CXX=yes
lt_cv_prog_compiler_rtti_exceptions=no
lt_cv_prog_compiler_static_works=no
lt_cv_prog_compiler_static_works_CXX=no
lt_cv_prog_gnu_ld=no
lt_cv_prog_gnu_ldcxx=no
lt_cv_sys_global_symbol_pipe='sed -n -e '\''s/^.*[	 ]\([BCDEGRST][BCDEGRST]*\)[	 ][	 ]*_\([_A-Za-z][_A-Za-z0-9]*\)$/\1 _\2 \2/p'\'''
lt_cv_sys_global_symbol_to_c_name_address='sed -n -e '\''s/^: \([^ ]*\) $/  {\"\1\", (void *) 0},/p'\'' -e '\''s/^[BCDEGRST]* \([^ ]*\) \([^ ]*\)$/  {"\2", (void *) \&\2},/p'\'''
lt_cv_sys_global_symbol_to_c_name_address_lib_prefix='sed -n -e '\''s/^: \([^ ]*\) $/  {\"\1\", (void *) 0},/p'\'' -e '\''s/^[BCDEGRST]* \([^ ]*\) \(lib[^ ]*\)$/  {"\2", (void *) \&\2},/p'\'' -e '\''s/^[BCDEGRST]* \([^ ]*\) \([^ ]*\)$/  {"lib\2", (void *) \&\2},/p'\'''
lt_cv_sys_global_symbol_to_cdecl='sed -n -e '\''s/^T .* \(.*\)$/extern int \1();/p'\'' -e '\''s/^[BCDEGRST]* .* \(.*\)$/extern char \1;/p'\'''
lt_cv_sys_max_cmd_len=196608

## ----------------- ##
## Output variables. ##
## ----------------- ##

ACLOCAL='${SHELL} /Users/michael/src/git/lib/aqbanking/missing --run aclocal-1.10'
ADD_ACLOCAL_FLAGS=' -I /Users/michael/src/git/lib/static-build-debug-5.0.10/share/aclocal'
AMDEPBACKSLASH=''
AMDEP_FALSE=''
AMDEP_TRUE='#'
AMTAR='${SHELL} /Users/michael/src/git/lib/aqbanking/missing --run tar'
AQBANKING_CLI_VERSION_STRING='5.0.10'
AQBANKING_SO_AGE='0'
AQBANKING_SO_CURRENT='33'
AQBANKING_SO_EFFECTIVE='33'
AQBANKING_SO_REVISION='10'
AQBANKING_VERSION_BUILD='0'
AQBANKING_VERSION_FULL_STRING='5.0.10.0stable'
AQBANKING_VERSION_MAJOR='5'
AQBANKING_VERSION_MINOR='0'
AQBANKING_VERSION_PATCHLEVEL='10'
AQBANKING_VERSION_RELEASE_STRING='5.0.10'
AQBANKING_VERSION_STRING='5.0.10'
AQBANKING_VERSION_TAG='stable'
AQHBCI_SO_AGE='0'
AQHBCI_SO_CURRENT='20'
AQHBCI_SO_EFFECTIVE='20'
AQHBCI_SO_REVISION='0'
AQHBCI_VERSION_BUILD='0'
AQHBCI_VERSION_FULL_STRING='5.0.10.0stable'
AQHBCI_VERSION_MAJOR='5'
AQHBCI_VERSION_MINOR='0'
AQHBCI_VERSION_PATCHLEVEL='10'
AQHBCI_VERSION_RELEASE_STRING=''
AQHBCI_VERSION_STRING='5.0.10'
AQHBCI_VERSION_TAG='stable'
AQOFXCONNECT_SO_AGE='0'
AQOFXCONNECT_SO_CURRENT='7'
AQOFXCONNECT_SO_EFFECTIVE='7'
AQOFXCONNECT_SO_REVISION='1'
AQOFXCONNECT_VERSION_BUILD='0'
AQOFXCONNECT_VERSION_FULL_STRING='5.0.10.0stable'
AQOFXCONNECT_VERSION_MAJOR='5'
AQOFXCONNECT_VERSION_MINOR='0'
AQOFXCONNECT_VERSION_PATCHLEVEL='10'
AQOFXCONNECT_VERSION_RELEASE_STRING=''
AQOFXCONNECT_VERSION_STRING='5.0.10'
AQOFXCONNECT_VERSION_TAG='stable'
AQPAYPAL_SO_AGE='0'
AQPAYPAL_SO_CURRENT='2'
AQPAYPAL_SO_EFFECTIVE='2'
AQPAYPAL_SO_REVISION='0'
AQPAYPAL_VERSION_BUILD='0'
AQPAYPAL_VERSION_FULL_STRING='5.0.10.0stable'
AQPAYPAL_VERSION_MAJOR='5'
AQPAYPAL_VERSION_MINOR='0'
AQPAYPAL_VERSION_PATCHLEVEL='10'
AQPAYPAL_VERSION_RELEASE_STRING=''
AQPAYPAL_VERSION_STRING='5.0.10'
AQPAYPAL_VERSION_TAG='stable'
AR='ar'
AS='as'
AUTOCONF='${SHELL} /Users/michael/src/git/lib/aqbanking/missing --run autoconf'
AUTOHEADER='${SHELL} /Users/michael/src/git/lib/aqbanking/missing --run autoheader'
AUTOMAKE='${SHELL} /Users/michael/src/git/lib/aqbanking/missing --run automake-1.10'
AWK='awk'
CC='gcc'
CCDEPMODE='depmode=none'
CFLAGS='-O -g -isysroot /Developer_3/SDKs/MacOSX10.5.sdk -arch i386 -I/Users/michael/src/git/lib/static-build-debug-5.0.10/include/ -mmacosx-version-min=10.5 -g -Wall'
CPP='gcc -E'
CPPFLAGS='-O -g -isysroot /Developer_3/SDKs/MacOSX10.5.sdk -arch i386 -I/Users/michael/src/git/lib/static-build-debug-5.0.10/include/ -mmacosx-version-min=10.5'
CXX='g++'
CXXCPP='g++ -E'
CXXDEPMODE='depmode=none'
CXXFLAGS='-g -Wall'
CYGPATH_W='echo'
DATETIME='20110619152846'
DEFS='-DHAVE_CONFIG_H'
DEPDIR='.deps'
DLLTOOL='dlltool'
DOXYGEN_DEFINE='DOXYGEN_HIDE'
DOXYGEN_FILE_PATTERNS='*.h *.hpp'
DOXYGEN_INPUT='listdoc.h aqbanking5'
DOXYGEN_TAGFILES=''
DSYMUTIL='dsymutil'
DUMPBIN=''
ECHO_C='ECHO_N=''
ECHO_T=''
EGREP='/usr/bin/grep -E'
ENABLE_CLI_FALSE='#'
ENABLE_CLI_TRUE=''
EXEEXT=''
FGREP='/usr/bin/grep -F'
GREP='/usr/bin/grep'
GTK2_CFLAGS=''
GTK2_LIBS=''
GWENGUI_GTK2_CFLAGS=''
GWENGUI_GTK2_LIBS=''
HAVE_GWENGUI_GTK2='0'
HAVE_I18N='yes'
IF_MAKE_I18N_FILES_FALSE=''
IF_MAKE_I18N_FILES_TRUE='#'
INSTALL_DATA='${INSTALL} -m 644'
INSTALL_DLL_TARGET=''
INSTALL_PROGRAM='${INSTALL}'
INSTALL_SCRIPT='${INSTALL}'
INSTALL_STRIP_PROGRAM='$(install_sh) -c -s'
IS_WINDOWS_FALSE=''
IS_WINDOWS_TRUE='#'
LD='/usr/libexec/gcc/i686-apple-darwin10/4.2.1/ld'
LDFLAGS='-framework CoreFoundation -arch i386 -L/Users/michael/src/git/lib/static-build-debug-5.0.10/lib -L/Developer_3/SDKs/MacOSX10.5.sdk/usr/lib/ -mmacosx-version-min=10.5 -lcharset -liconv -lintl -lgmp -lgpg-error -lgcrypt -lgnutls -lgnutls-extra -lgnutls-openssl -lgwenhywfar -g'
LIBOBJS=''
LIBS=''
LIBTOOL='$(SHELL) $(top_builddir)/libtool'
LIPO='lipo'
LN_S='ln -s'
LTLIBOBJS=''
MAKEINFO='${SHELL} /Users/michael/src/git/lib/aqbanking/missing --run makeinfo'
MAKE_DLL_TARGET=''
MAKE_I18N_FILES='no'
MSGFMT='missing'
MSGFMT_SUPPORTS_QT=''
NM='/usr/bin/nm'
NMEDIT='nmedit'
OBJDUMP='objdump'
OBJEXT='o'
OSYSTEM='osx'
OS_TYPE='posix'
OTOOL64=':'
OTOOL='otool'
PACKAGE='aqbanking'
PACKAGE_BUGREPORT=''
PACKAGE_NAME=''
PACKAGE_STRING=''
PACKAGE_TARNAME=''
PACKAGE_VERSION=''
PATH_SEPARATOR=':'
PKG_CONFIG='/Users/michael/src/git/lib/static-build-debug-5.0.10/bin/pkg-config'
Q4BANKING_SO_AGE=''
Q4BANKING_SO_CURRENT=''
Q4BANKING_SO_EFFECTIVE=''
Q4BANKING_SO_REVISION=''
Q4BANKING_VERSION_BUILD='0'
Q4BANKING_VERSION_FULL_STRING='5.0.10.0stable'
Q4BANKING_VERSION_MAJOR='5'
Q4BANKING_VERSION_MINOR='0'
Q4BANKING_VERSION_PATCHLEVEL='10'
Q4BANKING_VERSION_RELEASE_STRING=''
Q4BANKING_VERSION_STRING='5.0.10'
Q4BANKING_VERSION_TAG='stable'
QBANKING_SO_AGE=''
QBANKING_SO_CURRENT=''
QBANKING_SO_EFFECTIVE=''
QBANKING_SO_REVISION=''
QBANKING_VERSION_BUILD='0'
QBANKING_VERSION_FULL_STRING='5.0.10.0stable'
QBANKING_VERSION_MAJOR='5'
QBANKING_VERSION_MINOR='0'
QBANKING_VERSION_PATCHLEVEL='10'
QBANKING_VERSION_RELEASE_STRING=''
QBANKING_VERSION_STRING='5.0.10'
QBANKING_VERSION_TAG='stable'
RANLIB='ranlib'
RC='no'
SED='/usr/bin/sed'
SET_MAKE=''
SHELL='/bin/sh'
STRIP='strip'
STRIPALL=''
TUTORIALS=''
USE_DOT='NO'
VERSION='5.0.10'
WITH_GWENGUI_GTK2_FALSE=''
WITH_GWENGUI_GTK2_TRUE='#'
WITH_KTOBLZCHECK_FALSE=''
WITH_KTOBLZCHECK_TRUE='#'
XGETTEXT='missing'
XMLMERGE='/Users/michael/src/git/lib/static-build-debug-5.0.10/bin/xmlmerge'
abs_top_builddir='/Users/michael/src/git/lib/tmp-debug/aqbanking-5.0.10'
ac_ct_CC='gcc'
ac_ct_CXX='g++'
ac_ct_DUMPBIN=''
all_includes='-I/Users/michael/src/git/lib/static-build-debug-5.0.10/include/gwenhywfar4'
all_libraries=''
am__fastdepCC_FALSE=''
am__fastdepCC_TRUE='#'
am__fastdepCXX_FALSE=''
am__fastdepCXX_TRUE='#'
am__include='include'
am__isrc=' -I$(srcdir)'
am__leading_dot='.'
am__quote=''
am__tar='${AMTAR} chof - "$$tardir"'
am__untar='${AMTAR} xf -'
aq_distrib_name=''
aq_distrib_tag=''
aq_distrib_version=''
aqbanking_backends='aqhbci'
aqbanking_cfg_searchdir='Frameworks/AqBanking/etc'
aqbanking_data_searchdir='Frameworks/AqBanking/share'
aqbanking_headerdir='${includedir}/aqbanking5'
aqbanking_headerdir_am='$(includedir)/aqbanking5'
aqbanking_includes='-I${includedir}/aqbanking5'
aqbanking_internal_libs='/Users/michael/src/git/lib/tmp-debug/aqbanking-5.0.10/src/libs/aqbanking/libaqbanking.la'
aqbanking_ldflags='-L${libdir}'
aqbanking_libs='-laqbanking'
aqbanking_locale_searchdir='Frameworks/AqBanking/share/locale'
aqbanking_modules='. jobs types'
aqbanking_pkgdatadir='${datadir}/aqbanking'
aqbanking_plugin_searchdir='Frameworks/AqBanking/lib/aqbanking/plugins/33'
aqbanking_plugindir='${libdir}/aqbanking/plugins/33'
aqbanking_plugins_backends_dirs=' aqhbci'
aqbanking_plugins_bankinfo_dirs=' de'
aqbanking_plugins_imexporters_dirs=' csv dtaus eri2 ofx openhbci1 swift xmldb yellownet sepa ctxfile q43'
aqbanking_plugins_parsers_dirs=' dtaus swift'
aqbanking_symlinkdir='$(top_builddir)/aqbanking5'
aqbanking_sys_is_windows='0'
aqbankingpp_modules='.'
aqhbci_datadir=''
aqhbci_includes='-I${includedir}/aqbanking5'
aqhbci_internal_libs='/Users/michael/src/git/lib/tmp-debug/aqbanking-5.0.10/src/plugins/backends/aqhbci/plugin/libaqhbci.la'
aqhbci_ldflags='-L${libdir}'
aqhbci_libs='-laqhbci'
aqofxconnect_includes='-I${includedir}/aqbanking5'
aqofxconnect_internal_libs='/Users/michael/src/git/lib/tmp-debug/aqbanking-5.0.10/src/plugins/backends/aqofxconnect/plugin/libaqofxconnect.la'
aqofxconnect_libs='-L${libdir} -laqofxconnect'
aqpaypal_includes='-I${includedir}/aqbanking5'
aqpaypal_internal_libs='/Users/michael/src/git/lib/tmp-debug/aqbanking-5.0.10/src/plugins/backends/aqpaypal/plugin/libaqpaypal.la'
aqpaypal_libs='-L${libdir} -laqpaypal'
bindir='${exec_prefix}/bin'
build='i386-apple-darwin10.7.4'
build_alias=''
build_cpu='i386'
build_os='darwin10.7.4'
build_vendor='apple'
datadir='${datarootdir}'
datarootdir='${prefix}/share'
docdir='${datarootdir}/doc/${PACKAGE}'
docpath='/Users/michael/apidoc'
dvidir='${docdir}'
exec_prefix='${prefix}'
gmp_libs='-lgmp'
gwenhywfar_bindir='/Users/michael/src/git/lib/static-build-debug-5.0.10/bin'
gwenhywfar_dir='/Users/michael/src/git/lib/static-build-debug-5.0.10'
gwenhywfar_has_crypt='yes'
gwenhywfar_headers='/Users/michael/src/git/lib/static-build-debug-5.0.10/include/gwenhywfar4/gwenhywfar'
gwenhywfar_includes='-I/Users/michael/src/git/lib/static-build-debug-5.0.10/include/gwenhywfar4'
gwenhywfar_libs='-L/Users/michael/src/git/lib/static-build-debug-5.0.10/lib -lgwenhywfar'
gwenhywfar_plugins='/Users/michael/src/git/lib/static-build-debug-5.0.10/lib/gwenhywfar/plugins/60'
host='i386-apple-darwin10.7.4'
host_alias=''
host_cpu='i386'
host_os='darwin10.7.4'
host_vendor='apple'
htmldir='${docdir}'
i18n_libs=''
includedir='${prefix}/include'
infodir='${datarootdir}/info'
install_sh='$(SHELL) /Users/michael/src/git/lib/aqbanking/install-sh'
ktoblzcheck_CFLAGS=''
ktoblzcheck_LIBS=''
ktoblzcheck_includes=''
ktoblzcheck_libs=''
libdir='${exec_prefix}/lib'
libexecdir='${exec_prefix}/libexec'
localedir='${datarootdir}/locale'
localstatedir='${prefix}/var'
lt_ECHO='/bin/echo'
mandir='${datarootdir}/man'
mkdir_p='/Users/michael/src/git/lib/aqbanking/install-sh -c -d'
oldincludedir='/usr/include'
pdfdir='${docdir}'
prefix='/Users/michael/src/git/lib/static-build-debug-5.0.10'
program_transform_name='s,x,x,'
psdir='${docdir}'
sbindir='${exec_prefix}/sbin'
sharedstatedir='${prefix}/com'
sysconfdir='${prefix}/etc'
target_alias=''
typemaker2_exe='$(gwenhywfar_bindir)/typemaker2'
visibility_cflags='-fvisibility=hidden'
with_aqhbci='yes'

## ----------- ##
## confdefs.h. ##
## ----------- ##

#define PACKAGE_NAME ""
#define PACKAGE_TARNAME ""
#define PACKAGE_VERSION ""
#define PACKAGE_STRING ""
#define PACKAGE_BUGREPORT ""
#define AQBANKING_SO_EFFECTIVE_STR "33"
#define PACKAGE "aqbanking"
#define VERSION "5.0.10"
#define AQHBCI_VERSION_MAJOR 5
#define AQHBCI_VERSION_MINOR 0
#define AQHBCI_VERSION_PATCHLEVEL 10
#define AQHBCI_VERSION_BUILD 0
#define AQHBCI_VERSION_STRING "5.0.10"
#define AQHBCI_VERSION_FULL_STRING "5.0.10.0stable"
#define AQHBCI_VERSION_TAG stable
#define AQHBCI_SO_EFFECTIVE_STR "20"
#define AQOFXCONNECT_VERSION_MAJOR 5
#define AQOFXCONNECT_VERSION_MINOR 0
#define AQOFXCONNECT_VERSION_PATCHLEVEL 10
#define AQOFXCONNECT_VERSION_BUILD 0
#define AQOFXCONNECT_VERSION_STRING "5.0.10"
#define AQOFXCONNECT_VERSION_FULL_STRING "5.0.10.0stable"
#define AQOFXCONNECT_VERSION_TAG stable
#define AQOFXCONNECT_SO_EFFECTIVE_STR "7"
#define AQPAYPAL_VERSION_MAJOR 5
#define AQPAYPAL_VERSION_MINOR 0
#define AQPAYPAL_VERSION_PATCHLEVEL 10
#define AQPAYPAL_VERSION_BUILD 0
#define AQPAYPAL_VERSION_STRING "5.0.10"
#define AQPAYPAL_VERSION_FULL_STRING "5.0.10.0stable"
#define AQPAYPAL_VERSION_TAG stable
#define AQPAYPAL_SO_EFFECTIVE_STR "2"
#define QBANKING_VERSION_MAJOR 5
#define QBANKING_VERSION_MINOR 0
#define QBANKING_VERSION_PATCHLEVEL 10
#define QBANKING_VERSION_BUILD 0
#define QBANKING_VERSION_STRING "5.0.10"
#define QBANKING_VERSION_FULL_STRING "5.0.10.0stable"
#define QBANKING_VERSION_TAG stable
#define QBANKING_SO_EFFECTIVE_STR ""
#define Q4BANKING_VERSION_MAJOR 5
#define Q4BANKING_VERSION_MINOR 0
#define Q4BANKING_VERSION_PATCHLEVEL 10
#define Q4BANKING_VERSION_BUILD 0
#define Q4BANKING_VERSION_STRING "5.0.10"
#define Q4BANKING_VERSION_FULL_STRING "5.0.10.0stable"
#define Q4BANKING_VERSION_TAG stable
#define Q4BANKING_SO_EFFECTIVE_STR ""
#define OS_NAME "i386-apple-darwin10.7.4"
#define OS_DARWIN 1
#define OS_POSIX 1
#define OS_SHORTNAME "osx"
#define OS_TYPE "posix"
#define _GNU_SOURCE 1
#define STDC_HEADERS 1
#define HAVE_SYS_TYPES_H 1
#define HAVE_SYS_STAT_H 1
#define HAVE_STDLIB_H 1
#define HAVE_STRING_H 1
#define HAVE_MEMORY_H 1
#define HAVE_STRINGS_H 1
#define HAVE_INTTYPES_H 1
#define HAVE_STDINT_H 1
#define HAVE_UNISTD_H 1
#define HAVE_DLFCN_H 1
#define LT_OBJDIR ".libs/"
#define STDC_HEADERS 1
#define HAVE_FCNTL_H 1
#define HAVE_STDLIB_H 1
#define HAVE_STRING_H 1
#define HAVE_UNISTD_H 1
#define HAVE_LOCALE_H 1
#define HAVE_TERMIOS_H 1
#define HAVE_SIGNAL_H 1
#define HAVE_ICONV_H 1
#define HAVE_DECL_SIGPROCMASK 1
#define HAVE_STRFTIME 1
#define HAVE_MEMMOVE 1
#define HAVE_MEMSET 1
#define HAVE_STRCASECMP 1
#define HAVE_STRDUP 1
#define HAVE_STRERROR 1
#define HAVE_SNPRINTF 1
#define HAVE_SETLOCALE 1
#define AQBANKING_WITH_PLUGIN_BACKEND_AQHBCI 1
#define HAVE_GMP_H 1
#define ENABLE_LOCAL_INSTALL 1
#define HAVE_LOCALE_H 1
#define HAVE_LIBINTL_H 1
#define HAVE_SETLOCALE 1
#define HAVE_I18N 1
#define DEBUG 1
#define GCC_WITH_VISIBILITY_ATTRIBUTE 1
#define AQBANKING_ENABLE_INIT_PLUGINS 1

configure: exit 0

## ---------------------- ##
## Running config.status. ##
## ---------------------- ##

This file was extended by config.status, which was
generated by GNU Autoconf 2.61.  Invocation command line was

  CONFIG_FILES    = 
  CONFIG_HEADERS  = 
  CONFIG_LINKS    = 
  CONFIG_COMMANDS = 
  $ ./config.status config.h

on kranich

config.status:1248: creating config.h
config.status:1552: config.h is unchanged
