This file contains any messages produced by compilers while
running configure, to aid debugging if configure makes a mistake.

It was created by libgnutls-extra configure 2.8.5, which was
generated by GNU Autoconf 2.64.  Invocation command line was

  $ /Users/michael/src/git/lib/gnutls-2.8.5/libextra/configure --disable-option-checking --prefix=/Users/michael/src/git/lib/static-build-debug-4.99.25rc --disable-dependency-tracking --disable-shared --enable-static --disable-rpath --disable-nls --disable-guile --disable-cxx --with-libgcrypt-prefix=/Users/michael/src/git/lib/static-build-debug-4.99.25rc CFLAGS=-O -g -isysroot /Developer/SDKs/MacOSX10.5.sdk -arch i386 -I/Users/michael/src/git/lib/static-build-debug-4.99.25rc/include/ -mmacosx-version-min=10.5 LDFLAGS=-arch i386 -L/Users/michael/src/git/lib/static-build-debug-4.99.25rc/lib -L/Developer/SDKs/MacOSX10.5.sdk/usr/lib/ -mmacosx-version-min=10.5 CPPFLAGS=-O -g -isysroot /Developer/SDKs/MacOSX10.5.sdk -arch i386 -I/Users/michael/src/git/lib/static-build-debug-4.99.25rc/include/ -mmacosx-version-min=10.5 --cache-file=/dev/null --srcdir=/Users/michael/src/git/lib/gnutls-2.8.5/libextra

## --------- ##
## Platform. ##
## --------- ##

hostname = moeve
uname -m = i386
uname -r = 10.4.0
uname -s = Darwin
uname -v = Darwin Kernel Version 10.4.0: Fri Apr 23 18:28:53 PDT 2010; root:xnu-1504.7.4~1/RELEASE_I386

/usr/bin/uname -p = i386
/bin/uname -X     = unknown

/bin/arch              = unknown
/usr/bin/arch -k       = unknown
/usr/convex/getsysinfo = unknown
/usr/bin/hostinfo      = Mach kernel version:
	 Darwin Kernel Version 10.4.0: Fri Apr 23 18:28:53 PDT 2010; root:xnu-1504.7.4~1/RELEASE_I386
Kernel configured for up to 2 processors.
2 processors are physically available.
2 processors are logically available.
Processor type: i486 (Intel 80486)
Processors active: 0 1
Primary memory available: 4.00 gigabytes
Default processor set: 105 tasks, 436 threads, 2 processors
Load average: 2.76, Mach factor: 0.64
/bin/machine           = unknown
/usr/bin/oslevel       = unknown
/bin/universe          = unknown

PATH: /Users/michael/src/git/lib/static-build-debug-4.99.25rc/bin
PATH: /usr/bin
PATH: /bin
PATH: /usr/sbin
PATH: /sbin
PATH: /usr/X11/bin


## ----------- ##
## Core tests. ##
## ----------- ##

configure:2656: checking for a BSD-compatible install
configure:2724: result: /usr/bin/install -c
configure:2735: checking whether build environment is sane
configure:2785: result: yes
configure:2926: checking for a thread-safe mkdir -p
configure:2965: result: /Users/michael/src/git/lib/gnutls-2.8.5/libextra/build-aux/install-sh -c -d
configure:2978: checking for gawk
configure:3008: result: no
configure:2978: checking for mawk
configure:3008: result: no
configure:2978: checking for nawk
configure:3008: result: no
configure:2978: checking for awk
configure:2994: found /usr/bin/awk
configure:3005: result: awk
configure:3016: checking whether make sets $(MAKE)
configure:3038: result: yes
configure:3169: checking for gcc
configure:3185: found /usr/bin/gcc
configure:3196: result: gcc
configure:3425: checking for C compiler version
configure:3434: gcc --version >&5
i686-apple-darwin10-gcc-4.2.1 (GCC) 4.2.1 (Apple Inc. build 5664)
Copyright (C) 2007 Free Software Foundation, Inc.
This is free software; see the source for copying conditions.  There is NO
warranty; not even for MERCHANTABILITY or FITNESS FOR A PARTICULAR PURPOSE.

configure:3445: $? = 0
configure:3434: gcc -v >&5
Using built-in specs.
Target: i686-apple-darwin10
Configured with: /var/tmp/gcc/gcc-5664~38/src/configure --disable-checking --enable-werror --prefix=/usr --mandir=/share/man --enable-languages=c,objc,c++,obj-c++ --program-transform-name=/^[cg][^.-]*$/s/$/-4.2/ --with-slibdir=/usr/lib --build=i686-apple-darwin10 --program-prefix=i686-apple-darwin10- --host=x86_64-apple-darwin10 --target=i686-apple-darwin10 --with-gxx-include-dir=/include/c++/4.2.1
Thread model: posix
gcc version 4.2.1 (Apple Inc. build 5664)
configure:3445: $? = 0
configure:3434: gcc -V >&5
gcc-4.2: argument to `-V' is missing
configure:3445: $? = 1
configure:3434: gcc -qversion >&5
i686-apple-darwin10-gcc-4.2.1: no input files
configure:3445: $? = 1
configure:3467: checking for C compiler default output file name
configure:3489: gcc -O -g -isysroot /Developer/SDKs/MacOSX10.5.sdk -arch i386 -I/Users/michael/src/git/lib/static-build-debug-4.99.25rc/include/ -mmacosx-version-min=10.5 -O -g -isysroot /Developer/SDKs/MacOSX10.5.sdk -arch i386 -I/Users/michael/src/git/lib/static-build-debug-4.99.25rc/include/ -mmacosx-version-min=10.5 -arch i386 -L/Users/michael/src/git/lib/static-build-debug-4.99.25rc/lib -L/Developer/SDKs/MacOSX10.5.sdk/usr/lib/ -mmacosx-version-min=10.5 conftest.c  >&5
configure:3493: $? = 0
configure:3530: result: a.out
configure:3546: checking whether the C compiler works
configure:3555: ./a.out
configure:3559: $? = 0
configure:3574: result: yes
configure:3581: checking whether we are cross compiling
configure:3583: result: no
configure:3586: checking for suffix of executables
configure:3593: gcc -o conftest -O -g -isysroot /Developer/SDKs/MacOSX10.5.sdk -arch i386 -I/Users/michael/src/git/lib/static-build-debug-4.99.25rc/include/ -mmacosx-version-min=10.5 -O -g -isysroot /Developer/SDKs/MacOSX10.5.sdk -arch i386 -I/Users/michael/src/git/lib/static-build-debug-4.99.25rc/include/ -mmacosx-version-min=10.5 -arch i386 -L/Users/michael/src/git/lib/static-build-debug-4.99.25rc/lib -L/Developer/SDKs/MacOSX10.5.sdk/usr/lib/ -mmacosx-version-min=10.5 conftest.c  >&5
configure:3597: $? = 0
configure:3619: result: 
configure:3625: checking for suffix of object files
configure:3647: gcc -c -O -g -isysroot /Developer/SDKs/MacOSX10.5.sdk -arch i386 -I/Users/michael/src/git/lib/static-build-debug-4.99.25rc/include/ -mmacosx-version-min=10.5 -O -g -isysroot /Developer/SDKs/MacOSX10.5.sdk -arch i386 -I/Users/michael/src/git/lib/static-build-debug-4.99.25rc/include/ -mmacosx-version-min=10.5 conftest.c >&5
configure:3651: $? = 0
configure:3672: result: o
configure:3676: checking whether we are using the GNU C compiler
configure:3695: gcc -c -O -g -isysroot /Developer/SDKs/MacOSX10.5.sdk -arch i386 -I/Users/michael/src/git/lib/static-build-debug-4.99.25rc/include/ -mmacosx-version-min=10.5 -O -g -isysroot /Developer/SDKs/MacOSX10.5.sdk -arch i386 -I/Users/michael/src/git/lib/static-build-debug-4.99.25rc/include/ -mmacosx-version-min=10.5 conftest.c >&5
configure:3695: $? = 0
configure:3704: result: yes
configure:3713: checking whether gcc accepts -g
configure:3733: gcc -c -g -O -g -isysroot /Developer/SDKs/MacOSX10.5.sdk -arch i386 -I/Users/michael/src/git/lib/static-build-debug-4.99.25rc/include/ -mmacosx-version-min=10.5 conftest.c >&5
configure:3733: $? = 0
configure:3774: result: yes
configure:3791: checking for gcc option to accept ISO C89
configure:3855: gcc  -c -O -g -isysroot /Developer/SDKs/MacOSX10.5.sdk -arch i386 -I/Users/michael/src/git/lib/static-build-debug-4.99.25rc/include/ -mmacosx-version-min=10.5 -O -g -isysroot /Developer/SDKs/MacOSX10.5.sdk -arch i386 -I/Users/michael/src/git/lib/static-build-debug-4.99.25rc/include/ -mmacosx-version-min=10.5 conftest.c >&5
configure:3855: $? = 0
configure:3868: result: none needed
configure:3899: checking for style of include used by make
configure:3927: result: GNU
configure:3952: checking dependency style of gcc
configure:4062: result: none
configure:4120: checking for ranlib
configure:4136: found /usr/bin/ranlib
configure:4147: result: ranlib
configure:4173: checking build system type
configure:4187: result: i386-apple-darwin10.4.0
configure:4207: checking host system type
configure:4220: result: i386-apple-darwin10.4.0
configure:4246: checking how to run the C preprocessor
configure:4277: gcc -E -O -g -isysroot /Developer/SDKs/MacOSX10.5.sdk -arch i386 -I/Users/michael/src/git/lib/static-build-debug-4.99.25rc/include/ -mmacosx-version-min=10.5 conftest.c
configure:4277: $? = 0
configure:4291: gcc -E -O -g -isysroot /Developer/SDKs/MacOSX10.5.sdk -arch i386 -I/Users/michael/src/git/lib/static-build-debug-4.99.25rc/include/ -mmacosx-version-min=10.5 conftest.c
conftest.c:11:28: error: ac_nonexistent.h: No such file or directory
configure:4291: $? = 1
configure: failed program was:
| /* confdefs.h */
| #define PACKAGE_NAME "libgnutls-extra"
| #define PACKAGE_TARNAME "libgnutls-extra"
| #define PACKAGE_VERSION "2.8.5"
| #define PACKAGE_STRING "libgnutls-extra 2.8.5"
| #define PACKAGE_BUGREPORT "bug-gnutls@gnu.org"
| #define PACKAGE_URL ""
| #define PACKAGE "libgnutls-extra"
| #define VERSION "2.8.5"
| /* end confdefs.h.  */
| #include <ac_nonexistent.h>
configure:4316: result: gcc -E
configure:4336: gcc -E -O -g -isysroot /Developer/SDKs/MacOSX10.5.sdk -arch i386 -I/Users/michael/src/git/lib/static-build-debug-4.99.25rc/include/ -mmacosx-version-min=10.5 conftest.c
configure:4336: $? = 0
configure:4350: gcc -E -O -g -isysroot /Developer/SDKs/MacOSX10.5.sdk -arch i386 -I/Users/michael/src/git/lib/static-build-debug-4.99.25rc/include/ -mmacosx-version-min=10.5 conftest.c
conftest.c:11:28: error: ac_nonexistent.h: No such file or directory
configure:4350: $? = 1
configure: failed program was:
| /* confdefs.h */
| #define PACKAGE_NAME "libgnutls-extra"
| #define PACKAGE_TARNAME "libgnutls-extra"
| #define PACKAGE_VERSION "2.8.5"
| #define PACKAGE_STRING "libgnutls-extra 2.8.5"
| #define PACKAGE_BUGREPORT "bug-gnutls@gnu.org"
| #define PACKAGE_URL ""
| #define PACKAGE "libgnutls-extra"
| #define VERSION "2.8.5"
| /* end confdefs.h.  */
| #include <ac_nonexistent.h>
configure:4379: checking for grep that handles long lines and -e
configure:4437: result: /usr/bin/grep
configure:4442: checking for egrep
configure:4504: result: /usr/bin/grep -E
configure:4509: checking for ANSI C header files
configure:4529: gcc -c -O -g -isysroot /Developer/SDKs/MacOSX10.5.sdk -arch i386 -I/Users/michael/src/git/lib/static-build-debug-4.99.25rc/include/ -mmacosx-version-min=10.5 -O -g -isysroot /Developer/SDKs/MacOSX10.5.sdk -arch i386 -I/Users/michael/src/git/lib/static-build-debug-4.99.25rc/include/ -mmacosx-version-min=10.5 conftest.c >&5
configure:4529: $? = 0
configure:4602: gcc -o conftest -O -g -isysroot /Developer/SDKs/MacOSX10.5.sdk -arch i386 -I/Users/michael/src/git/lib/static-build-debug-4.99.25rc/include/ -mmacosx-version-min=10.5 -O -g -isysroot /Developer/SDKs/MacOSX10.5.sdk -arch i386 -I/Users/michael/src/git/lib/static-build-debug-4.99.25rc/include/ -mmacosx-version-min=10.5 -arch i386 -L/Users/michael/src/git/lib/static-build-debug-4.99.25rc/lib -L/Developer/SDKs/MacOSX10.5.sdk/usr/lib/ -mmacosx-version-min=10.5 conftest.c  >&5
configure:4602: $? = 0
configure:4602: ./conftest
configure:4602: $? = 0
configure:4613: result: yes
configure:4626: checking for sys/types.h
configure:4626: gcc -c -O -g -isysroot /Developer/SDKs/MacOSX10.5.sdk -arch i386 -I/Users/michael/src/git/lib/static-build-debug-4.99.25rc/include/ -mmacosx-version-min=10.5 -O -g -isysroot /Developer/SDKs/MacOSX10.5.sdk -arch i386 -I/Users/michael/src/git/lib/static-build-debug-4.99.25rc/include/ -mmacosx-version-min=10.5 conftest.c >&5
configure:4626: $? = 0
configure:4626: result: yes
configure:4626: checking for sys/stat.h
configure:4626: gcc -c -O -g -isysroot /Developer/SDKs/MacOSX10.5.sdk -arch i386 -I/Users/michael/src/git/lib/static-build-debug-4.99.25rc/include/ -mmacosx-version-min=10.5 -O -g -isysroot /Developer/SDKs/MacOSX10.5.sdk -arch i386 -I/Users/michael/src/git/lib/static-build-debug-4.99.25rc/include/ -mmacosx-version-min=10.5 conftest.c >&5
configure:4626: $? = 0
configure:4626: result: yes
configure:4626: checking for stdlib.h
configure:4626: gcc -c -O -g -isysroot /Developer/SDKs/MacOSX10.5.sdk -arch i386 -I/Users/michael/src/git/lib/static-build-debug-4.99.25rc/include/ -mmacosx-version-min=10.5 -O -g -isysroot /Developer/SDKs/MacOSX10.5.sdk -arch i386 -I/Users/michael/src/git/lib/static-build-debug-4.99.25rc/include/ -mmacosx-version-min=10.5 conftest.c >&5
configure:4626: $? = 0
configure:4626: result: yes
configure:4626: checking for string.h
configure:4626: gcc -c -O -g -isysroot /Developer/SDKs/MacOSX10.5.sdk -arch i386 -I/Users/michael/src/git/lib/static-build-debug-4.99.25rc/include/ -mmacosx-version-min=10.5 -O -g -isysroot /Developer/SDKs/MacOSX10.5.sdk -arch i386 -I/Users/michael/src/git/lib/static-build-debug-4.99.25rc/include/ -mmacosx-version-min=10.5 conftest.c >&5
configure:4626: $? = 0
configure:4626: result: yes
configure:4626: checking for memory.h
configure:4626: gcc -c -O -g -isysroot /Developer/SDKs/MacOSX10.5.sdk -arch i386 -I/Users/michael/src/git/lib/static-build-debug-4.99.25rc/include/ -mmacosx-version-min=10.5 -O -g -isysroot /Developer/SDKs/MacOSX10.5.sdk -arch i386 -I/Users/michael/src/git/lib/static-build-debug-4.99.25rc/include/ -mmacosx-version-min=10.5 conftest.c >&5
configure:4626: $? = 0
configure:4626: result: yes
configure:4626: checking for strings.h
configure:4626: gcc -c -O -g -isysroot /Developer/SDKs/MacOSX10.5.sdk -arch i386 -I/Users/michael/src/git/lib/static-build-debug-4.99.25rc/include/ -mmacosx-version-min=10.5 -O -g -isysroot /Developer/SDKs/MacOSX10.5.sdk -arch i386 -I/Users/michael/src/git/lib/static-build-debug-4.99.25rc/include/ -mmacosx-version-min=10.5 conftest.c >&5
configure:4626: $? = 0
configure:4626: result: yes
configure:4626: checking for inttypes.h
configure:4626: gcc -c -O -g -isysroot /Developer/SDKs/MacOSX10.5.sdk -arch i386 -I/Users/michael/src/git/lib/static-build-debug-4.99.25rc/include/ -mmacosx-version-min=10.5 -O -g -isysroot /Developer/SDKs/MacOSX10.5.sdk -arch i386 -I/Users/michael/src/git/lib/static-build-debug-4.99.25rc/include/ -mmacosx-version-min=10.5 conftest.c >&5
configure:4626: $? = 0
configure:4626: result: yes
configure:4626: checking for stdint.h
configure:4626: gcc -c -O -g -isysroot /Developer/SDKs/MacOSX10.5.sdk -arch i386 -I/Users/michael/src/git/lib/static-build-debug-4.99.25rc/include/ -mmacosx-version-min=10.5 -O -g -isysroot /Developer/SDKs/MacOSX10.5.sdk -arch i386 -I/Users/michael/src/git/lib/static-build-debug-4.99.25rc/include/ -mmacosx-version-min=10.5 conftest.c >&5
configure:4626: $? = 0
configure:4626: result: yes
configure:4626: checking for unistd.h
configure:4626: gcc -c -O -g -isysroot /Developer/SDKs/MacOSX10.5.sdk -arch i386 -I/Users/michael/src/git/lib/static-build-debug-4.99.25rc/include/ -mmacosx-version-min=10.5 -O -g -isysroot /Developer/SDKs/MacOSX10.5.sdk -arch i386 -I/Users/michael/src/git/lib/static-build-debug-4.99.25rc/include/ -mmacosx-version-min=10.5 conftest.c >&5
configure:4626: $? = 0
configure:4626: result: yes
configure:4642: checking minix/config.h usability
configure:4642: gcc -c -O -g -isysroot /Developer/SDKs/MacOSX10.5.sdk -arch i386 -I/Users/michael/src/git/lib/static-build-debug-4.99.25rc/include/ -mmacosx-version-min=10.5 -O -g -isysroot /Developer/SDKs/MacOSX10.5.sdk -arch i386 -I/Users/michael/src/git/lib/static-build-debug-4.99.25rc/include/ -mmacosx-version-min=10.5 conftest.c >&5
conftest.c:54:26: error: minix/config.h: No such file or directory
configure:4642: $? = 1
configure: failed program was:
| /* confdefs.h */
| #define PACKAGE_NAME "libgnutls-extra"
| #define PACKAGE_TARNAME "libgnutls-extra"
| #define PACKAGE_VERSION "2.8.5"
| #define PACKAGE_STRING "libgnutls-extra 2.8.5"
| #define PACKAGE_BUGREPORT "bug-gnutls@gnu.org"
| #define PACKAGE_URL ""
| #define PACKAGE "libgnutls-extra"
| #define VERSION "2.8.5"
| #define STDC_HEADERS 1
| #define HAVE_SYS_TYPES_H 1
| #define HAVE_SYS_STAT_H 1
| #define HAVE_STDLIB_H 1
| #define HAVE_STRING_H 1
| #define HAVE_MEMORY_H 1
| #define HAVE_STRINGS_H 1
| #define HAVE_INTTYPES_H 1
| #define HAVE_STDINT_H 1
| #define HAVE_UNISTD_H 1
| /* end confdefs.h.  */
| #include <stdio.h>
| #ifdef HAVE_SYS_TYPES_H
| # include <sys/types.h>
| #endif
| #ifdef HAVE_SYS_STAT_H
| # include <sys/stat.h>
| #endif
| #ifdef STDC_HEADERS
| # include <stdlib.h>
| # include <stddef.h>
| #else
| # ifdef HAVE_STDLIB_H
| #  include <stdlib.h>
| # endif
| #endif
| #ifdef HAVE_STRING_H
| # if !defined STDC_HEADERS && defined HAVE_MEMORY_H
| #  include <memory.h>
| # endif
| # include <string.h>
| #endif
| #ifdef HAVE_STRINGS_H
| # include <strings.h>
| #endif
| #ifdef HAVE_INTTYPES_H
| # include <inttypes.h>
| #endif
| #ifdef HAVE_STDINT_H
| # include <stdint.h>
| #endif
| #ifdef HAVE_UNISTD_H
| # include <unistd.h>
| #endif
| #include <minix/config.h>
configure:4642: result: no
configure:4642: checking minix/config.h presence
configure:4642: gcc -E -O -g -isysroot /Developer/SDKs/MacOSX10.5.sdk -arch i386 -I/Users/michael/src/git/lib/static-build-debug-4.99.25rc/include/ -mmacosx-version-min=10.5 conftest.c
conftest.c:21:26: error: minix/config.h: No such file or directory
configure:4642: $? = 1
configure: failed program was:
| /* confdefs.h */
| #define PACKAGE_NAME "libgnutls-extra"
| #define PACKAGE_TARNAME "libgnutls-extra"
| #define PACKAGE_VERSION "2.8.5"
| #define PACKAGE_STRING "libgnutls-extra 2.8.5"
| #define PACKAGE_BUGREPORT "bug-gnutls@gnu.org"
| #define PACKAGE_URL ""
| #define PACKAGE "libgnutls-extra"
| #define VERSION "2.8.5"
| #define STDC_HEADERS 1
| #define HAVE_SYS_TYPES_H 1
| #define HAVE_SYS_STAT_H 1
| #define HAVE_STDLIB_H 1
| #define HAVE_STRING_H 1
| #define HAVE_MEMORY_H 1
| #define HAVE_STRINGS_H 1
| #define HAVE_INTTYPES_H 1
| #define HAVE_STDINT_H 1
| #define HAVE_UNISTD_H 1
| /* end confdefs.h.  */
| #include <minix/config.h>
configure:4642: result: no
configure:4642: checking for minix/config.h
configure:4642: result: no
configure:4671: checking whether it is safe to define __EXTENSIONS__
configure:4689: gcc -c -O -g -isysroot /Developer/SDKs/MacOSX10.5.sdk -arch i386 -I/Users/michael/src/git/lib/static-build-debug-4.99.25rc/include/ -mmacosx-version-min=10.5 -O -g -isysroot /Developer/SDKs/MacOSX10.5.sdk -arch i386 -I/Users/michael/src/git/lib/static-build-debug-4.99.25rc/include/ -mmacosx-version-min=10.5 conftest.c >&5
configure:4689: $? = 0
configure:4696: result: yes
configure:5049: checking for a sed that does not truncate output
configure:5113: result: /usr/bin/sed
configure:5131: checking for fgrep
configure:5193: result: /usr/bin/grep -F
configure:5228: checking for ld used by gcc
configure:5295: result: /usr/libexec/gcc/i686-apple-darwin10/4.2.1/ld
configure:5302: checking if the linker (/usr/libexec/gcc/i686-apple-darwin10/4.2.1/ld) is GNU ld
configure:5317: result: no
configure:5329: checking for BSD- or MS-compatible name lister (nm)
configure:5378: result: /usr/bin/nm
configure:5496: checking the name lister (/usr/bin/nm) interface
configure:5503: gcc -c -O -g -isysroot /Developer/SDKs/MacOSX10.5.sdk -arch i386 -I/Users/michael/src/git/lib/static-build-debug-4.99.25rc/include/ -mmacosx-version-min=10.5 -O -g -isysroot /Developer/SDKs/MacOSX10.5.sdk -arch i386 -I/Users/michael/src/git/lib/static-build-debug-4.99.25rc/include/ -mmacosx-version-min=10.5 conftest.c >&5
configure:5506: /usr/bin/nm "conftest.o"
configure:5509: output
00000188 D _some_variable
configure:5516: result: BSD nm
configure:5519: checking whether ln -s works
configure:5523: result: yes
configure:5531: checking the maximum length of command line arguments
configure:5651: result: 196608
configure:5668: checking whether the shell understands some XSI constructs
configure:5678: result: yes
configure:5682: checking whether the shell understands "+="
configure:5688: result: yes
configure:5723: checking for /usr/libexec/gcc/i686-apple-darwin10/4.2.1/ld option to reload object files
configure:5730: result: -r
configure:5799: checking for objdump
configure:5826: result: objdump
configure:5855: checking how to recognize dependent libraries
configure:6051: result: pass_all
configure:6111: checking for ar
configure:6127: found /usr/bin/ar
configure:6138: result: ar
configure:6216: checking for strip
configure:6232: found /usr/bin/strip
configure:6243: result: strip
configure:6315: checking for ranlib
configure:6342: result: ranlib
configure:6432: checking command to parse /usr/bin/nm output from gcc object
configure:6550: gcc -c -O -g -isysroot /Developer/SDKs/MacOSX10.5.sdk -arch i386 -I/Users/michael/src/git/lib/static-build-debug-4.99.25rc/include/ -mmacosx-version-min=10.5 -O -g -isysroot /Developer/SDKs/MacOSX10.5.sdk -arch i386 -I/Users/michael/src/git/lib/static-build-debug-4.99.25rc/include/ -mmacosx-version-min=10.5 conftest.c >&5
configure:6553: $? = 0
configure:6557: /usr/bin/nm conftest.o \| sed -n -e 's/^.*[	 ]\([BCDEGRST][BCDEGRST]*\)[	 ][	 ]*\([_A-Za-z][_A-Za-z0-9]*\)$/\1 \2 \2/p' \> conftest.nm
configure:6560: $? = 0
cannot find nm_test_var in conftest.nm
configure:6550: gcc -c -O -g -isysroot /Developer/SDKs/MacOSX10.5.sdk -arch i386 -I/Users/michael/src/git/lib/static-build-debug-4.99.25rc/include/ -mmacosx-version-min=10.5 -O -g -isysroot /Developer/SDKs/MacOSX10.5.sdk -arch i386 -I/Users/michael/src/git/lib/static-build-debug-4.99.25rc/include/ -mmacosx-version-min=10.5 conftest.c >&5
configure:6553: $? = 0
configure:6557: /usr/bin/nm conftest.o \| sed -n -e 's/^.*[	 ]\([BCDEGRST][BCDEGRST]*\)[	 ][	 ]*_\([_A-Za-z][_A-Za-z0-9]*\)$/\1 _\2 \2/p' \> conftest.nm
configure:6560: $? = 0
configure:6614: gcc -o conftest -O -g -isysroot /Developer/SDKs/MacOSX10.5.sdk -arch i386 -I/Users/michael/src/git/lib/static-build-debug-4.99.25rc/include/ -mmacosx-version-min=10.5 -O -g -isysroot /Developer/SDKs/MacOSX10.5.sdk -arch i386 -I/Users/michael/src/git/lib/static-build-debug-4.99.25rc/include/ -mmacosx-version-min=10.5 -arch i386 -L/Users/michael/src/git/lib/static-build-debug-4.99.25rc/lib -L/Developer/SDKs/MacOSX10.5.sdk/usr/lib/ -mmacosx-version-min=10.5 conftest.c conftstm.o >&5
configure:6617: $? = 0
configure:6655: result: ok
configure:6919: checking for dsymutil
configure:6935: found /usr/bin/dsymutil
configure:6946: result: dsymutil
configure:7011: checking for nmedit
configure:7027: found /usr/bin/nmedit
configure:7038: result: nmedit
configure:7103: checking for lipo
configure:7119: found /usr/bin/lipo
configure:7130: result: lipo
configure:7195: checking for otool
configure:7211: found /usr/bin/otool
configure:7222: result: otool
configure:7287: checking for otool64
configure:7317: result: no
configure:7362: checking for -single_module linker flag
gcc -O -g -isysroot /Developer/SDKs/MacOSX10.5.sdk -arch i386 -I/Users/michael/src/git/lib/static-build-debug-4.99.25rc/include/ -mmacosx-version-min=10.5 -arch i386 -L/Users/michael/src/git/lib/static-build-debug-4.99.25rc/lib -L/Developer/SDKs/MacOSX10.5.sdk/usr/lib/ -mmacosx-version-min=10.5 -o libconftest.dylib -dynamiclib -Wl,-single_module conftest.c
configure:7389: result: yes
configure:7391: checking for -exported_symbols_list linker flag
configure:7411: gcc -o conftest -O -g -isysroot /Developer/SDKs/MacOSX10.5.sdk -arch i386 -I/Users/michael/src/git/lib/static-build-debug-4.99.25rc/include/ -mmacosx-version-min=10.5 -O -g -isysroot /Developer/SDKs/MacOSX10.5.sdk -arch i386 -I/Users/michael/src/git/lib/static-build-debug-4.99.25rc/include/ -mmacosx-version-min=10.5 -arch i386 -L/Users/michael/src/git/lib/static-build-debug-4.99.25rc/lib -L/Developer/SDKs/MacOSX10.5.sdk/usr/lib/ -mmacosx-version-min=10.5 -Wl,-exported_symbols_list,conftest.sym conftest.c  >&5
configure:7411: $? = 0
configure:7421: result: yes
configure:7460: checking for dlfcn.h
configure:7460: gcc -c -O -g -isysroot /Developer/SDKs/MacOSX10.5.sdk -arch i386 -I/Users/michael/src/git/lib/static-build-debug-4.99.25rc/include/ -mmacosx-version-min=10.5 -O -g -isysroot /Developer/SDKs/MacOSX10.5.sdk -arch i386 -I/Users/michael/src/git/lib/static-build-debug-4.99.25rc/include/ -mmacosx-version-min=10.5 conftest.c >&5
configure:7460: $? = 0
configure:7460: result: yes
configure:7642: checking for objdir
configure:7657: result: .libs
configure:7953: checking if gcc supports -fno-rtti -fno-exceptions
configure:7971: gcc -c -O -g -isysroot /Developer/SDKs/MacOSX10.5.sdk -arch i386 -I/Users/michael/src/git/lib/static-build-debug-4.99.25rc/include/ -mmacosx-version-min=10.5 -O -g -isysroot /Developer/SDKs/MacOSX10.5.sdk -arch i386 -I/Users/michael/src/git/lib/static-build-debug-4.99.25rc/include/ -mmacosx-version-min=10.5 -fno-rtti -fno-exceptions conftest.c >&5
cc1: warning: command line option "-fno-rtti" is valid for C++/ObjC++ but not for C
configure:7975: $? = 0
configure:7988: result: no
configure:8008: checking for gcc option to produce PIC
configure:8280: result: -fno-common -DPIC
configure:8292: checking if gcc PIC flag -fno-common -DPIC works
configure:8310: gcc -c -O -g -isysroot /Developer/SDKs/MacOSX10.5.sdk -arch i386 -I/Users/michael/src/git/lib/static-build-debug-4.99.25rc/include/ -mmacosx-version-min=10.5 -O -g -isysroot /Developer/SDKs/MacOSX10.5.sdk -arch i386 -I/Users/michael/src/git/lib/static-build-debug-4.99.25rc/include/ -mmacosx-version-min=10.5 -fno-common -DPIC -DPIC conftest.c >&5
configure:8314: $? = 0
configure:8327: result: yes
configure:8351: checking if gcc static flag -static works
configure:8379: result: no
configure:8394: checking if gcc supports -c -o file.o
configure:8415: gcc -c -O -g -isysroot /Developer/SDKs/MacOSX10.5.sdk -arch i386 -I/Users/michael/src/git/lib/static-build-debug-4.99.25rc/include/ -mmacosx-version-min=10.5 -O -g -isysroot /Developer/SDKs/MacOSX10.5.sdk -arch i386 -I/Users/michael/src/git/lib/static-build-debug-4.99.25rc/include/ -mmacosx-version-min=10.5 -o out/conftest2.o conftest.c >&5
configure:8419: $? = 0
configure:8441: result: yes
configure:8449: checking if gcc supports -c -o file.o
configure:8496: result: yes
configure:8529: checking whether the gcc linker (/usr/libexec/gcc/i686-apple-darwin10/4.2.1/ld) supports shared libraries
configure:9519: result: yes
configure:9758: checking dynamic linker characteristics
configure:10421: result: darwin10.4.0 dyld
configure:10523: checking how to hardcode library paths into programs
configure:10548: result: immediate
configure:11068: checking whether stripping libraries is possible
configure:11082: result: yes
configure:11108: checking if libtool supports shared libraries
configure:11110: result: yes
configure:11113: checking whether to build shared libraries
configure:11134: result: no
configure:11137: checking whether to build static libraries
configure:11141: result: yes
configure:11217: checking for ld used by GCC
configure:11281: result: /usr/libexec/gcc/i686-apple-darwin10/4.2.1/ld
configure:11288: checking if the linker (/usr/libexec/gcc/i686-apple-darwin10/4.2.1/ld) is GNU ld
configure:11301: result: no
configure:11308: checking for shared library run path origin
configure:11321: result: done
configure:11911: checking for libgcrypt
configure:11930: gcc -o conftest -O -g -isysroot /Developer/SDKs/MacOSX10.5.sdk -arch i386 -I/Users/michael/src/git/lib/static-build-debug-4.99.25rc/include/ -mmacosx-version-min=10.5 -O -g -isysroot /Developer/SDKs/MacOSX10.5.sdk -arch i386 -I/Users/michael/src/git/lib/static-build-debug-4.99.25rc/include/ -mmacosx-version-min=10.5 -I/Users/michael/src/git/lib/static-build-debug-4.99.25rc/include -arch i386 -L/Users/michael/src/git/lib/static-build-debug-4.99.25rc/lib -L/Developer/SDKs/MacOSX10.5.sdk/usr/lib/ -mmacosx-version-min=10.5 conftest.c  /Users/michael/src/git/lib/static-build-debug-4.99.25rc/lib/libgcrypt.a /Users/michael/src/git/lib/static-build-debug-4.99.25rc/lib/libgpg-error.a >&5
configure:11930: $? = 0
configure:11940: result: yes
configure:11947: checking how to link with libgcrypt
configure:11949: result: /Users/michael/src/git/lib/static-build-debug-4.99.25rc/lib/libgcrypt.a /Users/michael/src/git/lib/static-build-debug-4.99.25rc/lib/libgpg-error.a
configure:12475: checking for libtasn1
configure:12494: gcc -o conftest -O -g -isysroot /Developer/SDKs/MacOSX10.5.sdk -arch i386 -I/Users/michael/src/git/lib/static-build-debug-4.99.25rc/include/ -mmacosx-version-min=10.5 -O -g -isysroot /Developer/SDKs/MacOSX10.5.sdk -arch i386 -I/Users/michael/src/git/lib/static-build-debug-4.99.25rc/include/ -mmacosx-version-min=10.5 -I/Users/michael/src/git/lib/static-build-debug-4.99.25rc/include -arch i386 -L/Users/michael/src/git/lib/static-build-debug-4.99.25rc/lib -L/Developer/SDKs/MacOSX10.5.sdk/usr/lib/ -mmacosx-version-min=10.5 conftest.c  -ltasn1 >&5
conftest.c:29:22: error: libtasn1.h: No such file or directory
conftest.c: In function 'main':
conftest.c:33: error: 'NULL' undeclared (first use in this function)
conftest.c:33: error: (Each undeclared identifier is reported only once
conftest.c:33: error: for each function it appears in.)
configure:12494: $? = 1
configure: failed program was:
| /* confdefs.h */
| #define PACKAGE_NAME "libgnutls-extra"
| #define PACKAGE_TARNAME "libgnutls-extra"
| #define PACKAGE_VERSION "2.8.5"
| #define PACKAGE_STRING "libgnutls-extra 2.8.5"
| #define PACKAGE_BUGREPORT "bug-gnutls@gnu.org"
| #define PACKAGE_URL ""
| #define PACKAGE "libgnutls-extra"
| #define VERSION "2.8.5"
| #define STDC_HEADERS 1
| #define HAVE_SYS_TYPES_H 1
| #define HAVE_SYS_STAT_H 1
| #define HAVE_STDLIB_H 1
| #define HAVE_STRING_H 1
| #define HAVE_MEMORY_H 1
| #define HAVE_STRINGS_H 1
| #define HAVE_INTTYPES_H 1
| #define HAVE_STDINT_H 1
| #define HAVE_UNISTD_H 1
| #define __EXTENSIONS__ 1
| #define _ALL_SOURCE 1
| #define _GNU_SOURCE 1
| #define _POSIX_PTHREAD_SEMANTICS 1
| #define _TANDEM_SOURCE 1
| #define HAVE_DLFCN_H 1
| #define LT_OBJDIR ".libs/"
| #define HAVE_LIBGCRYPT 1
| /* end confdefs.h.  */
| #include <libtasn1.h>
| int
| main ()
| {
| asn1_check_version (NULL)
|   ;
|   return 0;
| }
configure:12504: result: no
configure:12534: WARNING:
  ***
  *** Libtasn1 was not found. Will use the included one.
  
configure:12541: checking whether to use the included minitasn1
configure:12543: result: yes
configure:12562: checking whether to include LZO compression support
configure:12564: result: no
configure:12703: checking whether C99 macros are supported
configure:12721: gcc -c -O -g -isysroot /Developer/SDKs/MacOSX10.5.sdk -arch i386 -I/Users/michael/src/git/lib/static-build-debug-4.99.25rc/include/ -mmacosx-version-min=10.5 -O -g -isysroot /Developer/SDKs/MacOSX10.5.sdk -arch i386 -I/Users/michael/src/git/lib/static-build-debug-4.99.25rc/include/ -mmacosx-version-min=10.5 -I/Users/michael/src/git/lib/static-build-debug-4.99.25rc/include conftest.c >&5
configure:12721: $? = 0
configure:12726: result: yes
configure:12739: checking whether to enable Opaque PRF input support
configure:12770: result: no
configure:12782: checking whether to disable SRP authentication support
configure:12790: result: no
configure:12809: checking whether to disable PSK authentication support
configure:12817: result: no
configure:12836: checking whether to disable anonymous authentication support
configure:12844: result: no
configure:12871: checking whether to disable Camellia cipher
configure:12874: result: no
configure:12884: checking whether to disable extra PKI stuff
configure:12898: result: no
configure:12914: checking whether to disable OpenPGP Certificate authentication support
configure:12929: result: no
configure:12947: checking size of void *
configure:12952: gcc -o conftest -O -g -isysroot /Developer/SDKs/MacOSX10.5.sdk -arch i386 -I/Users/michael/src/git/lib/static-build-debug-4.99.25rc/include/ -mmacosx-version-min=10.5 -O -g -isysroot /Developer/SDKs/MacOSX10.5.sdk -arch i386 -I/Users/michael/src/git/lib/static-build-debug-4.99.25rc/include/ -mmacosx-version-min=10.5 -I/Users/michael/src/git/lib/static-build-debug-4.99.25rc/include -arch i386 -L/Users/michael/src/git/lib/static-build-debug-4.99.25rc/lib -L/Developer/SDKs/MacOSX10.5.sdk/usr/lib/ -mmacosx-version-min=10.5 conftest.c  >&5
configure:12952: $? = 0
configure:12952: ./conftest
configure:12952: $? = 0
configure:12967: result: 4
configure:12981: checking size of long
configure:12986: gcc -o conftest -O -g -isysroot /Developer/SDKs/MacOSX10.5.sdk -arch i386 -I/Users/michael/src/git/lib/static-build-debug-4.99.25rc/include/ -mmacosx-version-min=10.5 -O -g -isysroot /Developer/SDKs/MacOSX10.5.sdk -arch i386 -I/Users/michael/src/git/lib/static-build-debug-4.99.25rc/include/ -mmacosx-version-min=10.5 -I/Users/michael/src/git/lib/static-build-debug-4.99.25rc/include -arch i386 -L/Users/michael/src/git/lib/static-build-debug-4.99.25rc/lib -L/Developer/SDKs/MacOSX10.5.sdk/usr/lib/ -mmacosx-version-min=10.5 conftest.c  >&5
configure:12986: $? = 0
configure:12986: ./conftest
configure:12986: $? = 0
configure:13001: result: 4
configure:13015: checking size of int
configure:13020: gcc -o conftest -O -g -isysroot /Developer/SDKs/MacOSX10.5.sdk -arch i386 -I/Users/michael/src/git/lib/static-build-debug-4.99.25rc/include/ -mmacosx-version-min=10.5 -O -g -isysroot /Developer/SDKs/MacOSX10.5.sdk -arch i386 -I/Users/michael/src/git/lib/static-build-debug-4.99.25rc/include/ -mmacosx-version-min=10.5 -I/Users/michael/src/git/lib/static-build-debug-4.99.25rc/include -arch i386 -L/Users/michael/src/git/lib/static-build-debug-4.99.25rc/lib -L/Developer/SDKs/MacOSX10.5.sdk/usr/lib/ -mmacosx-version-min=10.5 conftest.c  >&5
configure:13020: $? = 0
configure:13020: ./conftest
configure:13020: $? = 0
configure:13035: result: 4
configure:13057: checking for inline
configure:13073: gcc -c -O -g -isysroot /Developer/SDKs/MacOSX10.5.sdk -arch i386 -I/Users/michael/src/git/lib/static-build-debug-4.99.25rc/include/ -mmacosx-version-min=10.5 -O -g -isysroot /Developer/SDKs/MacOSX10.5.sdk -arch i386 -I/Users/michael/src/git/lib/static-build-debug-4.99.25rc/include/ -mmacosx-version-min=10.5 -I/Users/michael/src/git/lib/static-build-debug-4.99.25rc/include conftest.c >&5
configure:13073: $? = 0
configure:13081: result: inline
configure:13154: checking for sys/socket.h
configure:13154: gcc -c -O -g -isysroot /Developer/SDKs/MacOSX10.5.sdk -arch i386 -I/Users/michael/src/git/lib/static-build-debug-4.99.25rc/include/ -mmacosx-version-min=10.5 -O -g -isysroot /Developer/SDKs/MacOSX10.5.sdk -arch i386 -I/Users/michael/src/git/lib/static-build-debug-4.99.25rc/include/ -mmacosx-version-min=10.5 -I/Users/michael/src/git/lib/static-build-debug-4.99.25rc/include conftest.c >&5
configure:13154: $? = 0
configure:13154: result: yes
configure:13169: checking whether to disable OpenSSL compatibility layer
configure:13178: result: yes
configure:13266: checking for library containing setsockopt
configure:13288: gcc -o conftest -O -g -isysroot /Developer/SDKs/MacOSX10.5.sdk -arch i386 -I/Users/michael/src/git/lib/static-build-debug-4.99.25rc/include/ -mmacosx-version-min=10.5 -O -g -isysroot /Developer/SDKs/MacOSX10.5.sdk -arch i386 -I/Users/michael/src/git/lib/static-build-debug-4.99.25rc/include/ -mmacosx-version-min=10.5 -I/Users/michael/src/git/lib/static-build-debug-4.99.25rc/include -arch i386 -L/Users/michael/src/git/lib/static-build-debug-4.99.25rc/lib -L/Developer/SDKs/MacOSX10.5.sdk/usr/lib/ -mmacosx-version-min=10.5 conftest.c  >&5
configure:13288: $? = 0
configure:13369: result: none needed
configure:13388: checking whether byte ordering is bigendian
configure:13403: gcc -c -O -g -isysroot /Developer/SDKs/MacOSX10.5.sdk -arch i386 -I/Users/michael/src/git/lib/static-build-debug-4.99.25rc/include/ -mmacosx-version-min=10.5 -O -g -isysroot /Developer/SDKs/MacOSX10.5.sdk -arch i386 -I/Users/michael/src/git/lib/static-build-debug-4.99.25rc/include/ -mmacosx-version-min=10.5 -I/Users/michael/src/git/lib/static-build-debug-4.99.25rc/include conftest.c >&5
configure:13403: $? = 0
configure:13448: gcc -c -O -g -isysroot /Developer/SDKs/MacOSX10.5.sdk -arch i386 -I/Users/michael/src/git/lib/static-build-debug-4.99.25rc/include/ -mmacosx-version-min=10.5 -O -g -isysroot /Developer/SDKs/MacOSX10.5.sdk -arch i386 -I/Users/michael/src/git/lib/static-build-debug-4.99.25rc/include/ -mmacosx-version-min=10.5 -I/Users/michael/src/git/lib/static-build-debug-4.99.25rc/include conftest.c >&5
configure:13448: $? = 0
configure:13466: gcc -c -O -g -isysroot /Developer/SDKs/MacOSX10.5.sdk -arch i386 -I/Users/michael/src/git/lib/static-build-debug-4.99.25rc/include/ -mmacosx-version-min=10.5 -O -g -isysroot /Developer/SDKs/MacOSX10.5.sdk -arch i386 -I/Users/michael/src/git/lib/static-build-debug-4.99.25rc/include/ -mmacosx-version-min=10.5 -I/Users/michael/src/git/lib/static-build-debug-4.99.25rc/include conftest.c >&5
conftest.c: In function 'main':
conftest.c:48: error: 'not' undeclared (first use in this function)
conftest.c:48: error: (Each undeclared identifier is reported only once
conftest.c:48: error: for each function it appears in.)
conftest.c:48: error: expected ';' before 'big'
configure:13466: $? = 1
configure: failed program was:
| /* confdefs.h */
| #define PACKAGE_NAME "libgnutls-extra"
| #define PACKAGE_TARNAME "libgnutls-extra"
| #define PACKAGE_VERSION "2.8.5"
| #define PACKAGE_STRING "libgnutls-extra 2.8.5"
| #define PACKAGE_BUGREPORT "bug-gnutls@gnu.org"
| #define PACKAGE_URL ""
| #define PACKAGE "libgnutls-extra"
| #define VERSION "2.8.5"
| #define STDC_HEADERS 1
| #define HAVE_SYS_TYPES_H 1
| #define HAVE_SYS_STAT_H 1
| #define HAVE_STDLIB_H 1
| #define HAVE_STRING_H 1
| #define HAVE_MEMORY_H 1
| #define HAVE_STRINGS_H 1
| #define HAVE_INTTYPES_H 1
| #define HAVE_STDINT_H 1
| #define HAVE_UNISTD_H 1
| #define __EXTENSIONS__ 1
| #define _ALL_SOURCE 1
| #define _GNU_SOURCE 1
| #define _POSIX_PTHREAD_SEMANTICS 1
| #define _TANDEM_SOURCE 1
| #define HAVE_DLFCN_H 1
| #define LT_OBJDIR ".libs/"
| #define HAVE_LIBGCRYPT 1
| #define C99_MACROS 1
| #define ENABLE_SRP 1
| #define ENABLE_PSK 1
| #define ENABLE_ANON 1
| #define ENABLE_CAMELLIA 1
| #define ENABLE_PKI 1
| #define ENABLE_OPENPGP 1
| #define SIZEOF_VOID_P 4
| #define SIZEOF_LONG 4
| #define SIZEOF_INT 4
| #define GNUTLS_POINTER_TO_INT_CAST (long)
| #define HAVE_SYS_SOCKET_H 1
| /* end confdefs.h.  */
| #include <sys/types.h>
| 		#include <sys/param.h>
| 
| int
| main ()
| {
| #if BYTE_ORDER != BIG_ENDIAN
| 		 not big endian
| 		#endif
| 
|   ;
|   return 0;
| }
configure:13594: result: no
configure:13613: checking for C/C++ restrict keyword
configure:13638: gcc -c -O -g -isysroot /Developer/SDKs/MacOSX10.5.sdk -arch i386 -I/Users/michael/src/git/lib/static-build-debug-4.99.25rc/include/ -mmacosx-version-min=10.5 -O -g -isysroot /Developer/SDKs/MacOSX10.5.sdk -arch i386 -I/Users/michael/src/git/lib/static-build-debug-4.99.25rc/include/ -mmacosx-version-min=10.5 -I/Users/michael/src/git/lib/static-build-debug-4.99.25rc/include conftest.c >&5
configure:13638: $? = 0
configure:13646: result: __restrict
configure:13708: checking if gcc/ld supports -Wl,--output-def
configure:13740: result: not needed, shared libraries are disabled
configure:13758: checking if LD -Wl,--version-script works
configure:13782: gcc -o conftest -O -g -isysroot /Developer/SDKs/MacOSX10.5.sdk -arch i386 -I/Users/michael/src/git/lib/static-build-debug-4.99.25rc/include/ -mmacosx-version-min=10.5 -O -g -isysroot /Developer/SDKs/MacOSX10.5.sdk -arch i386 -I/Users/michael/src/git/lib/static-build-debug-4.99.25rc/include/ -mmacosx-version-min=10.5 -I/Users/michael/src/git/lib/static-build-debug-4.99.25rc/include -arch i386 -L/Users/michael/src/git/lib/static-build-debug-4.99.25rc/lib -L/Developer/SDKs/MacOSX10.5.sdk/usr/lib/ -mmacosx-version-min=10.5 -Wl,--version-script=conftest.map conftest.c  >&5
ld: unknown option: --version-script=conftest.map
collect2: ld returned 1 exit status
configure:13782: $? = 1
configure: failed program was:
| /* confdefs.h */
| #define PACKAGE_NAME "libgnutls-extra"
| #define PACKAGE_TARNAME "libgnutls-extra"
| #define PACKAGE_VERSION "2.8.5"
| #define PACKAGE_STRING "libgnutls-extra 2.8.5"
| #define PACKAGE_BUGREPORT "bug-gnutls@gnu.org"
| #define PACKAGE_URL ""
| #define PACKAGE "libgnutls-extra"
| #define VERSION "2.8.5"
| #define STDC_HEADERS 1
| #define HAVE_SYS_TYPES_H 1
| #define HAVE_SYS_STAT_H 1
| #define HAVE_STDLIB_H 1
| #define HAVE_STRING_H 1
| #define HAVE_MEMORY_H 1
| #define HAVE_STRINGS_H 1
| #define HAVE_INTTYPES_H 1
| #define HAVE_STDINT_H 1
| #define HAVE_UNISTD_H 1
| #define __EXTENSIONS__ 1
| #define _ALL_SOURCE 1
| #define _GNU_SOURCE 1
| #define _POSIX_PTHREAD_SEMANTICS 1
| #define _TANDEM_SOURCE 1
| #define HAVE_DLFCN_H 1
| #define LT_OBJDIR ".libs/"
| #define HAVE_LIBGCRYPT 1
| #define C99_MACROS 1
| #define ENABLE_SRP 1
| #define ENABLE_PSK 1
| #define ENABLE_ANON 1
| #define ENABLE_CAMELLIA 1
| #define ENABLE_PKI 1
| #define ENABLE_OPENPGP 1
| #define SIZEOF_VOID_P 4
| #define SIZEOF_LONG 4
| #define SIZEOF_INT 4
| #define GNUTLS_POINTER_TO_INT_CAST (long)
| #define HAVE_SYS_SOCKET_H 1
| #define restrict __restrict
| /* end confdefs.h.  */
| 
| int
| main ()
| {
| 
|   ;
|   return 0;
| }
configure:13791: result: no
configure:14056: creating ./config.status

## ---------------------- ##
## Running config.status. ##
## ---------------------- ##

This file was extended by libgnutls-extra config.status 2.8.5, which was
generated by GNU Autoconf 2.64.  Invocation command line was

  CONFIG_FILES    = 
  CONFIG_HEADERS  = 
  CONFIG_LINKS    = 
  CONFIG_COMMANDS = 
  $ ./config.status 

on moeve

config.status:1177: creating Makefile
config.status:1177: creating gnutls-extra.pc
config.status:1177: creating gl/Makefile
config.status:1177: creating includes/Makefile
config.status:1177: creating config.h
config.status:1390: executing depfiles commands
config.status:1390: executing libtool commands

## ---------------- ##
## Cache variables. ##
## ---------------- ##

ac_cv_build=i386-apple-darwin10.4.0
ac_cv_c_bigendian=no
ac_cv_c_compiler_gnu=yes
ac_cv_c_inline=inline
ac_cv_c_restrict=__restrict
ac_cv_env_CC_set=
ac_cv_env_CC_value=
ac_cv_env_CFLAGS_set=set
ac_cv_env_CFLAGS_value='-O -g -isysroot /Developer/SDKs/MacOSX10.5.sdk -arch i386 -I/Users/michael/src/git/lib/static-build-debug-4.99.25rc/include/ -mmacosx-version-min=10.5'
ac_cv_env_CPPFLAGS_set=set
ac_cv_env_CPPFLAGS_value='-O -g -isysroot /Developer/SDKs/MacOSX10.5.sdk -arch i386 -I/Users/michael/src/git/lib/static-build-debug-4.99.25rc/include/ -mmacosx-version-min=10.5'
ac_cv_env_CPP_set=
ac_cv_env_CPP_value=
ac_cv_env_LDFLAGS_set=set
ac_cv_env_LDFLAGS_value='-arch i386 -L/Users/michael/src/git/lib/static-build-debug-4.99.25rc/lib -L/Developer/SDKs/MacOSX10.5.sdk/usr/lib/ -mmacosx-version-min=10.5'
ac_cv_env_LIBS_set=
ac_cv_env_LIBS_value=
ac_cv_env_build_alias_set=
ac_cv_env_build_alias_value=
ac_cv_env_host_alias_set=
ac_cv_env_host_alias_value=
ac_cv_env_target_alias_set=
ac_cv_env_target_alias_value=
ac_cv_header_dlfcn_h=yes
ac_cv_header_inttypes_h=yes
ac_cv_header_memory_h=yes
ac_cv_header_minix_config_h=no
ac_cv_header_stdc=yes
ac_cv_header_stdint_h=yes
ac_cv_header_stdlib_h=yes
ac_cv_header_string_h=yes
ac_cv_header_strings_h=yes
ac_cv_header_sys_socket_h=yes
ac_cv_header_sys_stat_h=yes
ac_cv_header_sys_types_h=yes
ac_cv_header_unistd_h=yes
ac_cv_host=i386-apple-darwin10.4.0
ac_cv_libgcrypt=yes
ac_cv_libtasn1=no
ac_cv_objext=o
ac_cv_path_EGREP='/usr/bin/grep -E'
ac_cv_path_FGREP='/usr/bin/grep -F'
ac_cv_path_GREP=/usr/bin/grep
ac_cv_path_SED=/usr/bin/sed
ac_cv_path_install='/usr/bin/install -c'
ac_cv_prog_AWK=awk
ac_cv_prog_CPP='gcc -E'
ac_cv_prog_ac_ct_AR=ar
ac_cv_prog_ac_ct_CC=gcc
ac_cv_prog_ac_ct_DSYMUTIL=dsymutil
ac_cv_prog_ac_ct_LIPO=lipo
ac_cv_prog_ac_ct_NMEDIT=nmedit
ac_cv_prog_ac_ct_OBJDUMP=objdump
ac_cv_prog_ac_ct_OTOOL=otool
ac_cv_prog_ac_ct_RANLIB=ranlib
ac_cv_prog_ac_ct_STRIP=strip
ac_cv_prog_cc_c89=
ac_cv_prog_cc_g=yes
ac_cv_prog_make_make_set=yes
ac_cv_safe_to_define___extensions__=yes
ac_cv_sizeof_int=4
ac_cv_sizeof_long=4
ac_cv_sizeof_void_p=4
acl_cv_hardcode_direct=no
acl_cv_hardcode_libdir_flag_spec=
acl_cv_hardcode_libdir_separator=
acl_cv_hardcode_minus_L=no
acl_cv_libext=a
acl_cv_libname_spec='lib$name'
acl_cv_library_names_spec='$libname$shrext'
acl_cv_path_LD=/usr/libexec/gcc/i686-apple-darwin10/4.2.1/ld
acl_cv_prog_gnu_ld=no
acl_cv_rpath=done
acl_cv_shlibext=dylib
acl_cv_wl=-Wl,
am_cv_CC_dependencies_compiler_type=none
gl_cv_ld_output_def='not needed, shared libraries are disabled'
gl_cv_lib_socket='none needed'
lt_cv_apple_cc_single_mod=yes
lt_cv_deplibs_check_method=pass_all
lt_cv_file_magic_cmd='$MAGIC_CMD'
lt_cv_file_magic_test_file=
lt_cv_ld_exported_symbols_list=yes
lt_cv_ld_reload_flag=-r
lt_cv_nm_interface='BSD nm'
lt_cv_objdir=.libs
lt_cv_path_LD=/usr/libexec/gcc/i686-apple-darwin10/4.2.1/ld
lt_cv_path_NM=/usr/bin/nm
lt_cv_prog_compiler_c_o=yes
lt_cv_prog_compiler_pic_works=yes
lt_cv_prog_compiler_rtti_exceptions=no
lt_cv_prog_compiler_static_works=no
lt_cv_prog_gnu_ld=no
lt_cv_sys_global_symbol_pipe='sed -n -e '\''s/^.*[	 ]\([BCDEGRST][BCDEGRST]*\)[	 ][	 ]*_\([_A-Za-z][_A-Za-z0-9]*\)$/\1 _\2 \2/p'\'''
lt_cv_sys_global_symbol_to_c_name_address='sed -n -e '\''s/^: \([^ ]*\) $/  {\"\1\", (void *) 0},/p'\'' -e '\''s/^[BCDEGRST]* \([^ ]*\) \([^ ]*\)$/  {"\2", (void *) \&\2},/p'\'''
lt_cv_sys_global_symbol_to_c_name_address_lib_prefix='sed -n -e '\''s/^: \([^ ]*\) $/  {\"\1\", (void *) 0},/p'\'' -e '\''s/^[BCDEGRST]* \([^ ]*\) \(lib[^ ]*\)$/  {"\2", (void *) \&\2},/p'\'' -e '\''s/^[BCDEGRST]* \([^ ]*\) \([^ ]*\)$/  {"lib\2", (void *) \&\2},/p'\'''
lt_cv_sys_global_symbol_to_cdecl='sed -n -e '\''s/^T .* \(.*\)$/extern int \1();/p'\'' -e '\''s/^[BCDEGRST]* .* \(.*\)$/extern char \1;/p'\'''
lt_cv_sys_max_cmd_len=196608

## ----------------- ##
## Output variables. ##
## ----------------- ##

ACLOCAL='${SHELL} /Users/michael/src/git/lib/gnutls-2.8.5/libextra/build-aux/missing --run aclocal-1.11'
AMDEPBACKSLASH=''
AMDEP_FALSE=''
AMDEP_TRUE='#'
AMTAR='${SHELL} /Users/michael/src/git/lib/gnutls-2.8.5/libextra/build-aux/missing --run tar'
AR='ar'
AS='as'
AUTOCONF='${SHELL} /Users/michael/src/git/lib/gnutls-2.8.5/libextra/build-aux/missing --run autoconf'
AUTOHEADER='${SHELL} /Users/michael/src/git/lib/gnutls-2.8.5/libextra/build-aux/missing --run autoheader'
AUTOMAKE='${SHELL} /Users/michael/src/git/lib/gnutls-2.8.5/libextra/build-aux/missing --run automake-1.11'
AWK='awk'
CC='gcc'
CCDEPMODE='depmode=none'
CFLAGS='-O -g -isysroot /Developer/SDKs/MacOSX10.5.sdk -arch i386 -I/Users/michael/src/git/lib/static-build-debug-4.99.25rc/include/ -mmacosx-version-min=10.5'
CPP='gcc -E'
CPPFLAGS='-O -g -isysroot /Developer/SDKs/MacOSX10.5.sdk -arch i386 -I/Users/michael/src/git/lib/static-build-debug-4.99.25rc/include/ -mmacosx-version-min=10.5 -I/Users/michael/src/git/lib/static-build-debug-4.99.25rc/include'
CYGPATH_W='echo'
DEFS='-DHAVE_CONFIG_H'
DEPDIR='.deps'
DLLTOOL='dlltool'
DLL_VERSION='26'
DSYMUTIL='dsymutil'
DUMPBIN=''
ECHO_C='\c'
ECHO_N=''
ECHO_T=''
EGREP='/usr/bin/grep -E'
ENABLE_ANON_FALSE='#'
ENABLE_ANON_TRUE=''
ENABLE_MINITASN1_FALSE='#'
ENABLE_MINITASN1_TRUE=''
ENABLE_OPENPGP_FALSE='#'
ENABLE_OPENPGP_TRUE=''
ENABLE_OPENSSL_FALSE='#'
ENABLE_OPENSSL_TRUE=''
ENABLE_OPRFI_FALSE=''
ENABLE_OPRFI_TRUE='#'
ENABLE_PKI_FALSE='#'
ENABLE_PKI_TRUE=''
ENABLE_PSK_FALSE='#'
ENABLE_PSK_TRUE=''
ENABLE_SRP_FALSE='#'
ENABLE_SRP_TRUE=''
EXEEXT=''
FGREP='/usr/bin/grep -F'
GL_COND_LIBTOOL_FALSE='#'
GL_COND_LIBTOOL_TRUE=''
GNULIB_CHOWN='0'
GNULIB_CLOSE='0'
GNULIB_DUP2='0'
GNULIB_ENVIRON='0'
GNULIB_EUIDACCESS='0'
GNULIB_FCHDIR='0'
GNULIB_FSYNC='0'
GNULIB_FTRUNCATE='0'
GNULIB_GETCWD='0'
GNULIB_GETDOMAINNAME='0'
GNULIB_GETDTABLESIZE='0'
GNULIB_GETHOSTNAME='0'
GNULIB_GETLOGIN_R='0'
GNULIB_GETPAGESIZE='0'
GNULIB_GETUSERSHELL='0'
GNULIB_LCHOWN='0'
GNULIB_LINK='0'
GNULIB_LSEEK='0'
GNULIB_READLINK='0'
GNULIB_SLEEP='0'
GNULIB_UNISTD_H_SIGPIPE='0'
GNULIB_WRITE='0'
GREP='/usr/bin/grep'
HAVE_DECL_ENVIRON='1'
HAVE_DECL_GETLOGIN_R='1'
HAVE_DUP2='1'
HAVE_EUIDACCESS='1'
HAVE_FSYNC='1'
HAVE_FTRUNCATE='1'
HAVE_GETDOMAINNAME='1'
HAVE_GETDTABLESIZE='1'
HAVE_GETHOSTNAME='1'
HAVE_GETPAGESIZE='1'
HAVE_GETUSERSHELL='1'
HAVE_LD_OUTPUT_DEF_FALSE=''
HAVE_LD_OUTPUT_DEF_TRUE='#'
HAVE_LD_VERSION_SCRIPT_FALSE=''
HAVE_LD_VERSION_SCRIPT_TRUE='#'
HAVE_LIBGCRYPT='yes'
HAVE_LIBTASN1='no'
HAVE_LINK='1'
HAVE_OS_H='0'
HAVE_READLINK='1'
HAVE_SLEEP='1'
HAVE_SYS_PARAM_H='0'
HAVE_WINSOCK2_H='0'
INSTALL_DATA='${INSTALL} -m 644'
INSTALL_PROGRAM='${INSTALL}'
INSTALL_SCRIPT='${INSTALL}'
INSTALL_STRIP_PROGRAM='$(install_sh) -c -s'
LD='/usr/libexec/gcc/i686-apple-darwin10/4.2.1/ld'
LDFLAGS='-arch i386 -L/Users/michael/src/git/lib/static-build-debug-4.99.25rc/lib -L/Developer/SDKs/MacOSX10.5.sdk/usr/lib/ -mmacosx-version-min=10.5'
LIBGCRYPT='/Users/michael/src/git/lib/static-build-debug-4.99.25rc/lib/libgcrypt.a /Users/michael/src/git/lib/static-build-debug-4.99.25rc/lib/libgpg-error.a'
LIBGCRYPT_PREFIX='/Users/michael/src/git/lib/static-build-debug-4.99.25rc'
LIBGNUTLS_EXTRA_CFLAGS='-I${prefix}/include'
LIBGNUTLS_EXTRA_LIBS='-L${exec_prefix}/lib -lgnutls-extra  '
LIBOBJS=''
LIBS=''
LIBSOCKET=''
LIBTASN1=''
LIBTASN1_PREFIX=''
LIBTOOL='$(SHELL) $(top_builddir)/libtool'
LIPO='lipo'
LN_S='ln -s'
LTLIBGCRYPT='-L/Users/michael/src/git/lib/static-build-debug-4.99.25rc/lib -lgcrypt -L/Users/michael/src/git/lib/static-build-debug-4.99.25rc/lib -lgpg-error'
LTLIBOBJS=''
LTLIBTASN1=''
LT_AGE='14'
LT_CURRENT='40'
LT_REVISION='12'
LZO_LIBS=''
MAKEINFO='${SHELL} /Users/michael/src/git/lib/gnutls-2.8.5/libextra/build-aux/missing --run makeinfo'
MKDIR_P='/Users/michael/src/git/lib/gnutls-2.8.5/libextra/build-aux/install-sh -c -d'
NM='/usr/bin/nm'
NMEDIT='nmedit'
OBJDUMP='objdump'
OBJEXT='o'
OTOOL64=':'
OTOOL='otool'
PACKAGE='libgnutls-extra'
PACKAGE_BUGREPORT='bug-gnutls@gnu.org'
PACKAGE_NAME='libgnutls-extra'
PACKAGE_STRING='libgnutls-extra 2.8.5'
PACKAGE_TARNAME='libgnutls-extra'
PACKAGE_URL=''
PACKAGE_VERSION='2.8.5'
PATH_SEPARATOR=':'
RANLIB='ranlib'
REPLACE_CHOWN='0'
REPLACE_CLOSE='0'
REPLACE_FCHDIR='0'
REPLACE_GETCWD='0'
REPLACE_GETPAGESIZE='0'
REPLACE_LCHOWN='0'
REPLACE_LSEEK='0'
REPLACE_WRITE='0'
SED='/usr/bin/sed'
SET_MAKE=''
SHELL='/bin/sh'
STRIP='strip'
UNISTD_H_HAVE_WINSOCK2_H='0'
USE_LZO_FALSE=''
USE_LZO_TRUE='#'
VERSION='2.8.5'
WARN_CFLAGS=''
WERROR_CFLAGS=''
ac_ct_CC='gcc'
ac_ct_DUMPBIN=''
am__EXEEXT_FALSE=''
am__EXEEXT_TRUE='#'
am__fastdepCC_FALSE=''
am__fastdepCC_TRUE='#'
am__include='include'
am__isrc=' -I$(srcdir)'
am__leading_dot='.'
am__quote=''
am__tar='${AMTAR} chof - "$$tardir"'
am__untar='${AMTAR} xf -'
bindir='${exec_prefix}/bin'
build='i386-apple-darwin10.4.0'
build_alias=''
build_cpu='i386'
build_os='darwin10.4.0'
build_vendor='apple'
datadir='${datarootdir}'
datarootdir='${prefix}/share'
docdir='${datarootdir}/doc/${PACKAGE_TARNAME}'
dvidir='${docdir}'
exec_prefix='${prefix}'
host='i386-apple-darwin10.4.0'
host_alias=''
host_cpu='i386'
host_os='darwin10.4.0'
host_vendor='apple'
htmldir='${docdir}'
includedir='${prefix}/include'
infodir='${datarootdir}/info'
install_sh='${SHELL} /Users/michael/src/git/lib/gnutls-2.8.5/libextra/build-aux/install-sh'
libdir='${exec_prefix}/lib'
libexecdir='${exec_prefix}/libexec'
localedir='${datarootdir}/locale'
localstatedir='${prefix}/var'
lt_ECHO='/bin/echo'
mandir='${datarootdir}/man'
mkdir_p='/Users/michael/src/git/lib/gnutls-2.8.5/libextra/build-aux/install-sh -c -d'
oldincludedir='/usr/include'
pdfdir='${docdir}'
prefix='/Users/michael/src/git/lib/static-build-debug-4.99.25rc'
program_transform_name='s,x,x,'
psdir='${docdir}'
sbindir='${exec_prefix}/sbin'
sharedstatedir='${prefix}/com'
sysconfdir='${prefix}/etc'
target_alias=''
xgl_LIBOBJS=' hmac-md5.o md5.o memxor.o'
xgl_LTLIBOBJS=' hmac-md5.lo md5.lo memxor.lo'
xgltests_LIBOBJS=''
xgltests_LTLIBOBJS=''

## ----------- ##
## confdefs.h. ##
## ----------- ##

/* confdefs.h */
#define PACKAGE_NAME "libgnutls-extra"
#define PACKAGE_TARNAME "libgnutls-extra"
#define PACKAGE_VERSION "2.8.5"
#define PACKAGE_STRING "libgnutls-extra 2.8.5"
#define PACKAGE_BUGREPORT "bug-gnutls@gnu.org"
#define PACKAGE_URL ""
#define PACKAGE "libgnutls-extra"
#define VERSION "2.8.5"
#define STDC_HEADERS 1
#define HAVE_SYS_TYPES_H 1
#define HAVE_SYS_STAT_H 1
#define HAVE_STDLIB_H 1
#define HAVE_STRING_H 1
#define HAVE_MEMORY_H 1
#define HAVE_STRINGS_H 1
#define HAVE_INTTYPES_H 1
#define HAVE_STDINT_H 1
#define HAVE_UNISTD_H 1
#define __EXTENSIONS__ 1
#define _ALL_SOURCE 1
#define _GNU_SOURCE 1
#define _POSIX_PTHREAD_SEMANTICS 1
#define _TANDEM_SOURCE 1
#define HAVE_DLFCN_H 1
#define LT_OBJDIR ".libs/"
#define HAVE_LIBGCRYPT 1
#define C99_MACROS 1
#define ENABLE_SRP 1
#define ENABLE_PSK 1
#define ENABLE_ANON 1
#define ENABLE_CAMELLIA 1
#define ENABLE_PKI 1
#define ENABLE_OPENPGP 1
#define SIZEOF_VOID_P 4
#define SIZEOF_LONG 4
#define SIZEOF_INT 4
#define GNUTLS_POINTER_TO_INT_CAST (long)
#define HAVE_SYS_SOCKET_H 1
#define restrict __restrict

configure: exit 0
