This file contains any messages produced by compilers while
running configure, to aid debugging if configure makes a mistake.

It was created by libgpg-error configure 1.17, which was
generated by GNU Autoconf 2.69.  Invocation command line was

  $ /Users/sts/Quellen/mac/hbci/lib/libgpg-error-1.17/configure --disable-dependency-tracking --prefix=/Users/sts/Quellen/mac/hbci/lib/static-build-debug-5.5.0.2 --disable-shared --enable-static --disable-languages --disable-rpath --disable-nls

## --------- ##
## Platform. ##
## --------- ##

hostname = Goedel.local
uname -m = x86_64
uname -r = 14.0.0
uname -s = Darwin
uname -v = Darwin Kernel Version 14.0.0: Fri Sep 19 00:26:44 PDT 2014; root:xnu-2782.1.97~2/RELEASE_X86_64

/usr/bin/uname -p = i386
/bin/uname -X     = unknown

/bin/arch              = unknown
/usr/bin/arch -k       = unknown
/usr/convex/getsysinfo = unknown
/usr/bin/hostinfo      = Mach kernel version:
	 Darwin Kernel Version 14.0.0: Fri Sep 19 00:26:44 PDT 2014; root:xnu-2782.1.97~2/RELEASE_X86_64
Kernel configured for up to 4 processors.
2 processors are physically available.
4 processors are logically available.
Processor type: x86_64h (Intel x86-64h Haswell)
Processors active: 0 1 2 3
Primary memory available: 16.00 gigabytes
Default processor set: 344 tasks, 1854 threads, 4 processors
Load average: 3.30, Mach factor: 1.47
/bin/machine           = unknown
/usr/bin/oslevel       = unknown
/bin/universe          = unknown

PATH: /Users/sts/Quellen/mac/hbci/lib/static-build-debug-5.5.0.2/bin
PATH: /usr/bin
PATH: /bin
PATH: /usr/sbin
PATH: /sbin
PATH: /usr/X11/bin
PATH: /usr/local/bin


## ----------- ##
## Core tests. ##
## ----------- ##

configure:2639: checking for a BSD-compatible install
configure:2707: result: /usr/bin/install -c
configure:2718: checking whether build environment is sane
configure:2768: result: yes
configure:2909: checking for a thread-safe mkdir -p
configure:2948: result: /Users/sts/Quellen/mac/hbci/lib/libgpg-error-1.17/build-aux/install-sh -c -d
configure:2961: checking for gawk
configure:2991: result: no
configure:2961: checking for mawk
configure:2991: result: no
configure:2961: checking for nawk
configure:2991: result: no
configure:2961: checking for awk
configure:2977: found /usr/bin/awk
configure:2988: result: awk
configure:2999: checking whether make sets $(MAKE)
configure:3021: result: yes
configure:3102: checking whether to enable maintainer-specific portions of Makefiles
configure:3111: result: no
configure:3139: checking whether make supports nested variables
configure:3156: result: yes
configure:3174: checking build system type
configure:3188: result: x86_64-apple-darwin14.0.0
configure:3208: checking host system type
configure:3221: result: x86_64-apple-darwin14.0.0
configure:3245: autobuild project... libgpg-error
configure:3247: autobuild revision... 1.17
configure:3251: autobuild hostname... Goedel.local
configure:3260: autobuild timestamp... 20141213-124113
configure:3314: checking for gcc
configure:3330: found /usr/bin/gcc
configure:3341: result: gcc
configure:3570: checking for C compiler version
configure:3579: gcc --version >&5
Apple LLVM version 6.0 (clang-600.0.56) (based on LLVM 3.5svn)
Target: x86_64-apple-darwin14.0.0
Thread model: posix
Configured with: --prefix=/Applications/Xcode.app/Contents/Developer/usr --with-gxx-include-dir=/usr/include/c++/4.2.1
configure:3590: $? = 0
configure:3579: gcc -v >&5
Configured with: --prefix=/Applications/Xcode.app/Contents/Developer/usr --with-gxx-include-dir=/usr/include/c++/4.2.1
Apple LLVM version 6.0 (clang-600.0.56) (based on LLVM 3.5svn)
Target: x86_64-apple-darwin14.0.0
Thread model: posix
configure:3590: $? = 0
configure:3579: gcc -V >&5
clang: error: argument to '-V' is missing (expected 1 value)
clang: error: no input files
configure:3590: $? = 1
configure:3579: gcc -qversion >&5
clang: error: unknown argument: '-qversion'
clang: error: no input files
configure:3590: $? = 1
configure:3610: checking whether the C compiler works
configure:3632: gcc -g -isysroot /Applications/Xcode.app/Contents/Developer/Platforms/MacOSX.platform/Developer/SDKs/MacOSX10.9.sdk -arch i386 -I/Users/sts/Quellen/mac/hbci/lib/static-build-debug-5.5.0.2/include/ -mmacosx-version-min=10.9 -fno-inline -g -isysroot /Applications/Xcode.app/Contents/Developer/Platforms/MacOSX.platform/Developer/SDKs/MacOSX10.9.sdk -arch i386 -I/Users/sts/Quellen/mac/hbci/lib/static-build-debug-5.5.0.2/include/ -mmacosx-version-min=10.9 -fno-inline -arch i386 -L/Users/sts/Quellen/mac/hbci/lib/static-build-debug-5.5.0.2/lib -L/Applications/Xcode.app/Contents/Developer/Platforms/MacOSX.platform/Developer/SDKs/MacOSX10.9.sdk/usr/lib/ -mmacosx-version-min=10.9 conftest.c  >&5
configure:3636: $? = 0
configure:3684: result: yes
configure:3687: checking for C compiler default output file name
configure:3689: result: a.out
configure:3695: checking for suffix of executables
configure:3702: gcc -o conftest -g -isysroot /Applications/Xcode.app/Contents/Developer/Platforms/MacOSX.platform/Developer/SDKs/MacOSX10.9.sdk -arch i386 -I/Users/sts/Quellen/mac/hbci/lib/static-build-debug-5.5.0.2/include/ -mmacosx-version-min=10.9 -fno-inline -g -isysroot /Applications/Xcode.app/Contents/Developer/Platforms/MacOSX.platform/Developer/SDKs/MacOSX10.9.sdk -arch i386 -I/Users/sts/Quellen/mac/hbci/lib/static-build-debug-5.5.0.2/include/ -mmacosx-version-min=10.9 -fno-inline -arch i386 -L/Users/sts/Quellen/mac/hbci/lib/static-build-debug-5.5.0.2/lib -L/Applications/Xcode.app/Contents/Developer/Platforms/MacOSX.platform/Developer/SDKs/MacOSX10.9.sdk/usr/lib/ -mmacosx-version-min=10.9 conftest.c  >&5
configure:3706: $? = 0
configure:3728: result: 
configure:3750: checking whether we are cross compiling
configure:3758: gcc -o conftest -g -isysroot /Applications/Xcode.app/Contents/Developer/Platforms/MacOSX.platform/Developer/SDKs/MacOSX10.9.sdk -arch i386 -I/Users/sts/Quellen/mac/hbci/lib/static-build-debug-5.5.0.2/include/ -mmacosx-version-min=10.9 -fno-inline -g -isysroot /Applications/Xcode.app/Contents/Developer/Platforms/MacOSX.platform/Developer/SDKs/MacOSX10.9.sdk -arch i386 -I/Users/sts/Quellen/mac/hbci/lib/static-build-debug-5.5.0.2/include/ -mmacosx-version-min=10.9 -fno-inline -arch i386 -L/Users/sts/Quellen/mac/hbci/lib/static-build-debug-5.5.0.2/lib -L/Applications/Xcode.app/Contents/Developer/Platforms/MacOSX.platform/Developer/SDKs/MacOSX10.9.sdk/usr/lib/ -mmacosx-version-min=10.9 conftest.c  >&5
configure:3762: $? = 0
configure:3769: ./conftest
configure:3773: $? = 0
configure:3788: result: no
configure:3793: checking for suffix of object files
configure:3815: gcc -c -g -isysroot /Applications/Xcode.app/Contents/Developer/Platforms/MacOSX.platform/Developer/SDKs/MacOSX10.9.sdk -arch i386 -I/Users/sts/Quellen/mac/hbci/lib/static-build-debug-5.5.0.2/include/ -mmacosx-version-min=10.9 -fno-inline -g -isysroot /Applications/Xcode.app/Contents/Developer/Platforms/MacOSX.platform/Developer/SDKs/MacOSX10.9.sdk -arch i386 -I/Users/sts/Quellen/mac/hbci/lib/static-build-debug-5.5.0.2/include/ -mmacosx-version-min=10.9 -fno-inline conftest.c >&5
configure:3819: $? = 0
configure:3840: result: o
configure:3844: checking whether we are using the GNU C compiler
configure:3863: gcc -c -g -isysroot /Applications/Xcode.app/Contents/Developer/Platforms/MacOSX.platform/Developer/SDKs/MacOSX10.9.sdk -arch i386 -I/Users/sts/Quellen/mac/hbci/lib/static-build-debug-5.5.0.2/include/ -mmacosx-version-min=10.9 -fno-inline -g -isysroot /Applications/Xcode.app/Contents/Developer/Platforms/MacOSX.platform/Developer/SDKs/MacOSX10.9.sdk -arch i386 -I/Users/sts/Quellen/mac/hbci/lib/static-build-debug-5.5.0.2/include/ -mmacosx-version-min=10.9 -fno-inline conftest.c >&5
configure:3863: $? = 0
configure:3872: result: yes
configure:3881: checking whether gcc accepts -g
configure:3901: gcc -c -g -g -isysroot /Applications/Xcode.app/Contents/Developer/Platforms/MacOSX.platform/Developer/SDKs/MacOSX10.9.sdk -arch i386 -I/Users/sts/Quellen/mac/hbci/lib/static-build-debug-5.5.0.2/include/ -mmacosx-version-min=10.9 -fno-inline conftest.c >&5
configure:3901: $? = 0
configure:3942: result: yes
configure:3959: checking for gcc option to accept ISO C89
configure:4022: gcc  -c -g -isysroot /Applications/Xcode.app/Contents/Developer/Platforms/MacOSX.platform/Developer/SDKs/MacOSX10.9.sdk -arch i386 -I/Users/sts/Quellen/mac/hbci/lib/static-build-debug-5.5.0.2/include/ -mmacosx-version-min=10.9 -fno-inline -g -isysroot /Applications/Xcode.app/Contents/Developer/Platforms/MacOSX.platform/Developer/SDKs/MacOSX10.9.sdk -arch i386 -I/Users/sts/Quellen/mac/hbci/lib/static-build-debug-5.5.0.2/include/ -mmacosx-version-min=10.9 -fno-inline conftest.c >&5
configure:4022: $? = 0
configure:4035: result: none needed
configure:4066: checking for style of include used by make
configure:4094: result: GNU
configure:4120: checking dependency style of gcc
configure:4231: result: none
configure:4247: checking whether gcc and cc understand -c and -o together
configure:4278: gcc -c conftest.c -o conftest2.o >&5
configure:4282: $? = 0
configure:4288: gcc -c conftest.c -o conftest2.o >&5
configure:4292: $? = 0
configure:4303: cc -c conftest.c >&5
configure:4307: $? = 0
configure:4315: cc -c conftest.c -o conftest2.o >&5
configure:4319: $? = 0
configure:4325: cc -c conftest.c -o conftest2.o >&5
configure:4329: $? = 0
configure:4347: result: yes
configure:4377: checking how to run the C preprocessor
configure:4408: gcc -E -g -isysroot /Applications/Xcode.app/Contents/Developer/Platforms/MacOSX.platform/Developer/SDKs/MacOSX10.9.sdk -arch i386 -I/Users/sts/Quellen/mac/hbci/lib/static-build-debug-5.5.0.2/include/ -mmacosx-version-min=10.9 -fno-inline conftest.c
configure:4408: $? = 0
configure:4422: gcc -E -g -isysroot /Applications/Xcode.app/Contents/Developer/Platforms/MacOSX.platform/Developer/SDKs/MacOSX10.9.sdk -arch i386 -I/Users/sts/Quellen/mac/hbci/lib/static-build-debug-5.5.0.2/include/ -mmacosx-version-min=10.9 -fno-inline conftest.c
conftest.c:11:10: fatal error: 'ac_nonexistent.h' file not found
#include <ac_nonexistent.h>
         ^
1 error generated.
configure:4422: $? = 1
configure: failed program was:
| /* confdefs.h */
| #define PACKAGE_NAME "libgpg-error"
| #define PACKAGE_TARNAME "libgpg-error"
| #define PACKAGE_VERSION "1.17"
| #define PACKAGE_STRING "libgpg-error 1.17"
| #define PACKAGE_BUGREPORT "http://bugs.gnupg.org"
| #define PACKAGE_URL ""
| #define PACKAGE "libgpg-error"
| #define VERSION "1.17"
| /* end confdefs.h.  */
| #include <ac_nonexistent.h>
configure:4447: result: gcc -E
configure:4467: gcc -E -g -isysroot /Applications/Xcode.app/Contents/Developer/Platforms/MacOSX.platform/Developer/SDKs/MacOSX10.9.sdk -arch i386 -I/Users/sts/Quellen/mac/hbci/lib/static-build-debug-5.5.0.2/include/ -mmacosx-version-min=10.9 -fno-inline conftest.c
configure:4467: $? = 0
configure:4481: gcc -E -g -isysroot /Applications/Xcode.app/Contents/Developer/Platforms/MacOSX.platform/Developer/SDKs/MacOSX10.9.sdk -arch i386 -I/Users/sts/Quellen/mac/hbci/lib/static-build-debug-5.5.0.2/include/ -mmacosx-version-min=10.9 -fno-inline conftest.c
conftest.c:11:10: fatal error: 'ac_nonexistent.h' file not found
#include <ac_nonexistent.h>
         ^
1 error generated.
configure:4481: $? = 1
configure: failed program was:
| /* confdefs.h */
| #define PACKAGE_NAME "libgpg-error"
| #define PACKAGE_TARNAME "libgpg-error"
| #define PACKAGE_VERSION "1.17"
| #define PACKAGE_STRING "libgpg-error 1.17"
| #define PACKAGE_BUGREPORT "http://bugs.gnupg.org"
| #define PACKAGE_URL ""
| #define PACKAGE "libgpg-error"
| #define VERSION "1.17"
| /* end confdefs.h.  */
| #include <ac_nonexistent.h>
configure:4513: checking for gawk
configure:4540: result: awk
configure:4594: checking for ar
configure:4610: found /usr/bin/ar
configure:4621: result: ar
configure:4645: checking for grep that handles long lines and -e
configure:4703: result: /usr/bin/grep
configure:4708: checking for egrep
configure:4770: result: /usr/bin/grep -E
configure:4775: checking for ANSI C header files
configure:4795: gcc -c -g -isysroot /Applications/Xcode.app/Contents/Developer/Platforms/MacOSX.platform/Developer/SDKs/MacOSX10.9.sdk -arch i386 -I/Users/sts/Quellen/mac/hbci/lib/static-build-debug-5.5.0.2/include/ -mmacosx-version-min=10.9 -fno-inline -g -isysroot /Applications/Xcode.app/Contents/Developer/Platforms/MacOSX.platform/Developer/SDKs/MacOSX10.9.sdk -arch i386 -I/Users/sts/Quellen/mac/hbci/lib/static-build-debug-5.5.0.2/include/ -mmacosx-version-min=10.9 -fno-inline conftest.c >&5
configure:4795: $? = 0
configure:4868: gcc -o conftest -g -isysroot /Applications/Xcode.app/Contents/Developer/Platforms/MacOSX.platform/Developer/SDKs/MacOSX10.9.sdk -arch i386 -I/Users/sts/Quellen/mac/hbci/lib/static-build-debug-5.5.0.2/include/ -mmacosx-version-min=10.9 -fno-inline -g -isysroot /Applications/Xcode.app/Contents/Developer/Platforms/MacOSX.platform/Developer/SDKs/MacOSX10.9.sdk -arch i386 -I/Users/sts/Quellen/mac/hbci/lib/static-build-debug-5.5.0.2/include/ -mmacosx-version-min=10.9 -fno-inline -arch i386 -L/Users/sts/Quellen/mac/hbci/lib/static-build-debug-5.5.0.2/lib -L/Applications/Xcode.app/Contents/Developer/Platforms/MacOSX.platform/Developer/SDKs/MacOSX10.9.sdk/usr/lib/ -mmacosx-version-min=10.9 conftest.c  >&5
configure:4868: $? = 0
configure:4868: ./conftest
configure:4868: $? = 0
configure:4879: result: yes
configure:4892: checking for sys/types.h
configure:4892: gcc -c -g -isysroot /Applications/Xcode.app/Contents/Developer/Platforms/MacOSX.platform/Developer/SDKs/MacOSX10.9.sdk -arch i386 -I/Users/sts/Quellen/mac/hbci/lib/static-build-debug-5.5.0.2/include/ -mmacosx-version-min=10.9 -fno-inline -g -isysroot /Applications/Xcode.app/Contents/Developer/Platforms/MacOSX.platform/Developer/SDKs/MacOSX10.9.sdk -arch i386 -I/Users/sts/Quellen/mac/hbci/lib/static-build-debug-5.5.0.2/include/ -mmacosx-version-min=10.9 -fno-inline conftest.c >&5
configure:4892: $? = 0
configure:4892: result: yes
configure:4892: checking for sys/stat.h
configure:4892: gcc -c -g -isysroot /Applications/Xcode.app/Contents/Developer/Platforms/MacOSX.platform/Developer/SDKs/MacOSX10.9.sdk -arch i386 -I/Users/sts/Quellen/mac/hbci/lib/static-build-debug-5.5.0.2/include/ -mmacosx-version-min=10.9 -fno-inline -g -isysroot /Applications/Xcode.app/Contents/Developer/Platforms/MacOSX.platform/Developer/SDKs/MacOSX10.9.sdk -arch i386 -I/Users/sts/Quellen/mac/hbci/lib/static-build-debug-5.5.0.2/include/ -mmacosx-version-min=10.9 -fno-inline conftest.c >&5
configure:4892: $? = 0
configure:4892: result: yes
configure:4892: checking for stdlib.h
configure:4892: gcc -c -g -isysroot /Applications/Xcode.app/Contents/Developer/Platforms/MacOSX.platform/Developer/SDKs/MacOSX10.9.sdk -arch i386 -I/Users/sts/Quellen/mac/hbci/lib/static-build-debug-5.5.0.2/include/ -mmacosx-version-min=10.9 -fno-inline -g -isysroot /Applications/Xcode.app/Contents/Developer/Platforms/MacOSX.platform/Developer/SDKs/MacOSX10.9.sdk -arch i386 -I/Users/sts/Quellen/mac/hbci/lib/static-build-debug-5.5.0.2/include/ -mmacosx-version-min=10.9 -fno-inline conftest.c >&5
configure:4892: $? = 0
configure:4892: result: yes
configure:4892: checking for string.h
configure:4892: gcc -c -g -isysroot /Applications/Xcode.app/Contents/Developer/Platforms/MacOSX.platform/Developer/SDKs/MacOSX10.9.sdk -arch i386 -I/Users/sts/Quellen/mac/hbci/lib/static-build-debug-5.5.0.2/include/ -mmacosx-version-min=10.9 -fno-inline -g -isysroot /Applications/Xcode.app/Contents/Developer/Platforms/MacOSX.platform/Developer/SDKs/MacOSX10.9.sdk -arch i386 -I/Users/sts/Quellen/mac/hbci/lib/static-build-debug-5.5.0.2/include/ -mmacosx-version-min=10.9 -fno-inline conftest.c >&5
configure:4892: $? = 0
configure:4892: result: yes
configure:4892: checking for memory.h
configure:4892: gcc -c -g -isysroot /Applications/Xcode.app/Contents/Developer/Platforms/MacOSX.platform/Developer/SDKs/MacOSX10.9.sdk -arch i386 -I/Users/sts/Quellen/mac/hbci/lib/static-build-debug-5.5.0.2/include/ -mmacosx-version-min=10.9 -fno-inline -g -isysroot /Applications/Xcode.app/Contents/Developer/Platforms/MacOSX.platform/Developer/SDKs/MacOSX10.9.sdk -arch i386 -I/Users/sts/Quellen/mac/hbci/lib/static-build-debug-5.5.0.2/include/ -mmacosx-version-min=10.9 -fno-inline conftest.c >&5
configure:4892: $? = 0
configure:4892: result: yes
configure:4892: checking for strings.h
configure:4892: gcc -c -g -isysroot /Applications/Xcode.app/Contents/Developer/Platforms/MacOSX.platform/Developer/SDKs/MacOSX10.9.sdk -arch i386 -I/Users/sts/Quellen/mac/hbci/lib/static-build-debug-5.5.0.2/include/ -mmacosx-version-min=10.9 -fno-inline -g -isysroot /Applications/Xcode.app/Contents/Developer/Platforms/MacOSX.platform/Developer/SDKs/MacOSX10.9.sdk -arch i386 -I/Users/sts/Quellen/mac/hbci/lib/static-build-debug-5.5.0.2/include/ -mmacosx-version-min=10.9 -fno-inline conftest.c >&5
configure:4892: $? = 0
configure:4892: result: yes
configure:4892: checking for inttypes.h
configure:4892: gcc -c -g -isysroot /Applications/Xcode.app/Contents/Developer/Platforms/MacOSX.platform/Developer/SDKs/MacOSX10.9.sdk -arch i386 -I/Users/sts/Quellen/mac/hbci/lib/static-build-debug-5.5.0.2/include/ -mmacosx-version-min=10.9 -fno-inline -g -isysroot /Applications/Xcode.app/Contents/Developer/Platforms/MacOSX.platform/Developer/SDKs/MacOSX10.9.sdk -arch i386 -I/Users/sts/Quellen/mac/hbci/lib/static-build-debug-5.5.0.2/include/ -mmacosx-version-min=10.9 -fno-inline conftest.c >&5
configure:4892: $? = 0
configure:4892: result: yes
configure:4892: checking for stdint.h
configure:4892: gcc -c -g -isysroot /Applications/Xcode.app/Contents/Developer/Platforms/MacOSX.platform/Developer/SDKs/MacOSX10.9.sdk -arch i386 -I/Users/sts/Quellen/mac/hbci/lib/static-build-debug-5.5.0.2/include/ -mmacosx-version-min=10.9 -fno-inline -g -isysroot /Applications/Xcode.app/Contents/Developer/Platforms/MacOSX.platform/Developer/SDKs/MacOSX10.9.sdk -arch i386 -I/Users/sts/Quellen/mac/hbci/lib/static-build-debug-5.5.0.2/include/ -mmacosx-version-min=10.9 -fno-inline conftest.c >&5
configure:4892: $? = 0
configure:4892: result: yes
configure:4892: checking for unistd.h
configure:4892: gcc -c -g -isysroot /Applications/Xcode.app/Contents/Developer/Platforms/MacOSX.platform/Developer/SDKs/MacOSX10.9.sdk -arch i386 -I/Users/sts/Quellen/mac/hbci/lib/static-build-debug-5.5.0.2/include/ -mmacosx-version-min=10.9 -fno-inline -g -isysroot /Applications/Xcode.app/Contents/Developer/Platforms/MacOSX.platform/Developer/SDKs/MacOSX10.9.sdk -arch i386 -I/Users/sts/Quellen/mac/hbci/lib/static-build-debug-5.5.0.2/include/ -mmacosx-version-min=10.9 -fno-inline conftest.c >&5
configure:4892: $? = 0
configure:4892: result: yes
configure:4905: checking minix/config.h usability
configure:4905: gcc -c -g -isysroot /Applications/Xcode.app/Contents/Developer/Platforms/MacOSX.platform/Developer/SDKs/MacOSX10.9.sdk -arch i386 -I/Users/sts/Quellen/mac/hbci/lib/static-build-debug-5.5.0.2/include/ -mmacosx-version-min=10.9 -fno-inline -g -isysroot /Applications/Xcode.app/Contents/Developer/Platforms/MacOSX.platform/Developer/SDKs/MacOSX10.9.sdk -arch i386 -I/Users/sts/Quellen/mac/hbci/lib/static-build-debug-5.5.0.2/include/ -mmacosx-version-min=10.9 -fno-inline conftest.c >&5
conftest.c:54:10: fatal error: 'minix/config.h' file not found
#include <minix/config.h>
         ^
1 error generated.
configure:4905: $? = 1
configure: failed program was:
| /* confdefs.h */
| #define PACKAGE_NAME "libgpg-error"
| #define PACKAGE_TARNAME "libgpg-error"
| #define PACKAGE_VERSION "1.17"
| #define PACKAGE_STRING "libgpg-error 1.17"
| #define PACKAGE_BUGREPORT "http://bugs.gnupg.org"
| #define PACKAGE_URL ""
| #define PACKAGE "libgpg-error"
| #define VERSION "1.17"
| #define STDC_HEADERS 1
| #define HAVE_SYS_TYPES_H 1
| #define HAVE_SYS_STAT_H 1
| #define HAVE_STDLIB_H 1
| #define HAVE_STRING_H 1
| #define HAVE_MEMORY_H 1
| #define HAVE_STRINGS_H 1
| #define HAVE_INTTYPES_H 1
| #define HAVE_STDINT_H 1
| #define HAVE_UNISTD_H 1
| /* end confdefs.h.  */
| #include <stdio.h>
| #ifdef HAVE_SYS_TYPES_H
| # include <sys/types.h>
| #endif
| #ifdef HAVE_SYS_STAT_H
| # include <sys/stat.h>
| #endif
| #ifdef STDC_HEADERS
| # include <stdlib.h>
| # include <stddef.h>
| #else
| # ifdef HAVE_STDLIB_H
| #  include <stdlib.h>
| # endif
| #endif
| #ifdef HAVE_STRING_H
| # if !defined STDC_HEADERS && defined HAVE_MEMORY_H
| #  include <memory.h>
| # endif
| # include <string.h>
| #endif
| #ifdef HAVE_STRINGS_H
| # include <strings.h>
| #endif
| #ifdef HAVE_INTTYPES_H
| # include <inttypes.h>
| #endif
| #ifdef HAVE_STDINT_H
| # include <stdint.h>
| #endif
| #ifdef HAVE_UNISTD_H
| # include <unistd.h>
| #endif
| #include <minix/config.h>
configure:4905: result: no
configure:4905: checking minix/config.h presence
configure:4905: gcc -E -g -isysroot /Applications/Xcode.app/Contents/Developer/Platforms/MacOSX.platform/Developer/SDKs/MacOSX10.9.sdk -arch i386 -I/Users/sts/Quellen/mac/hbci/lib/static-build-debug-5.5.0.2/include/ -mmacosx-version-min=10.9 -fno-inline conftest.c
conftest.c:21:10: fatal error: 'minix/config.h' file not found
#include <minix/config.h>
         ^
1 error generated.
configure:4905: $? = 1
configure: failed program was:
| /* confdefs.h */
| #define PACKAGE_NAME "libgpg-error"
| #define PACKAGE_TARNAME "libgpg-error"
| #define PACKAGE_VERSION "1.17"
| #define PACKAGE_STRING "libgpg-error 1.17"
| #define PACKAGE_BUGREPORT "http://bugs.gnupg.org"
| #define PACKAGE_URL ""
| #define PACKAGE "libgpg-error"
| #define VERSION "1.17"
| #define STDC_HEADERS 1
| #define HAVE_SYS_TYPES_H 1
| #define HAVE_SYS_STAT_H 1
| #define HAVE_STDLIB_H 1
| #define HAVE_STRING_H 1
| #define HAVE_MEMORY_H 1
| #define HAVE_STRINGS_H 1
| #define HAVE_INTTYPES_H 1
| #define HAVE_STDINT_H 1
| #define HAVE_UNISTD_H 1
| /* end confdefs.h.  */
| #include <minix/config.h>
configure:4905: result: no
configure:4905: checking for minix/config.h
configure:4905: result: no
configure:4926: checking whether it is safe to define __EXTENSIONS__
configure:4944: gcc -c -g -isysroot /Applications/Xcode.app/Contents/Developer/Platforms/MacOSX.platform/Developer/SDKs/MacOSX10.9.sdk -arch i386 -I/Users/sts/Quellen/mac/hbci/lib/static-build-debug-5.5.0.2/include/ -mmacosx-version-min=10.9 -fno-inline -g -isysroot /Applications/Xcode.app/Contents/Developer/Platforms/MacOSX.platform/Developer/SDKs/MacOSX10.9.sdk -arch i386 -I/Users/sts/Quellen/mac/hbci/lib/static-build-debug-5.5.0.2/include/ -mmacosx-version-min=10.9 -fno-inline conftest.c >&5
configure:4944: $? = 0
configure:4951: result: yes
configure:5061: checking for special C compiler options needed for large files
configure:5106: result: no
configure:5112: checking for _FILE_OFFSET_BITS value needed for large files
configure:5137: gcc -c -g -isysroot /Applications/Xcode.app/Contents/Developer/Platforms/MacOSX.platform/Developer/SDKs/MacOSX10.9.sdk -arch i386 -I/Users/sts/Quellen/mac/hbci/lib/static-build-debug-5.5.0.2/include/ -mmacosx-version-min=10.9 -fno-inline -g -isysroot /Applications/Xcode.app/Contents/Developer/Platforms/MacOSX.platform/Developer/SDKs/MacOSX10.9.sdk -arch i386 -I/Users/sts/Quellen/mac/hbci/lib/static-build-debug-5.5.0.2/include/ -mmacosx-version-min=10.9 -fno-inline conftest.c >&5
configure:5137: $? = 0
configure:5169: result: no
configure:5303: checking how to print strings
configure:5330: result: printf
configure:5351: checking for a sed that does not truncate output
configure:5415: result: /usr/bin/sed
configure:5433: checking for fgrep
configure:5495: result: /usr/bin/grep -F
configure:5530: checking for ld used by gcc
configure:5597: result: /Applications/Xcode.app/Contents/Developer/Toolchains/XcodeDefault.xctoolchain/usr/bin/ld
configure:5604: checking if the linker (/Applications/Xcode.app/Contents/Developer/Toolchains/XcodeDefault.xctoolchain/usr/bin/ld) is GNU ld
configure:5619: result: no
configure:5631: checking for BSD- or MS-compatible name lister (nm)
configure:5680: result: /usr/bin/nm
configure:5810: checking the name lister (/usr/bin/nm) interface
configure:5817: gcc -c -g -isysroot /Applications/Xcode.app/Contents/Developer/Platforms/MacOSX.platform/Developer/SDKs/MacOSX10.9.sdk -arch i386 -I/Users/sts/Quellen/mac/hbci/lib/static-build-debug-5.5.0.2/include/ -mmacosx-version-min=10.9 -fno-inline -g -isysroot /Applications/Xcode.app/Contents/Developer/Platforms/MacOSX.platform/Developer/SDKs/MacOSX10.9.sdk -arch i386 -I/Users/sts/Quellen/mac/hbci/lib/static-build-debug-5.5.0.2/include/ -mmacosx-version-min=10.9 -fno-inline conftest.c >&5
configure:5820: /usr/bin/nm "conftest.o"
configure:5823: output
00000220 S _some_variable
configure:5830: result: BSD nm
configure:5833: checking whether ln -s works
configure:5837: result: yes
configure:5845: checking the maximum length of command line arguments
configure:5975: result: 196608
configure:5992: checking whether the shell understands some XSI constructs
configure:6002: result: yes
configure:6006: checking whether the shell understands "+="
configure:6012: result: yes
configure:6047: checking how to convert x86_64-apple-darwin14.0.0 file names to x86_64-apple-darwin14.0.0 format
configure:6087: result: func_convert_file_noop
configure:6094: checking how to convert x86_64-apple-darwin14.0.0 file names to toolchain format
configure:6114: result: func_convert_file_noop
configure:6121: checking for /Applications/Xcode.app/Contents/Developer/Toolchains/XcodeDefault.xctoolchain/usr/bin/ld option to reload object files
configure:6128: result: -r
configure:6202: checking for objdump
configure:6232: result: no
configure:6258: checking how to recognize dependent libraries
configure:6460: result: pass_all
configure:6545: checking for dlltool
configure:6575: result: no
configure:6602: checking how to associate runtime and link libraries
configure:6629: result: printf %s\n
configure:6753: checking for archiver @FILE support
configure:6770: gcc -c -g -isysroot /Applications/Xcode.app/Contents/Developer/Platforms/MacOSX.platform/Developer/SDKs/MacOSX10.9.sdk -arch i386 -I/Users/sts/Quellen/mac/hbci/lib/static-build-debug-5.5.0.2/include/ -mmacosx-version-min=10.9 -fno-inline -g -isysroot /Applications/Xcode.app/Contents/Developer/Platforms/MacOSX.platform/Developer/SDKs/MacOSX10.9.sdk -arch i386 -I/Users/sts/Quellen/mac/hbci/lib/static-build-debug-5.5.0.2/include/ -mmacosx-version-min=10.9 -fno-inline conftest.c >&5
configure:6770: $? = 0
configure:6773: ar cru libconftest.a @conftest.lst >&5
ar: @conftest.lst: No such file or directory
configure:6776: $? = 1
configure:6796: result: no
configure:6854: checking for strip
configure:6870: found /usr/bin/strip
configure:6881: result: strip
configure:6953: checking for ranlib
configure:6969: found /usr/bin/ranlib
configure:6980: result: ranlib
configure:7082: checking command to parse /usr/bin/nm output from gcc object
configure:7202: gcc -c -g -isysroot /Applications/Xcode.app/Contents/Developer/Platforms/MacOSX.platform/Developer/SDKs/MacOSX10.9.sdk -arch i386 -I/Users/sts/Quellen/mac/hbci/lib/static-build-debug-5.5.0.2/include/ -mmacosx-version-min=10.9 -fno-inline -g -isysroot /Applications/Xcode.app/Contents/Developer/Platforms/MacOSX.platform/Developer/SDKs/MacOSX10.9.sdk -arch i386 -I/Users/sts/Quellen/mac/hbci/lib/static-build-debug-5.5.0.2/include/ -mmacosx-version-min=10.9 -fno-inline conftest.c >&5
configure:7205: $? = 0
configure:7209: /usr/bin/nm conftest.o \| sed -n -e 's/^.*[ ]\([BCDEGRST][BCDEGRST]*\)[ ][ ]*\([_A-Za-z][_A-Za-z0-9]*\)$/\1 \2 \2/p' | sed '/ __gnu_lto/d' \> conftest.nm
configure:7212: $? = 0
cannot find nm_test_var in conftest.nm
configure:7202: gcc -c -g -isysroot /Applications/Xcode.app/Contents/Developer/Platforms/MacOSX.platform/Developer/SDKs/MacOSX10.9.sdk -arch i386 -I/Users/sts/Quellen/mac/hbci/lib/static-build-debug-5.5.0.2/include/ -mmacosx-version-min=10.9 -fno-inline -g -isysroot /Applications/Xcode.app/Contents/Developer/Platforms/MacOSX.platform/Developer/SDKs/MacOSX10.9.sdk -arch i386 -I/Users/sts/Quellen/mac/hbci/lib/static-build-debug-5.5.0.2/include/ -mmacosx-version-min=10.9 -fno-inline conftest.c >&5
configure:7205: $? = 0
configure:7209: /usr/bin/nm conftest.o \| sed -n -e 's/^.*[ ]\([BCDEGRST][BCDEGRST]*\)[ ][ ]*_\([_A-Za-z][_A-Za-z0-9]*\)$/\1 _\2 \2/p' | sed '/ __gnu_lto/d' \> conftest.nm
configure:7212: $? = 0
configure:7278: gcc -o conftest -g -isysroot /Applications/Xcode.app/Contents/Developer/Platforms/MacOSX.platform/Developer/SDKs/MacOSX10.9.sdk -arch i386 -I/Users/sts/Quellen/mac/hbci/lib/static-build-debug-5.5.0.2/include/ -mmacosx-version-min=10.9 -fno-inline -g -isysroot /Applications/Xcode.app/Contents/Developer/Platforms/MacOSX.platform/Developer/SDKs/MacOSX10.9.sdk -arch i386 -I/Users/sts/Quellen/mac/hbci/lib/static-build-debug-5.5.0.2/include/ -mmacosx-version-min=10.9 -fno-inline -arch i386 -L/Users/sts/Quellen/mac/hbci/lib/static-build-debug-5.5.0.2/lib -L/Applications/Xcode.app/Contents/Developer/Platforms/MacOSX.platform/Developer/SDKs/MacOSX10.9.sdk/usr/lib/ -mmacosx-version-min=10.9 conftest.c conftstm.o >&5
configure:7281: $? = 0
configure:7319: result: ok
configure:7356: checking for sysroot
configure:7386: result: no
configure:7648: checking for mt
configure:7678: result: no
configure:7698: checking if : is a manifest tool
configure:7704: : '-?'
configure:7712: result: no
configure:7768: checking for dsymutil
configure:7784: found /usr/bin/dsymutil
configure:7795: result: dsymutil
configure:7860: checking for nmedit
configure:7876: found /usr/bin/nmedit
configure:7887: result: nmedit
configure:7952: checking for lipo
configure:7968: found /usr/bin/lipo
configure:7979: result: lipo
configure:8044: checking for otool
configure:8060: found /usr/bin/otool
configure:8071: result: otool
configure:8136: checking for otool64
configure:8166: result: no
configure:8211: checking for -single_module linker flag
gcc -g -isysroot /Applications/Xcode.app/Contents/Developer/Platforms/MacOSX.platform/Developer/SDKs/MacOSX10.9.sdk -arch i386 -I/Users/sts/Quellen/mac/hbci/lib/static-build-debug-5.5.0.2/include/ -mmacosx-version-min=10.9 -fno-inline -arch i386 -L/Users/sts/Quellen/mac/hbci/lib/static-build-debug-5.5.0.2/lib -L/Applications/Xcode.app/Contents/Developer/Platforms/MacOSX.platform/Developer/SDKs/MacOSX10.9.sdk/usr/lib/ -mmacosx-version-min=10.9 -o libconftest.dylib -dynamiclib -Wl,-single_module conftest.c
configure:8244: result: yes
configure:8247: checking for -exported_symbols_list linker flag
configure:8267: gcc -o conftest -g -isysroot /Applications/Xcode.app/Contents/Developer/Platforms/MacOSX.platform/Developer/SDKs/MacOSX10.9.sdk -arch i386 -I/Users/sts/Quellen/mac/hbci/lib/static-build-debug-5.5.0.2/include/ -mmacosx-version-min=10.9 -fno-inline -g -isysroot /Applications/Xcode.app/Contents/Developer/Platforms/MacOSX.platform/Developer/SDKs/MacOSX10.9.sdk -arch i386 -I/Users/sts/Quellen/mac/hbci/lib/static-build-debug-5.5.0.2/include/ -mmacosx-version-min=10.9 -fno-inline -arch i386 -L/Users/sts/Quellen/mac/hbci/lib/static-build-debug-5.5.0.2/lib -L/Applications/Xcode.app/Contents/Developer/Platforms/MacOSX.platform/Developer/SDKs/MacOSX10.9.sdk/usr/lib/ -mmacosx-version-min=10.9 -Wl,-exported_symbols_list,conftest.sym conftest.c  >&5
configure:8267: $? = 0
configure:8277: result: yes
configure:8280: checking for -force_load linker flag
gcc -g -isysroot /Applications/Xcode.app/Contents/Developer/Platforms/MacOSX.platform/Developer/SDKs/MacOSX10.9.sdk -arch i386 -I/Users/sts/Quellen/mac/hbci/lib/static-build-debug-5.5.0.2/include/ -mmacosx-version-min=10.9 -fno-inline -c -o conftest.o conftest.c
ar cru libconftest.a conftest.o
ranlib libconftest.a
gcc -g -isysroot /Applications/Xcode.app/Contents/Developer/Platforms/MacOSX.platform/Developer/SDKs/MacOSX10.9.sdk -arch i386 -I/Users/sts/Quellen/mac/hbci/lib/static-build-debug-5.5.0.2/include/ -mmacosx-version-min=10.9 -fno-inline -arch i386 -L/Users/sts/Quellen/mac/hbci/lib/static-build-debug-5.5.0.2/lib -L/Applications/Xcode.app/Contents/Developer/Platforms/MacOSX.platform/Developer/SDKs/MacOSX10.9.sdk/usr/lib/ -mmacosx-version-min=10.9 -o conftest conftest.c -Wl,-force_load,./libconftest.a
configure:8312: result: yes
configure:8351: checking for dlfcn.h
configure:8351: gcc -c -g -isysroot /Applications/Xcode.app/Contents/Developer/Platforms/MacOSX.platform/Developer/SDKs/MacOSX10.9.sdk -arch i386 -I/Users/sts/Quellen/mac/hbci/lib/static-build-debug-5.5.0.2/include/ -mmacosx-version-min=10.9 -fno-inline -g -isysroot /Applications/Xcode.app/Contents/Developer/Platforms/MacOSX.platform/Developer/SDKs/MacOSX10.9.sdk -arch i386 -I/Users/sts/Quellen/mac/hbci/lib/static-build-debug-5.5.0.2/include/ -mmacosx-version-min=10.9 -fno-inline conftest.c >&5
configure:8351: $? = 0
configure:8351: result: yes
configure:8854: checking for objdir
configure:8869: result: .libs
configure:9140: checking if gcc supports -fno-rtti -fno-exceptions
configure:9158: gcc -c -g -isysroot /Applications/Xcode.app/Contents/Developer/Platforms/MacOSX.platform/Developer/SDKs/MacOSX10.9.sdk -arch i386 -I/Users/sts/Quellen/mac/hbci/lib/static-build-debug-5.5.0.2/include/ -mmacosx-version-min=10.9 -fno-inline -g -isysroot /Applications/Xcode.app/Contents/Developer/Platforms/MacOSX.platform/Developer/SDKs/MacOSX10.9.sdk -arch i386 -I/Users/sts/Quellen/mac/hbci/lib/static-build-debug-5.5.0.2/include/ -mmacosx-version-min=10.9 -fno-inline -fno-rtti -fno-exceptions conftest.c >&5
configure:9162: $? = 0
configure:9175: result: yes
configure:9502: checking for gcc option to produce PIC
configure:9509: result: -fno-common -DPIC
configure:9517: checking if gcc PIC flag -fno-common -DPIC works
configure:9535: gcc -c -g -isysroot /Applications/Xcode.app/Contents/Developer/Platforms/MacOSX.platform/Developer/SDKs/MacOSX10.9.sdk -arch i386 -I/Users/sts/Quellen/mac/hbci/lib/static-build-debug-5.5.0.2/include/ -mmacosx-version-min=10.9 -fno-inline -g -isysroot /Applications/Xcode.app/Contents/Developer/Platforms/MacOSX.platform/Developer/SDKs/MacOSX10.9.sdk -arch i386 -I/Users/sts/Quellen/mac/hbci/lib/static-build-debug-5.5.0.2/include/ -mmacosx-version-min=10.9 -fno-inline -fno-common -DPIC -DPIC conftest.c >&5
configure:9539: $? = 0
configure:9552: result: yes
configure:9581: checking if gcc static flag -static works
configure:9609: result: no
configure:9624: checking if gcc supports -c -o file.o
configure:9645: gcc -c -g -isysroot /Applications/Xcode.app/Contents/Developer/Platforms/MacOSX.platform/Developer/SDKs/MacOSX10.9.sdk -arch i386 -I/Users/sts/Quellen/mac/hbci/lib/static-build-debug-5.5.0.2/include/ -mmacosx-version-min=10.9 -fno-inline -g -isysroot /Applications/Xcode.app/Contents/Developer/Platforms/MacOSX.platform/Developer/SDKs/MacOSX10.9.sdk -arch i386 -I/Users/sts/Quellen/mac/hbci/lib/static-build-debug-5.5.0.2/include/ -mmacosx-version-min=10.9 -fno-inline -o out/conftest2.o conftest.c >&5
configure:9649: $? = 0
configure:9671: result: yes
configure:9679: checking if gcc supports -c -o file.o
configure:9726: result: yes
configure:9759: checking whether the gcc linker (/Applications/Xcode.app/Contents/Developer/Toolchains/XcodeDefault.xctoolchain/usr/bin/ld) supports shared libraries
configure:10916: result: yes
configure:11156: checking dynamic linker characteristics
configure:11921: result: darwin14.0.0 dyld
configure:12028: checking how to hardcode library paths into programs
configure:12053: result: immediate
configure:12593: checking whether stripping libraries is possible
configure:12607: result: yes
configure:12633: checking if libtool supports shared libraries
configure:12635: result: yes
configure:12638: checking whether to build shared libraries
configure:12659: result: no
configure:12662: checking whether to build static libraries
configure:12666: result: yes
configure:12746: checking for windres
configure:12776: result: no
configure:12883: checking for cc for build
configure:12890: result: gcc
configure:12901: checking whether NLS is requested
configure:12910: result: no
configure:12951: checking for msgfmt
configure:12986: result: no
configure:12992: checking for gmsgfmt
configure:13023: result: :
configure:13074: checking for xgettext
configure:13109: result: no
configure:13152: checking for msgmerge
configure:13186: result: no
configure:13240: checking for ld used by GCC
configure:13304: result: /Applications/Xcode.app/Contents/Developer/Toolchains/XcodeDefault.xctoolchain/usr/bin/ld
configure:13311: checking if the linker (/Applications/Xcode.app/Contents/Developer/Toolchains/XcodeDefault.xctoolchain/usr/bin/ld) is GNU ld
configure:13324: result: no
configure:13331: checking for shared library run path origin
configure:13344: result: done
configure:13845: checking for CFPreferencesCopyAppValue
configure:13863: gcc -o conftest -g -isysroot /Applications/Xcode.app/Contents/Developer/Platforms/MacOSX.platform/Developer/SDKs/MacOSX10.9.sdk -arch i386 -I/Users/sts/Quellen/mac/hbci/lib/static-build-debug-5.5.0.2/include/ -mmacosx-version-min=10.9 -fno-inline -g -isysroot /Applications/Xcode.app/Contents/Developer/Platforms/MacOSX.platform/Developer/SDKs/MacOSX10.9.sdk -arch i386 -I/Users/sts/Quellen/mac/hbci/lib/static-build-debug-5.5.0.2/include/ -mmacosx-version-min=10.9 -fno-inline -arch i386 -L/Users/sts/Quellen/mac/hbci/lib/static-build-debug-5.5.0.2/lib -L/Applications/Xcode.app/Contents/Developer/Platforms/MacOSX.platform/Developer/SDKs/MacOSX10.9.sdk/usr/lib/ -mmacosx-version-min=10.9 conftest.c  -Wl,-framework -Wl,CoreFoundation >&5
configure:13863: $? = 0
configure:13872: result: yes
configure:13879: checking for CFLocaleCopyCurrent
configure:13897: gcc -o conftest -g -isysroot /Applications/Xcode.app/Contents/Developer/Platforms/MacOSX.platform/Developer/SDKs/MacOSX10.9.sdk -arch i386 -I/Users/sts/Quellen/mac/hbci/lib/static-build-debug-5.5.0.2/include/ -mmacosx-version-min=10.9 -fno-inline -g -isysroot /Applications/Xcode.app/Contents/Developer/Platforms/MacOSX.platform/Developer/SDKs/MacOSX10.9.sdk -arch i386 -I/Users/sts/Quellen/mac/hbci/lib/static-build-debug-5.5.0.2/include/ -mmacosx-version-min=10.9 -fno-inline -arch i386 -L/Users/sts/Quellen/mac/hbci/lib/static-build-debug-5.5.0.2/lib -L/Applications/Xcode.app/Contents/Developer/Platforms/MacOSX.platform/Developer/SDKs/MacOSX10.9.sdk/usr/lib/ -mmacosx-version-min=10.9 conftest.c  -Wl,-framework -Wl,CoreFoundation >&5
configure:13897: $? = 0
configure:13906: result: yes
configure:14730: checking whether to use NLS
configure:14732: result: no
configure:14805: checking for ANSI C header files
configure:14909: result: yes
configure:14920: checking for stdlib.h
configure:14920: result: yes
configure:14920: checking locale.h usability
configure:14920: gcc -c -g -isysroot /Applications/Xcode.app/Contents/Developer/Platforms/MacOSX.platform/Developer/SDKs/MacOSX10.9.sdk -arch i386 -I/Users/sts/Quellen/mac/hbci/lib/static-build-debug-5.5.0.2/include/ -mmacosx-version-min=10.9 -fno-inline -g -isysroot /Applications/Xcode.app/Contents/Developer/Platforms/MacOSX.platform/Developer/SDKs/MacOSX10.9.sdk -arch i386 -I/Users/sts/Quellen/mac/hbci/lib/static-build-debug-5.5.0.2/include/ -mmacosx-version-min=10.9 -fno-inline conftest.c >&5
configure:14920: $? = 0
configure:14920: result: yes
configure:14920: checking locale.h presence
configure:14920: gcc -E -g -isysroot /Applications/Xcode.app/Contents/Developer/Platforms/MacOSX.platform/Developer/SDKs/MacOSX10.9.sdk -arch i386 -I/Users/sts/Quellen/mac/hbci/lib/static-build-debug-5.5.0.2/include/ -mmacosx-version-min=10.9 -fno-inline conftest.c
configure:14920: $? = 0
configure:14920: result: yes
configure:14920: checking for locale.h
configure:14920: result: yes
configure:14920: checking for stdint.h
configure:14920: result: yes
configure:14930: checking whether strerror_r is declared
configure:14930: gcc -c -g -isysroot /Applications/Xcode.app/Contents/Developer/Platforms/MacOSX.platform/Developer/SDKs/MacOSX10.9.sdk -arch i386 -I/Users/sts/Quellen/mac/hbci/lib/static-build-debug-5.5.0.2/include/ -mmacosx-version-min=10.9 -fno-inline -g -isysroot /Applications/Xcode.app/Contents/Developer/Platforms/MacOSX.platform/Developer/SDKs/MacOSX10.9.sdk -arch i386 -I/Users/sts/Quellen/mac/hbci/lib/static-build-debug-5.5.0.2/include/ -mmacosx-version-min=10.9 -fno-inline conftest.c >&5
configure:14930: $? = 0
configure:14930: result: yes
configure:14943: checking for strerror_r
configure:14943: gcc -o conftest -g -isysroot /Applications/Xcode.app/Contents/Developer/Platforms/MacOSX.platform/Developer/SDKs/MacOSX10.9.sdk -arch i386 -I/Users/sts/Quellen/mac/hbci/lib/static-build-debug-5.5.0.2/include/ -mmacosx-version-min=10.9 -fno-inline -g -isysroot /Applications/Xcode.app/Contents/Developer/Platforms/MacOSX.platform/Developer/SDKs/MacOSX10.9.sdk -arch i386 -I/Users/sts/Quellen/mac/hbci/lib/static-build-debug-5.5.0.2/include/ -mmacosx-version-min=10.9 -fno-inline -arch i386 -L/Users/sts/Quellen/mac/hbci/lib/static-build-debug-5.5.0.2/lib -L/Applications/Xcode.app/Contents/Developer/Platforms/MacOSX.platform/Developer/SDKs/MacOSX10.9.sdk/usr/lib/ -mmacosx-version-min=10.9 conftest.c  >&5
configure:14943: $? = 0
configure:14943: result: yes
configure:14952: checking whether strerror_r returns char *
configure:14976: gcc -c -g -isysroot /Applications/Xcode.app/Contents/Developer/Platforms/MacOSX.platform/Developer/SDKs/MacOSX10.9.sdk -arch i386 -I/Users/sts/Quellen/mac/hbci/lib/static-build-debug-5.5.0.2/include/ -mmacosx-version-min=10.9 -fno-inline -g -isysroot /Applications/Xcode.app/Contents/Developer/Platforms/MacOSX.platform/Developer/SDKs/MacOSX10.9.sdk -arch i386 -I/Users/sts/Quellen/mac/hbci/lib/static-build-debug-5.5.0.2/include/ -mmacosx-version-min=10.9 -fno-inline conftest.c >&5
conftest.c:74:13: error: indirection requires pointer operand ('int' invalid)
          char x = *strerror_r (0, buf, sizeof buf);
                   ^~~~~~~~~~~~~~~~~~~~~~~~~~~~~~~~
conftest.c:75:10: warning: incompatible integer to pointer conversion initializing 'char *' with an expression of type 'int' [-Wint-conversion]
          char *p = strerror_r (0, buf, sizeof buf);
                ^   ~~~~~~~~~~~~~~~~~~~~~~~~~~~~~~~
1 warning and 1 error generated.
configure:14976: $? = 1
configure: failed program was:
| /* confdefs.h */
| #define PACKAGE_NAME "libgpg-error"
| #define PACKAGE_TARNAME "libgpg-error"
| #define PACKAGE_VERSION "1.17"
| #define PACKAGE_STRING "libgpg-error 1.17"
| #define PACKAGE_BUGREPORT "http://bugs.gnupg.org"
| #define PACKAGE_URL ""
| #define PACKAGE "libgpg-error"
| #define VERSION "1.17"
| #define STDC_HEADERS 1
| #define HAVE_SYS_TYPES_H 1
| #define HAVE_SYS_STAT_H 1
| #define HAVE_STDLIB_H 1
| #define HAVE_STRING_H 1
| #define HAVE_MEMORY_H 1
| #define HAVE_STRINGS_H 1
| #define HAVE_INTTYPES_H 1
| #define HAVE_STDINT_H 1
| #define HAVE_UNISTD_H 1
| #define __EXTENSIONS__ 1
| #define _ALL_SOURCE 1
| #define _GNU_SOURCE 1
| #define _POSIX_PTHREAD_SEMANTICS 1
| #define _TANDEM_SOURCE 1
| #define HAVE_DLFCN_H 1
| #define LT_OBJDIR ".libs/"
| #define HAVE_CFPREFERENCESCOPYAPPVALUE 1
| #define HAVE_CFLOCALECOPYCURRENT 1
| #define STDC_HEADERS 1
| #define HAVE_STDLIB_H 1
| #define HAVE_LOCALE_H 1
| #define HAVE_STDINT_H 1
| #define HAVE_DECL_STRERROR_R 1
| #define HAVE_STRERROR_R 1
| /* end confdefs.h.  */
| #include <stdio.h>
| #ifdef HAVE_SYS_TYPES_H
| # include <sys/types.h>
| #endif
| #ifdef HAVE_SYS_STAT_H
| # include <sys/stat.h>
| #endif
| #ifdef STDC_HEADERS
| # include <stdlib.h>
| # include <stddef.h>
| #else
| # ifdef HAVE_STDLIB_H
| #  include <stdlib.h>
| # endif
| #endif
| #ifdef HAVE_STRING_H
| # if !defined STDC_HEADERS && defined HAVE_MEMORY_H
| #  include <memory.h>
| # endif
| # include <string.h>
| #endif
| #ifdef HAVE_STRINGS_H
| # include <strings.h>
| #endif
| #ifdef HAVE_INTTYPES_H
| # include <inttypes.h>
| #endif
| #ifdef HAVE_STDINT_H
| # include <stdint.h>
| #endif
| #ifdef HAVE_UNISTD_H
| # include <unistd.h>
| #endif
| int
| main ()
| {
| 
| 	  char buf[100];
| 	  char x = *strerror_r (0, buf, sizeof buf);
| 	  char *p = strerror_r (0, buf, sizeof buf);
| 	  return !p || x;
| 
|   ;
|   return 0;
| }
configure:15014: result: no
configure:15028: checking for strerror_r
configure:15028: result: yes
configure:15042: checking for flockfile
configure:15042: gcc -o conftest -g -isysroot /Applications/Xcode.app/Contents/Developer/Platforms/MacOSX.platform/Developer/SDKs/MacOSX10.9.sdk -arch i386 -I/Users/sts/Quellen/mac/hbci/lib/static-build-debug-5.5.0.2/include/ -mmacosx-version-min=10.9 -fno-inline -g -isysroot /Applications/Xcode.app/Contents/Developer/Platforms/MacOSX.platform/Developer/SDKs/MacOSX10.9.sdk -arch i386 -I/Users/sts/Quellen/mac/hbci/lib/static-build-debug-5.5.0.2/include/ -mmacosx-version-min=10.9 -fno-inline -arch i386 -L/Users/sts/Quellen/mac/hbci/lib/static-build-debug-5.5.0.2/lib -L/Applications/Xcode.app/Contents/Developer/Platforms/MacOSX.platform/Developer/SDKs/MacOSX10.9.sdk/usr/lib/ -mmacosx-version-min=10.9 conftest.c  >&5
configure:15042: $? = 0
configure:15042: result: yes
configure:15042: checking for vasprintf
configure:15042: gcc -o conftest -g -isysroot /Applications/Xcode.app/Contents/Developer/Platforms/MacOSX.platform/Developer/SDKs/MacOSX10.9.sdk -arch i386 -I/Users/sts/Quellen/mac/hbci/lib/static-build-debug-5.5.0.2/include/ -mmacosx-version-min=10.9 -fno-inline -g -isysroot /Applications/Xcode.app/Contents/Developer/Platforms/MacOSX.platform/Developer/SDKs/MacOSX10.9.sdk -arch i386 -I/Users/sts/Quellen/mac/hbci/lib/static-build-debug-5.5.0.2/include/ -mmacosx-version-min=10.9 -fno-inline -arch i386 -L/Users/sts/Quellen/mac/hbci/lib/static-build-debug-5.5.0.2/lib -L/Applications/Xcode.app/Contents/Developer/Platforms/MacOSX.platform/Developer/SDKs/MacOSX10.9.sdk/usr/lib/ -mmacosx-version-min=10.9 conftest.c  >&5
conftest.c:71:19: warning: format string missing [-Wformat]
return vasprintf ();
       ~~~~~~~~~  ^
1 warning generated.
configure:15042: $? = 0
configure:15042: result: yes
configure:15056: checking for an ANSI C-conforming const
configure:15122: gcc -c -g -isysroot /Applications/Xcode.app/Contents/Developer/Platforms/MacOSX.platform/Developer/SDKs/MacOSX10.9.sdk -arch i386 -I/Users/sts/Quellen/mac/hbci/lib/static-build-debug-5.5.0.2/include/ -mmacosx-version-min=10.9 -fno-inline -g -isysroot /Applications/Xcode.app/Contents/Developer/Platforms/MacOSX.platform/Developer/SDKs/MacOSX10.9.sdk -arch i386 -I/Users/sts/Quellen/mac/hbci/lib/static-build-debug-5.5.0.2/include/ -mmacosx-version-min=10.9 -fno-inline conftest.c >&5
configure:15122: $? = 0
configure:15129: result: yes
configure:15142: checking size of int
configure:15147: gcc -o conftest -g -isysroot /Applications/Xcode.app/Contents/Developer/Platforms/MacOSX.platform/Developer/SDKs/MacOSX10.9.sdk -arch i386 -I/Users/sts/Quellen/mac/hbci/lib/static-build-debug-5.5.0.2/include/ -mmacosx-version-min=10.9 -fno-inline -g -isysroot /Applications/Xcode.app/Contents/Developer/Platforms/MacOSX.platform/Developer/SDKs/MacOSX10.9.sdk -arch i386 -I/Users/sts/Quellen/mac/hbci/lib/static-build-debug-5.5.0.2/include/ -mmacosx-version-min=10.9 -fno-inline -arch i386 -L/Users/sts/Quellen/mac/hbci/lib/static-build-debug-5.5.0.2/lib -L/Applications/Xcode.app/Contents/Developer/Platforms/MacOSX.platform/Developer/SDKs/MacOSX10.9.sdk/usr/lib/ -mmacosx-version-min=10.9 conftest.c  >&5
configure:15147: $? = 0
configure:15147: ./conftest
configure:15147: $? = 0
configure:15161: result: 4
configure:15175: checking size of long
configure:15180: gcc -o conftest -g -isysroot /Applications/Xcode.app/Contents/Developer/Platforms/MacOSX.platform/Developer/SDKs/MacOSX10.9.sdk -arch i386 -I/Users/sts/Quellen/mac/hbci/lib/static-build-debug-5.5.0.2/include/ -mmacosx-version-min=10.9 -fno-inline -g -isysroot /Applications/Xcode.app/Contents/Developer/Platforms/MacOSX.platform/Developer/SDKs/MacOSX10.9.sdk -arch i386 -I/Users/sts/Quellen/mac/hbci/lib/static-build-debug-5.5.0.2/include/ -mmacosx-version-min=10.9 -fno-inline -arch i386 -L/Users/sts/Quellen/mac/hbci/lib/static-build-debug-5.5.0.2/lib -L/Applications/Xcode.app/Contents/Developer/Platforms/MacOSX.platform/Developer/SDKs/MacOSX10.9.sdk/usr/lib/ -mmacosx-version-min=10.9 conftest.c  >&5
configure:15180: $? = 0
configure:15180: ./conftest
configure:15180: $? = 0
configure:15194: result: 4
configure:15208: checking size of long long
configure:15213: gcc -o conftest -g -isysroot /Applications/Xcode.app/Contents/Developer/Platforms/MacOSX.platform/Developer/SDKs/MacOSX10.9.sdk -arch i386 -I/Users/sts/Quellen/mac/hbci/lib/static-build-debug-5.5.0.2/include/ -mmacosx-version-min=10.9 -fno-inline -g -isysroot /Applications/Xcode.app/Contents/Developer/Platforms/MacOSX.platform/Developer/SDKs/MacOSX10.9.sdk -arch i386 -I/Users/sts/Quellen/mac/hbci/lib/static-build-debug-5.5.0.2/include/ -mmacosx-version-min=10.9 -fno-inline -arch i386 -L/Users/sts/Quellen/mac/hbci/lib/static-build-debug-5.5.0.2/lib -L/Applications/Xcode.app/Contents/Developer/Platforms/MacOSX.platform/Developer/SDKs/MacOSX10.9.sdk/usr/lib/ -mmacosx-version-min=10.9 conftest.c  >&5
configure:15213: $? = 0
configure:15213: ./conftest
configure:15213: $? = 0
configure:15227: result: 8
configure:15265: checking for cc features
configure:15270: checking if gcc ignores unknown -Wno-* options
configure:15286: gcc -c -g -isysroot /Applications/Xcode.app/Contents/Developer/Platforms/MacOSX.platform/Developer/SDKs/MacOSX10.9.sdk -arch i386 -I/Users/sts/Quellen/mac/hbci/lib/static-build-debug-5.5.0.2/include/ -mmacosx-version-min=10.9 -fno-inline -g -isysroot /Applications/Xcode.app/Contents/Developer/Platforms/MacOSX.platform/Developer/SDKs/MacOSX10.9.sdk -arch i386 -I/Users/sts/Quellen/mac/hbci/lib/static-build-debug-5.5.0.2/include/ -mmacosx-version-min=10.9 -fno-inline conftest.c >&5
conftest.c:44:2: error: invalid preprocessing directive
#kickerror
 ^
1 error generated.
configure:15286: $? = 1
configure: failed program was:
| /* confdefs.h */
| #define PACKAGE_NAME "libgpg-error"
| #define PACKAGE_TARNAME "libgpg-error"
| #define PACKAGE_VERSION "1.17"
| #define PACKAGE_STRING "libgpg-error 1.17"
| #define PACKAGE_BUGREPORT "http://bugs.gnupg.org"
| #define PACKAGE_URL ""
| #define PACKAGE "libgpg-error"
| #define VERSION "1.17"
| #define STDC_HEADERS 1
| #define HAVE_SYS_TYPES_H 1
| #define HAVE_SYS_STAT_H 1
| #define HAVE_STDLIB_H 1
| #define HAVE_STRING_H 1
| #define HAVE_MEMORY_H 1
| #define HAVE_STRINGS_H 1
| #define HAVE_INTTYPES_H 1
| #define HAVE_STDINT_H 1
| #define HAVE_UNISTD_H 1
| #define __EXTENSIONS__ 1
| #define _ALL_SOURCE 1
| #define _GNU_SOURCE 1
| #define _POSIX_PTHREAD_SEMANTICS 1
| #define _TANDEM_SOURCE 1
| #define HAVE_DLFCN_H 1
| #define LT_OBJDIR ".libs/"
| #define HAVE_CFPREFERENCESCOPYAPPVALUE 1
| #define HAVE_CFLOCALECOPYCURRENT 1
| #define STDC_HEADERS 1
| #define HAVE_STDLIB_H 1
| #define HAVE_LOCALE_H 1
| #define HAVE_STDINT_H 1
| #define HAVE_DECL_STRERROR_R 1
| #define HAVE_STRERROR_R 1
| #define HAVE_FLOCKFILE 1
| #define HAVE_VASPRINTF 1
| #define SIZEOF_INT 4
| #define SIZEOF_LONG 4
| #define SIZEOF_LONG_LONG 8
| #define REPLACEMENT_FOR_OFF_T "int64_t"
| /* end confdefs.h.  */
| 
| #if __GNUC__ < 4 || (__GNUC__ == 4 && __GNUC_MINOR__ < 6 )
| #kickerror
| #endif
| int
| main ()
| {
| 
|   ;
|   return 0;
| }
configure:15292: result: no
configure:15364: checking if gcc supports -Wpointer-arith
configure:15379: gcc -c -Wpointer-arith -g -isysroot /Applications/Xcode.app/Contents/Developer/Platforms/MacOSX.platform/Developer/SDKs/MacOSX10.9.sdk -arch i386 -I/Users/sts/Quellen/mac/hbci/lib/static-build-debug-5.5.0.2/include/ -mmacosx-version-min=10.9 -fno-inline conftest.c >&5
configure:15379: $? = 0
configure:15385: result: yes
configure:15404: checking whether the GCC style aligned attribute is supported
configure:15414: gcc -c -g -isysroot /Applications/Xcode.app/Contents/Developer/Platforms/MacOSX.platform/Developer/SDKs/MacOSX10.9.sdk -arch i386 -I/Users/sts/Quellen/mac/hbci/lib/static-build-debug-5.5.0.2/include/ -mmacosx-version-min=10.9 -fno-inline -Wall -Wpointer-arith -g -isysroot /Applications/Xcode.app/Contents/Developer/Platforms/MacOSX.platform/Developer/SDKs/MacOSX10.9.sdk -arch i386 -I/Users/sts/Quellen/mac/hbci/lib/static-build-debug-5.5.0.2/include/ -mmacosx-version-min=10.9 -fno-inline conftest.c >&5
configure:15414: $? = 0
configure:15419: result: yes
configure:15430: checking whether the visibility attribute is supported
conftest.c:44:37: error: target does not support 'protected' visibility; using 'default' [-Werror,-Wunsupported-visibility]
            int bar __attribute__ ((visibility ("protected"))) = 1;
                                    ^
1 error generated.
configure:15453: result: no
configure:15610: checking whether imported symbols can be declared weak
configure:15628: gcc -o conftest -g -isysroot /Applications/Xcode.app/Contents/Developer/Platforms/MacOSX.platform/Developer/SDKs/MacOSX10.9.sdk -arch i386 -I/Users/sts/Quellen/mac/hbci/lib/static-build-debug-5.5.0.2/include/ -mmacosx-version-min=10.9 -fno-inline -Wall -Wpointer-arith -g -isysroot /Applications/Xcode.app/Contents/Developer/Platforms/MacOSX.platform/Developer/SDKs/MacOSX10.9.sdk -arch i386 -I/Users/sts/Quellen/mac/hbci/lib/static-build-debug-5.5.0.2/include/ -mmacosx-version-min=10.9 -fno-inline -arch i386 -L/Users/sts/Quellen/mac/hbci/lib/static-build-debug-5.5.0.2/lib -L/Applications/Xcode.app/Contents/Developer/Platforms/MacOSX.platform/Developer/SDKs/MacOSX10.9.sdk/usr/lib/ -mmacosx-version-min=10.9 conftest.c  >&5
Undefined symbols for architecture i386:
  "_xyzzy", referenced from:
      _main in conftest-a912fa.o
ld: symbol(s) not found for architecture i386
clang: error: linker command failed with exit code 1 (use -v to see invocation)
configure:15628: $? = 1
configure: failed program was:
| /* confdefs.h */
| #define PACKAGE_NAME "libgpg-error"
| #define PACKAGE_TARNAME "libgpg-error"
| #define PACKAGE_VERSION "1.17"
| #define PACKAGE_STRING "libgpg-error 1.17"
| #define PACKAGE_BUGREPORT "http://bugs.gnupg.org"
| #define PACKAGE_URL ""
| #define PACKAGE "libgpg-error"
| #define VERSION "1.17"
| #define STDC_HEADERS 1
| #define HAVE_SYS_TYPES_H 1
| #define HAVE_SYS_STAT_H 1
| #define HAVE_STDLIB_H 1
| #define HAVE_STRING_H 1
| #define HAVE_MEMORY_H 1
| #define HAVE_STRINGS_H 1
| #define HAVE_INTTYPES_H 1
| #define HAVE_STDINT_H 1
| #define HAVE_UNISTD_H 1
| #define __EXTENSIONS__ 1
| #define _ALL_SOURCE 1
| #define _GNU_SOURCE 1
| #define _POSIX_PTHREAD_SEMANTICS 1
| #define _TANDEM_SOURCE 1
| #define HAVE_DLFCN_H 1
| #define LT_OBJDIR ".libs/"
| #define HAVE_CFPREFERENCESCOPYAPPVALUE 1
| #define HAVE_CFLOCALECOPYCURRENT 1
| #define STDC_HEADERS 1
| #define HAVE_STDLIB_H 1
| #define HAVE_LOCALE_H 1
| #define HAVE_STDINT_H 1
| #define HAVE_DECL_STRERROR_R 1
| #define HAVE_STRERROR_R 1
| #define HAVE_FLOCKFILE 1
| #define HAVE_VASPRINTF 1
| #define SIZEOF_INT 4
| #define SIZEOF_LONG 4
| #define SIZEOF_LONG_LONG 8
| #define REPLACEMENT_FOR_OFF_T "int64_t"
| #define HAVE_GCC_ATTRIBUTE_ALIGNED 1
| /* end confdefs.h.  */
| extern void xyzzy ();
| #pragma weak xyzzy
| int
| main ()
| {
| xyzzy();
|   ;
|   return 0;
| }
configure:15674: result: no
configure:15679: checking pthread.h usability
configure:15679: gcc -c -g -isysroot /Applications/Xcode.app/Contents/Developer/Platforms/MacOSX.platform/Developer/SDKs/MacOSX10.9.sdk -arch i386 -I/Users/sts/Quellen/mac/hbci/lib/static-build-debug-5.5.0.2/include/ -mmacosx-version-min=10.9 -fno-inline -Wall -Wpointer-arith -g -isysroot /Applications/Xcode.app/Contents/Developer/Platforms/MacOSX.platform/Developer/SDKs/MacOSX10.9.sdk -arch i386 -I/Users/sts/Quellen/mac/hbci/lib/static-build-debug-5.5.0.2/include/ -mmacosx-version-min=10.9 -fno-inline conftest.c >&5
configure:15679: $? = 0
configure:15679: result: yes
configure:15679: checking pthread.h presence
configure:15679: gcc -E -g -isysroot /Applications/Xcode.app/Contents/Developer/Platforms/MacOSX.platform/Developer/SDKs/MacOSX10.9.sdk -arch i386 -I/Users/sts/Quellen/mac/hbci/lib/static-build-debug-5.5.0.2/include/ -mmacosx-version-min=10.9 -fno-inline conftest.c
configure:15679: $? = 0
configure:15679: result: yes
configure:15679: checking for pthread.h
configure:15679: result: yes
configure:15707: gcc -o conftest -g -isysroot /Applications/Xcode.app/Contents/Developer/Platforms/MacOSX.platform/Developer/SDKs/MacOSX10.9.sdk -arch i386 -I/Users/sts/Quellen/mac/hbci/lib/static-build-debug-5.5.0.2/include/ -mmacosx-version-min=10.9 -fno-inline -Wall -Wpointer-arith -g -isysroot /Applications/Xcode.app/Contents/Developer/Platforms/MacOSX.platform/Developer/SDKs/MacOSX10.9.sdk -arch i386 -I/Users/sts/Quellen/mac/hbci/lib/static-build-debug-5.5.0.2/include/ -mmacosx-version-min=10.9 -fno-inline -arch i386 -L/Users/sts/Quellen/mac/hbci/lib/static-build-debug-5.5.0.2/lib -L/Applications/Xcode.app/Contents/Developer/Platforms/MacOSX.platform/Developer/SDKs/MacOSX10.9.sdk/usr/lib/ -mmacosx-version-min=10.9 conftest.c  >&5
configure:15707: $? = 0
configure:15717: checking for pthread_kill in -lpthread
configure:15742: gcc -o conftest -g -isysroot /Applications/Xcode.app/Contents/Developer/Platforms/MacOSX.platform/Developer/SDKs/MacOSX10.9.sdk -arch i386 -I/Users/sts/Quellen/mac/hbci/lib/static-build-debug-5.5.0.2/include/ -mmacosx-version-min=10.9 -fno-inline -Wall -Wpointer-arith -g -isysroot /Applications/Xcode.app/Contents/Developer/Platforms/MacOSX.platform/Developer/SDKs/MacOSX10.9.sdk -arch i386 -I/Users/sts/Quellen/mac/hbci/lib/static-build-debug-5.5.0.2/include/ -mmacosx-version-min=10.9 -fno-inline -arch i386 -L/Users/sts/Quellen/mac/hbci/lib/static-build-debug-5.5.0.2/lib -L/Applications/Xcode.app/Contents/Developer/Platforms/MacOSX.platform/Developer/SDKs/MacOSX10.9.sdk/usr/lib/ -mmacosx-version-min=10.9 conftest.c -lpthread   >&5
configure:15742: $? = 0
configure:15751: result: yes
configure:15936: checking for multithread API to use
configure:15938: result: posix
configure:15954: checking for pthread_rwlock_t
configure:15954: gcc -c -g -isysroot /Applications/Xcode.app/Contents/Developer/Platforms/MacOSX.platform/Developer/SDKs/MacOSX10.9.sdk -arch i386 -I/Users/sts/Quellen/mac/hbci/lib/static-build-debug-5.5.0.2/include/ -mmacosx-version-min=10.9 -fno-inline -Wall -Wpointer-arith -g -isysroot /Applications/Xcode.app/Contents/Developer/Platforms/MacOSX.platform/Developer/SDKs/MacOSX10.9.sdk -arch i386 -I/Users/sts/Quellen/mac/hbci/lib/static-build-debug-5.5.0.2/include/ -mmacosx-version-min=10.9 -fno-inline conftest.c >&5
configure:15954: $? = 0
configure:15954: gcc -c -g -isysroot /Applications/Xcode.app/Contents/Developer/Platforms/MacOSX.platform/Developer/SDKs/MacOSX10.9.sdk -arch i386 -I/Users/sts/Quellen/mac/hbci/lib/static-build-debug-5.5.0.2/include/ -mmacosx-version-min=10.9 -fno-inline -Wall -Wpointer-arith -g -isysroot /Applications/Xcode.app/Contents/Developer/Platforms/MacOSX.platform/Developer/SDKs/MacOSX10.9.sdk -arch i386 -I/Users/sts/Quellen/mac/hbci/lib/static-build-debug-5.5.0.2/include/ -mmacosx-version-min=10.9 -fno-inline conftest.c >&5
conftest.c:49:31: error: expected expression
if (sizeof ((pthread_rwlock_t)))
                              ^
1 error generated.
configure:15954: $? = 1
configure: failed program was:
| /* confdefs.h */
| #define PACKAGE_NAME "libgpg-error"
| #define PACKAGE_TARNAME "libgpg-error"
| #define PACKAGE_VERSION "1.17"
| #define PACKAGE_STRING "libgpg-error 1.17"
| #define PACKAGE_BUGREPORT "http://bugs.gnupg.org"
| #define PACKAGE_URL ""
| #define PACKAGE "libgpg-error"
| #define VERSION "1.17"
| #define STDC_HEADERS 1
| #define HAVE_SYS_TYPES_H 1
| #define HAVE_SYS_STAT_H 1
| #define HAVE_STDLIB_H 1
| #define HAVE_STRING_H 1
| #define HAVE_MEMORY_H 1
| #define HAVE_STRINGS_H 1
| #define HAVE_INTTYPES_H 1
| #define HAVE_STDINT_H 1
| #define HAVE_UNISTD_H 1
| #define __EXTENSIONS__ 1
| #define _ALL_SOURCE 1
| #define _GNU_SOURCE 1
| #define _POSIX_PTHREAD_SEMANTICS 1
| #define _TANDEM_SOURCE 1
| #define HAVE_DLFCN_H 1
| #define LT_OBJDIR ".libs/"
| #define HAVE_CFPREFERENCESCOPYAPPVALUE 1
| #define HAVE_CFLOCALECOPYCURRENT 1
| #define STDC_HEADERS 1
| #define HAVE_STDLIB_H 1
| #define HAVE_LOCALE_H 1
| #define HAVE_STDINT_H 1
| #define HAVE_DECL_STRERROR_R 1
| #define HAVE_STRERROR_R 1
| #define HAVE_FLOCKFILE 1
| #define HAVE_VASPRINTF 1
| #define SIZEOF_INT 4
| #define SIZEOF_LONG 4
| #define SIZEOF_LONG_LONG 8
| #define REPLACEMENT_FOR_OFF_T "int64_t"
| #define HAVE_GCC_ATTRIBUTE_ALIGNED 1
| #define USE_POSIX_THREADS 1
| /* end confdefs.h.  */
| #include <pthread.h>
| 
| int
| main ()
| {
| if (sizeof ((pthread_rwlock_t)))
| 	    return 0;
|   ;
|   return 0;
| }
configure:15954: result: yes
configure:15985: gcc -c -g -isysroot /Applications/Xcode.app/Contents/Developer/Platforms/MacOSX.platform/Developer/SDKs/MacOSX10.9.sdk -arch i386 -I/Users/sts/Quellen/mac/hbci/lib/static-build-debug-5.5.0.2/include/ -mmacosx-version-min=10.9 -fno-inline -Wall -Wpointer-arith -g -isysroot /Applications/Xcode.app/Contents/Developer/Platforms/MacOSX.platform/Developer/SDKs/MacOSX10.9.sdk -arch i386 -I/Users/sts/Quellen/mac/hbci/lib/static-build-debug-5.5.0.2/include/ -mmacosx-version-min=10.9 -fno-inline conftest.c >&5
configure:15985: $? = 0
configure:15999: checking size of pthread_mutex_t
configure:16004: gcc -o conftest -g -isysroot /Applications/Xcode.app/Contents/Developer/Platforms/MacOSX.platform/Developer/SDKs/MacOSX10.9.sdk -arch i386 -I/Users/sts/Quellen/mac/hbci/lib/static-build-debug-5.5.0.2/include/ -mmacosx-version-min=10.9 -fno-inline -Wall -Wpointer-arith -g -isysroot /Applications/Xcode.app/Contents/Developer/Platforms/MacOSX.platform/Developer/SDKs/MacOSX10.9.sdk -arch i386 -I/Users/sts/Quellen/mac/hbci/lib/static-build-debug-5.5.0.2/include/ -mmacosx-version-min=10.9 -fno-inline -arch i386 -L/Users/sts/Quellen/mac/hbci/lib/static-build-debug-5.5.0.2/lib -L/Applications/Xcode.app/Contents/Developer/Platforms/MacOSX.platform/Developer/SDKs/MacOSX10.9.sdk/usr/lib/ -mmacosx-version-min=10.9 conftest.c  >&5
configure:16004: $? = 0
configure:16004: ./conftest
configure:16004: $? = 0
configure:16020: result: 44
configure:16037: checking for unsigned long long int
configure:16074: gcc -o conftest -g -isysroot /Applications/Xcode.app/Contents/Developer/Platforms/MacOSX.platform/Developer/SDKs/MacOSX10.9.sdk -arch i386 -I/Users/sts/Quellen/mac/hbci/lib/static-build-debug-5.5.0.2/include/ -mmacosx-version-min=10.9 -fno-inline -Wall -Wpointer-arith -g -isysroot /Applications/Xcode.app/Contents/Developer/Platforms/MacOSX.platform/Developer/SDKs/MacOSX10.9.sdk -arch i386 -I/Users/sts/Quellen/mac/hbci/lib/static-build-debug-5.5.0.2/include/ -mmacosx-version-min=10.9 -fno-inline -arch i386 -L/Users/sts/Quellen/mac/hbci/lib/static-build-debug-5.5.0.2/lib -L/Applications/Xcode.app/Contents/Developer/Platforms/MacOSX.platform/Developer/SDKs/MacOSX10.9.sdk/usr/lib/ -mmacosx-version-min=10.9 conftest.c  >&5
configure:16074: $? = 0
configure:16082: result: yes
configure:16091: checking system features for estream-printf
configure:16095: checking for stdint.h
configure:16095: result: yes
configure:16106: checking for long long int
configure:16143: gcc -o conftest -g -isysroot /Applications/Xcode.app/Contents/Developer/Platforms/MacOSX.platform/Developer/SDKs/MacOSX10.9.sdk -arch i386 -I/Users/sts/Quellen/mac/hbci/lib/static-build-debug-5.5.0.2/include/ -mmacosx-version-min=10.9 -fno-inline -Wall -Wpointer-arith -g -isysroot /Applications/Xcode.app/Contents/Developer/Platforms/MacOSX.platform/Developer/SDKs/MacOSX10.9.sdk -arch i386 -I/Users/sts/Quellen/mac/hbci/lib/static-build-debug-5.5.0.2/include/ -mmacosx-version-min=10.9 -fno-inline -arch i386 -L/Users/sts/Quellen/mac/hbci/lib/static-build-debug-5.5.0.2/lib -L/Applications/Xcode.app/Contents/Developer/Platforms/MacOSX.platform/Developer/SDKs/MacOSX10.9.sdk/usr/lib/ -mmacosx-version-min=10.9 conftest.c  >&5
configure:16143: $? = 0
configure:16173: gcc -o conftest -g -isysroot /Applications/Xcode.app/Contents/Developer/Platforms/MacOSX.platform/Developer/SDKs/MacOSX10.9.sdk -arch i386 -I/Users/sts/Quellen/mac/hbci/lib/static-build-debug-5.5.0.2/include/ -mmacosx-version-min=10.9 -fno-inline -Wall -Wpointer-arith -g -isysroot /Applications/Xcode.app/Contents/Developer/Platforms/MacOSX.platform/Developer/SDKs/MacOSX10.9.sdk -arch i386 -I/Users/sts/Quellen/mac/hbci/lib/static-build-debug-5.5.0.2/include/ -mmacosx-version-min=10.9 -fno-inline -arch i386 -L/Users/sts/Quellen/mac/hbci/lib/static-build-debug-5.5.0.2/lib -L/Applications/Xcode.app/Contents/Developer/Platforms/MacOSX.platform/Developer/SDKs/MacOSX10.9.sdk/usr/lib/ -mmacosx-version-min=10.9 conftest.c  >&5
configure:16173: $? = 0
configure:16173: ./conftest
configure:16173: $? = 0
configure:16188: result: yes
configure:16197: checking for long double
configure:16230: result: yes
configure:16240: checking for intmax_t
configure:16240: gcc -c -g -isysroot /Applications/Xcode.app/Contents/Developer/Platforms/MacOSX.platform/Developer/SDKs/MacOSX10.9.sdk -arch i386 -I/Users/sts/Quellen/mac/hbci/lib/static-build-debug-5.5.0.2/include/ -mmacosx-version-min=10.9 -fno-inline -Wall -Wpointer-arith -g -isysroot /Applications/Xcode.app/Contents/Developer/Platforms/MacOSX.platform/Developer/SDKs/MacOSX10.9.sdk -arch i386 -I/Users/sts/Quellen/mac/hbci/lib/static-build-debug-5.5.0.2/include/ -mmacosx-version-min=10.9 -fno-inline conftest.c >&5
configure:16240: $? = 0
configure:16240: gcc -c -g -isysroot /Applications/Xcode.app/Contents/Developer/Platforms/MacOSX.platform/Developer/SDKs/MacOSX10.9.sdk -arch i386 -I/Users/sts/Quellen/mac/hbci/lib/static-build-debug-5.5.0.2/include/ -mmacosx-version-min=10.9 -fno-inline -Wall -Wpointer-arith -g -isysroot /Applications/Xcode.app/Contents/Developer/Platforms/MacOSX.platform/Developer/SDKs/MacOSX10.9.sdk -arch i386 -I/Users/sts/Quellen/mac/hbci/lib/static-build-debug-5.5.0.2/include/ -mmacosx-version-min=10.9 -fno-inline conftest.c >&5
conftest.c:87:23: error: expected expression
if (sizeof ((intmax_t)))
                      ^
1 error generated.
configure:16240: $? = 1
configure: failed program was:
| /* confdefs.h */
| #define PACKAGE_NAME "libgpg-error"
| #define PACKAGE_TARNAME "libgpg-error"
| #define PACKAGE_VERSION "1.17"
| #define PACKAGE_STRING "libgpg-error 1.17"
| #define PACKAGE_BUGREPORT "http://bugs.gnupg.org"
| #define PACKAGE_URL ""
| #define PACKAGE "libgpg-error"
| #define VERSION "1.17"
| #define STDC_HEADERS 1
| #define HAVE_SYS_TYPES_H 1
| #define HAVE_SYS_STAT_H 1
| #define HAVE_STDLIB_H 1
| #define HAVE_STRING_H 1
| #define HAVE_MEMORY_H 1
| #define HAVE_STRINGS_H 1
| #define HAVE_INTTYPES_H 1
| #define HAVE_STDINT_H 1
| #define HAVE_UNISTD_H 1
| #define __EXTENSIONS__ 1
| #define _ALL_SOURCE 1
| #define _GNU_SOURCE 1
| #define _POSIX_PTHREAD_SEMANTICS 1
| #define _TANDEM_SOURCE 1
| #define HAVE_DLFCN_H 1
| #define LT_OBJDIR ".libs/"
| #define HAVE_CFPREFERENCESCOPYAPPVALUE 1
| #define HAVE_CFLOCALECOPYCURRENT 1
| #define STDC_HEADERS 1
| #define HAVE_STDLIB_H 1
| #define HAVE_LOCALE_H 1
| #define HAVE_STDINT_H 1
| #define HAVE_DECL_STRERROR_R 1
| #define HAVE_STRERROR_R 1
| #define HAVE_FLOCKFILE 1
| #define HAVE_VASPRINTF 1
| #define SIZEOF_INT 4
| #define SIZEOF_LONG 4
| #define SIZEOF_LONG_LONG 8
| #define REPLACEMENT_FOR_OFF_T "int64_t"
| #define HAVE_GCC_ATTRIBUTE_ALIGNED 1
| #define USE_POSIX_THREADS 1
| #define HAVE_PTHREAD_RWLOCK 1
| #define HAVE_PTHREAD_MUTEX_RECURSIVE 1
| #define SIZEOF_PTHREAD_MUTEX_T 44
| #define HAVE_UNSIGNED_LONG_LONG_INT 1
| #define HAVE_STDINT_H 1
| #define HAVE_LONG_LONG_INT 1
| #define HAVE_LONG_DOUBLE 1
| /* end confdefs.h.  */
| #include <stdio.h>
| #ifdef HAVE_SYS_TYPES_H
| # include <sys/types.h>
| #endif
| #ifdef HAVE_SYS_STAT_H
| # include <sys/stat.h>
| #endif
| #ifdef STDC_HEADERS
| # include <stdlib.h>
| # include <stddef.h>
| #else
| # ifdef HAVE_STDLIB_H
| #  include <stdlib.h>
| # endif
| #endif
| #ifdef HAVE_STRING_H
| # if !defined STDC_HEADERS && defined HAVE_MEMORY_H
| #  include <memory.h>
| # endif
| # include <string.h>
| #endif
| #ifdef HAVE_STRINGS_H
| # include <strings.h>
| #endif
| #ifdef HAVE_INTTYPES_H
| # include <inttypes.h>
| #endif
| #ifdef HAVE_STDINT_H
| # include <stdint.h>
| #endif
| #ifdef HAVE_UNISTD_H
| # include <unistd.h>
| #endif
| int
| main ()
| {
| if (sizeof ((intmax_t)))
| 	    return 0;
|   ;
|   return 0;
| }
configure:16240: result: yes
configure:16259: checking for uintmax_t
configure:16259: gcc -c -g -isysroot /Applications/Xcode.app/Contents/Developer/Platforms/MacOSX.platform/Developer/SDKs/MacOSX10.9.sdk -arch i386 -I/Users/sts/Quellen/mac/hbci/lib/static-build-debug-5.5.0.2/include/ -mmacosx-version-min=10.9 -fno-inline -Wall -Wpointer-arith -g -isysroot /Applications/Xcode.app/Contents/Developer/Platforms/MacOSX.platform/Developer/SDKs/MacOSX10.9.sdk -arch i386 -I/Users/sts/Quellen/mac/hbci/lib/static-build-debug-5.5.0.2/include/ -mmacosx-version-min=10.9 -fno-inline conftest.c >&5
configure:16259: $? = 0
configure:16259: gcc -c -g -isysroot /Applications/Xcode.app/Contents/Developer/Platforms/MacOSX.platform/Developer/SDKs/MacOSX10.9.sdk -arch i386 -I/Users/sts/Quellen/mac/hbci/lib/static-build-debug-5.5.0.2/include/ -mmacosx-version-min=10.9 -fno-inline -Wall -Wpointer-arith -g -isysroot /Applications/Xcode.app/Contents/Developer/Platforms/MacOSX.platform/Developer/SDKs/MacOSX10.9.sdk -arch i386 -I/Users/sts/Quellen/mac/hbci/lib/static-build-debug-5.5.0.2/include/ -mmacosx-version-min=10.9 -fno-inline conftest.c >&5
conftest.c:88:24: error: expected expression
if (sizeof ((uintmax_t)))
                       ^
1 error generated.
configure:16259: $? = 1
configure: failed program was:
| /* confdefs.h */
| #define PACKAGE_NAME "libgpg-error"
| #define PACKAGE_TARNAME "libgpg-error"
| #define PACKAGE_VERSION "1.17"
| #define PACKAGE_STRING "libgpg-error 1.17"
| #define PACKAGE_BUGREPORT "http://bugs.gnupg.org"
| #define PACKAGE_URL ""
| #define PACKAGE "libgpg-error"
| #define VERSION "1.17"
| #define STDC_HEADERS 1
| #define HAVE_SYS_TYPES_H 1
| #define HAVE_SYS_STAT_H 1
| #define HAVE_STDLIB_H 1
| #define HAVE_STRING_H 1
| #define HAVE_MEMORY_H 1
| #define HAVE_STRINGS_H 1
| #define HAVE_INTTYPES_H 1
| #define HAVE_STDINT_H 1
| #define HAVE_UNISTD_H 1
| #define __EXTENSIONS__ 1
| #define _ALL_SOURCE 1
| #define _GNU_SOURCE 1
| #define _POSIX_PTHREAD_SEMANTICS 1
| #define _TANDEM_SOURCE 1
| #define HAVE_DLFCN_H 1
| #define LT_OBJDIR ".libs/"
| #define HAVE_CFPREFERENCESCOPYAPPVALUE 1
| #define HAVE_CFLOCALECOPYCURRENT 1
| #define STDC_HEADERS 1
| #define HAVE_STDLIB_H 1
| #define HAVE_LOCALE_H 1
| #define HAVE_STDINT_H 1
| #define HAVE_DECL_STRERROR_R 1
| #define HAVE_STRERROR_R 1
| #define HAVE_FLOCKFILE 1
| #define HAVE_VASPRINTF 1
| #define SIZEOF_INT 4
| #define SIZEOF_LONG 4
| #define SIZEOF_LONG_LONG 8
| #define REPLACEMENT_FOR_OFF_T "int64_t"
| #define HAVE_GCC_ATTRIBUTE_ALIGNED 1
| #define USE_POSIX_THREADS 1
| #define HAVE_PTHREAD_RWLOCK 1
| #define HAVE_PTHREAD_MUTEX_RECURSIVE 1
| #define SIZEOF_PTHREAD_MUTEX_T 44
| #define HAVE_UNSIGNED_LONG_LONG_INT 1
| #define HAVE_STDINT_H 1
| #define HAVE_LONG_LONG_INT 1
| #define HAVE_LONG_DOUBLE 1
| #define HAVE_INTMAX_T 1
| /* end confdefs.h.  */
| #include <stdio.h>
| #ifdef HAVE_SYS_TYPES_H
| # include <sys/types.h>
| #endif
| #ifdef HAVE_SYS_STAT_H
| # include <sys/stat.h>
| #endif
| #ifdef STDC_HEADERS
| # include <stdlib.h>
| # include <stddef.h>
| #else
| # ifdef HAVE_STDLIB_H
| #  include <stdlib.h>
| # endif
| #endif
| #ifdef HAVE_STRING_H
| # if !defined STDC_HEADERS && defined HAVE_MEMORY_H
| #  include <memory.h>
| # endif
| # include <string.h>
| #endif
| #ifdef HAVE_STRINGS_H
| # include <strings.h>
| #endif
| #ifdef HAVE_INTTYPES_H
| # include <inttypes.h>
| #endif
| #ifdef HAVE_STDINT_H
| # include <stdint.h>
| #endif
| #ifdef HAVE_UNISTD_H
| # include <unistd.h>
| #endif
| int
| main ()
| {
| if (sizeof ((uintmax_t)))
| 	    return 0;
|   ;
|   return 0;
| }
configure:16259: result: yes
configure:16276: checking for ptrdiff_t
configure:16276: gcc -c -g -isysroot /Applications/Xcode.app/Contents/Developer/Platforms/MacOSX.platform/Developer/SDKs/MacOSX10.9.sdk -arch i386 -I/Users/sts/Quellen/mac/hbci/lib/static-build-debug-5.5.0.2/include/ -mmacosx-version-min=10.9 -fno-inline -Wall -Wpointer-arith -g -isysroot /Applications/Xcode.app/Contents/Developer/Platforms/MacOSX.platform/Developer/SDKs/MacOSX10.9.sdk -arch i386 -I/Users/sts/Quellen/mac/hbci/lib/static-build-debug-5.5.0.2/include/ -mmacosx-version-min=10.9 -fno-inline conftest.c >&5
configure:16276: $? = 0
configure:16276: gcc -c -g -isysroot /Applications/Xcode.app/Contents/Developer/Platforms/MacOSX.platform/Developer/SDKs/MacOSX10.9.sdk -arch i386 -I/Users/sts/Quellen/mac/hbci/lib/static-build-debug-5.5.0.2/include/ -mmacosx-version-min=10.9 -fno-inline -Wall -Wpointer-arith -g -isysroot /Applications/Xcode.app/Contents/Developer/Platforms/MacOSX.platform/Developer/SDKs/MacOSX10.9.sdk -arch i386 -I/Users/sts/Quellen/mac/hbci/lib/static-build-debug-5.5.0.2/include/ -mmacosx-version-min=10.9 -fno-inline conftest.c >&5
conftest.c:89:24: error: expected expression
if (sizeof ((ptrdiff_t)))
                       ^
1 error generated.
configure:16276: $? = 1
configure: failed program was:
| /* confdefs.h */
| #define PACKAGE_NAME "libgpg-error"
| #define PACKAGE_TARNAME "libgpg-error"
| #define PACKAGE_VERSION "1.17"
| #define PACKAGE_STRING "libgpg-error 1.17"
| #define PACKAGE_BUGREPORT "http://bugs.gnupg.org"
| #define PACKAGE_URL ""
| #define PACKAGE "libgpg-error"
| #define VERSION "1.17"
| #define STDC_HEADERS 1
| #define HAVE_SYS_TYPES_H 1
| #define HAVE_SYS_STAT_H 1
| #define HAVE_STDLIB_H 1
| #define HAVE_STRING_H 1
| #define HAVE_MEMORY_H 1
| #define HAVE_STRINGS_H 1
| #define HAVE_INTTYPES_H 1
| #define HAVE_STDINT_H 1
| #define HAVE_UNISTD_H 1
| #define __EXTENSIONS__ 1
| #define _ALL_SOURCE 1
| #define _GNU_SOURCE 1
| #define _POSIX_PTHREAD_SEMANTICS 1
| #define _TANDEM_SOURCE 1
| #define HAVE_DLFCN_H 1
| #define LT_OBJDIR ".libs/"
| #define HAVE_CFPREFERENCESCOPYAPPVALUE 1
| #define HAVE_CFLOCALECOPYCURRENT 1
| #define STDC_HEADERS 1
| #define HAVE_STDLIB_H 1
| #define HAVE_LOCALE_H 1
| #define HAVE_STDINT_H 1
| #define HAVE_DECL_STRERROR_R 1
| #define HAVE_STRERROR_R 1
| #define HAVE_FLOCKFILE 1
| #define HAVE_VASPRINTF 1
| #define SIZEOF_INT 4
| #define SIZEOF_LONG 4
| #define SIZEOF_LONG_LONG 8
| #define REPLACEMENT_FOR_OFF_T "int64_t"
| #define HAVE_GCC_ATTRIBUTE_ALIGNED 1
| #define USE_POSIX_THREADS 1
| #define HAVE_PTHREAD_RWLOCK 1
| #define HAVE_PTHREAD_MUTEX_RECURSIVE 1
| #define SIZEOF_PTHREAD_MUTEX_T 44
| #define HAVE_UNSIGNED_LONG_LONG_INT 1
| #define HAVE_STDINT_H 1
| #define HAVE_LONG_LONG_INT 1
| #define HAVE_LONG_DOUBLE 1
| #define HAVE_INTMAX_T 1
| #define HAVE_UINTMAX_T 1
| /* end confdefs.h.  */
| #include <stdio.h>
| #ifdef HAVE_SYS_TYPES_H
| # include <sys/types.h>
| #endif
| #ifdef HAVE_SYS_STAT_H
| # include <sys/stat.h>
| #endif
| #ifdef STDC_HEADERS
| # include <stdlib.h>
| # include <stddef.h>
| #else
| # ifdef HAVE_STDLIB_H
| #  include <stdlib.h>
| # endif
| #endif
| #ifdef HAVE_STRING_H
| # if !defined STDC_HEADERS && defined HAVE_MEMORY_H
| #  include <memory.h>
| # endif
| # include <string.h>
| #endif
| #ifdef HAVE_STRINGS_H
| # include <strings.h>
| #endif
| #ifdef HAVE_INTTYPES_H
| # include <inttypes.h>
| #endif
| #ifdef HAVE_STDINT_H
| # include <stdint.h>
| #endif
| #ifdef HAVE_UNISTD_H
| # include <unistd.h>
| #endif
| int
| main ()
| {
| if (sizeof ((ptrdiff_t)))
| 	    return 0;
|   ;
|   return 0;
| }
configure:16276: result: yes
configure:16290: checking size of unsigned long
configure:16295: gcc -o conftest -g -isysroot /Applications/Xcode.app/Contents/Developer/Platforms/MacOSX.platform/Developer/SDKs/MacOSX10.9.sdk -arch i386 -I/Users/sts/Quellen/mac/hbci/lib/static-build-debug-5.5.0.2/include/ -mmacosx-version-min=10.9 -fno-inline -Wall -Wpointer-arith -g -isysroot /Applications/Xcode.app/Contents/Developer/Platforms/MacOSX.platform/Developer/SDKs/MacOSX10.9.sdk -arch i386 -I/Users/sts/Quellen/mac/hbci/lib/static-build-debug-5.5.0.2/include/ -mmacosx-version-min=10.9 -fno-inline -arch i386 -L/Users/sts/Quellen/mac/hbci/lib/static-build-debug-5.5.0.2/lib -L/Applications/Xcode.app/Contents/Developer/Platforms/MacOSX.platform/Developer/SDKs/MacOSX10.9.sdk/usr/lib/ -mmacosx-version-min=10.9 conftest.c  >&5
configure:16295: $? = 0
configure:16295: ./conftest
configure:16295: $? = 0
configure:16309: result: 4
configure:16323: checking size of void *
configure:16328: gcc -o conftest -g -isysroot /Applications/Xcode.app/Contents/Developer/Platforms/MacOSX.platform/Developer/SDKs/MacOSX10.9.sdk -arch i386 -I/Users/sts/Quellen/mac/hbci/lib/static-build-debug-5.5.0.2/include/ -mmacosx-version-min=10.9 -fno-inline -Wall -Wpointer-arith -g -isysroot /Applications/Xcode.app/Contents/Developer/Platforms/MacOSX.platform/Developer/SDKs/MacOSX10.9.sdk -arch i386 -I/Users/sts/Quellen/mac/hbci/lib/static-build-debug-5.5.0.2/include/ -mmacosx-version-min=10.9 -fno-inline -arch i386 -L/Users/sts/Quellen/mac/hbci/lib/static-build-debug-5.5.0.2/lib -L/Applications/Xcode.app/Contents/Developer/Platforms/MacOSX.platform/Developer/SDKs/MacOSX10.9.sdk/usr/lib/ -mmacosx-version-min=10.9 conftest.c  >&5
configure:16328: $? = 0
configure:16328: ./conftest
configure:16328: $? = 0
configure:16342: result: 4
configure:16352: checking for nl_langinfo and THOUSANDS_SEP
configure:16368: gcc -o conftest -g -isysroot /Applications/Xcode.app/Contents/Developer/Platforms/MacOSX.platform/Developer/SDKs/MacOSX10.9.sdk -arch i386 -I/Users/sts/Quellen/mac/hbci/lib/static-build-debug-5.5.0.2/include/ -mmacosx-version-min=10.9 -fno-inline -Wall -Wpointer-arith -g -isysroot /Applications/Xcode.app/Contents/Developer/Platforms/MacOSX.platform/Developer/SDKs/MacOSX10.9.sdk -arch i386 -I/Users/sts/Quellen/mac/hbci/lib/static-build-debug-5.5.0.2/include/ -mmacosx-version-min=10.9 -fno-inline -arch i386 -L/Users/sts/Quellen/mac/hbci/lib/static-build-debug-5.5.0.2/lib -L/Applications/Xcode.app/Contents/Developer/Platforms/MacOSX.platform/Developer/SDKs/MacOSX10.9.sdk/usr/lib/ -mmacosx-version-min=10.9 conftest.c  >&5
conftest.c:60:24: error: use of undeclared identifier 'THOUSANDS_SEP'
char* cs = nl_langinfo(THOUSANDS_SEP); return !cs;
                       ^
1 error generated.
configure:16368: $? = 1
configure: failed program was:
| /* confdefs.h */
| #define PACKAGE_NAME "libgpg-error"
| #define PACKAGE_TARNAME "libgpg-error"
| #define PACKAGE_VERSION "1.17"
| #define PACKAGE_STRING "libgpg-error 1.17"
| #define PACKAGE_BUGREPORT "http://bugs.gnupg.org"
| #define PACKAGE_URL ""
| #define PACKAGE "libgpg-error"
| #define VERSION "1.17"
| #define STDC_HEADERS 1
| #define HAVE_SYS_TYPES_H 1
| #define HAVE_SYS_STAT_H 1
| #define HAVE_STDLIB_H 1
| #define HAVE_STRING_H 1
| #define HAVE_MEMORY_H 1
| #define HAVE_STRINGS_H 1
| #define HAVE_INTTYPES_H 1
| #define HAVE_STDINT_H 1
| #define HAVE_UNISTD_H 1
| #define __EXTENSIONS__ 1
| #define _ALL_SOURCE 1
| #define _GNU_SOURCE 1
| #define _POSIX_PTHREAD_SEMANTICS 1
| #define _TANDEM_SOURCE 1
| #define HAVE_DLFCN_H 1
| #define LT_OBJDIR ".libs/"
| #define HAVE_CFPREFERENCESCOPYAPPVALUE 1
| #define HAVE_CFLOCALECOPYCURRENT 1
| #define STDC_HEADERS 1
| #define HAVE_STDLIB_H 1
| #define HAVE_LOCALE_H 1
| #define HAVE_STDINT_H 1
| #define HAVE_DECL_STRERROR_R 1
| #define HAVE_STRERROR_R 1
| #define HAVE_FLOCKFILE 1
| #define HAVE_VASPRINTF 1
| #define SIZEOF_INT 4
| #define SIZEOF_LONG 4
| #define SIZEOF_LONG_LONG 8
| #define REPLACEMENT_FOR_OFF_T "int64_t"
| #define HAVE_GCC_ATTRIBUTE_ALIGNED 1
| #define USE_POSIX_THREADS 1
| #define HAVE_PTHREAD_RWLOCK 1
| #define HAVE_PTHREAD_MUTEX_RECURSIVE 1
| #define SIZEOF_PTHREAD_MUTEX_T 44
| #define HAVE_UNSIGNED_LONG_LONG_INT 1
| #define HAVE_STDINT_H 1
| #define HAVE_LONG_LONG_INT 1
| #define HAVE_LONG_DOUBLE 1
| #define HAVE_INTMAX_T 1
| #define HAVE_UINTMAX_T 1
| #define HAVE_PTRDIFF_T 1
| #define SIZEOF_UNSIGNED_LONG 4
| #define SIZEOF_VOID_P 4
| /* end confdefs.h.  */
| #include <langinfo.h>
| int
| main ()
| {
| char* cs = nl_langinfo(THOUSANDS_SEP); return !cs;
|   ;
|   return 0;
| }
configure:16377: result: no
configure:16387: checking system features for estream
configure:16391: checking for memrchr
configure:16391: gcc -o conftest -g -isysroot /Applications/Xcode.app/Contents/Developer/Platforms/MacOSX.platform/Developer/SDKs/MacOSX10.9.sdk -arch i386 -I/Users/sts/Quellen/mac/hbci/lib/static-build-debug-5.5.0.2/include/ -mmacosx-version-min=10.9 -fno-inline -Wall -Wpointer-arith -g -isysroot /Applications/Xcode.app/Contents/Developer/Platforms/MacOSX.platform/Developer/SDKs/MacOSX10.9.sdk -arch i386 -I/Users/sts/Quellen/mac/hbci/lib/static-build-debug-5.5.0.2/include/ -mmacosx-version-min=10.9 -fno-inline -arch i386 -L/Users/sts/Quellen/mac/hbci/lib/static-build-debug-5.5.0.2/lib -L/Applications/Xcode.app/Contents/Developer/Platforms/MacOSX.platform/Developer/SDKs/MacOSX10.9.sdk/usr/lib/ -mmacosx-version-min=10.9 conftest.c  >&5
Undefined symbols for architecture i386:
  "_memrchr", referenced from:
      _main in conftest-8ad375.o
ld: symbol(s) not found for architecture i386
clang: error: linker command failed with exit code 1 (use -v to see invocation)
configure:16391: $? = 1
configure: failed program was:
| /* confdefs.h */
| #define PACKAGE_NAME "libgpg-error"
| #define PACKAGE_TARNAME "libgpg-error"
| #define PACKAGE_VERSION "1.17"
| #define PACKAGE_STRING "libgpg-error 1.17"
| #define PACKAGE_BUGREPORT "http://bugs.gnupg.org"
| #define PACKAGE_URL ""
| #define PACKAGE "libgpg-error"
| #define VERSION "1.17"
| #define STDC_HEADERS 1
| #define HAVE_SYS_TYPES_H 1
| #define HAVE_SYS_STAT_H 1
| #define HAVE_STDLIB_H 1
| #define HAVE_STRING_H 1
| #define HAVE_MEMORY_H 1
| #define HAVE_STRINGS_H 1
| #define HAVE_INTTYPES_H 1
| #define HAVE_STDINT_H 1
| #define HAVE_UNISTD_H 1
| #define __EXTENSIONS__ 1
| #define _ALL_SOURCE 1
| #define _GNU_SOURCE 1
| #define _POSIX_PTHREAD_SEMANTICS 1
| #define _TANDEM_SOURCE 1
| #define HAVE_DLFCN_H 1
| #define LT_OBJDIR ".libs/"
| #define HAVE_CFPREFERENCESCOPYAPPVALUE 1
| #define HAVE_CFLOCALECOPYCURRENT 1
| #define STDC_HEADERS 1
| #define HAVE_STDLIB_H 1
| #define HAVE_LOCALE_H 1
| #define HAVE_STDINT_H 1
| #define HAVE_DECL_STRERROR_R 1
| #define HAVE_STRERROR_R 1
| #define HAVE_FLOCKFILE 1
| #define HAVE_VASPRINTF 1
| #define SIZEOF_INT 4
| #define SIZEOF_LONG 4
| #define SIZEOF_LONG_LONG 8
| #define REPLACEMENT_FOR_OFF_T "int64_t"
| #define HAVE_GCC_ATTRIBUTE_ALIGNED 1
| #define USE_POSIX_THREADS 1
| #define HAVE_PTHREAD_RWLOCK 1
| #define HAVE_PTHREAD_MUTEX_RECURSIVE 1
| #define SIZEOF_PTHREAD_MUTEX_T 44
| #define HAVE_UNSIGNED_LONG_LONG_INT 1
| #define HAVE_STDINT_H 1
| #define HAVE_LONG_LONG_INT 1
| #define HAVE_LONG_DOUBLE 1
| #define HAVE_INTMAX_T 1
| #define HAVE_UINTMAX_T 1
| #define HAVE_PTRDIFF_T 1
| #define SIZEOF_UNSIGNED_LONG 4
| #define SIZEOF_VOID_P 4
| /* end confdefs.h.  */
| /* Define memrchr to an innocuous variant, in case <limits.h> declares memrchr.
|    For example, HP-UX 11i <limits.h> declares gettimeofday.  */
| #define memrchr innocuous_memrchr
| 
| /* System header to define __stub macros and hopefully few prototypes,
|     which can conflict with char memrchr (); below.
|     Prefer <limits.h> to <assert.h> if __STDC__ is defined, since
|     <limits.h> exists even on freestanding compilers.  */
| 
| #ifdef __STDC__
| # include <limits.h>
| #else
| # include <assert.h>
| #endif
| 
| #undef memrchr
| 
| /* Override any GCC internal prototype to avoid an error.
|    Use char because int might match the return type of a GCC
|    builtin and then its argument prototype would still apply.  */
| #ifdef __cplusplus
| extern "C"
| #endif
| char memrchr ();
| /* The GNU C library defines this for functions which it implements
|     to always fail with ENOSYS.  Some functions are actually named
|     something starting with __ and the normal name is an alias.  */
| #if defined __stub_memrchr || defined __stub___memrchr
| choke me
| #endif
| 
| int
| main ()
| {
| return memrchr ();
|   ;
|   return 0;
| }
configure:16391: result: no
configure:16731: creating ./config.status

## ---------------------- ##
## Running config.status. ##
## ---------------------- ##

This file was extended by libgpg-error config.status 1.17, which was
generated by GNU Autoconf 2.69.  Invocation command line was

  CONFIG_FILES    = 
  CONFIG_HEADERS  = 
  CONFIG_LINKS    = 
  CONFIG_COMMANDS = 
  $ ./config.status 

on Goedel.local

config.status:1233: creating Makefile
config.status:1233: creating doc/Makefile
config.status:1233: creating po/Makefile.in
config.status:1233: creating m4/Makefile
config.status:1233: creating src/Makefile
config.status:1233: creating tests/Makefile
config.status:1233: creating lang/Makefile
config.status:1233: creating lang/cl/Makefile
config.status:1233: creating lang/cl/gpg-error.asd
config.status:1233: creating src/versioninfo.rc
config.status:1233: creating src/gpg-error-config
config.status:1233: creating config.h
config.status:1447: executing depfiles commands
config.status:1447: executing libtool commands
config.status:1447: executing po-directories commands

## ---------------- ##
## Cache variables. ##
## ---------------- ##

ac_cv_build=x86_64-apple-darwin14.0.0
ac_cv_c_compiler_gnu=yes
ac_cv_c_const=yes
ac_cv_env_CC_FOR_BUILD_set=
ac_cv_env_CC_FOR_BUILD_value=
ac_cv_env_CC_set=
ac_cv_env_CC_value=
ac_cv_env_CFLAGS_set=set
ac_cv_env_CFLAGS_value='-g -isysroot /Applications/Xcode.app/Contents/Developer/Platforms/MacOSX.platform/Developer/SDKs/MacOSX10.9.sdk -arch i386 -I/Users/sts/Quellen/mac/hbci/lib/static-build-debug-5.5.0.2/include/ -mmacosx-version-min=10.9 -fno-inline'
ac_cv_env_CPPFLAGS_set=set
ac_cv_env_CPPFLAGS_value='-g -isysroot /Applications/Xcode.app/Contents/Developer/Platforms/MacOSX.platform/Developer/SDKs/MacOSX10.9.sdk -arch i386 -I/Users/sts/Quellen/mac/hbci/lib/static-build-debug-5.5.0.2/include/ -mmacosx-version-min=10.9 -fno-inline'
ac_cv_env_CPP_set=
ac_cv_env_CPP_value=
ac_cv_env_LDFLAGS_set=set
ac_cv_env_LDFLAGS_value='-arch i386 -L/Users/sts/Quellen/mac/hbci/lib/static-build-debug-5.5.0.2/lib -L/Applications/Xcode.app/Contents/Developer/Platforms/MacOSX.platform/Developer/SDKs/MacOSX10.9.sdk/usr/lib/ -mmacosx-version-min=10.9'
ac_cv_env_LIBS_set=
ac_cv_env_LIBS_value=
ac_cv_env_build_alias_set=
ac_cv_env_build_alias_value=
ac_cv_env_host_alias_set=
ac_cv_env_host_alias_value=
ac_cv_env_target_alias_set=
ac_cv_env_target_alias_value=
ac_cv_func_flockfile=yes
ac_cv_func_memrchr=no
ac_cv_func_strerror_r=yes
ac_cv_func_strerror_r_char_p=no
ac_cv_func_vasprintf=yes
ac_cv_have_decl_strerror_r=yes
ac_cv_header_dlfcn_h=yes
ac_cv_header_inttypes_h=yes
ac_cv_header_locale_h=yes
ac_cv_header_memory_h=yes
ac_cv_header_minix_config_h=no
ac_cv_header_pthread_h=yes
ac_cv_header_stdc=yes
ac_cv_header_stdint_h=yes
ac_cv_header_stdlib_h=yes
ac_cv_header_string_h=yes
ac_cv_header_strings_h=yes
ac_cv_header_sys_stat_h=yes
ac_cv_header_sys_types_h=yes
ac_cv_header_unistd_h=yes
ac_cv_host=x86_64-apple-darwin14.0.0
ac_cv_lib_pthread_pthread_kill=yes
ac_cv_objext=o
ac_cv_path_EGREP='/usr/bin/grep -E'
ac_cv_path_FGREP='/usr/bin/grep -F'
ac_cv_path_GMSGFMT=:
ac_cv_path_GREP=/usr/bin/grep
ac_cv_path_MSGFMT=:
ac_cv_path_MSGMERGE=:
ac_cv_path_SED=/usr/bin/sed
ac_cv_path_XGETTEXT=:
ac_cv_path_install='/usr/bin/install -c'
ac_cv_prog_AWK=awk
ac_cv_prog_CPP='gcc -E'
ac_cv_prog_ac_ct_AR=ar
ac_cv_prog_ac_ct_CC=gcc
ac_cv_prog_ac_ct_DSYMUTIL=dsymutil
ac_cv_prog_ac_ct_LIPO=lipo
ac_cv_prog_ac_ct_NMEDIT=nmedit
ac_cv_prog_ac_ct_OTOOL=otool
ac_cv_prog_ac_ct_RANLIB=ranlib
ac_cv_prog_ac_ct_STRIP=strip
ac_cv_prog_cc_c89=
ac_cv_prog_cc_g=yes
ac_cv_prog_cc_gcc_c_o=yes
ac_cv_prog_make_make_set=yes
ac_cv_safe_to_define___extensions__=yes
ac_cv_sizeof_int=4
ac_cv_sizeof_long=4
ac_cv_sizeof_long_long=8
ac_cv_sizeof_pthread_mutex_t=44
ac_cv_sizeof_unsigned_long=4
ac_cv_sizeof_void_p=4
ac_cv_sys_file_offset_bits=no
ac_cv_sys_largefile_CC=no
ac_cv_type_intmax_t=yes
ac_cv_type_long_double=yes
ac_cv_type_long_long_int=yes
ac_cv_type_pthread_rwlock_t=yes
ac_cv_type_ptrdiff_t=yes
ac_cv_type_uintmax_t=yes
ac_cv_type_unsigned_long_long_int=yes
acl_cv_hardcode_direct=no
acl_cv_hardcode_libdir_flag_spec=
acl_cv_hardcode_libdir_separator=
acl_cv_hardcode_minus_L=no
acl_cv_libext=a
acl_cv_libname_spec='lib$name'
acl_cv_library_names_spec='$libname$shrext'
acl_cv_path_LD=/Applications/Xcode.app/Contents/Developer/Toolchains/XcodeDefault.xctoolchain/usr/bin/ld
acl_cv_prog_gnu_ld=no
acl_cv_rpath=done
acl_cv_shlibext=dylib
acl_cv_wl=-Wl,
am_cv_CC_dependencies_compiler_type=none
am_cv_make_support_nested_variables=yes
estream_cv_langinfo_thousands_sep=no
gcry_cv_gcc_attribute_aligned=yes
gcry_cv_visibility_attribute=no
gl_cv_have_weak=no
gt_cv_func_CFLocaleCopyCurrent=yes
gt_cv_func_CFPreferencesCopyAppValue=yes
lt_cv_apple_cc_single_mod=yes
lt_cv_ar_at_file=no
lt_cv_deplibs_check_method=pass_all
lt_cv_file_magic_cmd='$MAGIC_CMD'
lt_cv_file_magic_test_file=
lt_cv_ld_exported_symbols_list=yes
lt_cv_ld_force_load=yes
lt_cv_ld_reload_flag=-r
lt_cv_nm_interface='BSD nm'
lt_cv_objdir=.libs
lt_cv_path_LD=/Applications/Xcode.app/Contents/Developer/Toolchains/XcodeDefault.xctoolchain/usr/bin/ld
lt_cv_path_NM=/usr/bin/nm
lt_cv_path_mainfest_tool=no
lt_cv_prog_compiler_c_o=yes
lt_cv_prog_compiler_c_o_RC=yes
lt_cv_prog_compiler_pic='-fno-common -DPIC'
lt_cv_prog_compiler_pic_works=yes
lt_cv_prog_compiler_rtti_exceptions=yes
lt_cv_prog_compiler_static_works=no
lt_cv_prog_gnu_ld=no
lt_cv_sharedlib_from_linklib_cmd='printf %s\n'
lt_cv_sys_global_symbol_pipe='sed -n -e '\''s/^.*[	 ]\([BCDEGRST][BCDEGRST]*\)[	 ][	 ]*_\([_A-Za-z][_A-Za-z0-9]*\)$/\1 _\2 \2/p'\'' | sed '\''/ __gnu_lto/d'\'''
lt_cv_sys_global_symbol_to_c_name_address='sed -n -e '\''s/^: \([^ ]*\)[ ]*$/  {\"\1\", (void *) 0},/p'\'' -e '\''s/^[BCDEGRST]* \([^ ]*\) \([^ ]*\)$/  {"\2", (void *) \&\2},/p'\'''
lt_cv_sys_global_symbol_to_c_name_address_lib_prefix='sed -n -e '\''s/^: \([^ ]*\)[ ]*$/  {\"\1\", (void *) 0},/p'\'' -e '\''s/^[BCDEGRST]* \([^ ]*\) \(lib[^ ]*\)$/  {"\2", (void *) \&\2},/p'\'' -e '\''s/^[BCDEGRST]* \([^ ]*\) \([^ ]*\)$/  {"lib\2", (void *) \&\2},/p'\'''
lt_cv_sys_global_symbol_to_cdecl='sed -n -e '\''s/^T .* \(.*\)$/extern int \1();/p'\'' -e '\''s/^[BCDEGRST]* .* \(.*\)$/extern char \1;/p'\'''
lt_cv_sys_max_cmd_len=196608
lt_cv_to_host_file_cmd=func_convert_file_noop
lt_cv_to_tool_file_cmd=func_convert_file_noop

## ----------------- ##
## Output variables. ##
## ----------------- ##

ACLOCAL='${SHELL} /Users/sts/Quellen/mac/hbci/lib/libgpg-error-1.17/build-aux/missing --run aclocal-1.11'
AMDEPBACKSLASH=''
AMDEP_FALSE=''
AMDEP_TRUE='#'
AMTAR='$${TAR-tar}'
AM_BACKSLASH='\'
AM_DEFAULT_V='$(AM_DEFAULT_VERBOSITY)'
AM_DEFAULT_VERBOSITY='1'
AM_V='$(V)'
AR='ar'
AS='as'
AUTOCONF='${SHELL} /Users/sts/Quellen/mac/hbci/lib/libgpg-error-1.17/build-aux/missing --run autoconf'
AUTOHEADER='${SHELL} /Users/sts/Quellen/mac/hbci/lib/libgpg-error-1.17/build-aux/missing --run autoheader'
AUTOMAKE='${SHELL} /Users/sts/Quellen/mac/hbci/lib/libgpg-error-1.17/build-aux/missing --run automake-1.11'
AWK='awk'
BUILD_FILEVERSION='1,17,0,7582'
BUILD_REVISION='1d9e4c2'
BUILD_TIMESTAMP='2014-12-13T11:41+0000'
CC='gcc'
CCDEPMODE='depmode=none'
CC_FOR_BUILD='gcc'
CFLAGS='-g -isysroot /Applications/Xcode.app/Contents/Developer/Platforms/MacOSX.platform/Developer/SDKs/MacOSX10.9.sdk -arch i386 -I/Users/sts/Quellen/mac/hbci/lib/static-build-debug-5.5.0.2/include/ -mmacosx-version-min=10.9 -fno-inline -Wall -Wpointer-arith'
CPP='gcc -E'
CPPFLAGS='-g -isysroot /Applications/Xcode.app/Contents/Developer/Platforms/MacOSX.platform/Developer/SDKs/MacOSX10.9.sdk -arch i386 -I/Users/sts/Quellen/mac/hbci/lib/static-build-debug-5.5.0.2/include/ -mmacosx-version-min=10.9 -fno-inline'
CROSS_COMPILING_FALSE=''
CROSS_COMPILING_TRUE='#'
CYGPATH_W='echo'
DEFS='-DHAVE_CONFIG_H'
DEPDIR='.deps'
DLLTOOL='false'
DSYMUTIL='dsymutil'
DUMPBIN=''
ECHO_C='\c'
ECHO_N=''
ECHO_T=''
EGREP='/usr/bin/grep -E'
EXEEXT=''
FGREP='/usr/bin/grep -F'
FORCE_USE_SYSCFG_FALSE=''
FORCE_USE_SYSCFG_TRUE='#'
GETTEXT_MACRO_VERSION='0.17'
GMSGFMT=':'
GMSGFMT_015=':'
GPG_ERROR_CONFIG_CFLAGS=''
GPG_ERROR_CONFIG_HOST='x86_64-apple-darwin14.0.0'
GPG_ERROR_CONFIG_ISUBDIRAFTER=''
GPG_ERROR_CONFIG_LIBS='-lgpg-error'
GPG_ERROR_CONFIG_MT_CFLAGS=''
GPG_ERROR_CONFIG_MT_LIBS='-lpthread'
GREP='/usr/bin/grep'
HAVE_LD_VERSION_SCRIPT_FALSE=''
HAVE_LD_VERSION_SCRIPT_TRUE='#'
HAVE_W32CE_SYSTEM_FALSE=''
HAVE_W32CE_SYSTEM_TRUE='#'
HAVE_W32_SYSTEM_FALSE=''
HAVE_W32_SYSTEM_TRUE='#'
HAVE_W64_SYSTEM_FALSE=''
HAVE_W64_SYSTEM_TRUE='#'
INSTALL_DATA='${INSTALL} -m 644'
INSTALL_PROGRAM='${INSTALL}'
INSTALL_SCRIPT='${INSTALL}'
INSTALL_STRIP_PROGRAM='$(install_sh) -c -s'
INTLLIBS=''
INTL_MACOSX_LIBS='-Wl,-framework -Wl,CoreFoundation'
LANGUAGES_SOME_FALSE=''
LANGUAGES_SOME_TRUE='#'
LD='/Applications/Xcode.app/Contents/Developer/Toolchains/XcodeDefault.xctoolchain/usr/bin/ld'
LDFLAGS='-arch i386 -L/Users/sts/Quellen/mac/hbci/lib/static-build-debug-5.5.0.2/lib -L/Applications/Xcode.app/Contents/Developer/Platforms/MacOSX.platform/Developer/SDKs/MacOSX10.9.sdk/usr/lib/ -mmacosx-version-min=10.9'
LIBGPG_ERROR_LT_AGE='13'
LIBGPG_ERROR_LT_CURRENT='13'
LIBGPG_ERROR_LT_REVISION='0'
LIBICONV='/Applications/Xcode.app/Contents/Developer/Platforms/MacOSX.platform/Developer/SDKs/MacOSX10.9.sdk/usr/lib//libiconv.dylib'
LIBINTL=''
LIBMULTITHREAD='-lpthread'
LIBOBJS=''
LIBS=''
LIBTHREAD=''
LIBTOOL='$(SHELL) $(top_builddir)/libtool'
LIPO='lipo'
LN_S='ln -s'
LTLIBICONV='-L/Applications/Xcode.app/Contents/Developer/Platforms/MacOSX.platform/Developer/SDKs/MacOSX10.9.sdk/usr/lib/ -liconv'
LTLIBINTL=''
LTLIBMULTITHREAD='-lpthread'
LTLIBOBJS=''
LTLIBTHREAD=''
MAINT='#'
MAINTAINER_MODE_FALSE=''
MAINTAINER_MODE_TRUE='#'
MAKEINFO='${SHELL} /Users/sts/Quellen/mac/hbci/lib/libgpg-error-1.17/build-aux/missing --run makeinfo'
MANIFEST_TOOL=':'
MKDIR_P='/Users/sts/Quellen/mac/hbci/lib/libgpg-error-1.17/build-aux/install-sh -c -d'
MSGFMT=':'
MSGFMT_015=':'
MSGMERGE=':'
NM='/usr/bin/nm'
NMEDIT='nmedit'
OBJDUMP='false'
OBJEXT='o'
OTOOL64=':'
OTOOL='otool'
PACKAGE='libgpg-error'
PACKAGE_BUGREPORT='http://bugs.gnupg.org'
PACKAGE_NAME='libgpg-error'
PACKAGE_STRING='libgpg-error 1.17'
PACKAGE_TARNAME='libgpg-error'
PACKAGE_URL=''
PACKAGE_VERSION='1.17'
PATH_SEPARATOR=':'
POSUB=''
RANLIB='ranlib'
RC=''
SED='/usr/bin/sed'
SET_MAKE=''
SHELL='/bin/sh'
STRIP='strip'
USE_NLS='no'
VERSION='1.17'
VERSION_NUMBER='0x011100'
XGETTEXT=':'
XGETTEXT_015=':'
XGETTEXT_EXTRA_OPTIONS=''
ac_ct_AR='ar'
ac_ct_CC='gcc'
ac_ct_DUMPBIN=''
am__EXEEXT_FALSE=''
am__EXEEXT_TRUE='#'
am__fastdepCC_FALSE=''
am__fastdepCC_TRUE='#'
am__include='include'
am__isrc=' -I$(srcdir)'
am__leading_dot='.'
am__nodep=''
am__quote=''
am__tar='$${TAR-tar} chof - "$$tardir"'
am__untar='$${TAR-tar} xf -'
bindir='${exec_prefix}/bin'
build='x86_64-apple-darwin14.0.0'
build_alias=''
build_cpu='x86_64'
build_os='darwin14.0.0'
build_vendor='apple'
datadir='${datarootdir}'
datarootdir='${prefix}/share'
docdir='${datarootdir}/doc/${PACKAGE_TARNAME}'
dvidir='${docdir}'
exec_prefix='${prefix}'
host='x86_64-apple-darwin14.0.0'
host_alias=''
host_cpu='x86_64'
host_os='darwin14.0.0'
host_vendor='apple'
htmldir='${docdir}'
includedir='${prefix}/include'
infodir='${datarootdir}/info'
install_sh='${SHELL} /Users/sts/Quellen/mac/hbci/lib/libgpg-error-1.17/build-aux/install-sh'
libdir='${exec_prefix}/lib'
libexecdir='${exec_prefix}/libexec'
localedir='${datarootdir}/locale'
localstatedir='${prefix}/var'
mandir='${datarootdir}/man'
mkdir_p='/Users/sts/Quellen/mac/hbci/lib/libgpg-error-1.17/build-aux/install-sh -c -d'
oldincludedir='/usr/include'
pdfdir='${docdir}'
prefix='/Users/sts/Quellen/mac/hbci/lib/static-build-debug-5.5.0.2'
program_transform_name='s,x,x,'
psdir='${docdir}'
sbindir='${exec_prefix}/sbin'
sharedstatedir='${prefix}/com'
sysconfdir='${prefix}/etc'
target_alias=''

## ----------- ##
## confdefs.h. ##
## ----------- ##

/* confdefs.h */
#define PACKAGE_NAME "libgpg-error"
#define PACKAGE_TARNAME "libgpg-error"
#define PACKAGE_VERSION "1.17"
#define PACKAGE_STRING "libgpg-error 1.17"
#define PACKAGE_BUGREPORT "http://bugs.gnupg.org"
#define PACKAGE_URL ""
#define PACKAGE "libgpg-error"
#define VERSION "1.17"
#define STDC_HEADERS 1
#define HAVE_SYS_TYPES_H 1
#define HAVE_SYS_STAT_H 1
#define HAVE_STDLIB_H 1
#define HAVE_STRING_H 1
#define HAVE_MEMORY_H 1
#define HAVE_STRINGS_H 1
#define HAVE_INTTYPES_H 1
#define HAVE_STDINT_H 1
#define HAVE_UNISTD_H 1
#define __EXTENSIONS__ 1
#define _ALL_SOURCE 1
#define _GNU_SOURCE 1
#define _POSIX_PTHREAD_SEMANTICS 1
#define _TANDEM_SOURCE 1
#define HAVE_DLFCN_H 1
#define LT_OBJDIR ".libs/"
#define HAVE_CFPREFERENCESCOPYAPPVALUE 1
#define HAVE_CFLOCALECOPYCURRENT 1
#define STDC_HEADERS 1
#define HAVE_STDLIB_H 1
#define HAVE_LOCALE_H 1
#define HAVE_STDINT_H 1
#define HAVE_DECL_STRERROR_R 1
#define HAVE_STRERROR_R 1
#define HAVE_FLOCKFILE 1
#define HAVE_VASPRINTF 1
#define SIZEOF_INT 4
#define SIZEOF_LONG 4
#define SIZEOF_LONG_LONG 8
#define REPLACEMENT_FOR_OFF_T "int64_t"
#define HAVE_GCC_ATTRIBUTE_ALIGNED 1
#define USE_POSIX_THREADS 1
#define HAVE_PTHREAD_RWLOCK 1
#define HAVE_PTHREAD_MUTEX_RECURSIVE 1
#define SIZEOF_PTHREAD_MUTEX_T 44
#define HAVE_UNSIGNED_LONG_LONG_INT 1
#define HAVE_STDINT_H 1
#define HAVE_LONG_LONG_INT 1
#define HAVE_LONG_DOUBLE 1
#define HAVE_INTMAX_T 1
#define HAVE_UINTMAX_T 1
#define HAVE_PTRDIFF_T 1
#define SIZEOF_UNSIGNED_LONG 4
#define SIZEOF_VOID_P 4
#define HOST_TRIPLET_STRING "x86_64-apple-darwin14.0.0"
#define BUILD_REVISION "1d9e4c2"
#define BUILD_TIMESTAMP "2014-12-13T11:41+0000"

configure: exit 0
