This file contains any messages produced by compilers while
running configure, to aid debugging if configure makes a mistake.

It was created by nettle configure 3.0, which was
generated by GNU Autoconf 2.69.  Invocation command line was

  $ /Users/sts/Quellen/mac/hbci/lib/nettle-3.0/configure --disable-dependency-tracking --prefix=/Users/sts/Quellen/mac/hbci/lib/static-build-i386-5.5.0.2 --disable-shared --enable-static --disable-openssl --without-examples

## --------- ##
## Platform. ##
## --------- ##

hostname = Goedel.local
uname -m = x86_64
uname -r = 14.0.0
uname -s = Darwin
uname -v = Darwin Kernel Version 14.0.0: Fri Sep 19 00:26:44 PDT 2014; root:xnu-2782.1.97~2/RELEASE_X86_64

/usr/bin/uname -p = i386
/bin/uname -X     = unknown

/bin/arch              = unknown
/usr/bin/arch -k       = unknown
/usr/convex/getsysinfo = unknown
/usr/bin/hostinfo      = Mach kernel version:
	 Darwin Kernel Version 14.0.0: Fri Sep 19 00:26:44 PDT 2014; root:xnu-2782.1.97~2/RELEASE_X86_64
Kernel configured for up to 4 processors.
2 processors are physically available.
4 processors are logically available.
Processor type: x86_64h (Intel x86-64h Haswell)
Processors active: 0 1 2 3
Primary memory available: 16.00 gigabytes
Default processor set: 338 tasks, 1892 threads, 4 processors
Load average: 4.20, Mach factor: 1.05
/bin/machine           = unknown
/usr/bin/oslevel       = unknown
/bin/universe          = unknown

PATH: /Users/sts/Quellen/mac/hbci/lib/static-build-i386-5.5.0.2/bin
PATH: /usr/bin
PATH: /bin
PATH: /usr/sbin
PATH: /sbin
PATH: /usr/X11/bin
PATH: /usr/local/bin


## ----------- ##
## Core tests. ##
## ----------- ##

configure:2527: checking build system type
configure:2541: result: x86_64-apple-darwin14.0.0
configure:2561: checking host system type
configure:2574: result: x86_64-apple-darwin14.0.0
configure:2694: checking for -R flag
configure:2713: result: none
configure:2723: result: Searching for libraries
configure:2730: checking /Users/sts/Quellen/mac/hbci/lib/static-build-i386-5.5.0.2/lib
configure:2748: result: added
configure:2730: checking /usr/local/lib
configure:2748: result: added
configure:2730: checking /sw/local/lib
configure:2757: result: not found
configure:2730: checking /sw/lib
configure:2757: result: not found
configure:2730: checking /usr/gnu/lib
configure:2757: result: not found
configure:2730: checking /opt/gnu/lib
configure:2757: result: not found
configure:2730: checking /sw/gnu/lib
configure:2757: result: not found
configure:2730: checking /usr/freeware/lib
configure:2757: result: not found
configure:2730: checking /usr/pkg/lib
configure:2757: result: not found
configure:2813: checking for gcc
configure:2829: found /usr/bin/gcc
configure:2840: result: gcc
configure:3069: checking for C compiler version
configure:3078: gcc --version >&5
Apple LLVM version 6.0 (clang-600.0.56) (based on LLVM 3.5svn)
Target: x86_64-apple-darwin14.0.0
Thread model: posix
Configured with: --prefix=/Applications/Xcode.app/Contents/Developer/usr --with-gxx-include-dir=/usr/include/c++/4.2.1
configure:3089: $? = 0
configure:3078: gcc -v >&5
Configured with: --prefix=/Applications/Xcode.app/Contents/Developer/usr --with-gxx-include-dir=/usr/include/c++/4.2.1
Apple LLVM version 6.0 (clang-600.0.56) (based on LLVM 3.5svn)
Target: x86_64-apple-darwin14.0.0
Thread model: posix
configure:3089: $? = 0
configure:3078: gcc -V >&5
clang: error: argument to '-V' is missing (expected 1 value)
clang: error: no input files
configure:3089: $? = 1
configure:3078: gcc -qversion >&5
clang: error: unknown argument: '-qversion'
clang: error: no input files
configure:3089: $? = 1
configure:3109: checking whether the C compiler works
configure:3131: gcc -g -isysroot /Applications/Xcode.app/Contents/Developer/Platforms/MacOSX.platform/Developer/SDKs/MacOSX10.9.sdk -arch i386 -I/Users/sts/Quellen/mac/hbci/lib/static-build-i386-5.5.0.2/include/ -mmacosx-version-min=10.9 -O -fheinous-gnu-extensions -std=gnu89 -g -isysroot /Applications/Xcode.app/Contents/Developer/Platforms/MacOSX.platform/Developer/SDKs/MacOSX10.9.sdk -arch i386 -I/Users/sts/Quellen/mac/hbci/lib/static-build-i386-5.5.0.2/include/ -mmacosx-version-min=10.9 -O -arch i386 -L/Users/sts/Quellen/mac/hbci/lib/static-build-i386-5.5.0.2/lib -L/Applications/Xcode.app/Contents/Developer/Platforms/MacOSX.platform/Developer/SDKs/MacOSX10.9.sdk/usr/lib/ -mmacosx-version-min=10.9 conftest.c  >&5
configure:3135: $? = 0
configure:3183: result: yes
configure:3186: checking for C compiler default output file name
configure:3188: result: a.out
configure:3194: checking for suffix of executables
configure:3201: gcc -o conftest -g -isysroot /Applications/Xcode.app/Contents/Developer/Platforms/MacOSX.platform/Developer/SDKs/MacOSX10.9.sdk -arch i386 -I/Users/sts/Quellen/mac/hbci/lib/static-build-i386-5.5.0.2/include/ -mmacosx-version-min=10.9 -O -fheinous-gnu-extensions -std=gnu89 -g -isysroot /Applications/Xcode.app/Contents/Developer/Platforms/MacOSX.platform/Developer/SDKs/MacOSX10.9.sdk -arch i386 -I/Users/sts/Quellen/mac/hbci/lib/static-build-i386-5.5.0.2/include/ -mmacosx-version-min=10.9 -O -arch i386 -L/Users/sts/Quellen/mac/hbci/lib/static-build-i386-5.5.0.2/lib -L/Applications/Xcode.app/Contents/Developer/Platforms/MacOSX.platform/Developer/SDKs/MacOSX10.9.sdk/usr/lib/ -mmacosx-version-min=10.9 conftest.c  >&5
configure:3205: $? = 0
configure:3227: result: 
configure:3249: checking whether we are cross compiling
configure:3257: gcc -o conftest -g -isysroot /Applications/Xcode.app/Contents/Developer/Platforms/MacOSX.platform/Developer/SDKs/MacOSX10.9.sdk -arch i386 -I/Users/sts/Quellen/mac/hbci/lib/static-build-i386-5.5.0.2/include/ -mmacosx-version-min=10.9 -O -fheinous-gnu-extensions -std=gnu89 -g -isysroot /Applications/Xcode.app/Contents/Developer/Platforms/MacOSX.platform/Developer/SDKs/MacOSX10.9.sdk -arch i386 -I/Users/sts/Quellen/mac/hbci/lib/static-build-i386-5.5.0.2/include/ -mmacosx-version-min=10.9 -O -arch i386 -L/Users/sts/Quellen/mac/hbci/lib/static-build-i386-5.5.0.2/lib -L/Applications/Xcode.app/Contents/Developer/Platforms/MacOSX.platform/Developer/SDKs/MacOSX10.9.sdk/usr/lib/ -mmacosx-version-min=10.9 conftest.c  >&5
configure:3261: $? = 0
configure:3268: ./conftest
configure:3272: $? = 0
configure:3287: result: no
configure:3292: checking for suffix of object files
configure:3314: gcc -c -g -isysroot /Applications/Xcode.app/Contents/Developer/Platforms/MacOSX.platform/Developer/SDKs/MacOSX10.9.sdk -arch i386 -I/Users/sts/Quellen/mac/hbci/lib/static-build-i386-5.5.0.2/include/ -mmacosx-version-min=10.9 -O -fheinous-gnu-extensions -std=gnu89 -g -isysroot /Applications/Xcode.app/Contents/Developer/Platforms/MacOSX.platform/Developer/SDKs/MacOSX10.9.sdk -arch i386 -I/Users/sts/Quellen/mac/hbci/lib/static-build-i386-5.5.0.2/include/ -mmacosx-version-min=10.9 -O conftest.c >&5
configure:3318: $? = 0
configure:3339: result: o
configure:3343: checking whether we are using the GNU C compiler
configure:3362: gcc -c -g -isysroot /Applications/Xcode.app/Contents/Developer/Platforms/MacOSX.platform/Developer/SDKs/MacOSX10.9.sdk -arch i386 -I/Users/sts/Quellen/mac/hbci/lib/static-build-i386-5.5.0.2/include/ -mmacosx-version-min=10.9 -O -fheinous-gnu-extensions -std=gnu89 -g -isysroot /Applications/Xcode.app/Contents/Developer/Platforms/MacOSX.platform/Developer/SDKs/MacOSX10.9.sdk -arch i386 -I/Users/sts/Quellen/mac/hbci/lib/static-build-i386-5.5.0.2/include/ -mmacosx-version-min=10.9 -O conftest.c >&5
configure:3362: $? = 0
configure:3371: result: yes
configure:3380: checking whether gcc accepts -g
configure:3400: gcc -c -g -g -isysroot /Applications/Xcode.app/Contents/Developer/Platforms/MacOSX.platform/Developer/SDKs/MacOSX10.9.sdk -arch i386 -I/Users/sts/Quellen/mac/hbci/lib/static-build-i386-5.5.0.2/include/ -mmacosx-version-min=10.9 -O conftest.c >&5
configure:3400: $? = 0
configure:3441: result: yes
configure:3458: checking for gcc option to accept ISO C89
configure:3521: gcc  -c -g -isysroot /Applications/Xcode.app/Contents/Developer/Platforms/MacOSX.platform/Developer/SDKs/MacOSX10.9.sdk -arch i386 -I/Users/sts/Quellen/mac/hbci/lib/static-build-i386-5.5.0.2/include/ -mmacosx-version-min=10.9 -O -fheinous-gnu-extensions -std=gnu89 -g -isysroot /Applications/Xcode.app/Contents/Developer/Platforms/MacOSX.platform/Developer/SDKs/MacOSX10.9.sdk -arch i386 -I/Users/sts/Quellen/mac/hbci/lib/static-build-i386-5.5.0.2/include/ -mmacosx-version-min=10.9 -O conftest.c >&5
configure:3521: $? = 0
configure:3534: result: none needed
configure:3630: checking for g++
configure:3646: found /usr/bin/g++
configure:3657: result: g++
configure:3684: checking for C++ compiler version
configure:3693: g++ --version >&5
Apple LLVM version 6.0 (clang-600.0.56) (based on LLVM 3.5svn)
Target: x86_64-apple-darwin14.0.0
Thread model: posix
Configured with: --prefix=/Applications/Xcode.app/Contents/Developer/usr --with-gxx-include-dir=/usr/include/c++/4.2.1
configure:3704: $? = 0
configure:3693: g++ -v >&5
Configured with: --prefix=/Applications/Xcode.app/Contents/Developer/usr --with-gxx-include-dir=/usr/include/c++/4.2.1
Apple LLVM version 6.0 (clang-600.0.56) (based on LLVM 3.5svn)
Target: x86_64-apple-darwin14.0.0
Thread model: posix
configure:3704: $? = 0
configure:3693: g++ -V >&5
clang: error: argument to '-V' is missing (expected 1 value)
clang: error: no input files
configure:3704: $? = 1
configure:3693: g++ -qversion >&5
clang: error: unknown argument: '-qversion'
clang: error: no input files
configure:3704: $? = 1
configure:3708: checking whether we are using the GNU C++ compiler
configure:3727: g++ -c  -g -isysroot /Applications/Xcode.app/Contents/Developer/Platforms/MacOSX.platform/Developer/SDKs/MacOSX10.9.sdk -arch i386 -I/Users/sts/Quellen/mac/hbci/lib/static-build-i386-5.5.0.2/include/ -mmacosx-version-min=10.9 -O conftest.cpp >&5
configure:3727: $? = 0
configure:3736: result: yes
configure:3745: checking whether g++ accepts -g
configure:3765: g++ -c -g -g -isysroot /Applications/Xcode.app/Contents/Developer/Platforms/MacOSX.platform/Developer/SDKs/MacOSX10.9.sdk -arch i386 -I/Users/sts/Quellen/mac/hbci/lib/static-build-i386-5.5.0.2/include/ -mmacosx-version-min=10.9 -O conftest.cpp >&5
configure:3765: $? = 0
configure:3806: result: yes
configure:3848: g++ -c -g -O2 -g -isysroot /Applications/Xcode.app/Contents/Developer/Platforms/MacOSX.platform/Developer/SDKs/MacOSX10.9.sdk -arch i386 -I/Users/sts/Quellen/mac/hbci/lib/static-build-i386-5.5.0.2/include/ -mmacosx-version-min=10.9 -O conftest.cpp >&5
configure:3848: $? = 0
configure:3862: checking whether make sets $(MAKE)
configure:3884: result: yes
configure:3936: checking for ranlib
configure:3952: found /usr/bin/ranlib
configure:3963: result: ranlib
configure:4028: checking for nm
configure:4044: found /usr/bin/nm
configure:4055: result: nm
configure:4121: checking for objdump
configure:4151: result: no
configure:4213: checking for ar
configure:4229: found /usr/bin/ar
configure:4240: result: ar
configure:4281: checking for a BSD-compatible install
configure:4349: result: /usr/bin/install -c
configure:4363: checking for a thread-safe mkdir -p
configure:4402: result: /Users/sts/Quellen/mac/hbci/lib/nettle-3.0/./install-sh -c -d
configure:4406: checking whether ln -s works
configure:4410: result: yes
configure:4535: checking for build system executable suffix
configure:4570: result: 
configure:4647: gcc -c -g -isysroot /Applications/Xcode.app/Contents/Developer/Platforms/MacOSX.platform/Developer/SDKs/MacOSX10.9.sdk -arch i386 -I/Users/sts/Quellen/mac/hbci/lib/static-build-i386-5.5.0.2/include/ -mmacosx-version-min=10.9 -O -fheinous-gnu-extensions -std=gnu89 -g -isysroot /Applications/Xcode.app/Contents/Developer/Platforms/MacOSX.platform/Developer/SDKs/MacOSX10.9.sdk -arch i386 -I/Users/sts/Quellen/mac/hbci/lib/static-build-i386-5.5.0.2/include/ -mmacosx-version-min=10.9 -O conftest.c >&5
configure:4647: $? = 0
configure:4688: Compiler uses 32-bit ABI. To change, set CC.
configure:4730: WARNING: Don't know where to install 32-bit libraries on this system.
configure:4733: Libraries to be installed in ${exec_prefix}/lib.
configure:4849: Looking for assembler files in x86.
configure:4929: checking CCPIC
configure:4973: gcc -c -g -isysroot /Applications/Xcode.app/Contents/Developer/Platforms/MacOSX.platform/Developer/SDKs/MacOSX10.9.sdk -arch i386 -I/Users/sts/Quellen/mac/hbci/lib/static-build-i386-5.5.0.2/include/ -mmacosx-version-min=10.9 -O -fheinous-gnu-extensions -std=gnu89 -fPIC -g -isysroot /Applications/Xcode.app/Contents/Developer/Platforms/MacOSX.platform/Developer/SDKs/MacOSX10.9.sdk -arch i386 -I/Users/sts/Quellen/mac/hbci/lib/static-build-i386-5.5.0.2/include/ -mmacosx-version-min=10.9 -O conftest.c >&5
conftest.c:13:1: warning: implicitly declaring library function 'exit' with type 'void (int) __attribute__((noreturn))'
exit(0);
^
conftest.c:13:1: note: please include the header <stdlib.h> or explicitly provide a declaration for 'exit'
1 warning generated.
configure:4973: $? = 0
configure:4984: result: -fPIC
configure:5103: checking if globals are prefixed by underscore
configure:5114: gcc -c -g -isysroot /Applications/Xcode.app/Contents/Developer/Platforms/MacOSX.platform/Developer/SDKs/MacOSX10.9.sdk -arch i386 -I/Users/sts/Quellen/mac/hbci/lib/static-build-i386-5.5.0.2/include/ -mmacosx-version-min=10.9 -O -fheinous-gnu-extensions -std=gnu89 -g -isysroot /Applications/Xcode.app/Contents/Developer/Platforms/MacOSX.platform/Developer/SDKs/MacOSX10.9.sdk -arch i386 -I/Users/sts/Quellen/mac/hbci/lib/static-build-i386-5.5.0.2/include/ -mmacosx-version-min=10.9 -O conftest.c >&5
configure:5114: $? = 0
configure:5130: result: yes
configure:5136: checking for ELF-style .type,%function pseudo-ops
configure:5153: gcc -g -isysroot /Applications/Xcode.app/Contents/Developer/Platforms/MacOSX.platform/Developer/SDKs/MacOSX10.9.sdk -arch i386 -I/Users/sts/Quellen/mac/hbci/lib/static-build-i386-5.5.0.2/include/ -mmacosx-version-min=10.9 -O -fheinous-gnu-extensions -std=gnu89 -g -isysroot /Applications/Xcode.app/Contents/Developer/Platforms/MacOSX.platform/Developer/SDKs/MacOSX10.9.sdk -arch i386 -I/Users/sts/Quellen/mac/hbci/lib/static-build-i386-5.5.0.2/include/ -mmacosx-version-min=10.9 -O -c conftest.s >conftest.out 2>&1
configure:5156: $? = 1
conftest.s:4:1: error: unknown directive
.type foo,%function
^
conftest.s:8:1: error: unknown directive
.size foo, .Lend - foo
^
configure: failed program was:

.text
.globl foo
.type foo,%function
foo:
.Lend:

.size foo, .Lend - foo

configure:5169: result: no
configure:5172: checking for ELF-style .type,#function pseudo-ops
configure:5189: gcc -g -isysroot /Applications/Xcode.app/Contents/Developer/Platforms/MacOSX.platform/Developer/SDKs/MacOSX10.9.sdk -arch i386 -I/Users/sts/Quellen/mac/hbci/lib/static-build-i386-5.5.0.2/include/ -mmacosx-version-min=10.9 -O -fheinous-gnu-extensions -std=gnu89 -g -isysroot /Applications/Xcode.app/Contents/Developer/Platforms/MacOSX.platform/Developer/SDKs/MacOSX10.9.sdk -arch i386 -I/Users/sts/Quellen/mac/hbci/lib/static-build-i386-5.5.0.2/include/ -mmacosx-version-min=10.9 -O -c conftest.s >conftest.out 2>&1
configure:5192: $? = 1
conftest.s:4:1: error: unknown directive
.type foo,#function
^
conftest.s:8:1: error: unknown directive
.size foo, .Lend - foo
^
configure: failed program was:

.text
.globl foo
.type foo,#function
foo:
.Lend:

.size foo, .Lend - foo

configure:5205: result: no
configure:5220: checking for COFF-style .type directive
configure:5237: gcc -g -isysroot /Applications/Xcode.app/Contents/Developer/Platforms/MacOSX.platform/Developer/SDKs/MacOSX10.9.sdk -arch i386 -I/Users/sts/Quellen/mac/hbci/lib/static-build-i386-5.5.0.2/include/ -mmacosx-version-min=10.9 -O -fheinous-gnu-extensions -std=gnu89 -g -isysroot /Applications/Xcode.app/Contents/Developer/Platforms/MacOSX.platform/Developer/SDKs/MacOSX10.9.sdk -arch i386 -I/Users/sts/Quellen/mac/hbci/lib/static-build-i386-5.5.0.2/include/ -mmacosx-version-min=10.9 -O -c conftest.s >conftest.out 2>&1
configure:5240: $? = 1
conftest.s:4:1: error: unknown directive
.def _foo
^
conftest.s:5:1: error: unknown directive
.scl 2
^
conftest.s:6:1: error: unknown directive
.type 32
^
conftest.s:7:1: error: unknown directive
.endef
^
configure: failed program was:

.text
.globl _foo
.def _foo
.scl 2
.type 32
.endef
_foo:

configure:5253: result: no
configure:5259: checking if we should use a .note.GNU-stack section
configure:5271: gcc -g -isysroot /Applications/Xcode.app/Contents/Developer/Platforms/MacOSX.platform/Developer/SDKs/MacOSX10.9.sdk -arch i386 -I/Users/sts/Quellen/mac/hbci/lib/static-build-i386-5.5.0.2/include/ -mmacosx-version-min=10.9 -O -fheinous-gnu-extensions -std=gnu89 -g -isysroot /Applications/Xcode.app/Contents/Developer/Platforms/MacOSX.platform/Developer/SDKs/MacOSX10.9.sdk -arch i386 -I/Users/sts/Quellen/mac/hbci/lib/static-build-i386-5.5.0.2/include/ -mmacosx-version-min=10.9 -O -c conftest.c >conftest.out 2>&1
configure:5274: $? = 0
configure:5286: result: no
configure:5292: checking if .align assembly directive is logarithmic
configure:5303: gcc -g -isysroot /Applications/Xcode.app/Contents/Developer/Platforms/MacOSX.platform/Developer/SDKs/MacOSX10.9.sdk -arch i386 -I/Users/sts/Quellen/mac/hbci/lib/static-build-i386-5.5.0.2/include/ -mmacosx-version-min=10.9 -O -fheinous-gnu-extensions -std=gnu89 -g -isysroot /Applications/Xcode.app/Contents/Developer/Platforms/MacOSX.platform/Developer/SDKs/MacOSX10.9.sdk -arch i386 -I/Users/sts/Quellen/mac/hbci/lib/static-build-i386-5.5.0.2/include/ -mmacosx-version-min=10.9 -O -c conftest.s >conftest.out 2>&1
configure:5306: $? = 0
configure:5319: result: yes
configure:5356: checking for m4
configure:5374: found /usr/bin/m4
configure:5387: result: /usr/bin/m4
configure:5401: checking for an ANSI C-conforming const
configure:5467: gcc -c -g -isysroot /Applications/Xcode.app/Contents/Developer/Platforms/MacOSX.platform/Developer/SDKs/MacOSX10.9.sdk -arch i386 -I/Users/sts/Quellen/mac/hbci/lib/static-build-i386-5.5.0.2/include/ -mmacosx-version-min=10.9 -O -fheinous-gnu-extensions -std=gnu89 -g -isysroot /Applications/Xcode.app/Contents/Developer/Platforms/MacOSX.platform/Developer/SDKs/MacOSX10.9.sdk -arch i386 -I/Users/sts/Quellen/mac/hbci/lib/static-build-i386-5.5.0.2/include/ -mmacosx-version-min=10.9 -O conftest.c >&5
configure:5467: $? = 0
configure:5474: result: yes
configure:5482: checking for inline
configure:5498: gcc -c -g -isysroot /Applications/Xcode.app/Contents/Developer/Platforms/MacOSX.platform/Developer/SDKs/MacOSX10.9.sdk -arch i386 -I/Users/sts/Quellen/mac/hbci/lib/static-build-i386-5.5.0.2/include/ -mmacosx-version-min=10.9 -O -fheinous-gnu-extensions -std=gnu89 -g -isysroot /Applications/Xcode.app/Contents/Developer/Platforms/MacOSX.platform/Developer/SDKs/MacOSX10.9.sdk -arch i386 -I/Users/sts/Quellen/mac/hbci/lib/static-build-i386-5.5.0.2/include/ -mmacosx-version-min=10.9 -O conftest.c >&5
configure:5498: $? = 0
configure:5506: result: inline
configure:5529: checking how to run the C preprocessor
configure:5560: gcc -E -g -isysroot /Applications/Xcode.app/Contents/Developer/Platforms/MacOSX.platform/Developer/SDKs/MacOSX10.9.sdk -arch i386 -I/Users/sts/Quellen/mac/hbci/lib/static-build-i386-5.5.0.2/include/ -mmacosx-version-min=10.9 -O conftest.c
configure:5560: $? = 0
configure:5574: gcc -E -g -isysroot /Applications/Xcode.app/Contents/Developer/Platforms/MacOSX.platform/Developer/SDKs/MacOSX10.9.sdk -arch i386 -I/Users/sts/Quellen/mac/hbci/lib/static-build-i386-5.5.0.2/include/ -mmacosx-version-min=10.9 -O conftest.c
conftest.c:9:10: fatal error: 'ac_nonexistent.h' file not found
#include <ac_nonexistent.h>
         ^
1 error generated.
configure:5574: $? = 1
configure: failed program was:
| /* confdefs.h */
| #define PACKAGE_NAME "nettle"
| #define PACKAGE_TARNAME "nettle"
| #define PACKAGE_VERSION "3.0"
| #define PACKAGE_STRING "nettle 3.0"
| #define PACKAGE_BUGREPORT "nettle-bugs@lists.lysator.liu.se"
| #define PACKAGE_URL ""
| /* end confdefs.h.  */
| #include <ac_nonexistent.h>
configure:5599: result: gcc -E
configure:5619: gcc -E -g -isysroot /Applications/Xcode.app/Contents/Developer/Platforms/MacOSX.platform/Developer/SDKs/MacOSX10.9.sdk -arch i386 -I/Users/sts/Quellen/mac/hbci/lib/static-build-i386-5.5.0.2/include/ -mmacosx-version-min=10.9 -O conftest.c
configure:5619: $? = 0
configure:5633: gcc -E -g -isysroot /Applications/Xcode.app/Contents/Developer/Platforms/MacOSX.platform/Developer/SDKs/MacOSX10.9.sdk -arch i386 -I/Users/sts/Quellen/mac/hbci/lib/static-build-i386-5.5.0.2/include/ -mmacosx-version-min=10.9 -O conftest.c
conftest.c:9:10: fatal error: 'ac_nonexistent.h' file not found
#include <ac_nonexistent.h>
         ^
1 error generated.
configure:5633: $? = 1
configure: failed program was:
| /* confdefs.h */
| #define PACKAGE_NAME "nettle"
| #define PACKAGE_TARNAME "nettle"
| #define PACKAGE_VERSION "3.0"
| #define PACKAGE_STRING "nettle 3.0"
| #define PACKAGE_BUGREPORT "nettle-bugs@lists.lysator.liu.se"
| #define PACKAGE_URL ""
| /* end confdefs.h.  */
| #include <ac_nonexistent.h>
configure:5662: checking for grep that handles long lines and -e
configure:5720: result: /usr/bin/grep
configure:5725: checking for egrep
configure:5787: result: /usr/bin/grep -E
configure:5792: checking for uid_t in sys/types.h
configure:5811: result: yes
configure:5822: checking for ANSI C header files
configure:5842: gcc -c -g -isysroot /Applications/Xcode.app/Contents/Developer/Platforms/MacOSX.platform/Developer/SDKs/MacOSX10.9.sdk -arch i386 -I/Users/sts/Quellen/mac/hbci/lib/static-build-i386-5.5.0.2/include/ -mmacosx-version-min=10.9 -O -fheinous-gnu-extensions -std=gnu89 -g -isysroot /Applications/Xcode.app/Contents/Developer/Platforms/MacOSX.platform/Developer/SDKs/MacOSX10.9.sdk -arch i386 -I/Users/sts/Quellen/mac/hbci/lib/static-build-i386-5.5.0.2/include/ -mmacosx-version-min=10.9 -O conftest.c >&5
configure:5842: $? = 0
configure:5915: gcc -o conftest -g -isysroot /Applications/Xcode.app/Contents/Developer/Platforms/MacOSX.platform/Developer/SDKs/MacOSX10.9.sdk -arch i386 -I/Users/sts/Quellen/mac/hbci/lib/static-build-i386-5.5.0.2/include/ -mmacosx-version-min=10.9 -O -fheinous-gnu-extensions -std=gnu89 -g -isysroot /Applications/Xcode.app/Contents/Developer/Platforms/MacOSX.platform/Developer/SDKs/MacOSX10.9.sdk -arch i386 -I/Users/sts/Quellen/mac/hbci/lib/static-build-i386-5.5.0.2/include/ -mmacosx-version-min=10.9 -O -arch i386 -L/Users/sts/Quellen/mac/hbci/lib/static-build-i386-5.5.0.2/lib -L/Applications/Xcode.app/Contents/Developer/Platforms/MacOSX.platform/Developer/SDKs/MacOSX10.9.sdk/usr/lib/ -mmacosx-version-min=10.9 conftest.c  >&5
configure:5915: $? = 0
configure:5915: ./conftest
configure:5915: $? = 0
configure:5926: result: yes
configure:5939: checking for sys/types.h
configure:5939: gcc -c -g -isysroot /Applications/Xcode.app/Contents/Developer/Platforms/MacOSX.platform/Developer/SDKs/MacOSX10.9.sdk -arch i386 -I/Users/sts/Quellen/mac/hbci/lib/static-build-i386-5.5.0.2/include/ -mmacosx-version-min=10.9 -O -fheinous-gnu-extensions -std=gnu89 -g -isysroot /Applications/Xcode.app/Contents/Developer/Platforms/MacOSX.platform/Developer/SDKs/MacOSX10.9.sdk -arch i386 -I/Users/sts/Quellen/mac/hbci/lib/static-build-i386-5.5.0.2/include/ -mmacosx-version-min=10.9 -O conftest.c >&5
configure:5939: $? = 0
configure:5939: result: yes
configure:5939: checking for sys/stat.h
configure:5939: gcc -c -g -isysroot /Applications/Xcode.app/Contents/Developer/Platforms/MacOSX.platform/Developer/SDKs/MacOSX10.9.sdk -arch i386 -I/Users/sts/Quellen/mac/hbci/lib/static-build-i386-5.5.0.2/include/ -mmacosx-version-min=10.9 -O -fheinous-gnu-extensions -std=gnu89 -g -isysroot /Applications/Xcode.app/Contents/Developer/Platforms/MacOSX.platform/Developer/SDKs/MacOSX10.9.sdk -arch i386 -I/Users/sts/Quellen/mac/hbci/lib/static-build-i386-5.5.0.2/include/ -mmacosx-version-min=10.9 -O conftest.c >&5
configure:5939: $? = 0
configure:5939: result: yes
configure:5939: checking for stdlib.h
configure:5939: gcc -c -g -isysroot /Applications/Xcode.app/Contents/Developer/Platforms/MacOSX.platform/Developer/SDKs/MacOSX10.9.sdk -arch i386 -I/Users/sts/Quellen/mac/hbci/lib/static-build-i386-5.5.0.2/include/ -mmacosx-version-min=10.9 -O -fheinous-gnu-extensions -std=gnu89 -g -isysroot /Applications/Xcode.app/Contents/Developer/Platforms/MacOSX.platform/Developer/SDKs/MacOSX10.9.sdk -arch i386 -I/Users/sts/Quellen/mac/hbci/lib/static-build-i386-5.5.0.2/include/ -mmacosx-version-min=10.9 -O conftest.c >&5
configure:5939: $? = 0
configure:5939: result: yes
configure:5939: checking for string.h
configure:5939: gcc -c -g -isysroot /Applications/Xcode.app/Contents/Developer/Platforms/MacOSX.platform/Developer/SDKs/MacOSX10.9.sdk -arch i386 -I/Users/sts/Quellen/mac/hbci/lib/static-build-i386-5.5.0.2/include/ -mmacosx-version-min=10.9 -O -fheinous-gnu-extensions -std=gnu89 -g -isysroot /Applications/Xcode.app/Contents/Developer/Platforms/MacOSX.platform/Developer/SDKs/MacOSX10.9.sdk -arch i386 -I/Users/sts/Quellen/mac/hbci/lib/static-build-i386-5.5.0.2/include/ -mmacosx-version-min=10.9 -O conftest.c >&5
configure:5939: $? = 0
configure:5939: result: yes
configure:5939: checking for memory.h
configure:5939: gcc -c -g -isysroot /Applications/Xcode.app/Contents/Developer/Platforms/MacOSX.platform/Developer/SDKs/MacOSX10.9.sdk -arch i386 -I/Users/sts/Quellen/mac/hbci/lib/static-build-i386-5.5.0.2/include/ -mmacosx-version-min=10.9 -O -fheinous-gnu-extensions -std=gnu89 -g -isysroot /Applications/Xcode.app/Contents/Developer/Platforms/MacOSX.platform/Developer/SDKs/MacOSX10.9.sdk -arch i386 -I/Users/sts/Quellen/mac/hbci/lib/static-build-i386-5.5.0.2/include/ -mmacosx-version-min=10.9 -O conftest.c >&5
configure:5939: $? = 0
configure:5939: result: yes
configure:5939: checking for strings.h
configure:5939: gcc -c -g -isysroot /Applications/Xcode.app/Contents/Developer/Platforms/MacOSX.platform/Developer/SDKs/MacOSX10.9.sdk -arch i386 -I/Users/sts/Quellen/mac/hbci/lib/static-build-i386-5.5.0.2/include/ -mmacosx-version-min=10.9 -O -fheinous-gnu-extensions -std=gnu89 -g -isysroot /Applications/Xcode.app/Contents/Developer/Platforms/MacOSX.platform/Developer/SDKs/MacOSX10.9.sdk -arch i386 -I/Users/sts/Quellen/mac/hbci/lib/static-build-i386-5.5.0.2/include/ -mmacosx-version-min=10.9 -O conftest.c >&5
configure:5939: $? = 0
configure:5939: result: yes
configure:5939: checking for inttypes.h
configure:5939: gcc -c -g -isysroot /Applications/Xcode.app/Contents/Developer/Platforms/MacOSX.platform/Developer/SDKs/MacOSX10.9.sdk -arch i386 -I/Users/sts/Quellen/mac/hbci/lib/static-build-i386-5.5.0.2/include/ -mmacosx-version-min=10.9 -O -fheinous-gnu-extensions -std=gnu89 -g -isysroot /Applications/Xcode.app/Contents/Developer/Platforms/MacOSX.platform/Developer/SDKs/MacOSX10.9.sdk -arch i386 -I/Users/sts/Quellen/mac/hbci/lib/static-build-i386-5.5.0.2/include/ -mmacosx-version-min=10.9 -O conftest.c >&5
configure:5939: $? = 0
configure:5939: result: yes
configure:5939: checking for stdint.h
configure:5939: gcc -c -g -isysroot /Applications/Xcode.app/Contents/Developer/Platforms/MacOSX.platform/Developer/SDKs/MacOSX10.9.sdk -arch i386 -I/Users/sts/Quellen/mac/hbci/lib/static-build-i386-5.5.0.2/include/ -mmacosx-version-min=10.9 -O -fheinous-gnu-extensions -std=gnu89 -g -isysroot /Applications/Xcode.app/Contents/Developer/Platforms/MacOSX.platform/Developer/SDKs/MacOSX10.9.sdk -arch i386 -I/Users/sts/Quellen/mac/hbci/lib/static-build-i386-5.5.0.2/include/ -mmacosx-version-min=10.9 -O conftest.c >&5
configure:5939: $? = 0
configure:5939: result: yes
configure:5939: checking for unistd.h
configure:5939: gcc -c -g -isysroot /Applications/Xcode.app/Contents/Developer/Platforms/MacOSX.platform/Developer/SDKs/MacOSX10.9.sdk -arch i386 -I/Users/sts/Quellen/mac/hbci/lib/static-build-i386-5.5.0.2/include/ -mmacosx-version-min=10.9 -O -fheinous-gnu-extensions -std=gnu89 -g -isysroot /Applications/Xcode.app/Contents/Developer/Platforms/MacOSX.platform/Developer/SDKs/MacOSX10.9.sdk -arch i386 -I/Users/sts/Quellen/mac/hbci/lib/static-build-i386-5.5.0.2/include/ -mmacosx-version-min=10.9 -O conftest.c >&5
configure:5939: $? = 0
configure:5939: result: yes
configure:5951: checking for size_t
configure:5951: gcc -c -g -isysroot /Applications/Xcode.app/Contents/Developer/Platforms/MacOSX.platform/Developer/SDKs/MacOSX10.9.sdk -arch i386 -I/Users/sts/Quellen/mac/hbci/lib/static-build-i386-5.5.0.2/include/ -mmacosx-version-min=10.9 -O -fheinous-gnu-extensions -std=gnu89 -g -isysroot /Applications/Xcode.app/Contents/Developer/Platforms/MacOSX.platform/Developer/SDKs/MacOSX10.9.sdk -arch i386 -I/Users/sts/Quellen/mac/hbci/lib/static-build-i386-5.5.0.2/include/ -mmacosx-version-min=10.9 -O conftest.c >&5
configure:5951: $? = 0
configure:5951: gcc -c -g -isysroot /Applications/Xcode.app/Contents/Developer/Platforms/MacOSX.platform/Developer/SDKs/MacOSX10.9.sdk -arch i386 -I/Users/sts/Quellen/mac/hbci/lib/static-build-i386-5.5.0.2/include/ -mmacosx-version-min=10.9 -O -fheinous-gnu-extensions -std=gnu89 -g -isysroot /Applications/Xcode.app/Contents/Developer/Platforms/MacOSX.platform/Developer/SDKs/MacOSX10.9.sdk -arch i386 -I/Users/sts/Quellen/mac/hbci/lib/static-build-i386-5.5.0.2/include/ -mmacosx-version-min=10.9 -O conftest.c >&5
conftest.c:55:21: error: expected expression
if (sizeof ((size_t)))
                    ^
1 error generated.
configure:5951: $? = 1
configure: failed program was:
| /* confdefs.h */
| #define PACKAGE_NAME "nettle"
| #define PACKAGE_TARNAME "nettle"
| #define PACKAGE_VERSION "3.0"
| #define PACKAGE_STRING "nettle 3.0"
| #define PACKAGE_BUGREPORT "nettle-bugs@lists.lysator.liu.se"
| #define PACKAGE_URL ""
| #define STDC_HEADERS 1
| #define HAVE_SYS_TYPES_H 1
| #define HAVE_SYS_STAT_H 1
| #define HAVE_STDLIB_H 1
| #define HAVE_STRING_H 1
| #define HAVE_MEMORY_H 1
| #define HAVE_STRINGS_H 1
| #define HAVE_INTTYPES_H 1
| #define HAVE_STDINT_H 1
| #define HAVE_UNISTD_H 1
| /* end confdefs.h.  */
| #include <stdio.h>
| #ifdef HAVE_SYS_TYPES_H
| # include <sys/types.h>
| #endif
| #ifdef HAVE_SYS_STAT_H
| # include <sys/stat.h>
| #endif
| #ifdef STDC_HEADERS
| # include <stdlib.h>
| # include <stddef.h>
| #else
| # ifdef HAVE_STDLIB_H
| #  include <stdlib.h>
| # endif
| #endif
| #ifdef HAVE_STRING_H
| # if !defined STDC_HEADERS && defined HAVE_MEMORY_H
| #  include <memory.h>
| # endif
| # include <string.h>
| #endif
| #ifdef HAVE_STRINGS_H
| # include <strings.h>
| #endif
| #ifdef HAVE_INTTYPES_H
| # include <inttypes.h>
| #endif
| #ifdef HAVE_STDINT_H
| # include <stdint.h>
| #endif
| #ifdef HAVE_UNISTD_H
| # include <unistd.h>
| #endif
| int
| main ()
| {
| if (sizeof ((size_t)))
| 	    return 0;
|   ;
|   return 0;
| }
configure:5951: result: yes
configure:5962: checking whether time.h and sys/time.h may both be included
configure:5982: gcc -c -g -isysroot /Applications/Xcode.app/Contents/Developer/Platforms/MacOSX.platform/Developer/SDKs/MacOSX10.9.sdk -arch i386 -I/Users/sts/Quellen/mac/hbci/lib/static-build-i386-5.5.0.2/include/ -mmacosx-version-min=10.9 -O -fheinous-gnu-extensions -std=gnu89 -g -isysroot /Applications/Xcode.app/Contents/Developer/Platforms/MacOSX.platform/Developer/SDKs/MacOSX10.9.sdk -arch i386 -I/Users/sts/Quellen/mac/hbci/lib/static-build-i386-5.5.0.2/include/ -mmacosx-version-min=10.9 -O conftest.c >&5
configure:5982: $? = 0
configure:5989: result: yes
configure:6001: checking size of long
configure:6006: gcc -o conftest -g -isysroot /Applications/Xcode.app/Contents/Developer/Platforms/MacOSX.platform/Developer/SDKs/MacOSX10.9.sdk -arch i386 -I/Users/sts/Quellen/mac/hbci/lib/static-build-i386-5.5.0.2/include/ -mmacosx-version-min=10.9 -O -fheinous-gnu-extensions -std=gnu89 -g -isysroot /Applications/Xcode.app/Contents/Developer/Platforms/MacOSX.platform/Developer/SDKs/MacOSX10.9.sdk -arch i386 -I/Users/sts/Quellen/mac/hbci/lib/static-build-i386-5.5.0.2/include/ -mmacosx-version-min=10.9 -O -arch i386 -L/Users/sts/Quellen/mac/hbci/lib/static-build-i386-5.5.0.2/lib -L/Applications/Xcode.app/Contents/Developer/Platforms/MacOSX.platform/Developer/SDKs/MacOSX10.9.sdk/usr/lib/ -mmacosx-version-min=10.9 conftest.c  >&5
configure:6006: $? = 0
configure:6006: ./conftest
configure:6006: $? = 0
configure:6020: result: 4
configure:6034: checking size of size_t
configure:6039: gcc -o conftest -g -isysroot /Applications/Xcode.app/Contents/Developer/Platforms/MacOSX.platform/Developer/SDKs/MacOSX10.9.sdk -arch i386 -I/Users/sts/Quellen/mac/hbci/lib/static-build-i386-5.5.0.2/include/ -mmacosx-version-min=10.9 -O -fheinous-gnu-extensions -std=gnu89 -g -isysroot /Applications/Xcode.app/Contents/Developer/Platforms/MacOSX.platform/Developer/SDKs/MacOSX10.9.sdk -arch i386 -I/Users/sts/Quellen/mac/hbci/lib/static-build-i386-5.5.0.2/include/ -mmacosx-version-min=10.9 -O -arch i386 -L/Users/sts/Quellen/mac/hbci/lib/static-build-i386-5.5.0.2/lib -L/Applications/Xcode.app/Contents/Developer/Platforms/MacOSX.platform/Developer/SDKs/MacOSX10.9.sdk/usr/lib/ -mmacosx-version-min=10.9 conftest.c  >&5
configure:6039: $? = 0
configure:6039: ./conftest
configure:6039: $? = 0
configure:6053: result: 4
configure:6067: checking openssl/blowfish.h usability
configure:6067: gcc -c -g -isysroot /Applications/Xcode.app/Contents/Developer/Platforms/MacOSX.platform/Developer/SDKs/MacOSX10.9.sdk -arch i386 -I/Users/sts/Quellen/mac/hbci/lib/static-build-i386-5.5.0.2/include/ -mmacosx-version-min=10.9 -O -fheinous-gnu-extensions -std=gnu89 -g -isysroot /Applications/Xcode.app/Contents/Developer/Platforms/MacOSX.platform/Developer/SDKs/MacOSX10.9.sdk -arch i386 -I/Users/sts/Quellen/mac/hbci/lib/static-build-i386-5.5.0.2/include/ -mmacosx-version-min=10.9 -O conftest.c >&5
configure:6067: $? = 0
configure:6067: result: yes
configure:6067: checking openssl/blowfish.h presence
configure:6067: gcc -E -g -isysroot /Applications/Xcode.app/Contents/Developer/Platforms/MacOSX.platform/Developer/SDKs/MacOSX10.9.sdk -arch i386 -I/Users/sts/Quellen/mac/hbci/lib/static-build-i386-5.5.0.2/include/ -mmacosx-version-min=10.9 -O conftest.c
configure:6067: $? = 0
configure:6067: result: yes
configure:6067: checking for openssl/blowfish.h
configure:6067: result: yes
configure:6067: checking openssl/des.h usability
configure:6067: gcc -c -g -isysroot /Applications/Xcode.app/Contents/Developer/Platforms/MacOSX.platform/Developer/SDKs/MacOSX10.9.sdk -arch i386 -I/Users/sts/Quellen/mac/hbci/lib/static-build-i386-5.5.0.2/include/ -mmacosx-version-min=10.9 -O -fheinous-gnu-extensions -std=gnu89 -g -isysroot /Applications/Xcode.app/Contents/Developer/Platforms/MacOSX.platform/Developer/SDKs/MacOSX10.9.sdk -arch i386 -I/Users/sts/Quellen/mac/hbci/lib/static-build-i386-5.5.0.2/include/ -mmacosx-version-min=10.9 -O conftest.c >&5
configure:6067: $? = 0
configure:6067: result: yes
configure:6067: checking openssl/des.h presence
configure:6067: gcc -E -g -isysroot /Applications/Xcode.app/Contents/Developer/Platforms/MacOSX.platform/Developer/SDKs/MacOSX10.9.sdk -arch i386 -I/Users/sts/Quellen/mac/hbci/lib/static-build-i386-5.5.0.2/include/ -mmacosx-version-min=10.9 -O conftest.c
configure:6067: $? = 0
configure:6067: result: yes
configure:6067: checking for openssl/des.h
configure:6067: result: yes
configure:6067: checking openssl/cast.h usability
configure:6067: gcc -c -g -isysroot /Applications/Xcode.app/Contents/Developer/Platforms/MacOSX.platform/Developer/SDKs/MacOSX10.9.sdk -arch i386 -I/Users/sts/Quellen/mac/hbci/lib/static-build-i386-5.5.0.2/include/ -mmacosx-version-min=10.9 -O -fheinous-gnu-extensions -std=gnu89 -g -isysroot /Applications/Xcode.app/Contents/Developer/Platforms/MacOSX.platform/Developer/SDKs/MacOSX10.9.sdk -arch i386 -I/Users/sts/Quellen/mac/hbci/lib/static-build-i386-5.5.0.2/include/ -mmacosx-version-min=10.9 -O conftest.c >&5
configure:6067: $? = 0
configure:6067: result: yes
configure:6067: checking openssl/cast.h presence
configure:6067: gcc -E -g -isysroot /Applications/Xcode.app/Contents/Developer/Platforms/MacOSX.platform/Developer/SDKs/MacOSX10.9.sdk -arch i386 -I/Users/sts/Quellen/mac/hbci/lib/static-build-i386-5.5.0.2/include/ -mmacosx-version-min=10.9 -O conftest.c
configure:6067: $? = 0
configure:6067: result: yes
configure:6067: checking for openssl/cast.h
configure:6067: result: yes
configure:6067: checking openssl/aes.h usability
configure:6067: gcc -c -g -isysroot /Applications/Xcode.app/Contents/Developer/Platforms/MacOSX.platform/Developer/SDKs/MacOSX10.9.sdk -arch i386 -I/Users/sts/Quellen/mac/hbci/lib/static-build-i386-5.5.0.2/include/ -mmacosx-version-min=10.9 -O -fheinous-gnu-extensions -std=gnu89 -g -isysroot /Applications/Xcode.app/Contents/Developer/Platforms/MacOSX.platform/Developer/SDKs/MacOSX10.9.sdk -arch i386 -I/Users/sts/Quellen/mac/hbci/lib/static-build-i386-5.5.0.2/include/ -mmacosx-version-min=10.9 -O conftest.c >&5
configure:6067: $? = 0
configure:6067: result: yes
configure:6067: checking openssl/aes.h presence
configure:6067: gcc -E -g -isysroot /Applications/Xcode.app/Contents/Developer/Platforms/MacOSX.platform/Developer/SDKs/MacOSX10.9.sdk -arch i386 -I/Users/sts/Quellen/mac/hbci/lib/static-build-i386-5.5.0.2/include/ -mmacosx-version-min=10.9 -O conftest.c
configure:6067: $? = 0
configure:6067: result: yes
configure:6067: checking for openssl/aes.h
configure:6067: result: yes
configure:6067: checking openssl/ecdsa.h usability
configure:6067: gcc -c -g -isysroot /Applications/Xcode.app/Contents/Developer/Platforms/MacOSX.platform/Developer/SDKs/MacOSX10.9.sdk -arch i386 -I/Users/sts/Quellen/mac/hbci/lib/static-build-i386-5.5.0.2/include/ -mmacosx-version-min=10.9 -O -fheinous-gnu-extensions -std=gnu89 -g -isysroot /Applications/Xcode.app/Contents/Developer/Platforms/MacOSX.platform/Developer/SDKs/MacOSX10.9.sdk -arch i386 -I/Users/sts/Quellen/mac/hbci/lib/static-build-i386-5.5.0.2/include/ -mmacosx-version-min=10.9 -O conftest.c >&5
configure:6067: $? = 0
configure:6067: result: yes
configure:6067: checking openssl/ecdsa.h presence
configure:6067: gcc -E -g -isysroot /Applications/Xcode.app/Contents/Developer/Platforms/MacOSX.platform/Developer/SDKs/MacOSX10.9.sdk -arch i386 -I/Users/sts/Quellen/mac/hbci/lib/static-build-i386-5.5.0.2/include/ -mmacosx-version-min=10.9 -O conftest.c
configure:6067: $? = 0
configure:6067: result: yes
configure:6067: checking for openssl/ecdsa.h
configure:6067: result: yes
configure:6083: checking valgrind/memcheck.h usability
configure:6083: gcc -c -g -isysroot /Applications/Xcode.app/Contents/Developer/Platforms/MacOSX.platform/Developer/SDKs/MacOSX10.9.sdk -arch i386 -I/Users/sts/Quellen/mac/hbci/lib/static-build-i386-5.5.0.2/include/ -mmacosx-version-min=10.9 -O -fheinous-gnu-extensions -std=gnu89 -g -isysroot /Applications/Xcode.app/Contents/Developer/Platforms/MacOSX.platform/Developer/SDKs/MacOSX10.9.sdk -arch i386 -I/Users/sts/Quellen/mac/hbci/lib/static-build-i386-5.5.0.2/include/ -mmacosx-version-min=10.9 -O conftest.c >&5
conftest.c:60:10: fatal error: 'valgrind/memcheck.h' file not found
#include <valgrind/memcheck.h>
         ^
1 error generated.
configure:6083: $? = 1
configure: failed program was:
| /* confdefs.h */
| #define PACKAGE_NAME "nettle"
| #define PACKAGE_TARNAME "nettle"
| #define PACKAGE_VERSION "3.0"
| #define PACKAGE_STRING "nettle 3.0"
| #define PACKAGE_BUGREPORT "nettle-bugs@lists.lysator.liu.se"
| #define PACKAGE_URL ""
| #define STDC_HEADERS 1
| #define HAVE_SYS_TYPES_H 1
| #define HAVE_SYS_STAT_H 1
| #define HAVE_STDLIB_H 1
| #define HAVE_STRING_H 1
| #define HAVE_MEMORY_H 1
| #define HAVE_STRINGS_H 1
| #define HAVE_INTTYPES_H 1
| #define HAVE_STDINT_H 1
| #define HAVE_UNISTD_H 1
| #define TIME_WITH_SYS_TIME 1
| #define SIZEOF_LONG 4
| #define SIZEOF_SIZE_T 4
| #define HAVE_OPENSSL_BLOWFISH_H 1
| #define HAVE_OPENSSL_DES_H 1
| #define HAVE_OPENSSL_CAST_H 1
| #define HAVE_OPENSSL_AES_H 1
| #define HAVE_OPENSSL_ECDSA_H 1
| /* end confdefs.h.  */
| #include <stdio.h>
| #ifdef HAVE_SYS_TYPES_H
| # include <sys/types.h>
| #endif
| #ifdef HAVE_SYS_STAT_H
| # include <sys/stat.h>
| #endif
| #ifdef STDC_HEADERS
| # include <stdlib.h>
| # include <stddef.h>
| #else
| # ifdef HAVE_STDLIB_H
| #  include <stdlib.h>
| # endif
| #endif
| #ifdef HAVE_STRING_H
| # if !defined STDC_HEADERS && defined HAVE_MEMORY_H
| #  include <memory.h>
| # endif
| # include <string.h>
| #endif
| #ifdef HAVE_STRINGS_H
| # include <strings.h>
| #endif
| #ifdef HAVE_INTTYPES_H
| # include <inttypes.h>
| #endif
| #ifdef HAVE_STDINT_H
| # include <stdint.h>
| #endif
| #ifdef HAVE_UNISTD_H
| # include <unistd.h>
| #endif
| #include <valgrind/memcheck.h>
configure:6083: result: no
configure:6083: checking valgrind/memcheck.h presence
configure:6083: gcc -E -g -isysroot /Applications/Xcode.app/Contents/Developer/Platforms/MacOSX.platform/Developer/SDKs/MacOSX10.9.sdk -arch i386 -I/Users/sts/Quellen/mac/hbci/lib/static-build-i386-5.5.0.2/include/ -mmacosx-version-min=10.9 -O conftest.c
conftest.c:27:10: fatal error: 'valgrind/memcheck.h' file not found
#include <valgrind/memcheck.h>
         ^
1 error generated.
configure:6083: $? = 1
configure: failed program was:
| /* confdefs.h */
| #define PACKAGE_NAME "nettle"
| #define PACKAGE_TARNAME "nettle"
| #define PACKAGE_VERSION "3.0"
| #define PACKAGE_STRING "nettle 3.0"
| #define PACKAGE_BUGREPORT "nettle-bugs@lists.lysator.liu.se"
| #define PACKAGE_URL ""
| #define STDC_HEADERS 1
| #define HAVE_SYS_TYPES_H 1
| #define HAVE_SYS_STAT_H 1
| #define HAVE_STDLIB_H 1
| #define HAVE_STRING_H 1
| #define HAVE_MEMORY_H 1
| #define HAVE_STRINGS_H 1
| #define HAVE_INTTYPES_H 1
| #define HAVE_STDINT_H 1
| #define HAVE_UNISTD_H 1
| #define TIME_WITH_SYS_TIME 1
| #define SIZEOF_LONG 4
| #define SIZEOF_SIZE_T 4
| #define HAVE_OPENSSL_BLOWFISH_H 1
| #define HAVE_OPENSSL_DES_H 1
| #define HAVE_OPENSSL_CAST_H 1
| #define HAVE_OPENSSL_AES_H 1
| #define HAVE_OPENSSL_ECDSA_H 1
| /* end confdefs.h.  */
| #include <valgrind/memcheck.h>
configure:6083: result: no
configure:6083: checking for valgrind/memcheck.h
configure:6083: result: no
configure:6096: checking for working alloca.h
configure:6113: gcc -o conftest -g -isysroot /Applications/Xcode.app/Contents/Developer/Platforms/MacOSX.platform/Developer/SDKs/MacOSX10.9.sdk -arch i386 -I/Users/sts/Quellen/mac/hbci/lib/static-build-i386-5.5.0.2/include/ -mmacosx-version-min=10.9 -O -fheinous-gnu-extensions -std=gnu89 -g -isysroot /Applications/Xcode.app/Contents/Developer/Platforms/MacOSX.platform/Developer/SDKs/MacOSX10.9.sdk -arch i386 -I/Users/sts/Quellen/mac/hbci/lib/static-build-i386-5.5.0.2/include/ -mmacosx-version-min=10.9 -O -arch i386 -L/Users/sts/Quellen/mac/hbci/lib/static-build-i386-5.5.0.2/lib -L/Applications/Xcode.app/Contents/Developer/Platforms/MacOSX.platform/Developer/SDKs/MacOSX10.9.sdk/usr/lib/ -mmacosx-version-min=10.9 conftest.c  >&5
configure:6113: $? = 0
configure:6121: result: yes
configure:6129: checking for alloca
configure:6166: gcc -o conftest -g -isysroot /Applications/Xcode.app/Contents/Developer/Platforms/MacOSX.platform/Developer/SDKs/MacOSX10.9.sdk -arch i386 -I/Users/sts/Quellen/mac/hbci/lib/static-build-i386-5.5.0.2/include/ -mmacosx-version-min=10.9 -O -fheinous-gnu-extensions -std=gnu89 -g -isysroot /Applications/Xcode.app/Contents/Developer/Platforms/MacOSX.platform/Developer/SDKs/MacOSX10.9.sdk -arch i386 -I/Users/sts/Quellen/mac/hbci/lib/static-build-i386-5.5.0.2/include/ -mmacosx-version-min=10.9 -O -arch i386 -L/Users/sts/Quellen/mac/hbci/lib/static-build-i386-5.5.0.2/lib -L/Applications/Xcode.app/Contents/Developer/Platforms/MacOSX.platform/Developer/SDKs/MacOSX10.9.sdk/usr/lib/ -mmacosx-version-min=10.9 conftest.c  >&5
configure:6166: $? = 0
configure:6174: result: yes
configure:6282: checking malloc.h usability
configure:6282: gcc -c -g -isysroot /Applications/Xcode.app/Contents/Developer/Platforms/MacOSX.platform/Developer/SDKs/MacOSX10.9.sdk -arch i386 -I/Users/sts/Quellen/mac/hbci/lib/static-build-i386-5.5.0.2/include/ -mmacosx-version-min=10.9 -O -fheinous-gnu-extensions -std=gnu89 -g -isysroot /Applications/Xcode.app/Contents/Developer/Platforms/MacOSX.platform/Developer/SDKs/MacOSX10.9.sdk -arch i386 -I/Users/sts/Quellen/mac/hbci/lib/static-build-i386-5.5.0.2/include/ -mmacosx-version-min=10.9 -O conftest.c >&5
conftest.c:62:10: fatal error: 'malloc.h' file not found
#include <malloc.h>
         ^
1 error generated.
configure:6282: $? = 1
configure: failed program was:
| /* confdefs.h */
| #define PACKAGE_NAME "nettle"
| #define PACKAGE_TARNAME "nettle"
| #define PACKAGE_VERSION "3.0"
| #define PACKAGE_STRING "nettle 3.0"
| #define PACKAGE_BUGREPORT "nettle-bugs@lists.lysator.liu.se"
| #define PACKAGE_URL ""
| #define STDC_HEADERS 1
| #define HAVE_SYS_TYPES_H 1
| #define HAVE_SYS_STAT_H 1
| #define HAVE_STDLIB_H 1
| #define HAVE_STRING_H 1
| #define HAVE_MEMORY_H 1
| #define HAVE_STRINGS_H 1
| #define HAVE_INTTYPES_H 1
| #define HAVE_STDINT_H 1
| #define HAVE_UNISTD_H 1
| #define TIME_WITH_SYS_TIME 1
| #define SIZEOF_LONG 4
| #define SIZEOF_SIZE_T 4
| #define HAVE_OPENSSL_BLOWFISH_H 1
| #define HAVE_OPENSSL_DES_H 1
| #define HAVE_OPENSSL_CAST_H 1
| #define HAVE_OPENSSL_AES_H 1
| #define HAVE_OPENSSL_ECDSA_H 1
| #define HAVE_ALLOCA_H 1
| #define HAVE_ALLOCA 1
| /* end confdefs.h.  */
| #include <stdio.h>
| #ifdef HAVE_SYS_TYPES_H
| # include <sys/types.h>
| #endif
| #ifdef HAVE_SYS_STAT_H
| # include <sys/stat.h>
| #endif
| #ifdef STDC_HEADERS
| # include <stdlib.h>
| # include <stddef.h>
| #else
| # ifdef HAVE_STDLIB_H
| #  include <stdlib.h>
| # endif
| #endif
| #ifdef HAVE_STRING_H
| # if !defined STDC_HEADERS && defined HAVE_MEMORY_H
| #  include <memory.h>
| # endif
| # include <string.h>
| #endif
| #ifdef HAVE_STRINGS_H
| # include <strings.h>
| #endif
| #ifdef HAVE_INTTYPES_H
| # include <inttypes.h>
| #endif
| #ifdef HAVE_STDINT_H
| # include <stdint.h>
| #endif
| #ifdef HAVE_UNISTD_H
| # include <unistd.h>
| #endif
| #include <malloc.h>
configure:6282: result: no
configure:6282: checking malloc.h presence
configure:6282: gcc -E -g -isysroot /Applications/Xcode.app/Contents/Developer/Platforms/MacOSX.platform/Developer/SDKs/MacOSX10.9.sdk -arch i386 -I/Users/sts/Quellen/mac/hbci/lib/static-build-i386-5.5.0.2/include/ -mmacosx-version-min=10.9 -O conftest.c
conftest.c:29:10: fatal error: 'malloc.h' file not found
#include <malloc.h>
         ^
1 error generated.
configure:6282: $? = 1
configure: failed program was:
| /* confdefs.h */
| #define PACKAGE_NAME "nettle"
| #define PACKAGE_TARNAME "nettle"
| #define PACKAGE_VERSION "3.0"
| #define PACKAGE_STRING "nettle 3.0"
| #define PACKAGE_BUGREPORT "nettle-bugs@lists.lysator.liu.se"
| #define PACKAGE_URL ""
| #define STDC_HEADERS 1
| #define HAVE_SYS_TYPES_H 1
| #define HAVE_SYS_STAT_H 1
| #define HAVE_STDLIB_H 1
| #define HAVE_STRING_H 1
| #define HAVE_MEMORY_H 1
| #define HAVE_STRINGS_H 1
| #define HAVE_INTTYPES_H 1
| #define HAVE_STDINT_H 1
| #define HAVE_UNISTD_H 1
| #define TIME_WITH_SYS_TIME 1
| #define SIZEOF_LONG 4
| #define SIZEOF_SIZE_T 4
| #define HAVE_OPENSSL_BLOWFISH_H 1
| #define HAVE_OPENSSL_DES_H 1
| #define HAVE_OPENSSL_CAST_H 1
| #define HAVE_OPENSSL_AES_H 1
| #define HAVE_OPENSSL_ECDSA_H 1
| #define HAVE_ALLOCA_H 1
| #define HAVE_ALLOCA 1
| /* end confdefs.h.  */
| #include <malloc.h>
configure:6282: result: no
configure:6282: checking for malloc.h
configure:6282: result: no
configure:6295: checking for strerror
configure:6295: gcc -o conftest -g -isysroot /Applications/Xcode.app/Contents/Developer/Platforms/MacOSX.platform/Developer/SDKs/MacOSX10.9.sdk -arch i386 -I/Users/sts/Quellen/mac/hbci/lib/static-build-i386-5.5.0.2/include/ -mmacosx-version-min=10.9 -O -fheinous-gnu-extensions -std=gnu89 -g -isysroot /Applications/Xcode.app/Contents/Developer/Platforms/MacOSX.platform/Developer/SDKs/MacOSX10.9.sdk -arch i386 -I/Users/sts/Quellen/mac/hbci/lib/static-build-i386-5.5.0.2/include/ -mmacosx-version-min=10.9 -O -arch i386 -L/Users/sts/Quellen/mac/hbci/lib/static-build-i386-5.5.0.2/lib -L/Applications/Xcode.app/Contents/Developer/Platforms/MacOSX.platform/Developer/SDKs/MacOSX10.9.sdk/usr/lib/ -mmacosx-version-min=10.9 conftest.c  >&5
conftest.c:52:6: warning: incompatible redeclaration of library function 'strerror' [-Wincompatible-library-redeclaration]
char strerror ();
     ^
conftest.c:52:6: note: 'strerror' is a builtin with type 'char *(int)'
1 warning generated.
configure:6295: $? = 0
configure:6295: result: yes
configure:6306: checking whether byte ordering is bigendian
configure:6321: gcc -c -g -isysroot /Applications/Xcode.app/Contents/Developer/Platforms/MacOSX.platform/Developer/SDKs/MacOSX10.9.sdk -arch i386 -I/Users/sts/Quellen/mac/hbci/lib/static-build-i386-5.5.0.2/include/ -mmacosx-version-min=10.9 -O -fheinous-gnu-extensions -std=gnu89 -g -isysroot /Applications/Xcode.app/Contents/Developer/Platforms/MacOSX.platform/Developer/SDKs/MacOSX10.9.sdk -arch i386 -I/Users/sts/Quellen/mac/hbci/lib/static-build-i386-5.5.0.2/include/ -mmacosx-version-min=10.9 -O conftest.c >&5
configure:6321: $? = 0
configure:6366: gcc -c -g -isysroot /Applications/Xcode.app/Contents/Developer/Platforms/MacOSX.platform/Developer/SDKs/MacOSX10.9.sdk -arch i386 -I/Users/sts/Quellen/mac/hbci/lib/static-build-i386-5.5.0.2/include/ -mmacosx-version-min=10.9 -O -fheinous-gnu-extensions -std=gnu89 -g -isysroot /Applications/Xcode.app/Contents/Developer/Platforms/MacOSX.platform/Developer/SDKs/MacOSX10.9.sdk -arch i386 -I/Users/sts/Quellen/mac/hbci/lib/static-build-i386-5.5.0.2/include/ -mmacosx-version-min=10.9 -O conftest.c >&5
configure:6366: $? = 0
configure:6384: gcc -c -g -isysroot /Applications/Xcode.app/Contents/Developer/Platforms/MacOSX.platform/Developer/SDKs/MacOSX10.9.sdk -arch i386 -I/Users/sts/Quellen/mac/hbci/lib/static-build-i386-5.5.0.2/include/ -mmacosx-version-min=10.9 -O -fheinous-gnu-extensions -std=gnu89 -g -isysroot /Applications/Xcode.app/Contents/Developer/Platforms/MacOSX.platform/Developer/SDKs/MacOSX10.9.sdk -arch i386 -I/Users/sts/Quellen/mac/hbci/lib/static-build-i386-5.5.0.2/include/ -mmacosx-version-min=10.9 -O conftest.c >&5
conftest.c:37:4: error: use of undeclared identifier 'not'
                 not big endian
                 ^
1 error generated.
configure:6384: $? = 1
configure: failed program was:
| /* confdefs.h */
| #define PACKAGE_NAME "nettle"
| #define PACKAGE_TARNAME "nettle"
| #define PACKAGE_VERSION "3.0"
| #define PACKAGE_STRING "nettle 3.0"
| #define PACKAGE_BUGREPORT "nettle-bugs@lists.lysator.liu.se"
| #define PACKAGE_URL ""
| #define STDC_HEADERS 1
| #define HAVE_SYS_TYPES_H 1
| #define HAVE_SYS_STAT_H 1
| #define HAVE_STDLIB_H 1
| #define HAVE_STRING_H 1
| #define HAVE_MEMORY_H 1
| #define HAVE_STRINGS_H 1
| #define HAVE_INTTYPES_H 1
| #define HAVE_STDINT_H 1
| #define HAVE_UNISTD_H 1
| #define TIME_WITH_SYS_TIME 1
| #define SIZEOF_LONG 4
| #define SIZEOF_SIZE_T 4
| #define HAVE_OPENSSL_BLOWFISH_H 1
| #define HAVE_OPENSSL_DES_H 1
| #define HAVE_OPENSSL_CAST_H 1
| #define HAVE_OPENSSL_AES_H 1
| #define HAVE_OPENSSL_ECDSA_H 1
| #define HAVE_ALLOCA_H 1
| #define HAVE_ALLOCA 1
| #define HAVE_STRERROR 1
| /* end confdefs.h.  */
| #include <sys/types.h>
| 		#include <sys/param.h>
| 
| int
| main ()
| {
| #if BYTE_ORDER != BIG_ENDIAN
| 		 not big endian
| 		#endif
| 
|   ;
|   return 0;
| }
configure:6512: result: no
configure:6531: checking for __attribute__
configure:6557: gcc -c -g -isysroot /Applications/Xcode.app/Contents/Developer/Platforms/MacOSX.platform/Developer/SDKs/MacOSX10.9.sdk -arch i386 -I/Users/sts/Quellen/mac/hbci/lib/static-build-i386-5.5.0.2/include/ -mmacosx-version-min=10.9 -O -fheinous-gnu-extensions -std=gnu89 -g -isysroot /Applications/Xcode.app/Contents/Developer/Platforms/MacOSX.platform/Developer/SDKs/MacOSX10.9.sdk -arch i386 -I/Users/sts/Quellen/mac/hbci/lib/static-build-i386-5.5.0.2/include/ -mmacosx-version-min=10.9 -O conftest.c >&5
configure:6557: $? = 0
configure:6564: result: yes
configure:6578: checking for stdint types
configure:6601: gcc -c   conftest.c >&5
configure:6601: $? = 0
configure:6626: result: stdint.h (shortcircuit)
configure:6994: result: make use of stdint.h in nettle-stdint.h (assuming C99 compatible system)
configure:7004: checking for fcntl file locking
configure:7031: gcc -c -g -isysroot /Applications/Xcode.app/Contents/Developer/Platforms/MacOSX.platform/Developer/SDKs/MacOSX10.9.sdk -arch i386 -I/Users/sts/Quellen/mac/hbci/lib/static-build-i386-5.5.0.2/include/ -mmacosx-version-min=10.9 -O -fheinous-gnu-extensions -std=gnu89 -g -isysroot /Applications/Xcode.app/Contents/Developer/Platforms/MacOSX.platform/Developer/SDKs/MacOSX10.9.sdk -arch i386 -I/Users/sts/Quellen/mac/hbci/lib/static-build-i386-5.5.0.2/include/ -mmacosx-version-min=10.9 -O conftest.c >&5
configure:7031: $? = 0
configure:7038: result: yes
configure:7049: checking for __gmpz_getlimbn in -lgmp
configure:7074: gcc -o conftest -g -isysroot /Applications/Xcode.app/Contents/Developer/Platforms/MacOSX.platform/Developer/SDKs/MacOSX10.9.sdk -arch i386 -I/Users/sts/Quellen/mac/hbci/lib/static-build-i386-5.5.0.2/include/ -mmacosx-version-min=10.9 -O -fheinous-gnu-extensions -std=gnu89 -g -isysroot /Applications/Xcode.app/Contents/Developer/Platforms/MacOSX.platform/Developer/SDKs/MacOSX10.9.sdk -arch i386 -I/Users/sts/Quellen/mac/hbci/lib/static-build-i386-5.5.0.2/include/ -mmacosx-version-min=10.9 -O -arch i386 -L/Users/sts/Quellen/mac/hbci/lib/static-build-i386-5.5.0.2/lib -L/Applications/Xcode.app/Contents/Developer/Platforms/MacOSX.platform/Developer/SDKs/MacOSX10.9.sdk/usr/lib/ -mmacosx-version-min=10.9 conftest.c -lgmp   >&5
configure:7074: $? = 0
configure:7083: result: yes
configure:7168: checking for GMP limb size
configure:7170: gcc -o conftest -g -isysroot /Applications/Xcode.app/Contents/Developer/Platforms/MacOSX.platform/Developer/SDKs/MacOSX10.9.sdk -arch i386 -I/Users/sts/Quellen/mac/hbci/lib/static-build-i386-5.5.0.2/include/ -mmacosx-version-min=10.9 -O -fheinous-gnu-extensions -std=gnu89 -g -isysroot /Applications/Xcode.app/Contents/Developer/Platforms/MacOSX.platform/Developer/SDKs/MacOSX10.9.sdk -arch i386 -I/Users/sts/Quellen/mac/hbci/lib/static-build-i386-5.5.0.2/include/ -mmacosx-version-min=10.9 -O -arch i386 -L/Users/sts/Quellen/mac/hbci/lib/static-build-i386-5.5.0.2/lib -L/Applications/Xcode.app/Contents/Developer/Platforms/MacOSX.platform/Developer/SDKs/MacOSX10.9.sdk/usr/lib/ -mmacosx-version-min=10.9 conftest.c -lgmp  >&5
configure:7170: $? = 0
configure:7170: ./conftest
configure:7170: $? = 0
configure:7180: result: 32 bits
configure:7188: checking for __gmpz_powm_sec
configure:7188: gcc -o conftest -g -isysroot /Applications/Xcode.app/Contents/Developer/Platforms/MacOSX.platform/Developer/SDKs/MacOSX10.9.sdk -arch i386 -I/Users/sts/Quellen/mac/hbci/lib/static-build-i386-5.5.0.2/include/ -mmacosx-version-min=10.9 -O -fheinous-gnu-extensions -std=gnu89 -g -isysroot /Applications/Xcode.app/Contents/Developer/Platforms/MacOSX.platform/Developer/SDKs/MacOSX10.9.sdk -arch i386 -I/Users/sts/Quellen/mac/hbci/lib/static-build-i386-5.5.0.2/include/ -mmacosx-version-min=10.9 -O -arch i386 -L/Users/sts/Quellen/mac/hbci/lib/static-build-i386-5.5.0.2/lib -L/Applications/Xcode.app/Contents/Developer/Platforms/MacOSX.platform/Developer/SDKs/MacOSX10.9.sdk/usr/lib/ -mmacosx-version-min=10.9 conftest.c -lgmp  >&5
Undefined symbols for architecture i386:
  "___gmpz_powm_sec", referenced from:
      _main in conftest-de3b9f.o
ld: symbol(s) not found for architecture i386
clang: error: linker command failed with exit code 1 (use -v to see invocation)
configure:7188: $? = 1
configure: failed program was:
| /* confdefs.h */
| #define PACKAGE_NAME "nettle"
| #define PACKAGE_TARNAME "nettle"
| #define PACKAGE_VERSION "3.0"
| #define PACKAGE_STRING "nettle 3.0"
| #define PACKAGE_BUGREPORT "nettle-bugs@lists.lysator.liu.se"
| #define PACKAGE_URL ""
| #define STDC_HEADERS 1
| #define HAVE_SYS_TYPES_H 1
| #define HAVE_SYS_STAT_H 1
| #define HAVE_STDLIB_H 1
| #define HAVE_STRING_H 1
| #define HAVE_MEMORY_H 1
| #define HAVE_STRINGS_H 1
| #define HAVE_INTTYPES_H 1
| #define HAVE_STDINT_H 1
| #define HAVE_UNISTD_H 1
| #define TIME_WITH_SYS_TIME 1
| #define SIZEOF_LONG 4
| #define SIZEOF_SIZE_T 4
| #define HAVE_OPENSSL_BLOWFISH_H 1
| #define HAVE_OPENSSL_DES_H 1
| #define HAVE_OPENSSL_CAST_H 1
| #define HAVE_OPENSSL_AES_H 1
| #define HAVE_OPENSSL_ECDSA_H 1
| #define HAVE_ALLOCA_H 1
| #define HAVE_ALLOCA 1
| #define HAVE_STRERROR 1
| #define HAVE_GCC_ATTRIBUTE 1
| #define HAVE_FCNTL_LOCKING 1
| #define HAVE_LIBGMP 1
| /* end confdefs.h.  */
| /* Define __gmpz_powm_sec to an innocuous variant, in case <limits.h> declares __gmpz_powm_sec.
|    For example, HP-UX 11i <limits.h> declares gettimeofday.  */
| #define __gmpz_powm_sec innocuous___gmpz_powm_sec
| 
| /* System header to define __stub macros and hopefully few prototypes,
|     which can conflict with char __gmpz_powm_sec (); below.
|     Prefer <limits.h> to <assert.h> if __STDC__ is defined, since
|     <limits.h> exists even on freestanding compilers.  */
| 
| #ifdef __STDC__
| # include <limits.h>
| #else
| # include <assert.h>
| #endif
| 
| #undef __gmpz_powm_sec
| 
| /* Override any GCC internal prototype to avoid an error.
|    Use char because int might match the return type of a GCC
|    builtin and then its argument prototype would still apply.  */
| #ifdef __cplusplus
| extern "C"
| #endif
| char __gmpz_powm_sec ();
| /* The GNU C library defines this for functions which it implements
|     to always fail with ENOSYS.  Some functions are actually named
|     something starting with __ and the normal name is an alias.  */
| #if defined __stub___gmpz_powm_sec || defined __stub_____gmpz_powm_sec
| choke me
| #endif
| 
| int
| main ()
| {
| return __gmpz_powm_sec ();
|   ;
|   return 0;
| }
configure:7188: result: no
configure:7222: checking for makeinfo
configure:7240: found /usr/bin/makeinfo
configure:7253: result: /usr/bin/makeinfo
configure:7350: checking for library containing clock_gettime
configure:7381: gcc -o conftest -g -isysroot /Applications/Xcode.app/Contents/Developer/Platforms/MacOSX.platform/Developer/SDKs/MacOSX10.9.sdk -arch i386 -I/Users/sts/Quellen/mac/hbci/lib/static-build-i386-5.5.0.2/include/ -mmacosx-version-min=10.9 -O -fheinous-gnu-extensions -std=gnu89 -g -isysroot /Applications/Xcode.app/Contents/Developer/Platforms/MacOSX.platform/Developer/SDKs/MacOSX10.9.sdk -arch i386 -I/Users/sts/Quellen/mac/hbci/lib/static-build-i386-5.5.0.2/include/ -mmacosx-version-min=10.9 -O -arch i386 -L/Users/sts/Quellen/mac/hbci/lib/static-build-i386-5.5.0.2/lib -L/Applications/Xcode.app/Contents/Developer/Platforms/MacOSX.platform/Developer/SDKs/MacOSX10.9.sdk/usr/lib/ -mmacosx-version-min=10.9 conftest.c -lgmp  >&5
Undefined symbols for architecture i386:
  "_clock_gettime", referenced from:
      _main in conftest-b1e398.o
ld: symbol(s) not found for architecture i386
clang: error: linker command failed with exit code 1 (use -v to see invocation)
configure:7381: $? = 1
configure: failed program was:
| /* confdefs.h */
| #define PACKAGE_NAME "nettle"
| #define PACKAGE_TARNAME "nettle"
| #define PACKAGE_VERSION "3.0"
| #define PACKAGE_STRING "nettle 3.0"
| #define PACKAGE_BUGREPORT "nettle-bugs@lists.lysator.liu.se"
| #define PACKAGE_URL ""
| #define STDC_HEADERS 1
| #define HAVE_SYS_TYPES_H 1
| #define HAVE_SYS_STAT_H 1
| #define HAVE_STDLIB_H 1
| #define HAVE_STRING_H 1
| #define HAVE_MEMORY_H 1
| #define HAVE_STRINGS_H 1
| #define HAVE_INTTYPES_H 1
| #define HAVE_STDINT_H 1
| #define HAVE_UNISTD_H 1
| #define TIME_WITH_SYS_TIME 1
| #define SIZEOF_LONG 4
| #define SIZEOF_SIZE_T 4
| #define HAVE_OPENSSL_BLOWFISH_H 1
| #define HAVE_OPENSSL_DES_H 1
| #define HAVE_OPENSSL_CAST_H 1
| #define HAVE_OPENSSL_AES_H 1
| #define HAVE_OPENSSL_ECDSA_H 1
| #define HAVE_ALLOCA_H 1
| #define HAVE_ALLOCA 1
| #define HAVE_STRERROR 1
| #define HAVE_GCC_ATTRIBUTE 1
| #define HAVE_FCNTL_LOCKING 1
| #define HAVE_LIBGMP 1
| #define WITH_HOGWEED 1
| /* end confdefs.h.  */
| 
| /* Override any GCC internal prototype to avoid an error.
|    Use char because int might match the return type of a GCC
|    builtin and then its argument prototype would still apply.  */
| #ifdef __cplusplus
| extern "C"
| #endif
| char clock_gettime ();
| int
| main ()
| {
| return clock_gettime ();
|   ;
|   return 0;
| }
configure:7381: gcc -o conftest -g -isysroot /Applications/Xcode.app/Contents/Developer/Platforms/MacOSX.platform/Developer/SDKs/MacOSX10.9.sdk -arch i386 -I/Users/sts/Quellen/mac/hbci/lib/static-build-i386-5.5.0.2/include/ -mmacosx-version-min=10.9 -O -fheinous-gnu-extensions -std=gnu89 -g -isysroot /Applications/Xcode.app/Contents/Developer/Platforms/MacOSX.platform/Developer/SDKs/MacOSX10.9.sdk -arch i386 -I/Users/sts/Quellen/mac/hbci/lib/static-build-i386-5.5.0.2/include/ -mmacosx-version-min=10.9 -O -arch i386 -L/Users/sts/Quellen/mac/hbci/lib/static-build-i386-5.5.0.2/lib -L/Applications/Xcode.app/Contents/Developer/Platforms/MacOSX.platform/Developer/SDKs/MacOSX10.9.sdk/usr/lib/ -mmacosx-version-min=10.9 conftest.c -lrt  -lgmp  >&5
ld: library not found for -lrt
clang: error: linker command failed with exit code 1 (use -v to see invocation)
configure:7381: $? = 1
configure: failed program was:
| /* confdefs.h */
| #define PACKAGE_NAME "nettle"
| #define PACKAGE_TARNAME "nettle"
| #define PACKAGE_VERSION "3.0"
| #define PACKAGE_STRING "nettle 3.0"
| #define PACKAGE_BUGREPORT "nettle-bugs@lists.lysator.liu.se"
| #define PACKAGE_URL ""
| #define STDC_HEADERS 1
| #define HAVE_SYS_TYPES_H 1
| #define HAVE_SYS_STAT_H 1
| #define HAVE_STDLIB_H 1
| #define HAVE_STRING_H 1
| #define HAVE_MEMORY_H 1
| #define HAVE_STRINGS_H 1
| #define HAVE_INTTYPES_H 1
| #define HAVE_STDINT_H 1
| #define HAVE_UNISTD_H 1
| #define TIME_WITH_SYS_TIME 1
| #define SIZEOF_LONG 4
| #define SIZEOF_SIZE_T 4
| #define HAVE_OPENSSL_BLOWFISH_H 1
| #define HAVE_OPENSSL_DES_H 1
| #define HAVE_OPENSSL_CAST_H 1
| #define HAVE_OPENSSL_AES_H 1
| #define HAVE_OPENSSL_ECDSA_H 1
| #define HAVE_ALLOCA_H 1
| #define HAVE_ALLOCA 1
| #define HAVE_STRERROR 1
| #define HAVE_GCC_ATTRIBUTE 1
| #define HAVE_FCNTL_LOCKING 1
| #define HAVE_LIBGMP 1
| #define WITH_HOGWEED 1
| /* end confdefs.h.  */
| 
| /* Override any GCC internal prototype to avoid an error.
|    Use char because int might match the return type of a GCC
|    builtin and then its argument prototype would still apply.  */
| #ifdef __cplusplus
| extern "C"
| #endif
| char clock_gettime ();
| int
| main ()
| {
| return clock_gettime ();
|   ;
|   return 0;
| }
configure:7398: result: no
configure:7559: creating ./config.status

## ---------------------- ##
## Running config.status. ##
## ---------------------- ##

This file was extended by nettle config.status 3.0, which was
generated by GNU Autoconf 2.69.  Invocation command line was

  CONFIG_FILES    = 
  CONFIG_HEADERS  = 
  CONFIG_LINKS    = 
  CONFIG_COMMANDS = 
  $ ./config.status 

on Goedel.local

config.status:936: creating config.make
config.status:936: creating config.m4
config.status:936: creating Makefile
config.status:936: creating tools/Makefile
config.status:936: creating testsuite/Makefile
config.status:936: creating examples/Makefile
config.status:936: creating nettle.pc
config.status:936: creating hogweed.pc
config.status:936: creating config.h
config.status:1128: linking /Users/sts/Quellen/mac/hbci/lib/nettle-3.0/x86/aes-encrypt-internal.asm to aes-encrypt-internal.asm
config.status:1128: linking /Users/sts/Quellen/mac/hbci/lib/nettle-3.0/x86/aes-decrypt-internal.asm to aes-decrypt-internal.asm
config.status:1128: linking /Users/sts/Quellen/mac/hbci/lib/nettle-3.0/x86/arcfour-crypt.asm to arcfour-crypt.asm
config.status:1128: linking /Users/sts/Quellen/mac/hbci/lib/nettle-3.0/x86/camellia-crypt-internal.asm to camellia-crypt-internal.asm
config.status:1128: linking /Users/sts/Quellen/mac/hbci/lib/nettle-3.0/x86/md5-compress.asm to md5-compress.asm
config.status:1128: linking /Users/sts/Quellen/mac/hbci/lib/nettle-3.0/x86/sha1-compress.asm to sha1-compress.asm
config.status:1128: linking /Users/sts/Quellen/mac/hbci/lib/nettle-3.0/x86/machine.m4 to machine.m4
config.status:1147: executing asm.d commands
config.status:1147: executing nettle-stdint.h commands
config.status:1170: creating nettle-stdint.h : __NETTLE_STDINT_H
configure:9208: WARNING: unrecognized options: --without-examples
configure:9226: summary of build options:

  Version:           nettle 3.0
  Host type:         x86_64-apple-darwin14.0.0
  ABI:               32
  Assembly files:    x86
  Install prefix:    /Users/sts/Quellen/mac/hbci/lib/static-build-i386-5.5.0.2
  Library directory: ${exec_prefix}/lib
  Compiler:          gcc
  Static libraries:  yes
  Shared libraries:  no
  Public key crypto: yes
  Documentation:     yes


## ---------------- ##
## Cache variables. ##
## ---------------- ##

ac_cv_build=x86_64-apple-darwin14.0.0
ac_cv_c_bigendian=no
ac_cv_c_compiler_gnu=yes
ac_cv_c_const=yes
ac_cv_c_inline=inline
ac_cv_cxx_compiler_gnu=yes
ac_cv_env_CCC_set=
ac_cv_env_CCC_value=
ac_cv_env_CC_FOR_BUILD_set=
ac_cv_env_CC_FOR_BUILD_value=
ac_cv_env_CC_set=
ac_cv_env_CC_value=
ac_cv_env_CFLAGS_set=set
ac_cv_env_CFLAGS_value='-g -isysroot /Applications/Xcode.app/Contents/Developer/Platforms/MacOSX.platform/Developer/SDKs/MacOSX10.9.sdk -arch i386 -I/Users/sts/Quellen/mac/hbci/lib/static-build-i386-5.5.0.2/include/ -mmacosx-version-min=10.9 -O -fheinous-gnu-extensions -std=gnu89'
ac_cv_env_CPPFLAGS_set=set
ac_cv_env_CPPFLAGS_value='-g -isysroot /Applications/Xcode.app/Contents/Developer/Platforms/MacOSX.platform/Developer/SDKs/MacOSX10.9.sdk -arch i386 -I/Users/sts/Quellen/mac/hbci/lib/static-build-i386-5.5.0.2/include/ -mmacosx-version-min=10.9 -O'
ac_cv_env_CPP_set=
ac_cv_env_CPP_value=
ac_cv_env_CXXFLAGS_set=
ac_cv_env_CXXFLAGS_value=
ac_cv_env_CXX_set=
ac_cv_env_CXX_value=
ac_cv_env_LDFLAGS_set=set
ac_cv_env_LDFLAGS_value='-arch i386 -L/Users/sts/Quellen/mac/hbci/lib/static-build-i386-5.5.0.2/lib -L/Applications/Xcode.app/Contents/Developer/Platforms/MacOSX.platform/Developer/SDKs/MacOSX10.9.sdk/usr/lib/ -mmacosx-version-min=10.9'
ac_cv_env_LIBS_set=
ac_cv_env_LIBS_value=
ac_cv_env_build_alias_set=
ac_cv_env_build_alias_value=
ac_cv_env_host_alias_set=
ac_cv_env_host_alias_value=
ac_cv_env_target_alias_set=
ac_cv_env_target_alias_value=
ac_cv_func___gmpz_powm_sec=no
ac_cv_func_alloca_works=yes
ac_cv_func_strerror=yes
ac_cv_header_inttypes_h=yes
ac_cv_header_malloc_h=no
ac_cv_header_memory_h=yes
ac_cv_header_openssl_aes_h=yes
ac_cv_header_openssl_blowfish_h=yes
ac_cv_header_openssl_cast_h=yes
ac_cv_header_openssl_des_h=yes
ac_cv_header_openssl_ecdsa_h=yes
ac_cv_header_stdc=yes
ac_cv_header_stdint=stdint.h
ac_cv_header_stdint_h=yes
ac_cv_header_stdint_t=stdint.h
ac_cv_header_stdlib_h=yes
ac_cv_header_string_h=yes
ac_cv_header_strings_h=yes
ac_cv_header_sys_stat_h=yes
ac_cv_header_sys_types_h=yes
ac_cv_header_time=yes
ac_cv_header_unistd_h=yes
ac_cv_header_valgrind_memcheck_h=no
ac_cv_host=x86_64-apple-darwin14.0.0
ac_cv_lib_gmp___gmpz_getlimbn=yes
ac_cv_objext=o
ac_cv_path_EGREP='/usr/bin/grep -E'
ac_cv_path_GREP=/usr/bin/grep
ac_cv_path_M4=/usr/bin/m4
ac_cv_path_MAKEINFO=/usr/bin/makeinfo
ac_cv_path_install='/usr/bin/install -c'
ac_cv_prog_CPP='gcc -E'
ac_cv_prog_ac_ct_AR=ar
ac_cv_prog_ac_ct_CC=gcc
ac_cv_prog_ac_ct_CXX=g++
ac_cv_prog_ac_ct_NM=nm
ac_cv_prog_ac_ct_RANLIB=ranlib
ac_cv_prog_cc_c89=
ac_cv_prog_cc_g=yes
ac_cv_prog_cxx_g=yes
ac_cv_prog_make_make_set=yes
ac_cv_search_clock_gettime=no
ac_cv_sizeof_long=4
ac_cv_sizeof_size_t=4
ac_cv_stdint_message='using gnu compiler Apple LLVM version 6.0 (clang-600.0.56) (based on LLVM 3.5svn)'
ac_cv_stdint_result='(assuming C99 compatible system)'
ac_cv_type_size_t=yes
ac_cv_type_uid_t=yes
ac_cv_working_alloca_h=yes
gmp_cv_prog_exeext_for_build=
lsh_cv_c_attribute=yes
lsh_cv_sys_ccpic=-fPIC
nettle_cv_asm_align_log=yes
nettle_cv_asm_coff_type=no
nettle_cv_asm_gnu_stack=no
nettle_cv_asm_type_hash_function=no
nettle_cv_asm_type_percent_function=no
nettle_cv_asm_underscore=yes
nettle_cv_fcntl_locking=yes
nettle_cv_gmp_numb_bits=32

## ----------------- ##
## Output variables. ##
## ----------------- ##

ALLOCA=''
AR='ar'
ASM_ALIGN_LOG='yes'
ASM_COFF_STYLE='no'
ASM_ELF_STYLE='no'
ASM_MARK_NOEXEC_STACK=''
ASM_RODATA='.section __TEXT,__const'
ASM_SYMBOL_PREFIX='_'
ASM_TYPE_FUNCTION='@function'
ASM_TYPE_PROGBITS='@progbits'
BENCH_LIBS='-lgmp '
CC='gcc'
CCPIC='-fPIC'
CCPIC_MAYBE='-fPIC'
CC_FOR_BUILD='gcc -O'
CFLAGS='-g -isysroot /Applications/Xcode.app/Contents/Developer/Platforms/MacOSX.platform/Developer/SDKs/MacOSX10.9.sdk -arch i386 -I/Users/sts/Quellen/mac/hbci/lib/static-build-i386-5.5.0.2/include/ -mmacosx-version-min=10.9 -O -fheinous-gnu-extensions -std=gnu89 -ggdb3 -Wall -W   -Wmissing-prototypes -Wmissing-declarations -Wstrict-prototypes   -Wpointer-arith -Wbad-function-cast -Wnested-externs'
CPP='gcc -E'
CPPFLAGS='-g -isysroot /Applications/Xcode.app/Contents/Developer/Platforms/MacOSX.platform/Developer/SDKs/MacOSX10.9.sdk -arch i386 -I/Users/sts/Quellen/mac/hbci/lib/static-build-i386-5.5.0.2/include/ -mmacosx-version-min=10.9 -O'
CXX='g++'
CXXFLAGS='-g -O2'
DEFS='-DHAVE_CONFIG_H'
DEP_FLAGS=''
DEP_INCLUDE='# '
DEP_PROCESS='true'
ECHO_C='\c'
ECHO_N=''
ECHO_T=''
EGREP='/usr/bin/grep -E'
EMULATOR=''
EXEEXT=''
EXEEXT_FOR_BUILD=''
GMP_NUMB_BITS='32'
GREP='/usr/bin/grep'
IF_CXX=''
IF_DLL='#'
IF_DOCUMENTATION=''
IF_HOGWEED=''
IF_SHARED='#'
IF_STATIC=''
INSTALL_DATA='${INSTALL} -m 644'
INSTALL_PROGRAM='${INSTALL}'
INSTALL_SCRIPT='${INSTALL}'
LDFLAGS='-arch i386 -L/Users/sts/Quellen/mac/hbci/lib/static-build-i386-5.5.0.2/lib -L/Applications/Xcode.app/Contents/Developer/Platforms/MacOSX.platform/Developer/SDKs/MacOSX10.9.sdk/usr/lib/ -mmacosx-version-min=10.9'
LIBHOGWEED_FILE='libhogweed.$(LIBHOGWEED_MAJOR).$(LIBHOGWEED_MINOR).dylib'
LIBHOGWEED_FILE_SRC='$(LIBHOGWEED_FORLINK)'
LIBHOGWEED_FORLINK='libhogweed.dylib'
LIBHOGWEED_LIBS='-lnettle -lgmp'
LIBHOGWEED_LINK='$(CC) $(CFLAGS) -dynamiclib -L. $(LDFLAGS) -install_name ${libdir}/$(LIBHOGWEED_SONAME) -compatibility_version $(LIBHOGWEED_MAJOR) -current_version $(LIBHOGWEED_MAJOR).$(LIBHOGWEED_MINOR)'
LIBHOGWEED_MAJOR='3'
LIBHOGWEED_MINOR='0'
LIBHOGWEED_SONAME='libhogweed.$(LIBHOGWEED_MAJOR).dylib'
LIBNETTLE_FILE='libnettle.$(LIBNETTLE_MAJOR).$(LIBNETTLE_MINOR).dylib'
LIBNETTLE_FILE_SRC='$(LIBNETTLE_FORLINK)'
LIBNETTLE_FORLINK='libnettle.dylib'
LIBNETTLE_LIBS=''
LIBNETTLE_LINK='$(CC) $(CFLAGS) -dynamiclib $(LDFLAGS) -install_name ${libdir}/$(LIBNETTLE_SONAME) -compatibility_version $(LIBNETTLE_MAJOR) -current_version $(LIBNETTLE_MAJOR).$(LIBNETTLE_MINOR)'
LIBNETTLE_MAJOR='5'
LIBNETTLE_MINOR='0'
LIBNETTLE_SONAME='libnettle.$(LIBNETTLE_MAJOR).dylib'
LIBOBJS=''
LIBS='-lgmp '
LN_S='ln -s'
LTLIBOBJS=''
M4='/usr/bin/m4'
MAKEINFO='/usr/bin/makeinfo'
MKDIR_P='/Users/sts/Quellen/mac/hbci/lib/nettle-3.0/./install-sh -c -d'
NM='nm'
OBJDUMP='false'
OBJEXT='o'
OPENSSL_LIBFLAGS=''
OPT_ASM_HOGWEED_SOURCES=''
OPT_ASM_NETTLE_SOURCES=''
PACKAGE_BUGREPORT='nettle-bugs@lists.lysator.liu.se'
PACKAGE_NAME='nettle'
PACKAGE_STRING='nettle 3.0'
PACKAGE_TARNAME='nettle'
PACKAGE_URL=''
PACKAGE_VERSION='3.0'
PATH_SEPARATOR=':'
RANLIB='ranlib'
SET_MAKE=''
SHELL='/bin/sh'
SHLIBCFLAGS='-fPIC'
W64_ABI='no'
ac_ct_CC='gcc'
ac_ct_CXX='g++'
bindir='${exec_prefix}/bin'
build='x86_64-apple-darwin14.0.0'
build_alias=''
build_cpu='x86_64'
build_os='darwin14.0.0'
build_vendor='apple'
datadir='${datarootdir}'
datarootdir='${prefix}/share'
docdir='${datarootdir}/doc/${PACKAGE_TARNAME}'
dvidir='${docdir}'
exec_prefix='${prefix}'
host='x86_64-apple-darwin14.0.0'
host_alias=''
host_cpu='x86_64'
host_os='darwin14.0.0'
host_vendor='apple'
htmldir='${docdir}'
includedir='${prefix}/include'
infodir='${datarootdir}/info'
libdir='${exec_prefix}/lib'
libexecdir='${exec_prefix}/libexec'
localedir='${datarootdir}/locale'
localstatedir='${prefix}/var'
mandir='${datarootdir}/man'
oldincludedir='/usr/include'
pdfdir='${docdir}'
prefix='/Users/sts/Quellen/mac/hbci/lib/static-build-i386-5.5.0.2'
program_transform_name='s,x,x,'
psdir='${docdir}'
sbindir='${exec_prefix}/sbin'
sharedstatedir='${prefix}/com'
sysconfdir='${prefix}/etc'
target_alias=''

## ----------- ##
## confdefs.h. ##
## ----------- ##

/* confdefs.h */
#define PACKAGE_NAME "nettle"
#define PACKAGE_TARNAME "nettle"
#define PACKAGE_VERSION "3.0"
#define PACKAGE_STRING "nettle 3.0"
#define PACKAGE_BUGREPORT "nettle-bugs@lists.lysator.liu.se"
#define PACKAGE_URL ""
#define STDC_HEADERS 1
#define HAVE_SYS_TYPES_H 1
#define HAVE_SYS_STAT_H 1
#define HAVE_STDLIB_H 1
#define HAVE_STRING_H 1
#define HAVE_MEMORY_H 1
#define HAVE_STRINGS_H 1
#define HAVE_INTTYPES_H 1
#define HAVE_STDINT_H 1
#define HAVE_UNISTD_H 1
#define TIME_WITH_SYS_TIME 1
#define SIZEOF_LONG 4
#define SIZEOF_SIZE_T 4
#define HAVE_OPENSSL_BLOWFISH_H 1
#define HAVE_OPENSSL_DES_H 1
#define HAVE_OPENSSL_CAST_H 1
#define HAVE_OPENSSL_AES_H 1
#define HAVE_OPENSSL_ECDSA_H 1
#define HAVE_ALLOCA_H 1
#define HAVE_ALLOCA 1
#define HAVE_STRERROR 1
#define HAVE_GCC_ATTRIBUTE 1
#define HAVE_FCNTL_LOCKING 1
#define HAVE_LIBGMP 1
#define WITH_HOGWEED 1

configure: exit 0
