This file contains any messages produced by compilers while
running configure, to aid debugging if configure makes a mistake.

It was created by configure, which was
generated by GNU Autoconf 2.61.  Invocation command line was

  $ /Users/sts/Quellen/mac/hbci/lib/aqbanking/configure --disable-dependency-tracking --prefix=/Users/sts/Quellen/mac/hbci/lib/static-build-i386-4.99.7beta --enable-shared --enable-static --enable-debug=no --with-backends=aqhbci --with-frontends= --enable-local-install --disable-tutorials --with-bankinfos=de --without-imexports --disable-qt3-threads --disable-qt3 --with-exporter=csv --disable-variadic-macros

## --------- ##
## Platform. ##
## --------- ##

hostname = goedel
uname -m = i386
uname -r = 10.4.0
uname -s = Darwin
uname -v = Darwin Kernel Version 10.4.0: Fri Apr 23 18:28:53 PDT 2010; root:xnu-1504.7.4~1/RELEASE_I386

/usr/bin/uname -p = i386
/bin/uname -X     = unknown

/bin/arch              = unknown
/usr/bin/arch -k       = unknown
/usr/convex/getsysinfo = unknown
/usr/bin/hostinfo      = Mach kernel version:
	 Darwin Kernel Version 10.4.0: Fri Apr 23 18:28:53 PDT 2010; root:xnu-1504.7.4~1/RELEASE_I386
Kernel configured for up to 2 processors.
2 processors are physically available.
2 processors are logically available.
Processor type: i486 (Intel 80486)
Processors active: 0 1
Primary memory available: 3.00 gigabytes
Default processor set: 109 tasks, 434 threads, 2 processors
Load average: 1.36, Mach factor: 1.08
/bin/machine           = unknown
/usr/bin/oslevel       = unknown
/bin/universe          = unknown

PATH: /Users/sts/Quellen/mac/hbci/lib/static-build-i386-4.99.7beta/bin
PATH: /usr/bin
PATH: /bin
PATH: /usr/sbin
PATH: /sbin
PATH: /usr/X11/bin


## ----------- ##
## Core tests. ##
## ----------- ##

configure:2216: checking build system type
configure:2234: result: i386-apple-darwin10.4.0
configure:2256: checking host system type
configure:2271: result: i386-apple-darwin10.4.0
configure:2505: checking for a BSD-compatible install
configure:2561: result: /usr/bin/install -c
configure:2572: checking whether build environment is sane
configure:2615: result: yes
configure:2643: checking for a thread-safe mkdir -p
configure:2682: result: /Users/sts/Quellen/mac/hbci/lib/aqbanking/install-sh -c -d
configure:2695: checking for gawk
configure:2725: result: no
configure:2695: checking for mawk
configure:2725: result: no
configure:2695: checking for nawk
configure:2725: result: no
configure:2695: checking for awk
configure:2711: found /usr/bin/awk
configure:2722: result: awk
configure:2733: checking whether make sets $(MAKE)
configure:2754: result: yes
configure:3254: checking host system type
configure:3437: result: posix
configure:3597: checking for gcc
configure:3613: found /usr/bin/gcc
configure:3624: result: gcc
configure:3862: checking for C compiler version
configure:3869: gcc --version >&5
i686-apple-darwin10-gcc-4.2.1 (GCC) 4.2.1 (Apple Inc. build 5657)
Copyright (C) 2007 Free Software Foundation, Inc.
This is free software; see the source for copying conditions.  There is NO
warranty; not even for MERCHANTABILITY or FITNESS FOR A PARTICULAR PURPOSE.

configure:3872: $? = 0
configure:3879: gcc -v >&5
Using built-in specs.
Target: i686-apple-darwin10
Configured with: /var/tmp/gcc/gcc-5657~1/src/configure --disable-checking --enable-werror --prefix=/usr --mandir=/share/man --enable-languages=c,objc,c++,obj-c++ --program-transform-name=/^[cg][^.-]*$/s/$/-4.2/ --with-slibdir=/usr/lib --build=i686-apple-darwin10 --program-prefix=i686-apple-darwin10- --host=x86_64-apple-darwin10 --target=i686-apple-darwin10 --with-gxx-include-dir=/include/c++/4.2.1
Thread model: posix
gcc version 4.2.1 (Apple Inc. build 5657)
configure:3882: $? = 0
configure:3889: gcc -V >&5
gcc-4.2: argument to `-V' is missing
configure:3892: $? = 1
configure:3915: checking for C compiler default output file name
configure:3942: gcc -O -g -isysroot /Developer/SDKs/MacOSX10.5.sdk -arch i386 -I/Users/sts/Quellen/mac/hbci/lib/static-build-i386-4.99.7beta/include/ -mmacosx-version-min=10.5 -O -g -isysroot /Developer/SDKs/MacOSX10.5.sdk -arch i386 -I/Users/sts/Quellen/mac/hbci/lib/static-build-i386-4.99.7beta/include/ -mmacosx-version-min=10.5 -framework CoreFoundation -arch i386 -L/Users/sts/Quellen/mac/hbci/lib/static-build-i386-4.99.7beta/lib -L/Developer/SDKs/MacOSX10.5.sdk/usr/lib/ -mmacosx-version-min=10.5 -lcharset -liconv -lintl -lgmp -lgpg-error -lgcrypt -lgnutls -lgnutls-extra -lgnutls-openssl -lgwenhywfar conftest.c  >&5
configure:3945: $? = 0
configure:3983: result: a.out
configure:4000: checking whether the C compiler works
configure:4010: ./a.out
configure:4013: $? = 0
configure:4030: result: yes
configure:4037: checking whether we are cross compiling
configure:4039: result: no
configure:4042: checking for suffix of executables
configure:4049: gcc -o conftest -O -g -isysroot /Developer/SDKs/MacOSX10.5.sdk -arch i386 -I/Users/sts/Quellen/mac/hbci/lib/static-build-i386-4.99.7beta/include/ -mmacosx-version-min=10.5 -O -g -isysroot /Developer/SDKs/MacOSX10.5.sdk -arch i386 -I/Users/sts/Quellen/mac/hbci/lib/static-build-i386-4.99.7beta/include/ -mmacosx-version-min=10.5 -framework CoreFoundation -arch i386 -L/Users/sts/Quellen/mac/hbci/lib/static-build-i386-4.99.7beta/lib -L/Developer/SDKs/MacOSX10.5.sdk/usr/lib/ -mmacosx-version-min=10.5 -lcharset -liconv -lintl -lgmp -lgpg-error -lgcrypt -lgnutls -lgnutls-extra -lgnutls-openssl -lgwenhywfar conftest.c  >&5
configure:4052: $? = 0
configure:4076: result: 
configure:4082: checking for suffix of object files
configure:4108: gcc -c -O -g -isysroot /Developer/SDKs/MacOSX10.5.sdk -arch i386 -I/Users/sts/Quellen/mac/hbci/lib/static-build-i386-4.99.7beta/include/ -mmacosx-version-min=10.5 -O -g -isysroot /Developer/SDKs/MacOSX10.5.sdk -arch i386 -I/Users/sts/Quellen/mac/hbci/lib/static-build-i386-4.99.7beta/include/ -mmacosx-version-min=10.5 conftest.c >&5
configure:4111: $? = 0
configure:4134: result: o
configure:4138: checking whether we are using the GNU C compiler
configure:4167: gcc -c -O -g -isysroot /Developer/SDKs/MacOSX10.5.sdk -arch i386 -I/Users/sts/Quellen/mac/hbci/lib/static-build-i386-4.99.7beta/include/ -mmacosx-version-min=10.5 -O -g -isysroot /Developer/SDKs/MacOSX10.5.sdk -arch i386 -I/Users/sts/Quellen/mac/hbci/lib/static-build-i386-4.99.7beta/include/ -mmacosx-version-min=10.5 conftest.c >&5
configure:4173: $? = 0
configure:4190: result: yes
configure:4195: checking whether gcc accepts -g
configure:4225: gcc -c -g -O -g -isysroot /Developer/SDKs/MacOSX10.5.sdk -arch i386 -I/Users/sts/Quellen/mac/hbci/lib/static-build-i386-4.99.7beta/include/ -mmacosx-version-min=10.5 conftest.c >&5
configure:4231: $? = 0
configure:4330: result: yes
configure:4347: checking for gcc option to accept ISO C89
configure:4421: gcc  -c -O -g -isysroot /Developer/SDKs/MacOSX10.5.sdk -arch i386 -I/Users/sts/Quellen/mac/hbci/lib/static-build-i386-4.99.7beta/include/ -mmacosx-version-min=10.5 -O -g -isysroot /Developer/SDKs/MacOSX10.5.sdk -arch i386 -I/Users/sts/Quellen/mac/hbci/lib/static-build-i386-4.99.7beta/include/ -mmacosx-version-min=10.5 conftest.c >&5
configure:4427: $? = 0
configure:4450: result: none needed
configure:4479: checking for style of include used by make
configure:4507: result: GNU
configure:4532: checking dependency style of gcc
configure:4623: result: none
configure:4696: checking for g++
configure:4712: found /usr/bin/g++
configure:4723: result: g++
configure:4754: checking for C++ compiler version
configure:4761: g++ --version >&5
i686-apple-darwin10-g++-4.2.1 (GCC) 4.2.1 (Apple Inc. build 5657)
Copyright (C) 2007 Free Software Foundation, Inc.
This is free software; see the source for copying conditions.  There is NO
warranty; not even for MERCHANTABILITY or FITNESS FOR A PARTICULAR PURPOSE.

configure:4764: $? = 0
configure:4771: g++ -v >&5
Using built-in specs.
Target: i686-apple-darwin10
Configured with: /var/tmp/gcc/gcc-5657~1/src/configure --disable-checking --enable-werror --prefix=/usr --mandir=/share/man --enable-languages=c,objc,c++,obj-c++ --program-transform-name=/^[cg][^.-]*$/s/$/-4.2/ --with-slibdir=/usr/lib --build=i686-apple-darwin10 --program-prefix=i686-apple-darwin10- --host=x86_64-apple-darwin10 --target=i686-apple-darwin10 --with-gxx-include-dir=/include/c++/4.2.1
Thread model: posix
gcc version 4.2.1 (Apple Inc. build 5657)
configure:4774: $? = 0
configure:4781: g++ -V >&5
g++-4.2: argument to `-V' is missing
configure:4784: $? = 1
configure:4787: checking whether we are using the GNU C++ compiler
configure:4816: g++ -c  -O -g -isysroot /Developer/SDKs/MacOSX10.5.sdk -arch i386 -I/Users/sts/Quellen/mac/hbci/lib/static-build-i386-4.99.7beta/include/ -mmacosx-version-min=10.5 conftest.cpp >&5
configure:4822: $? = 0
configure:4839: result: yes
configure:4844: checking whether g++ accepts -g
configure:4874: g++ -c -g -O -g -isysroot /Developer/SDKs/MacOSX10.5.sdk -arch i386 -I/Users/sts/Quellen/mac/hbci/lib/static-build-i386-4.99.7beta/include/ -mmacosx-version-min=10.5 conftest.cpp >&5
configure:4880: $? = 0
configure:4979: result: yes
configure:5004: checking dependency style of g++
configure:5095: result: none
configure:5123: checking for a BSD-compatible install
configure:5179: result: /usr/bin/install -c
configure:5552: checking for windres
configure:5582: result: no
configure:5630: checking for a sed that does not truncate output
configure:5709: result: /usr/bin/sed
configure:5727: checking for grep that handles long lines and -e
configure:5801: result: /usr/bin/grep
configure:5806: checking for egrep
configure:5884: result: /usr/bin/grep -E
configure:5889: checking for fgrep
configure:5967: result: /usr/bin/grep -F
configure:6002: checking for ld used by gcc
configure:6069: result: /usr/libexec/gcc/i686-apple-darwin10/4.2.1/ld
configure:6078: checking if the linker (/usr/libexec/gcc/i686-apple-darwin10/4.2.1/ld) is GNU ld
configure:6093: result: no
configure:6105: checking for BSD- or MS-compatible name lister (nm)
configure:6154: result: /usr/bin/nm
configure:6276: checking the name lister (/usr/bin/nm) interface
configure:6283: gcc -c -O -g -isysroot /Developer/SDKs/MacOSX10.5.sdk -arch i386 -I/Users/sts/Quellen/mac/hbci/lib/static-build-i386-4.99.7beta/include/ -mmacosx-version-min=10.5 -O -g -isysroot /Developer/SDKs/MacOSX10.5.sdk -arch i386 -I/Users/sts/Quellen/mac/hbci/lib/static-build-i386-4.99.7beta/include/ -mmacosx-version-min=10.5 conftest.c >&5
configure:6286: /usr/bin/nm "conftest.o"
configure:6289: output
00000188 D _some_variable
configure:6296: result: BSD nm
configure:6299: checking whether ln -s works
configure:6303: result: yes
configure:6311: checking the maximum length of command line arguments
configure:6431: result: 196608
configure:6448: checking whether the shell understands some XSI constructs
configure:6458: result: yes
configure:6462: checking whether the shell understands "+="
configure:6468: result: yes
configure:6503: checking for /usr/libexec/gcc/i686-apple-darwin10/4.2.1/ld option to reload object files
configure:6510: result: -r
configure:6537: checking how to recognize dependent libraries
configure:6727: result: pass_all
configure:6787: checking for ar
configure:6803: found /usr/bin/ar
configure:6814: result: ar
configure:6896: checking for strip
configure:6912: found /usr/bin/strip
configure:6923: result: strip
configure:6999: checking for ranlib
configure:7015: found /usr/bin/ranlib
configure:7026: result: ranlib
configure:7120: checking command to parse /usr/bin/nm output from gcc object
configure:7238: gcc -c -O -g -isysroot /Developer/SDKs/MacOSX10.5.sdk -arch i386 -I/Users/sts/Quellen/mac/hbci/lib/static-build-i386-4.99.7beta/include/ -mmacosx-version-min=10.5 -O -g -isysroot /Developer/SDKs/MacOSX10.5.sdk -arch i386 -I/Users/sts/Quellen/mac/hbci/lib/static-build-i386-4.99.7beta/include/ -mmacosx-version-min=10.5 conftest.c >&5
configure:7241: $? = 0
configure:7245: /usr/bin/nm conftest.o \| sed -n -e 's/^.*[	 ]\([BCDEGRST][BCDEGRST]*\)[	 ][	 ]*\([_A-Za-z][_A-Za-z0-9]*\)$/\1 \2 \2/p' \> conftest.nm
configure:7248: $? = 0
cannot find nm_test_var in conftest.nm
configure:7238: gcc -c -O -g -isysroot /Developer/SDKs/MacOSX10.5.sdk -arch i386 -I/Users/sts/Quellen/mac/hbci/lib/static-build-i386-4.99.7beta/include/ -mmacosx-version-min=10.5 -O -g -isysroot /Developer/SDKs/MacOSX10.5.sdk -arch i386 -I/Users/sts/Quellen/mac/hbci/lib/static-build-i386-4.99.7beta/include/ -mmacosx-version-min=10.5 conftest.c >&5
configure:7241: $? = 0
configure:7245: /usr/bin/nm conftest.o \| sed -n -e 's/^.*[	 ]\([BCDEGRST][BCDEGRST]*\)[	 ][	 ]*_\([_A-Za-z][_A-Za-z0-9]*\)$/\1 _\2 \2/p' \> conftest.nm
configure:7248: $? = 0
configure:7302: gcc -o conftest -O -g -isysroot /Developer/SDKs/MacOSX10.5.sdk -arch i386 -I/Users/sts/Quellen/mac/hbci/lib/static-build-i386-4.99.7beta/include/ -mmacosx-version-min=10.5 -O -g -isysroot /Developer/SDKs/MacOSX10.5.sdk -arch i386 -I/Users/sts/Quellen/mac/hbci/lib/static-build-i386-4.99.7beta/include/ -mmacosx-version-min=10.5 -framework CoreFoundation -arch i386 -L/Users/sts/Quellen/mac/hbci/lib/static-build-i386-4.99.7beta/lib -L/Developer/SDKs/MacOSX10.5.sdk/usr/lib/ -mmacosx-version-min=10.5 -lcharset -liconv -lintl -lgmp -lgpg-error -lgcrypt -lgnutls -lgnutls-extra -lgnutls-openssl -lgwenhywfar conftest.c conftstm.o >&5
configure:7305: $? = 0
configure:7343: result: ok
configure:7633: checking for dsymutil
configure:7649: found /usr/bin/dsymutil
configure:7660: result: dsymutil
configure:7729: checking for nmedit
configure:7745: found /usr/bin/nmedit
configure:7756: result: nmedit
configure:7825: checking for lipo
configure:7841: found /usr/bin/lipo
configure:7852: result: lipo
configure:7921: checking for otool
configure:7937: found /usr/bin/otool
configure:7948: result: otool
configure:8017: checking for otool64
configure:8047: result: no
configure:8096: checking for -single_module linker flag
gcc -O -g -isysroot /Developer/SDKs/MacOSX10.5.sdk -arch i386 -I/Users/sts/Quellen/mac/hbci/lib/static-build-i386-4.99.7beta/include/ -mmacosx-version-min=10.5 -framework CoreFoundation -arch i386 -L/Users/sts/Quellen/mac/hbci/lib/static-build-i386-4.99.7beta/lib -L/Developer/SDKs/MacOSX10.5.sdk/usr/lib/ -mmacosx-version-min=10.5 -lcharset -liconv -lintl -lgmp -lgpg-error -lgcrypt -lgnutls -lgnutls-extra -lgnutls-openssl -lgwenhywfar -o libconftest.dylib -dynamiclib -Wl,-single_module conftest.c
configure:8123: result: yes
configure:8125: checking for -exported_symbols_list linker flag
configure:8155: gcc -o conftest -O -g -isysroot /Developer/SDKs/MacOSX10.5.sdk -arch i386 -I/Users/sts/Quellen/mac/hbci/lib/static-build-i386-4.99.7beta/include/ -mmacosx-version-min=10.5 -O -g -isysroot /Developer/SDKs/MacOSX10.5.sdk -arch i386 -I/Users/sts/Quellen/mac/hbci/lib/static-build-i386-4.99.7beta/include/ -mmacosx-version-min=10.5 -framework CoreFoundation -arch i386 -L/Users/sts/Quellen/mac/hbci/lib/static-build-i386-4.99.7beta/lib -L/Developer/SDKs/MacOSX10.5.sdk/usr/lib/ -mmacosx-version-min=10.5 -lcharset -liconv -lintl -lgmp -lgpg-error -lgcrypt -lgnutls -lgnutls-extra -lgnutls-openssl -lgwenhywfar -Wl,-exported_symbols_list,conftest.sym conftest.c  >&5
configure:8161: $? = 0
configure:8180: result: yes
configure:8222: checking how to run the C preprocessor
configure:8262: gcc -E -O -g -isysroot /Developer/SDKs/MacOSX10.5.sdk -arch i386 -I/Users/sts/Quellen/mac/hbci/lib/static-build-i386-4.99.7beta/include/ -mmacosx-version-min=10.5 conftest.c
configure:8268: $? = 0
configure:8299: gcc -E -O -g -isysroot /Developer/SDKs/MacOSX10.5.sdk -arch i386 -I/Users/sts/Quellen/mac/hbci/lib/static-build-i386-4.99.7beta/include/ -mmacosx-version-min=10.5 conftest.c
conftest.c:57:28: error: ac_nonexistent.h: No such file or directory
configure:8305: $? = 1
configure: failed program was:
| /* confdefs.h.  */
| #define PACKAGE_NAME ""
| #define PACKAGE_TARNAME ""
| #define PACKAGE_VERSION ""
| #define PACKAGE_STRING ""
| #define PACKAGE_BUGREPORT ""
| #define AQBANKING_SO_EFFECTIVE_STR "32"
| #define PACKAGE "aqbanking"
| #define VERSION "4.99.7beta"
| #define AQHBCI_VERSION_MAJOR 4
| #define AQHBCI_VERSION_MINOR 99
| #define AQHBCI_VERSION_PATCHLEVEL 7
| #define AQHBCI_VERSION_BUILD 0
| #define AQHBCI_VERSION_STRING "4.99.7"
| #define AQHBCI_VERSION_FULL_STRING "4.99.7.0beta"
| #define AQHBCI_VERSION_TAG beta
| #define AQHBCI_SO_EFFECTIVE_STR "18"
| #define AQOFXCONNECT_VERSION_MAJOR 4
| #define AQOFXCONNECT_VERSION_MINOR 99
| #define AQOFXCONNECT_VERSION_PATCHLEVEL 7
| #define AQOFXCONNECT_VERSION_BUILD 0
| #define AQOFXCONNECT_VERSION_STRING "4.99.7"
| #define AQOFXCONNECT_VERSION_FULL_STRING "4.99.7.0beta"
| #define AQOFXCONNECT_VERSION_TAG beta
| #define AQOFXCONNECT_SO_EFFECTIVE_STR "6"
| #define AQPAYPAL_VERSION_MAJOR 4
| #define AQPAYPAL_VERSION_MINOR 99
| #define AQPAYPAL_VERSION_PATCHLEVEL 7
| #define AQPAYPAL_VERSION_BUILD 0
| #define AQPAYPAL_VERSION_STRING "4.99.7"
| #define AQPAYPAL_VERSION_FULL_STRING "4.99.7.0beta"
| #define AQPAYPAL_VERSION_TAG beta
| #define AQPAYPAL_SO_EFFECTIVE_STR "1"
| #define QBANKING_VERSION_MAJOR 4
| #define QBANKING_VERSION_MINOR 99
| #define QBANKING_VERSION_PATCHLEVEL 7
| #define QBANKING_VERSION_BUILD 0
| #define QBANKING_VERSION_STRING "4.99.7"
| #define QBANKING_VERSION_FULL_STRING "4.99.7.0beta"
| #define QBANKING_VERSION_TAG beta
| #define QBANKING_SO_EFFECTIVE_STR "9"
| #define Q4BANKING_VERSION_MAJOR 4
| #define Q4BANKING_VERSION_MINOR 99
| #define Q4BANKING_VERSION_PATCHLEVEL 7
| #define Q4BANKING_VERSION_BUILD 0
| #define Q4BANKING_VERSION_STRING "4.99.7"
| #define Q4BANKING_VERSION_FULL_STRING "4.99.7.0beta"
| #define Q4BANKING_VERSION_TAG beta
| #define Q4BANKING_SO_EFFECTIVE_STR "2"
| #define OS_NAME "i386-apple-darwin10.4.0"
| #define OS_DARWIN 1
| #define OS_POSIX 1
| #define OS_SHORTNAME "osx"
| #define OS_TYPE "posix"
| #define _GNU_SOURCE 1
| /* end confdefs.h.  */
| #include <ac_nonexistent.h>
configure:8338: result: gcc -E
configure:8367: gcc -E -O -g -isysroot /Developer/SDKs/MacOSX10.5.sdk -arch i386 -I/Users/sts/Quellen/mac/hbci/lib/static-build-i386-4.99.7beta/include/ -mmacosx-version-min=10.5 conftest.c
configure:8373: $? = 0
configure:8404: gcc -E -O -g -isysroot /Developer/SDKs/MacOSX10.5.sdk -arch i386 -I/Users/sts/Quellen/mac/hbci/lib/static-build-i386-4.99.7beta/include/ -mmacosx-version-min=10.5 conftest.c
conftest.c:57:28: error: ac_nonexistent.h: No such file or directory
configure:8410: $? = 1
configure: failed program was:
| /* confdefs.h.  */
| #define PACKAGE_NAME ""
| #define PACKAGE_TARNAME ""
| #define PACKAGE_VERSION ""
| #define PACKAGE_STRING ""
| #define PACKAGE_BUGREPORT ""
| #define AQBANKING_SO_EFFECTIVE_STR "32"
| #define PACKAGE "aqbanking"
| #define VERSION "4.99.7beta"
| #define AQHBCI_VERSION_MAJOR 4
| #define AQHBCI_VERSION_MINOR 99
| #define AQHBCI_VERSION_PATCHLEVEL 7
| #define AQHBCI_VERSION_BUILD 0
| #define AQHBCI_VERSION_STRING "4.99.7"
| #define AQHBCI_VERSION_FULL_STRING "4.99.7.0beta"
| #define AQHBCI_VERSION_TAG beta
| #define AQHBCI_SO_EFFECTIVE_STR "18"
| #define AQOFXCONNECT_VERSION_MAJOR 4
| #define AQOFXCONNECT_VERSION_MINOR 99
| #define AQOFXCONNECT_VERSION_PATCHLEVEL 7
| #define AQOFXCONNECT_VERSION_BUILD 0
| #define AQOFXCONNECT_VERSION_STRING "4.99.7"
| #define AQOFXCONNECT_VERSION_FULL_STRING "4.99.7.0beta"
| #define AQOFXCONNECT_VERSION_TAG beta
| #define AQOFXCONNECT_SO_EFFECTIVE_STR "6"
| #define AQPAYPAL_VERSION_MAJOR 4
| #define AQPAYPAL_VERSION_MINOR 99
| #define AQPAYPAL_VERSION_PATCHLEVEL 7
| #define AQPAYPAL_VERSION_BUILD 0
| #define AQPAYPAL_VERSION_STRING "4.99.7"
| #define AQPAYPAL_VERSION_FULL_STRING "4.99.7.0beta"
| #define AQPAYPAL_VERSION_TAG beta
| #define AQPAYPAL_SO_EFFECTIVE_STR "1"
| #define QBANKING_VERSION_MAJOR 4
| #define QBANKING_VERSION_MINOR 99
| #define QBANKING_VERSION_PATCHLEVEL 7
| #define QBANKING_VERSION_BUILD 0
| #define QBANKING_VERSION_STRING "4.99.7"
| #define QBANKING_VERSION_FULL_STRING "4.99.7.0beta"
| #define QBANKING_VERSION_TAG beta
| #define QBANKING_SO_EFFECTIVE_STR "9"
| #define Q4BANKING_VERSION_MAJOR 4
| #define Q4BANKING_VERSION_MINOR 99
| #define Q4BANKING_VERSION_PATCHLEVEL 7
| #define Q4BANKING_VERSION_BUILD 0
| #define Q4BANKING_VERSION_STRING "4.99.7"
| #define Q4BANKING_VERSION_FULL_STRING "4.99.7.0beta"
| #define Q4BANKING_VERSION_TAG beta
| #define Q4BANKING_SO_EFFECTIVE_STR "2"
| #define OS_NAME "i386-apple-darwin10.4.0"
| #define OS_DARWIN 1
| #define OS_POSIX 1
| #define OS_SHORTNAME "osx"
| #define OS_TYPE "posix"
| #define _GNU_SOURCE 1
| /* end confdefs.h.  */
| #include <ac_nonexistent.h>
configure:8448: checking for ANSI C header files
configure:8478: gcc -c -O -g -isysroot /Developer/SDKs/MacOSX10.5.sdk -arch i386 -I/Users/sts/Quellen/mac/hbci/lib/static-build-i386-4.99.7beta/include/ -mmacosx-version-min=10.5 -O -g -isysroot /Developer/SDKs/MacOSX10.5.sdk -arch i386 -I/Users/sts/Quellen/mac/hbci/lib/static-build-i386-4.99.7beta/include/ -mmacosx-version-min=10.5 conftest.c >&5
configure:8484: $? = 0
configure:8583: gcc -o conftest -O -g -isysroot /Developer/SDKs/MacOSX10.5.sdk -arch i386 -I/Users/sts/Quellen/mac/hbci/lib/static-build-i386-4.99.7beta/include/ -mmacosx-version-min=10.5 -O -g -isysroot /Developer/SDKs/MacOSX10.5.sdk -arch i386 -I/Users/sts/Quellen/mac/hbci/lib/static-build-i386-4.99.7beta/include/ -mmacosx-version-min=10.5 -framework CoreFoundation -arch i386 -L/Users/sts/Quellen/mac/hbci/lib/static-build-i386-4.99.7beta/lib -L/Developer/SDKs/MacOSX10.5.sdk/usr/lib/ -mmacosx-version-min=10.5 -lcharset -liconv -lintl -lgmp -lgpg-error -lgcrypt -lgnutls -lgnutls-extra -lgnutls-openssl -lgwenhywfar conftest.c  >&5
configure:8586: $? = 0
configure:8592: ./conftest
configure:8595: $? = 0
configure:8612: result: yes
configure:8636: checking for sys/types.h
configure:8657: gcc -c -O -g -isysroot /Developer/SDKs/MacOSX10.5.sdk -arch i386 -I/Users/sts/Quellen/mac/hbci/lib/static-build-i386-4.99.7beta/include/ -mmacosx-version-min=10.5 -O -g -isysroot /Developer/SDKs/MacOSX10.5.sdk -arch i386 -I/Users/sts/Quellen/mac/hbci/lib/static-build-i386-4.99.7beta/include/ -mmacosx-version-min=10.5 conftest.c >&5
configure:8663: $? = 0
configure:8679: result: yes
configure:8636: checking for sys/stat.h
configure:8657: gcc -c -O -g -isysroot /Developer/SDKs/MacOSX10.5.sdk -arch i386 -I/Users/sts/Quellen/mac/hbci/lib/static-build-i386-4.99.7beta/include/ -mmacosx-version-min=10.5 -O -g -isysroot /Developer/SDKs/MacOSX10.5.sdk -arch i386 -I/Users/sts/Quellen/mac/hbci/lib/static-build-i386-4.99.7beta/include/ -mmacosx-version-min=10.5 conftest.c >&5
configure:8663: $? = 0
configure:8679: result: yes
configure:8636: checking for stdlib.h
configure:8657: gcc -c -O -g -isysroot /Developer/SDKs/MacOSX10.5.sdk -arch i386 -I/Users/sts/Quellen/mac/hbci/lib/static-build-i386-4.99.7beta/include/ -mmacosx-version-min=10.5 -O -g -isysroot /Developer/SDKs/MacOSX10.5.sdk -arch i386 -I/Users/sts/Quellen/mac/hbci/lib/static-build-i386-4.99.7beta/include/ -mmacosx-version-min=10.5 conftest.c >&5
configure:8663: $? = 0
configure:8679: result: yes
configure:8636: checking for string.h
configure:8657: gcc -c -O -g -isysroot /Developer/SDKs/MacOSX10.5.sdk -arch i386 -I/Users/sts/Quellen/mac/hbci/lib/static-build-i386-4.99.7beta/include/ -mmacosx-version-min=10.5 -O -g -isysroot /Developer/SDKs/MacOSX10.5.sdk -arch i386 -I/Users/sts/Quellen/mac/hbci/lib/static-build-i386-4.99.7beta/include/ -mmacosx-version-min=10.5 conftest.c >&5
configure:8663: $? = 0
configure:8679: result: yes
configure:8636: checking for memory.h
configure:8657: gcc -c -O -g -isysroot /Developer/SDKs/MacOSX10.5.sdk -arch i386 -I/Users/sts/Quellen/mac/hbci/lib/static-build-i386-4.99.7beta/include/ -mmacosx-version-min=10.5 -O -g -isysroot /Developer/SDKs/MacOSX10.5.sdk -arch i386 -I/Users/sts/Quellen/mac/hbci/lib/static-build-i386-4.99.7beta/include/ -mmacosx-version-min=10.5 conftest.c >&5
configure:8663: $? = 0
configure:8679: result: yes
configure:8636: checking for strings.h
configure:8657: gcc -c -O -g -isysroot /Developer/SDKs/MacOSX10.5.sdk -arch i386 -I/Users/sts/Quellen/mac/hbci/lib/static-build-i386-4.99.7beta/include/ -mmacosx-version-min=10.5 -O -g -isysroot /Developer/SDKs/MacOSX10.5.sdk -arch i386 -I/Users/sts/Quellen/mac/hbci/lib/static-build-i386-4.99.7beta/include/ -mmacosx-version-min=10.5 conftest.c >&5
configure:8663: $? = 0
configure:8679: result: yes
configure:8636: checking for inttypes.h
configure:8657: gcc -c -O -g -isysroot /Developer/SDKs/MacOSX10.5.sdk -arch i386 -I/Users/sts/Quellen/mac/hbci/lib/static-build-i386-4.99.7beta/include/ -mmacosx-version-min=10.5 -O -g -isysroot /Developer/SDKs/MacOSX10.5.sdk -arch i386 -I/Users/sts/Quellen/mac/hbci/lib/static-build-i386-4.99.7beta/include/ -mmacosx-version-min=10.5 conftest.c >&5
configure:8663: $? = 0
configure:8679: result: yes
configure:8636: checking for stdint.h
configure:8657: gcc -c -O -g -isysroot /Developer/SDKs/MacOSX10.5.sdk -arch i386 -I/Users/sts/Quellen/mac/hbci/lib/static-build-i386-4.99.7beta/include/ -mmacosx-version-min=10.5 -O -g -isysroot /Developer/SDKs/MacOSX10.5.sdk -arch i386 -I/Users/sts/Quellen/mac/hbci/lib/static-build-i386-4.99.7beta/include/ -mmacosx-version-min=10.5 conftest.c >&5
configure:8663: $? = 0
configure:8679: result: yes
configure:8636: checking for unistd.h
configure:8657: gcc -c -O -g -isysroot /Developer/SDKs/MacOSX10.5.sdk -arch i386 -I/Users/sts/Quellen/mac/hbci/lib/static-build-i386-4.99.7beta/include/ -mmacosx-version-min=10.5 -O -g -isysroot /Developer/SDKs/MacOSX10.5.sdk -arch i386 -I/Users/sts/Quellen/mac/hbci/lib/static-build-i386-4.99.7beta/include/ -mmacosx-version-min=10.5 conftest.c >&5
configure:8663: $? = 0
configure:8679: result: yes
configure:8695: checking for dlfcn.h
configure:8716: gcc -c -O -g -isysroot /Developer/SDKs/MacOSX10.5.sdk -arch i386 -I/Users/sts/Quellen/mac/hbci/lib/static-build-i386-4.99.7beta/include/ -mmacosx-version-min=10.5 -O -g -isysroot /Developer/SDKs/MacOSX10.5.sdk -arch i386 -I/Users/sts/Quellen/mac/hbci/lib/static-build-i386-4.99.7beta/include/ -mmacosx-version-min=10.5 conftest.c >&5
configure:8722: $? = 0
configure:8738: result: yes
configure:8867: checking for C++ compiler version
configure:8874: g++ --version >&5
i686-apple-darwin10-g++-4.2.1 (GCC) 4.2.1 (Apple Inc. build 5657)
Copyright (C) 2007 Free Software Foundation, Inc.
This is free software; see the source for copying conditions.  There is NO
warranty; not even for MERCHANTABILITY or FITNESS FOR A PARTICULAR PURPOSE.

configure:8877: $? = 0
configure:8884: g++ -v >&5
Using built-in specs.
Target: i686-apple-darwin10
Configured with: /var/tmp/gcc/gcc-5657~1/src/configure --disable-checking --enable-werror --prefix=/usr --mandir=/share/man --enable-languages=c,objc,c++,obj-c++ --program-transform-name=/^[cg][^.-]*$/s/$/-4.2/ --with-slibdir=/usr/lib --build=i686-apple-darwin10 --program-prefix=i686-apple-darwin10- --host=x86_64-apple-darwin10 --target=i686-apple-darwin10 --with-gxx-include-dir=/include/c++/4.2.1
Thread model: posix
gcc version 4.2.1 (Apple Inc. build 5657)
configure:8887: $? = 0
configure:8894: g++ -V >&5
g++-4.2: argument to `-V' is missing
configure:8897: $? = 1
configure:8900: checking whether we are using the GNU C++ compiler
configure:8952: result: yes
configure:8957: checking whether g++ accepts -g
configure:9092: result: yes
configure:9117: checking dependency style of g++
configure:9208: result: none
configure:9231: checking how to run the C++ preprocessor
configure:9267: g++ -E -O -g -isysroot /Developer/SDKs/MacOSX10.5.sdk -arch i386 -I/Users/sts/Quellen/mac/hbci/lib/static-build-i386-4.99.7beta/include/ -mmacosx-version-min=10.5 conftest.cpp
configure:9273: $? = 0
configure:9304: g++ -E -O -g -isysroot /Developer/SDKs/MacOSX10.5.sdk -arch i386 -I/Users/sts/Quellen/mac/hbci/lib/static-build-i386-4.99.7beta/include/ -mmacosx-version-min=10.5 conftest.cpp
conftest.cpp:68:28: error: ac_nonexistent.h: No such file or directory
configure:9310: $? = 1
configure: failed program was:
| /* confdefs.h.  */
| #define PACKAGE_NAME ""
| #define PACKAGE_TARNAME ""
| #define PACKAGE_VERSION ""
| #define PACKAGE_STRING ""
| #define PACKAGE_BUGREPORT ""
| #define AQBANKING_SO_EFFECTIVE_STR "32"
| #define PACKAGE "aqbanking"
| #define VERSION "4.99.7beta"
| #define AQHBCI_VERSION_MAJOR 4
| #define AQHBCI_VERSION_MINOR 99
| #define AQHBCI_VERSION_PATCHLEVEL 7
| #define AQHBCI_VERSION_BUILD 0
| #define AQHBCI_VERSION_STRING "4.99.7"
| #define AQHBCI_VERSION_FULL_STRING "4.99.7.0beta"
| #define AQHBCI_VERSION_TAG beta
| #define AQHBCI_SO_EFFECTIVE_STR "18"
| #define AQOFXCONNECT_VERSION_MAJOR 4
| #define AQOFXCONNECT_VERSION_MINOR 99
| #define AQOFXCONNECT_VERSION_PATCHLEVEL 7
| #define AQOFXCONNECT_VERSION_BUILD 0
| #define AQOFXCONNECT_VERSION_STRING "4.99.7"
| #define AQOFXCONNECT_VERSION_FULL_STRING "4.99.7.0beta"
| #define AQOFXCONNECT_VERSION_TAG beta
| #define AQOFXCONNECT_SO_EFFECTIVE_STR "6"
| #define AQPAYPAL_VERSION_MAJOR 4
| #define AQPAYPAL_VERSION_MINOR 99
| #define AQPAYPAL_VERSION_PATCHLEVEL 7
| #define AQPAYPAL_VERSION_BUILD 0
| #define AQPAYPAL_VERSION_STRING "4.99.7"
| #define AQPAYPAL_VERSION_FULL_STRING "4.99.7.0beta"
| #define AQPAYPAL_VERSION_TAG beta
| #define AQPAYPAL_SO_EFFECTIVE_STR "1"
| #define QBANKING_VERSION_MAJOR 4
| #define QBANKING_VERSION_MINOR 99
| #define QBANKING_VERSION_PATCHLEVEL 7
| #define QBANKING_VERSION_BUILD 0
| #define QBANKING_VERSION_STRING "4.99.7"
| #define QBANKING_VERSION_FULL_STRING "4.99.7.0beta"
| #define QBANKING_VERSION_TAG beta
| #define QBANKING_SO_EFFECTIVE_STR "9"
| #define Q4BANKING_VERSION_MAJOR 4
| #define Q4BANKING_VERSION_MINOR 99
| #define Q4BANKING_VERSION_PATCHLEVEL 7
| #define Q4BANKING_VERSION_BUILD 0
| #define Q4BANKING_VERSION_STRING "4.99.7"
| #define Q4BANKING_VERSION_FULL_STRING "4.99.7.0beta"
| #define Q4BANKING_VERSION_TAG beta
| #define Q4BANKING_SO_EFFECTIVE_STR "2"
| #define OS_NAME "i386-apple-darwin10.4.0"
| #define OS_DARWIN 1
| #define OS_POSIX 1
| #define OS_SHORTNAME "osx"
| #define OS_TYPE "posix"
| #define _GNU_SOURCE 1
| #define STDC_HEADERS 1
| #define HAVE_SYS_TYPES_H 1
| #define HAVE_SYS_STAT_H 1
| #define HAVE_STDLIB_H 1
| #define HAVE_STRING_H 1
| #define HAVE_MEMORY_H 1
| #define HAVE_STRINGS_H 1
| #define HAVE_INTTYPES_H 1
| #define HAVE_STDINT_H 1
| #define HAVE_UNISTD_H 1
| #define HAVE_DLFCN_H 1
| /* end confdefs.h.  */
| #include <ac_nonexistent.h>
configure:9343: result: g++ -E
configure:9372: g++ -E -O -g -isysroot /Developer/SDKs/MacOSX10.5.sdk -arch i386 -I/Users/sts/Quellen/mac/hbci/lib/static-build-i386-4.99.7beta/include/ -mmacosx-version-min=10.5 conftest.cpp
configure:9378: $? = 0
configure:9409: g++ -E -O -g -isysroot /Developer/SDKs/MacOSX10.5.sdk -arch i386 -I/Users/sts/Quellen/mac/hbci/lib/static-build-i386-4.99.7beta/include/ -mmacosx-version-min=10.5 conftest.cpp
conftest.cpp:68:28: error: ac_nonexistent.h: No such file or directory
configure:9415: $? = 1
configure: failed program was:
| /* confdefs.h.  */
| #define PACKAGE_NAME ""
| #define PACKAGE_TARNAME ""
| #define PACKAGE_VERSION ""
| #define PACKAGE_STRING ""
| #define PACKAGE_BUGREPORT ""
| #define AQBANKING_SO_EFFECTIVE_STR "32"
| #define PACKAGE "aqbanking"
| #define VERSION "4.99.7beta"
| #define AQHBCI_VERSION_MAJOR 4
| #define AQHBCI_VERSION_MINOR 99
| #define AQHBCI_VERSION_PATCHLEVEL 7
| #define AQHBCI_VERSION_BUILD 0
| #define AQHBCI_VERSION_STRING "4.99.7"
| #define AQHBCI_VERSION_FULL_STRING "4.99.7.0beta"
| #define AQHBCI_VERSION_TAG beta
| #define AQHBCI_SO_EFFECTIVE_STR "18"
| #define AQOFXCONNECT_VERSION_MAJOR 4
| #define AQOFXCONNECT_VERSION_MINOR 99
| #define AQOFXCONNECT_VERSION_PATCHLEVEL 7
| #define AQOFXCONNECT_VERSION_BUILD 0
| #define AQOFXCONNECT_VERSION_STRING "4.99.7"
| #define AQOFXCONNECT_VERSION_FULL_STRING "4.99.7.0beta"
| #define AQOFXCONNECT_VERSION_TAG beta
| #define AQOFXCONNECT_SO_EFFECTIVE_STR "6"
| #define AQPAYPAL_VERSION_MAJOR 4
| #define AQPAYPAL_VERSION_MINOR 99
| #define AQPAYPAL_VERSION_PATCHLEVEL 7
| #define AQPAYPAL_VERSION_BUILD 0
| #define AQPAYPAL_VERSION_STRING "4.99.7"
| #define AQPAYPAL_VERSION_FULL_STRING "4.99.7.0beta"
| #define AQPAYPAL_VERSION_TAG beta
| #define AQPAYPAL_SO_EFFECTIVE_STR "1"
| #define QBANKING_VERSION_MAJOR 4
| #define QBANKING_VERSION_MINOR 99
| #define QBANKING_VERSION_PATCHLEVEL 7
| #define QBANKING_VERSION_BUILD 0
| #define QBANKING_VERSION_STRING "4.99.7"
| #define QBANKING_VERSION_FULL_STRING "4.99.7.0beta"
| #define QBANKING_VERSION_TAG beta
| #define QBANKING_SO_EFFECTIVE_STR "9"
| #define Q4BANKING_VERSION_MAJOR 4
| #define Q4BANKING_VERSION_MINOR 99
| #define Q4BANKING_VERSION_PATCHLEVEL 7
| #define Q4BANKING_VERSION_BUILD 0
| #define Q4BANKING_VERSION_STRING "4.99.7"
| #define Q4BANKING_VERSION_FULL_STRING "4.99.7.0beta"
| #define Q4BANKING_VERSION_TAG beta
| #define Q4BANKING_SO_EFFECTIVE_STR "2"
| #define OS_NAME "i386-apple-darwin10.4.0"
| #define OS_DARWIN 1
| #define OS_POSIX 1
| #define OS_SHORTNAME "osx"
| #define OS_TYPE "posix"
| #define _GNU_SOURCE 1
| #define STDC_HEADERS 1
| #define HAVE_SYS_TYPES_H 1
| #define HAVE_SYS_STAT_H 1
| #define HAVE_STDLIB_H 1
| #define HAVE_STRING_H 1
| #define HAVE_MEMORY_H 1
| #define HAVE_STRINGS_H 1
| #define HAVE_INTTYPES_H 1
| #define HAVE_STDINT_H 1
| #define HAVE_UNISTD_H 1
| #define HAVE_DLFCN_H 1
| /* end confdefs.h.  */
| #include <ac_nonexistent.h>
configure:9565: checking for objdir
configure:9580: result: .libs
configure:9876: checking if gcc supports -fno-rtti -fno-exceptions
configure:9894: gcc -c -O -g -isysroot /Developer/SDKs/MacOSX10.5.sdk -arch i386 -I/Users/sts/Quellen/mac/hbci/lib/static-build-i386-4.99.7beta/include/ -mmacosx-version-min=10.5 -O -g -isysroot /Developer/SDKs/MacOSX10.5.sdk -arch i386 -I/Users/sts/Quellen/mac/hbci/lib/static-build-i386-4.99.7beta/include/ -mmacosx-version-min=10.5 -fno-rtti -fno-exceptions conftest.c >&5
cc1: warning: command line option "-fno-rtti" is valid for C++/ObjC++ but not for C
configure:9898: $? = 0
configure:9911: result: no
configure:9931: checking for gcc option to produce PIC
configure:10188: result: -fno-common -DPIC
configure:10200: checking if gcc PIC flag -fno-common -DPIC works
configure:10218: gcc -c -O -g -isysroot /Developer/SDKs/MacOSX10.5.sdk -arch i386 -I/Users/sts/Quellen/mac/hbci/lib/static-build-i386-4.99.7beta/include/ -mmacosx-version-min=10.5 -O -g -isysroot /Developer/SDKs/MacOSX10.5.sdk -arch i386 -I/Users/sts/Quellen/mac/hbci/lib/static-build-i386-4.99.7beta/include/ -mmacosx-version-min=10.5 -fno-common -DPIC -DPIC conftest.c >&5
configure:10222: $? = 0
configure:10235: result: yes
configure:10259: checking if gcc static flag -static works
configure:10287: result: no
configure:10302: checking if gcc supports -c -o file.o
configure:10323: gcc -c -O -g -isysroot /Developer/SDKs/MacOSX10.5.sdk -arch i386 -I/Users/sts/Quellen/mac/hbci/lib/static-build-i386-4.99.7beta/include/ -mmacosx-version-min=10.5 -O -g -isysroot /Developer/SDKs/MacOSX10.5.sdk -arch i386 -I/Users/sts/Quellen/mac/hbci/lib/static-build-i386-4.99.7beta/include/ -mmacosx-version-min=10.5 -o out/conftest2.o conftest.c >&5
configure:10327: $? = 0
configure:10349: result: yes
configure:10357: checking if gcc supports -c -o file.o
configure:10404: result: yes
configure:10437: checking whether the gcc linker (/usr/libexec/gcc/i686-apple-darwin10/4.2.1/ld) supports shared libraries
configure:11491: result: yes
configure:11730: checking dynamic linker characteristics
configure:12409: result: darwin10.4.0 dyld
configure:12511: checking how to hardcode library paths into programs
configure:12536: result: immediate
configure:13349: checking whether stripping libraries is possible
configure:13363: result: yes
configure:13389: checking if libtool supports shared libraries
configure:13391: result: yes
configure:13394: checking whether to build shared libraries
configure:13415: result: yes
configure:13418: checking whether to build static libraries
configure:13422: result: yes
configure:13572: checking for ld used by g++
configure:13639: result: /usr/libexec/gcc/i686-apple-darwin10/4.2.1/ld
configure:13648: checking if the linker (/usr/libexec/gcc/i686-apple-darwin10/4.2.1/ld) is GNU ld
configure:13663: result: no
configure:13718: checking whether the g++ linker (/usr/libexec/gcc/i686-apple-darwin10/4.2.1/ld) supports shared libraries
configure:14680: result: yes
configure:14708: g++ -c -g -O2 -O -g -isysroot /Developer/SDKs/MacOSX10.5.sdk -arch i386 -I/Users/sts/Quellen/mac/hbci/lib/static-build-i386-4.99.7beta/include/ -mmacosx-version-min=10.5 conftest.cpp >&5
configure:14711: $? = 0
configure:14893: checking for g++ option to produce PIC
configure:15202: result: -fno-common -DPIC
configure:15211: checking if g++ PIC flag -fno-common -DPIC works
configure:15229: g++ -c -g -O2 -O -g -isysroot /Developer/SDKs/MacOSX10.5.sdk -arch i386 -I/Users/sts/Quellen/mac/hbci/lib/static-build-i386-4.99.7beta/include/ -mmacosx-version-min=10.5 -fno-common -DPIC -DPIC conftest.cpp >&5
configure:15233: $? = 0
configure:15246: result: yes
configure:15267: checking if g++ static flag -static works
configure:15295: result: no
configure:15307: checking if g++ supports -c -o file.o
configure:15328: g++ -c -g -O2 -O -g -isysroot /Developer/SDKs/MacOSX10.5.sdk -arch i386 -I/Users/sts/Quellen/mac/hbci/lib/static-build-i386-4.99.7beta/include/ -mmacosx-version-min=10.5 -o out/conftest2.o conftest.cpp >&5
configure:15332: $? = 0
configure:15354: result: yes
configure:15359: checking if g++ supports -c -o file.o
configure:15406: result: yes
configure:15436: checking whether the g++ linker (/usr/libexec/gcc/i686-apple-darwin10/4.2.1/ld) supports shared libraries
configure:15462: result: yes
configure:15599: checking dynamic linker characteristics
configure:16226: result: darwin10.4.0 dyld
configure:16277: checking how to hardcode library paths into programs
configure:16302: result: immediate
configure:16362: checking for dot
configure:16390: result: NO
configure:16400: checking for sed
configure:16427: result: /usr/bin/sed
configure:16442: checking for ANSI C header files
configure:16606: result: yes
configure:16635: checking fcntl.h usability
configure:16652: gcc -c -O -g -isysroot /Developer/SDKs/MacOSX10.5.sdk -arch i386 -I/Users/sts/Quellen/mac/hbci/lib/static-build-i386-4.99.7beta/include/ -mmacosx-version-min=10.5 -O -g -isysroot /Developer/SDKs/MacOSX10.5.sdk -arch i386 -I/Users/sts/Quellen/mac/hbci/lib/static-build-i386-4.99.7beta/include/ -mmacosx-version-min=10.5 conftest.c >&5
configure:16658: $? = 0
configure:16672: result: yes
configure:16676: checking fcntl.h presence
configure:16691: gcc -E -O -g -isysroot /Developer/SDKs/MacOSX10.5.sdk -arch i386 -I/Users/sts/Quellen/mac/hbci/lib/static-build-i386-4.99.7beta/include/ -mmacosx-version-min=10.5 conftest.c
configure:16697: $? = 0
configure:16711: result: yes
configure:16739: checking for fcntl.h
configure:16747: result: yes
configure:16625: checking for stdlib.h
configure:16631: result: yes
configure:16625: checking for string.h
configure:16631: result: yes
configure:16625: checking for unistd.h
configure:16631: result: yes
configure:16635: checking locale.h usability
configure:16652: gcc -c -O -g -isysroot /Developer/SDKs/MacOSX10.5.sdk -arch i386 -I/Users/sts/Quellen/mac/hbci/lib/static-build-i386-4.99.7beta/include/ -mmacosx-version-min=10.5 -O -g -isysroot /Developer/SDKs/MacOSX10.5.sdk -arch i386 -I/Users/sts/Quellen/mac/hbci/lib/static-build-i386-4.99.7beta/include/ -mmacosx-version-min=10.5 conftest.c >&5
configure:16658: $? = 0
configure:16672: result: yes
configure:16676: checking locale.h presence
configure:16691: gcc -E -O -g -isysroot /Developer/SDKs/MacOSX10.5.sdk -arch i386 -I/Users/sts/Quellen/mac/hbci/lib/static-build-i386-4.99.7beta/include/ -mmacosx-version-min=10.5 conftest.c
configure:16697: $? = 0
configure:16711: result: yes
configure:16739: checking for locale.h
configure:16747: result: yes
configure:16777: checking termios.h usability
configure:16794: gcc -c -O -g -isysroot /Developer/SDKs/MacOSX10.5.sdk -arch i386 -I/Users/sts/Quellen/mac/hbci/lib/static-build-i386-4.99.7beta/include/ -mmacosx-version-min=10.5 -O -g -isysroot /Developer/SDKs/MacOSX10.5.sdk -arch i386 -I/Users/sts/Quellen/mac/hbci/lib/static-build-i386-4.99.7beta/include/ -mmacosx-version-min=10.5 conftest.c >&5
configure:16800: $? = 0
configure:16814: result: yes
configure:16818: checking termios.h presence
configure:16833: gcc -E -O -g -isysroot /Developer/SDKs/MacOSX10.5.sdk -arch i386 -I/Users/sts/Quellen/mac/hbci/lib/static-build-i386-4.99.7beta/include/ -mmacosx-version-min=10.5 conftest.c
configure:16839: $? = 0
configure:16853: result: yes
configure:16881: checking for termios.h
configure:16889: result: yes
configure:16777: checking signal.h usability
configure:16794: gcc -c -O -g -isysroot /Developer/SDKs/MacOSX10.5.sdk -arch i386 -I/Users/sts/Quellen/mac/hbci/lib/static-build-i386-4.99.7beta/include/ -mmacosx-version-min=10.5 -O -g -isysroot /Developer/SDKs/MacOSX10.5.sdk -arch i386 -I/Users/sts/Quellen/mac/hbci/lib/static-build-i386-4.99.7beta/include/ -mmacosx-version-min=10.5 conftest.c >&5
configure:16800: $? = 0
configure:16814: result: yes
configure:16818: checking signal.h presence
configure:16833: gcc -E -O -g -isysroot /Developer/SDKs/MacOSX10.5.sdk -arch i386 -I/Users/sts/Quellen/mac/hbci/lib/static-build-i386-4.99.7beta/include/ -mmacosx-version-min=10.5 conftest.c
configure:16839: $? = 0
configure:16853: result: yes
configure:16881: checking for signal.h
configure:16889: result: yes
configure:16777: checking iconv.h usability
configure:16794: gcc -c -O -g -isysroot /Developer/SDKs/MacOSX10.5.sdk -arch i386 -I/Users/sts/Quellen/mac/hbci/lib/static-build-i386-4.99.7beta/include/ -mmacosx-version-min=10.5 -O -g -isysroot /Developer/SDKs/MacOSX10.5.sdk -arch i386 -I/Users/sts/Quellen/mac/hbci/lib/static-build-i386-4.99.7beta/include/ -mmacosx-version-min=10.5 conftest.c >&5
configure:16800: $? = 0
configure:16814: result: yes
configure:16818: checking iconv.h presence
configure:16833: gcc -E -O -g -isysroot /Developer/SDKs/MacOSX10.5.sdk -arch i386 -I/Users/sts/Quellen/mac/hbci/lib/static-build-i386-4.99.7beta/include/ -mmacosx-version-min=10.5 conftest.c
configure:16839: $? = 0
configure:16853: result: yes
configure:16881: checking for iconv.h
configure:16889: result: yes
configure:16902: checking whether sigprocmask is declared
configure:16936: gcc -c -O -g -isysroot /Developer/SDKs/MacOSX10.5.sdk -arch i386 -I/Users/sts/Quellen/mac/hbci/lib/static-build-i386-4.99.7beta/include/ -mmacosx-version-min=10.5 -O -g -isysroot /Developer/SDKs/MacOSX10.5.sdk -arch i386 -I/Users/sts/Quellen/mac/hbci/lib/static-build-i386-4.99.7beta/include/ -mmacosx-version-min=10.5 conftest.c >&5
configure:16942: $? = 0
configure:16957: result: yes
configure:16982: checking for an ANSI C-conforming const
configure:17057: gcc -c -O -g -isysroot /Developer/SDKs/MacOSX10.5.sdk -arch i386 -I/Users/sts/Quellen/mac/hbci/lib/static-build-i386-4.99.7beta/include/ -mmacosx-version-min=10.5 -O -g -isysroot /Developer/SDKs/MacOSX10.5.sdk -arch i386 -I/Users/sts/Quellen/mac/hbci/lib/static-build-i386-4.99.7beta/include/ -mmacosx-version-min=10.5 conftest.c >&5
configure:17063: $? = 0
configure:17078: result: yes
configure:17088: checking whether struct tm is in sys/time.h or time.h
configure:17118: gcc -c -O -g -isysroot /Developer/SDKs/MacOSX10.5.sdk -arch i386 -I/Users/sts/Quellen/mac/hbci/lib/static-build-i386-4.99.7beta/include/ -mmacosx-version-min=10.5 -O -g -isysroot /Developer/SDKs/MacOSX10.5.sdk -arch i386 -I/Users/sts/Quellen/mac/hbci/lib/static-build-i386-4.99.7beta/include/ -mmacosx-version-min=10.5 conftest.c >&5
configure:17124: $? = 0
configure:17139: result: time.h
configure:17160: checking for strftime
configure:17216: gcc -o conftest -O -g -isysroot /Developer/SDKs/MacOSX10.5.sdk -arch i386 -I/Users/sts/Quellen/mac/hbci/lib/static-build-i386-4.99.7beta/include/ -mmacosx-version-min=10.5 -O -g -isysroot /Developer/SDKs/MacOSX10.5.sdk -arch i386 -I/Users/sts/Quellen/mac/hbci/lib/static-build-i386-4.99.7beta/include/ -mmacosx-version-min=10.5 -framework CoreFoundation -arch i386 -L/Users/sts/Quellen/mac/hbci/lib/static-build-i386-4.99.7beta/lib -L/Developer/SDKs/MacOSX10.5.sdk/usr/lib/ -mmacosx-version-min=10.5 -lcharset -liconv -lintl -lgmp -lgpg-error -lgcrypt -lgnutls -lgnutls-extra -lgnutls-openssl -lgwenhywfar conftest.c  >&5
conftest.c:102: warning: conflicting types for built-in function 'strftime'
configure:17222: $? = 0
configure:17240: result: yes
configure:17330: checking for memmove
configure:17386: gcc -o conftest -O -g -isysroot /Developer/SDKs/MacOSX10.5.sdk -arch i386 -I/Users/sts/Quellen/mac/hbci/lib/static-build-i386-4.99.7beta/include/ -mmacosx-version-min=10.5 -O -g -isysroot /Developer/SDKs/MacOSX10.5.sdk -arch i386 -I/Users/sts/Quellen/mac/hbci/lib/static-build-i386-4.99.7beta/include/ -mmacosx-version-min=10.5 -framework CoreFoundation -arch i386 -L/Users/sts/Quellen/mac/hbci/lib/static-build-i386-4.99.7beta/lib -L/Developer/SDKs/MacOSX10.5.sdk/usr/lib/ -mmacosx-version-min=10.5 -lcharset -liconv -lintl -lgmp -lgpg-error -lgcrypt -lgnutls -lgnutls-extra -lgnutls-openssl -lgwenhywfar conftest.c  >&5
conftest.c:103: warning: conflicting types for built-in function 'memmove'
configure:17392: $? = 0
configure:17410: result: yes
configure:17330: checking for memset
configure:17386: gcc -o conftest -O -g -isysroot /Developer/SDKs/MacOSX10.5.sdk -arch i386 -I/Users/sts/Quellen/mac/hbci/lib/static-build-i386-4.99.7beta/include/ -mmacosx-version-min=10.5 -O -g -isysroot /Developer/SDKs/MacOSX10.5.sdk -arch i386 -I/Users/sts/Quellen/mac/hbci/lib/static-build-i386-4.99.7beta/include/ -mmacosx-version-min=10.5 -framework CoreFoundation -arch i386 -L/Users/sts/Quellen/mac/hbci/lib/static-build-i386-4.99.7beta/lib -L/Developer/SDKs/MacOSX10.5.sdk/usr/lib/ -mmacosx-version-min=10.5 -lcharset -liconv -lintl -lgmp -lgpg-error -lgcrypt -lgnutls -lgnutls-extra -lgnutls-openssl -lgwenhywfar conftest.c  >&5
conftest.c:104: warning: conflicting types for built-in function 'memset'
configure:17392: $? = 0
configure:17410: result: yes
configure:17330: checking for strcasecmp
configure:17386: gcc -o conftest -O -g -isysroot /Developer/SDKs/MacOSX10.5.sdk -arch i386 -I/Users/sts/Quellen/mac/hbci/lib/static-build-i386-4.99.7beta/include/ -mmacosx-version-min=10.5 -O -g -isysroot /Developer/SDKs/MacOSX10.5.sdk -arch i386 -I/Users/sts/Quellen/mac/hbci/lib/static-build-i386-4.99.7beta/include/ -mmacosx-version-min=10.5 -framework CoreFoundation -arch i386 -L/Users/sts/Quellen/mac/hbci/lib/static-build-i386-4.99.7beta/lib -L/Developer/SDKs/MacOSX10.5.sdk/usr/lib/ -mmacosx-version-min=10.5 -lcharset -liconv -lintl -lgmp -lgpg-error -lgcrypt -lgnutls -lgnutls-extra -lgnutls-openssl -lgwenhywfar conftest.c  >&5
conftest.c:105: warning: conflicting types for built-in function 'strcasecmp'
configure:17392: $? = 0
configure:17410: result: yes
configure:17330: checking for strdup
configure:17386: gcc -o conftest -O -g -isysroot /Developer/SDKs/MacOSX10.5.sdk -arch i386 -I/Users/sts/Quellen/mac/hbci/lib/static-build-i386-4.99.7beta/include/ -mmacosx-version-min=10.5 -O -g -isysroot /Developer/SDKs/MacOSX10.5.sdk -arch i386 -I/Users/sts/Quellen/mac/hbci/lib/static-build-i386-4.99.7beta/include/ -mmacosx-version-min=10.5 -framework CoreFoundation -arch i386 -L/Users/sts/Quellen/mac/hbci/lib/static-build-i386-4.99.7beta/lib -L/Developer/SDKs/MacOSX10.5.sdk/usr/lib/ -mmacosx-version-min=10.5 -lcharset -liconv -lintl -lgmp -lgpg-error -lgcrypt -lgnutls -lgnutls-extra -lgnutls-openssl -lgwenhywfar conftest.c  >&5
conftest.c:106: warning: conflicting types for built-in function 'strdup'
configure:17392: $? = 0
configure:17410: result: yes
configure:17330: checking for strerror
configure:17386: gcc -o conftest -O -g -isysroot /Developer/SDKs/MacOSX10.5.sdk -arch i386 -I/Users/sts/Quellen/mac/hbci/lib/static-build-i386-4.99.7beta/include/ -mmacosx-version-min=10.5 -O -g -isysroot /Developer/SDKs/MacOSX10.5.sdk -arch i386 -I/Users/sts/Quellen/mac/hbci/lib/static-build-i386-4.99.7beta/include/ -mmacosx-version-min=10.5 -framework CoreFoundation -arch i386 -L/Users/sts/Quellen/mac/hbci/lib/static-build-i386-4.99.7beta/lib -L/Developer/SDKs/MacOSX10.5.sdk/usr/lib/ -mmacosx-version-min=10.5 -lcharset -liconv -lintl -lgmp -lgpg-error -lgcrypt -lgnutls -lgnutls-extra -lgnutls-openssl -lgwenhywfar conftest.c  >&5
configure:17392: $? = 0
configure:17410: result: yes
configure:17330: checking for snprintf
configure:17386: gcc -o conftest -O -g -isysroot /Developer/SDKs/MacOSX10.5.sdk -arch i386 -I/Users/sts/Quellen/mac/hbci/lib/static-build-i386-4.99.7beta/include/ -mmacosx-version-min=10.5 -O -g -isysroot /Developer/SDKs/MacOSX10.5.sdk -arch i386 -I/Users/sts/Quellen/mac/hbci/lib/static-build-i386-4.99.7beta/include/ -mmacosx-version-min=10.5 -framework CoreFoundation -arch i386 -L/Users/sts/Quellen/mac/hbci/lib/static-build-i386-4.99.7beta/lib -L/Developer/SDKs/MacOSX10.5.sdk/usr/lib/ -mmacosx-version-min=10.5 -lcharset -liconv -lintl -lgmp -lgpg-error -lgcrypt -lgnutls -lgnutls-extra -lgnutls-openssl -lgwenhywfar conftest.c  >&5
conftest.c:108: warning: conflicting types for built-in function 'snprintf'
configure:17392: $? = 0
configure:17410: result: yes
configure:17424: checking for setlocale
configure:17480: gcc -o conftest -O -g -isysroot /Developer/SDKs/MacOSX10.5.sdk -arch i386 -I/Users/sts/Quellen/mac/hbci/lib/static-build-i386-4.99.7beta/include/ -mmacosx-version-min=10.5 -O -g -isysroot /Developer/SDKs/MacOSX10.5.sdk -arch i386 -I/Users/sts/Quellen/mac/hbci/lib/static-build-i386-4.99.7beta/include/ -mmacosx-version-min=10.5 -framework CoreFoundation -arch i386 -L/Users/sts/Quellen/mac/hbci/lib/static-build-i386-4.99.7beta/lib -L/Developer/SDKs/MacOSX10.5.sdk/usr/lib/ -mmacosx-version-min=10.5 -lcharset -liconv -lintl -lgmp -lgpg-error -lgcrypt -lgnutls -lgnutls-extra -lgnutls-openssl -lgwenhywfar conftest.c  >&5
configure:17486: $? = 0
configure:17504: result: yes
configure:17797: checking if gwenhywfar support desired
configure:17806: result: yes
configure:17818: checking for gwenhywfar
configure:17859: result: /Users/sts/Quellen/mac/hbci/lib/static-build-i386-4.99.7beta
configure:17861: checking for gwen libs
configure:17864: result: -L/Users/sts/Quellen/mac/hbci/lib/static-build-i386-4.99.7beta/lib -lgwenhywfar
configure:17866: checking for gwen includes
configure:17869: result: -I/Users/sts/Quellen/mac/hbci/lib/static-build-i386-4.99.7beta/include/gwenhywfar4
configure:17871: checking for gwen binary tools
configure:17874: result: /Users/sts/Quellen/mac/hbci/lib/static-build-i386-4.99.7beta/bin
configure:17876: checking for gwen plugins
configure:17879: result: /Users/sts/Quellen/mac/hbci/lib/static-build-i386-4.99.7beta/lib/gwenhywfar/plugins/59
configure:17881: checking for gwen headers
configure:17884: result: /Users/sts/Quellen/mac/hbci/lib/static-build-i386-4.99.7beta/include/gwenhywfar4/gwenhywfar
configure:17887: checking if gwenhywfar test desired
configure:17896: result: yes
configure:17898: checking for Gwenhywfar version >=3.99.0.0
configure:17902: result: found 3.99.9.0
configure:17963: checking typemaker2 binary
configure:17974: result: $(gwenhywfar_bindir)/typemaker2
configure:17984: checking xmlmerge
configure:17995: result: /Users/sts/Quellen/mac/hbci/lib/static-build-i386-4.99.7beta/bin/xmlmerge
configure:18114: checking pkg-config is at least version 0.9.0
configure:18117: result: yes
configure:18128: checking for ktoblzcheck
configure:18135: $PKG_CONFIG --exists --print-errors "$pkg_modules"
Package ktoblzcheck was not found in the pkg-config search path.
Perhaps you should add the directory containing `ktoblzcheck.pc'
to the PKG_CONFIG_PATH environment variable
No package 'ktoblzcheck' found
configure:18138: $? = 1
configure:18151: $PKG_CONFIG --exists --print-errors "$pkg_modules"
Package ktoblzcheck was not found in the pkg-config search path.
Perhaps you should add the directory containing `ktoblzcheck.pc'
to the PKG_CONFIG_PATH environment variable
No package 'ktoblzcheck' found
configure:18154: $? = 1
No package 'ktoblzcheck' found
configure:18181: result: no
configure:18206: WARNING:
*** ktoblzcheck is missing.
*** Account number checking will not be available.
*** We strongly suggest installing ktoblzcheck and its devel
*** package.
configure:19448: checking for __gmpz_init in -lgmp
configure:19483: gcc -o conftest -O -g -isysroot /Developer/SDKs/MacOSX10.5.sdk -arch i386 -I/Users/sts/Quellen/mac/hbci/lib/static-build-i386-4.99.7beta/include/ -mmacosx-version-min=10.5 -O -g -isysroot /Developer/SDKs/MacOSX10.5.sdk -arch i386 -I/Users/sts/Quellen/mac/hbci/lib/static-build-i386-4.99.7beta/include/ -mmacosx-version-min=10.5 -framework CoreFoundation -arch i386 -L/Users/sts/Quellen/mac/hbci/lib/static-build-i386-4.99.7beta/lib -L/Developer/SDKs/MacOSX10.5.sdk/usr/lib/ -mmacosx-version-min=10.5 -lcharset -liconv -lintl -lgmp -lgpg-error -lgcrypt -lgnutls -lgnutls-extra -lgnutls-openssl -lgwenhywfar conftest.c -lgmp   >&5
configure:19489: $? = 0
configure:19507: result: yes
configure:19530: checking gmp.h usability
configure:19547: gcc -c -O -g -isysroot /Developer/SDKs/MacOSX10.5.sdk -arch i386 -I/Users/sts/Quellen/mac/hbci/lib/static-build-i386-4.99.7beta/include/ -mmacosx-version-min=10.5 -O -g -isysroot /Developer/SDKs/MacOSX10.5.sdk -arch i386 -I/Users/sts/Quellen/mac/hbci/lib/static-build-i386-4.99.7beta/include/ -mmacosx-version-min=10.5 conftest.c >&5
configure:19553: $? = 0
configure:19567: result: yes
configure:19571: checking gmp.h presence
configure:19586: gcc -E -O -g -isysroot /Developer/SDKs/MacOSX10.5.sdk -arch i386 -I/Users/sts/Quellen/mac/hbci/lib/static-build-i386-4.99.7beta/include/ -mmacosx-version-min=10.5 conftest.c
configure:19592: $? = 0
configure:19606: result: yes
configure:19634: checking for gmp.h
configure:19642: result: yes
configure:19714: checking whether local installation mode is wanted
configure:19723: result: yes
configure:19740: checking plugin search dir
configure:19770: result: Frameworks/AqBanking/lib/aqbanking/plugins/32
configure:19779: checking cfg search dir
configure:19810: result: Frameworks/AqBanking/etc
configure:19819: checking locale search dir
configure:19849: result: Frameworks/AqBanking/share/locale
configure:19858: checking data search dir
configure:19888: result: Frameworks/AqBanking/share
configure:19898: checking for preselected distribution name
configure:19904: result: no, will have to determine it
configure:19912: checking whether this is a Debian derivate
configure:19931: result: no
configure:19948: checking whether this is an RPM distribution
configure:19997: result: no (no RPM installed)
configure:20019: checking for xgettext
configure:20047: result: missing
configure:20059: WARNING: xgettext is missing. Locale suport is disabled.
configure:20065: checking for msgfmt
configure:20096: result: missing
configure:20106: WARNING: msgfmt is missing. Locale suport is disabled.
configure:20146: checking for locale.h
configure:20152: result: yes
configure:20156: checking libintl.h usability
configure:20173: gcc -c -O -g -isysroot /Developer/SDKs/MacOSX10.5.sdk -arch i386 -I/Users/sts/Quellen/mac/hbci/lib/static-build-i386-4.99.7beta/include/ -mmacosx-version-min=10.5 -O -g -isysroot /Developer/SDKs/MacOSX10.5.sdk -arch i386 -I/Users/sts/Quellen/mac/hbci/lib/static-build-i386-4.99.7beta/include/ -mmacosx-version-min=10.5 conftest.c >&5
configure:20179: $? = 0
configure:20193: result: yes
configure:20197: checking libintl.h presence
configure:20212: gcc -E -O -g -isysroot /Developer/SDKs/MacOSX10.5.sdk -arch i386 -I/Users/sts/Quellen/mac/hbci/lib/static-build-i386-4.99.7beta/include/ -mmacosx-version-min=10.5 conftest.c
configure:20218: $? = 0
configure:20232: result: yes
configure:20260: checking for libintl.h
configure:20268: result: yes
configure:20287: checking for setlocale
configure:20367: result: yes
configure:20381: checking for library containing gettext
configure:20422: gcc -o conftest -O -g -isysroot /Developer/SDKs/MacOSX10.5.sdk -arch i386 -I/Users/sts/Quellen/mac/hbci/lib/static-build-i386-4.99.7beta/include/ -mmacosx-version-min=10.5 -O -g -isysroot /Developer/SDKs/MacOSX10.5.sdk -arch i386 -I/Users/sts/Quellen/mac/hbci/lib/static-build-i386-4.99.7beta/include/ -mmacosx-version-min=10.5 -framework CoreFoundation -arch i386 -L/Users/sts/Quellen/mac/hbci/lib/static-build-i386-4.99.7beta/lib -L/Developer/SDKs/MacOSX10.5.sdk/usr/lib/ -mmacosx-version-min=10.5 -lcharset -liconv -lintl -lgmp -lgpg-error -lgcrypt -lgnutls -lgnutls-extra -lgnutls-openssl -lgwenhywfar conftest.c  >&5
conftest.c:100: warning: conflicting types for built-in function 'gettext'
configure:20428: $? = 0
configure:20456: result: none required
configure:20489: checking whether this is an official release
configure:20512: result: no
configure:20527: checking for compiler arguments
configure:20619: result: -O -g -isysroot /Developer/SDKs/MacOSX10.5.sdk -arch i386 -I/Users/sts/Quellen/mac/hbci/lib/static-build-i386-4.99.7beta/include/ -mmacosx-version-min=10.5 -Wall
configure:20630: checking if symbol visibility is supported
configure:20676: result: yes, gcc-4.2.1
configure:20740: checking docpath
configure:20751: result: /Users/sts/apidoc
configure:20759: checking if full docu should be created
configure:20788: result: no
configure:20797: checking doxygen tag files
configure:20812: result: none
configure:20934: checking aqhbci data dir
configure:20945: result: 
configure:21118: checking if plugin init is wanted
configure:21127: result: yes
configure:21145: checking if AqBanking is a subproject
configure:21154: result: no
configure:21172: checking whether aqbanking-cli is wanted
configure:21181: result: yes
configure:21211: checking whether tutorials are to be built
configure:21230: result: no
configure:21459: creating ./config.status

## ---------------------- ##
## Running config.status. ##
## ---------------------- ##

This file was extended by config.status, which was
generated by GNU Autoconf 2.61.  Invocation command line was

  CONFIG_FILES    = 
  CONFIG_HEADERS  = 
  CONFIG_LINKS    = 
  CONFIG_COMMANDS = 
  $ ./config.status 

on goedel

config.status:1332: creating mksymlinks.sh
config.status:1332: creating admin/Makefile
config.status:1332: creating doc/Makefile
config.status:1332: creating m4/Makefile
config.status:1332: creating src/Makefile
config.status:1332: creating src/libs/Makefile
config.status:1332: creating src/libs/aqbanking/Makefile
config.status:1332: creating src/libs/aqbanking/ressource.rc
config.status:1332: creating src/libs/aqbanking/jobs/Makefile
config.status:1332: creating src/libs/aqbanking/types/Makefile
config.status:1332: creating src/libs/aqbanking/gui/Makefile
config.status:1332: creating src/libs/aqbanking/dialogs/Makefile
config.status:1332: creating src/libs/aqbanking/typemaker2/Makefile
config.status:1332: creating src/libs/aqbanking/typemaker2/c/Makefile
config.status:1332: creating src/libs/aqbanking/backendsupport/Makefile
config.status:1332: creating src/libs/aqbanking++/Makefile
config.status:1332: creating src/frontends/Makefile
config.status:1332: creating src/frontends/qbanking/Makefile
config.status:1332: creating src/frontends/qbanking/lib/Makefile
config.status:1332: creating src/frontends/qbanking/lib/dialogs/Makefile
config.status:1332: creating src/frontends/qbanking/lib/views/Makefile
config.status:1332: creating src/frontends/qbanking/lib/widgets/Makefile
config.status:1332: creating src/frontends/qbanking/lib/version.h
config.status:1332: creating src/frontends/qbanking/lib/ressource.rc
config.status:1332: creating src/frontends/qbanking/bin/Makefile
config.status:1332: creating src/frontends/qbanking/bin/wizard/Makefile
config.status:1332: creating src/frontends/qbanking/bin/wizard/qt3_wizard.xml
config.status:1332: creating src/frontends/qbanking/bin/helpbrowser/Makefile
config.status:1332: creating src/frontends/qbanking/help/Makefile
config.status:1332: creating src/frontends/qbanking/help/de/Makefile
config.status:1332: creating src/frontends/qbanking/help/de/images/Makefile
config.status:1332: creating src/frontends/q4banking/Makefile
config.status:1332: creating src/frontends/q4banking/lib/Makefile
config.status:1332: creating src/frontends/q4banking/lib/dialogs/Makefile
config.status:1332: creating src/frontends/q4banking/lib/views/Makefile
config.status:1332: creating src/frontends/q4banking/lib/widgets/Makefile
config.status:1332: creating src/frontends/q4banking/lib/version.h
config.status:1332: creating src/frontends/q4banking/lib/ressource.rc
config.status:1332: creating src/frontends/q4banking/bin/Makefile
config.status:1332: creating src/frontends/q4banking/bin/wizard/Makefile
config.status:1332: creating src/frontends/q4banking/bin/wizard/qt4_wizard.xml
config.status:1332: creating src/frontends/q4banking/bin/helpbrowser/Makefile
config.status:1332: creating src/frontends/q4banking/help/Makefile
config.status:1332: creating src/frontends/q4banking/help/de/Makefile
config.status:1332: creating src/frontends/q4banking/help/de/images/Makefile
config.status:1332: creating src/plugins/Makefile
config.status:1332: creating src/plugins/bankinfo/Makefile
config.status:1332: creating src/plugins/bankinfo/at/Makefile
config.status:1332: creating src/plugins/bankinfo/at/at.xml
config.status:1332: creating src/plugins/bankinfo/ca/Makefile
config.status:1332: creating src/plugins/bankinfo/ca/ca.xml
config.status:1332: creating src/plugins/bankinfo/ch/Makefile
config.status:1332: creating src/plugins/bankinfo/ch/ch.xml
config.status:1332: creating src/plugins/bankinfo/de/Makefile
config.status:1332: creating src/plugins/bankinfo/de/de.xml
config.status:1332: creating src/plugins/bankinfo/us/Makefile
config.status:1332: creating src/plugins/bankinfo/us/us.xml
config.status:1332: creating src/plugins/bankinfo/generic/Makefile
config.status:1332: creating src/plugins/imexporters/Makefile
config.status:1332: creating src/plugins/imexporters/dtaus/Makefile
config.status:1332: creating src/plugins/imexporters/dtaus/dtaus.xml
config.status:1332: creating src/plugins/imexporters/dtaus/ressource.rc
config.status:1332: creating src/plugins/imexporters/dtaus/profiles/Makefile
config.status:1332: creating src/plugins/imexporters/dtaus/profiles/default.conf
config.status:1332: creating src/plugins/imexporters/dtaus/profiles/debitnote.conf
config.status:1332: creating src/plugins/imexporters/dtaus/profiles/transfer.conf
config.status:1332: creating src/plugins/imexporters/eri2/Makefile
config.status:1332: creating src/plugins/imexporters/eri2/eri2.xml
config.status:1332: creating src/plugins/imexporters/eri2/ressource.rc
config.status:1332: creating src/plugins/imexporters/eri2/profiles/Makefile
config.status:1332: creating src/plugins/imexporters/eri2/profiles/default.conf
config.status:1332: creating src/plugins/imexporters/ofx/Makefile
config.status:1332: creating src/plugins/imexporters/ofx/ofx.xml
config.status:1332: creating src/plugins/imexporters/ofx/ressource.rc
config.status:1332: creating src/plugins/imexporters/ofx/parser/Makefile
config.status:1332: creating src/plugins/imexporters/ofx/profiles/Makefile
config.status:1332: creating src/plugins/imexporters/ofx/profiles/default.conf
config.status:1332: creating src/plugins/imexporters/swift/Makefile
config.status:1332: creating src/plugins/imexporters/swift/swift.xml
config.status:1332: creating src/plugins/imexporters/swift/ressource.rc
config.status:1332: creating src/plugins/imexporters/swift/profiles/Makefile
config.status:1332: creating src/plugins/imexporters/swift/profiles/swiftmt940.conf
config.status:1332: creating src/plugins/imexporters/swift/profiles/swiftmt942.conf
config.status:1332: creating src/plugins/imexporters/swift/profiles/amro940.conf
config.status:1332: creating src/plugins/imexporters/swift/profiles/amro942.conf
config.status:1332: creating src/plugins/imexporters/csv/Makefile
config.status:1332: creating src/plugins/imexporters/csv/csv.xml
config.status:1332: creating src/plugins/imexporters/csv/ressource.rc
config.status:1332: creating src/plugins/imexporters/csv/profiles/Makefile
config.status:1332: creating src/plugins/imexporters/csv/profiles/default.conf
config.status:1332: creating src/plugins/imexporters/csv/profiles/amex.conf
config.status:1332: creating src/plugins/imexporters/csv/profiles/aqmoney1.conf
config.status:1332: creating src/plugins/imexporters/csv/profiles/aqmoney2.conf
config.status:1332: creating src/plugins/imexporters/csv/profiles/comdirect.conf
config.status:1332: creating src/plugins/imexporters/csv/profiles/mijnpostbank.conf
config.status:1332: creating src/plugins/imexporters/csv/profiles/oko.conf
config.status:1332: creating src/plugins/imexporters/csv/profiles/spk-aachen.conf
config.status:1332: creating src/plugins/imexporters/csv/profiles/spk-steiermark.conf
config.status:1332: creating src/plugins/imexporters/csv/profiles/tonline-banking.conf
config.status:1332: creating src/plugins/imexporters/csv/profiles/test.conf
config.status:1332: creating src/plugins/imexporters/csv/profiles/vrnetworld.conf
config.status:1332: creating src/plugins/imexporters/csv/profiles/lbbberlin.conf
config.status:1332: creating src/plugins/imexporters/csv/profiles/bankaustria.conf
config.status:1332: creating src/plugins/imexporters/csv/profiles/psk.conf
config.status:1332: creating src/plugins/imexporters/csv/profiles/diba.conf
config.status:1332: creating src/plugins/imexporters/csv/profiles/dkb.conf
config.status:1332: creating src/plugins/imexporters/csv/profiles/sparda.conf
config.status:1332: creating src/plugins/imexporters/csv/profiles/full.conf
config.status:1332: creating src/plugins/imexporters/csv/profiles/hypovereinsbank.conf
config.status:1332: creating src/plugins/imexporters/csv/profiles/postbankffm.conf
config.status:1332: creating src/plugins/imexporters/csv/profiles/cli-transfers.conf
config.status:1332: creating src/plugins/imexporters/csv/profiles/sns.conf
config.status:1332: creating src/plugins/imexporters/openhbci1/Makefile
config.status:1332: creating src/plugins/imexporters/openhbci1/openhbci1.xml
config.status:1332: creating src/plugins/imexporters/openhbci1/ressource.rc
config.status:1332: creating src/plugins/imexporters/openhbci1/profiles/Makefile
config.status:1332: creating src/plugins/imexporters/openhbci1/profiles/default.conf
config.status:1332: creating src/plugins/imexporters/qif/Makefile
config.status:1332: creating src/plugins/imexporters/qif/qif.xml
config.status:1332: creating src/plugins/imexporters/qif/ressource.rc
config.status:1332: creating src/plugins/imexporters/qif/profiles/Makefile
config.status:1332: creating src/plugins/imexporters/qif/profiles/default.conf
config.status:1332: creating src/plugins/imexporters/yellownet/Makefile
config.status:1332: creating src/plugins/imexporters/yellownet/yellownet.xml
config.status:1332: creating src/plugins/imexporters/yellownet/ressource.rc
config.status:1332: creating src/plugins/imexporters/yellownet/profiles/Makefile
config.status:1332: creating src/plugins/imexporters/yellownet/profiles/default.conf
config.status:1332: creating src/plugins/imexporters/xmldb/Makefile
config.status:1332: creating src/plugins/imexporters/xmldb/xmldb.xml
config.status:1332: creating src/plugins/imexporters/xmldb/ressource.rc
config.status:1332: creating src/plugins/imexporters/xmldb/profiles/Makefile
config.status:1332: creating src/plugins/imexporters/xmldb/profiles/default.conf
config.status:1332: creating src/plugins/imexporters/sepa/Makefile
config.status:1332: creating src/plugins/imexporters/sepa/sepa.xml
config.status:1332: creating src/plugins/imexporters/sepa/ressource.rc
config.status:1332: creating src/plugins/imexporters/sepa/profiles/Makefile
config.status:1332: creating src/plugins/imexporters/sepa/profiles/default.conf
config.status:1332: creating src/plugins/imexporters/sepa/profiles/ccm.conf
config.status:1332: creating src/plugins/imexporters/ctxfile/Makefile
config.status:1332: creating src/plugins/imexporters/ctxfile/ctxfile.xml
config.status:1332: creating src/plugins/imexporters/ctxfile/ressource.rc
config.status:1332: creating src/plugins/imexporters/ctxfile/profiles/Makefile
config.status:1332: creating src/plugins/imexporters/ctxfile/profiles/default.conf
config.status:1332: creating src/plugins/imexporters/q43/Makefile
config.status:1332: creating src/plugins/imexporters/q43/q43.xml
config.status:1332: creating src/plugins/imexporters/q43/profiles/Makefile
config.status:1332: creating src/plugins/imexporters/q43/profiles/default.conf
config.status:1332: creating src/plugins/parsers/Makefile
config.status:1332: creating src/plugins/parsers/dtaus/Makefile
config.status:1332: creating src/plugins/parsers/dtaus/dtaus.xml
config.status:1332: creating src/plugins/parsers/dtaus/ressource.rc
config.status:1332: creating src/plugins/parsers/swift/Makefile
config.status:1332: creating src/plugins/parsers/swift/swift.xml
config.status:1332: creating src/plugins/parsers/swift/ressource.rc
config.status:1332: creating src/plugins/backends/Makefile
config.status:1332: creating src/plugins/backends/aqhbci/Makefile
config.status:1332: creating src/plugins/backends/aqhbci/plugin/Makefile
config.status:1332: creating src/plugins/backends/aqhbci/plugin/aqhbci.xml
config.status:1332: creating src/plugins/backends/aqhbci/plugin/dialogs/Makefile
config.status:1332: creating src/plugins/backends/aqhbci/plugin/header.xml
config.status:1332: creating src/plugins/backends/aqhbci/plugin/ressource.rc
config.status:1332: creating src/plugins/backends/aqhbci/plugin/banking/Makefile
config.status:1332: creating src/plugins/backends/aqhbci/plugin/msglayer/Makefile
config.status:1332: creating src/plugins/backends/aqhbci/plugin/joblayer/Makefile
config.status:1332: creating src/plugins/backends/aqhbci/plugin/applayer/Makefile
config.status:1332: creating src/plugins/backends/aqhbci/plugin/accountjobs/Makefile
config.status:1332: creating src/plugins/backends/aqhbci/plugin/applayer/xml/Makefile
config.status:1332: creating src/plugins/backends/aqhbci/plugin/version.h
config.status:1332: creating src/plugins/backends/aqhbci/tools/Makefile
config.status:1332: creating src/plugins/backends/aqhbci/tools/hbcixml/Makefile
config.status:1332: creating src/plugins/backends/aqhbci/tools/aqhbci-tool/Makefile
config.status:1332: creating src/plugins/backends/aqhbci/ui/Makefile
config.status:1332: creating src/plugins/backends/aqhbci/ui/qt3/Makefile
config.status:1332: creating src/plugins/backends/aqhbci/ui/qt3/qt3_debug/Makefile
config.status:1332: creating src/plugins/backends/aqhbci/ui/qt3/qt3_debug/qt_debug.xml
config.status:1332: creating src/plugins/backends/aqhbci/ui/qt3/libs/Makefile
config.status:1332: creating src/plugins/backends/aqhbci/ui/qt3/libs/dialogs/Makefile
config.status:1332: creating src/plugins/backends/aqhbci/ui/qt3/libs/dialogs/wizard/Makefile
config.status:1332: creating src/plugins/backends/aqhbci/ui/qt3/libs/logmanager/Makefile
config.status:1332: creating src/plugins/backends/aqhbci/ui/qt4/Makefile
config.status:1332: creating src/plugins/backends/aqhbci/ui/qt4/qt4_debug/Makefile
config.status:1332: creating src/plugins/backends/aqhbci/ui/qt4/qt4_debug/qt4_debug.xml
config.status:1332: creating src/plugins/backends/aqhbci/ui/qt4/libs/Makefile
config.status:1332: creating src/plugins/backends/aqhbci/ui/qt4/libs/dialogs/Makefile
config.status:1332: creating src/plugins/backends/aqhbci/ui/qt4/libs/dialogs/wizard/Makefile
config.status:1332: creating src/plugins/backends/aqhbci/ui/qt4/libs/logmanager/Makefile
config.status:1332: creating src/plugins/backends/aqofxconnect/Makefile
config.status:1332: creating src/plugins/backends/aqofxconnect/version.h
config.status:1332: creating src/plugins/backends/aqofxconnect/plugin/Makefile
config.status:1332: creating src/plugins/backends/aqofxconnect/plugin/aqofxconnect.xml
config.status:1332: creating src/plugins/backends/aqofxconnect/plugin/ressource.rc
config.status:1332: creating src/plugins/backends/aqofxconnect/ui/Makefile
config.status:1332: creating src/plugins/backends/aqofxconnect/ui/qt3/Makefile
config.status:1332: creating src/plugins/backends/aqofxconnect/ui/qt3/libs/Makefile
config.status:1332: creating src/plugins/backends/aqofxconnect/ui/qt4/Makefile
config.status:1332: creating src/plugins/backends/aqofxconnect/ui/qt4/libs/Makefile
config.status:1332: creating src/plugins/backends/aqpaypal/Makefile
config.status:1332: creating src/plugins/backends/aqpaypal/plugin/Makefile
config.status:1332: creating src/plugins/backends/aqpaypal/plugin/aqpaypal.xml
config.status:1332: creating src/plugins/backends/aqpaypal/tools/Makefile
config.status:1332: creating src/plugins/backends/aqpaypal/tools/aqpaypal-tool/Makefile
config.status:1332: creating src/plugins/backends/aqnone/Makefile
config.status:1332: creating src/plugins/backends/aqnone/aqnone.xml
config.status:1332: creating src/plugins/backends/aqnone/ressource.rc
config.status:1332: creating src/test/Makefile
config.status:1332: creating src/tools/Makefile
config.status:1332: creating src/tools/aqbanking-cli/Makefile
config.status:1332: creating tutorials/Makefile
config.status:1332: creating po/Makefile
config.status:1332: creating Doxyfile
config.status:1332: creating Makefile
config.status:1332: creating aqbanking-config.in
config.status:1332: creating aqbanking.pc
config.status:1332: creating aqbanking.spec
config.status:1332: creating aqbanking.iss
config.status:1332: creating version.h
config.status:1332: creating system.h
config.status:1332: creating config.h
config.status:1635: config.h is unchanged
config.status:1681: executing depfiles commands
config.status:1681: executing libtool commands

## ---------------- ##
## Cache variables. ##
## ---------------- ##

ac_cv_build=i386-apple-darwin10.4.0
ac_cv_c_compiler_gnu=yes
ac_cv_c_const=yes
ac_cv_cxx_compiler_gnu=yes
ac_cv_env_CCC_set=
ac_cv_env_CCC_value=
ac_cv_env_CC_set=
ac_cv_env_CC_value=
ac_cv_env_CFLAGS_set=set
ac_cv_env_CFLAGS_value='-O -g -isysroot /Developer/SDKs/MacOSX10.5.sdk -arch i386 -I/Users/sts/Quellen/mac/hbci/lib/static-build-i386-4.99.7beta/include/ -mmacosx-version-min=10.5'
ac_cv_env_CPPFLAGS_set=set
ac_cv_env_CPPFLAGS_value='-O -g -isysroot /Developer/SDKs/MacOSX10.5.sdk -arch i386 -I/Users/sts/Quellen/mac/hbci/lib/static-build-i386-4.99.7beta/include/ -mmacosx-version-min=10.5'
ac_cv_env_CPP_set=
ac_cv_env_CPP_value=
ac_cv_env_CXXCPP_set=
ac_cv_env_CXXCPP_value=
ac_cv_env_CXXFLAGS_set=
ac_cv_env_CXXFLAGS_value=
ac_cv_env_CXX_set=
ac_cv_env_CXX_value=
ac_cv_env_GWENGUI_QT3_CFLAGS_set=
ac_cv_env_GWENGUI_QT3_CFLAGS_value=
ac_cv_env_GWENGUI_QT3_LIBS_set=
ac_cv_env_GWENGUI_QT3_LIBS_value=
ac_cv_env_GWENGUI_QT4_CFLAGS_set=
ac_cv_env_GWENGUI_QT4_CFLAGS_value=
ac_cv_env_GWENGUI_QT4_LIBS_set=
ac_cv_env_GWENGUI_QT4_LIBS_value=
ac_cv_env_LDFLAGS_set=set
ac_cv_env_LDFLAGS_value='-framework CoreFoundation -arch i386 -L/Users/sts/Quellen/mac/hbci/lib/static-build-i386-4.99.7beta/lib -L/Developer/SDKs/MacOSX10.5.sdk/usr/lib/ -mmacosx-version-min=10.5 -lcharset -liconv -lintl -lgmp -lgpg-error -lgcrypt -lgnutls -lgnutls-extra -lgnutls-openssl -lgwenhywfar'
ac_cv_env_LIBS_set=
ac_cv_env_LIBS_value=
ac_cv_env_PKG_CONFIG_set=set
ac_cv_env_PKG_CONFIG_value=/Users/sts/Quellen/mac/hbci/lib/static-build-i386-4.99.7beta/bin/pkg-config
ac_cv_env_build_alias_set=
ac_cv_env_build_alias_value=
ac_cv_env_host_alias_set=
ac_cv_env_host_alias_value=
ac_cv_env_ktoblzcheck_CFLAGS_set=
ac_cv_env_ktoblzcheck_CFLAGS_value=
ac_cv_env_ktoblzcheck_LIBS_set=
ac_cv_env_ktoblzcheck_LIBS_value=
ac_cv_env_target_alias_set=
ac_cv_env_target_alias_value=
ac_cv_func_memmove=yes
ac_cv_func_memset=yes
ac_cv_func_setlocale=yes
ac_cv_func_snprintf=yes
ac_cv_func_strcasecmp=yes
ac_cv_func_strdup=yes
ac_cv_func_strerror=yes
ac_cv_func_strftime=yes
ac_cv_have_decl_sigprocmask=yes
ac_cv_header_dlfcn_h=yes
ac_cv_header_fcntl_h=yes
ac_cv_header_gmp_h=yes
ac_cv_header_iconv_h=yes
ac_cv_header_inttypes_h=yes
ac_cv_header_libintl_h=yes
ac_cv_header_locale_h=yes
ac_cv_header_memory_h=yes
ac_cv_header_signal_h=yes
ac_cv_header_stdc=yes
ac_cv_header_stdint_h=yes
ac_cv_header_stdlib_h=yes
ac_cv_header_string_h=yes
ac_cv_header_strings_h=yes
ac_cv_header_sys_stat_h=yes
ac_cv_header_sys_types_h=yes
ac_cv_header_termios_h=yes
ac_cv_header_unistd_h=yes
ac_cv_host=i386-apple-darwin10.4.0
ac_cv_lib_gmp___gmpz_init=yes
ac_cv_objext=o
ac_cv_path_EGREP='/usr/bin/grep -E'
ac_cv_path_FGREP='/usr/bin/grep -F'
ac_cv_path_GREP=/usr/bin/grep
ac_cv_path_MSGFMT=missing
ac_cv_path_SED=/usr/bin/sed
ac_cv_path_install='/usr/bin/install -c'
ac_cv_prog_AWK=awk
ac_cv_prog_CPP='gcc -E'
ac_cv_prog_CXXCPP='g++ -E'
ac_cv_prog_SED=/usr/bin/sed
ac_cv_prog_USE_DOT=NO
ac_cv_prog_XGETTEXT=missing
ac_cv_prog_ac_ct_AR=ar
ac_cv_prog_ac_ct_CC=gcc
ac_cv_prog_ac_ct_CXX=g++
ac_cv_prog_ac_ct_DSYMUTIL=dsymutil
ac_cv_prog_ac_ct_LIPO=lipo
ac_cv_prog_ac_ct_NMEDIT=nmedit
ac_cv_prog_ac_ct_OTOOL=otool
ac_cv_prog_ac_ct_RANLIB=ranlib
ac_cv_prog_ac_ct_STRIP=strip
ac_cv_prog_cc_c89=
ac_cv_prog_cc_g=yes
ac_cv_prog_cxx_g=yes
ac_cv_prog_make_make_set=yes
ac_cv_search_gettext='none required'
ac_cv_struct_tm=time.h
am_cv_CC_dependencies_compiler_type=none
am_cv_CXX_dependencies_compiler_type=none
lt_cv_apple_cc_single_mod=yes
lt_cv_deplibs_check_method=pass_all
lt_cv_file_magic_cmd='$MAGIC_CMD'
lt_cv_file_magic_test_file=
lt_cv_ld_exported_symbols_list=yes
lt_cv_ld_reload_flag=-r
lt_cv_nm_interface='BSD nm'
lt_cv_objdir=.libs
lt_cv_path_LD=/usr/libexec/gcc/i686-apple-darwin10/4.2.1/ld
lt_cv_path_LDCXX=/usr/libexec/gcc/i686-apple-darwin10/4.2.1/ld
lt_cv_path_NM=/usr/bin/nm
lt_cv_prog_compiler_c_o=yes
lt_cv_prog_compiler_c_o_CXX=yes
lt_cv_prog_compiler_pic_works=yes
lt_cv_prog_compiler_pic_works_CXX=yes
lt_cv_prog_compiler_rtti_exceptions=no
lt_cv_prog_compiler_static_works=no
lt_cv_prog_compiler_static_works_CXX=no
lt_cv_prog_gnu_ld=no
lt_cv_prog_gnu_ldcxx=no
lt_cv_sys_global_symbol_pipe='sed -n -e '\''s/^.*[	 ]\([BCDEGRST][BCDEGRST]*\)[	 ][	 ]*_\([_A-Za-z][_A-Za-z0-9]*\)$/\1 _\2 \2/p'\'''
lt_cv_sys_global_symbol_to_c_name_address='sed -n -e '\''s/^: \([^ ]*\) $/  {\"\1\", (void *) 0},/p'\'' -e '\''s/^[BCDEGRST]* \([^ ]*\) \([^ ]*\)$/  {"\2", (void *) \&\2},/p'\'''
lt_cv_sys_global_symbol_to_c_name_address_lib_prefix='sed -n -e '\''s/^: \([^ ]*\) $/  {\"\1\", (void *) 0},/p'\'' -e '\''s/^[BCDEGRST]* \([^ ]*\) \(lib[^ ]*\)$/  {"\2", (void *) \&\2},/p'\'' -e '\''s/^[BCDEGRST]* \([^ ]*\) \([^ ]*\)$/  {"lib\2", (void *) \&\2},/p'\'''
lt_cv_sys_global_symbol_to_cdecl='sed -n -e '\''s/^T .* \(.*\)$/extern int \1();/p'\'' -e '\''s/^[BCDEGRST]* .* \(.*\)$/extern char \1;/p'\'''
lt_cv_sys_max_cmd_len=196608

## ----------------- ##
## Output variables. ##
## ----------------- ##

ACLOCAL='${SHELL} /Users/sts/Quellen/mac/hbci/lib/aqbanking/missing --run aclocal-1.10'
ADD_ACLOCAL_FLAGS=' -I /Users/sts/Quellen/mac/hbci/lib/static-build-i386-4.99.7beta/share/aclocal'
AMDEPBACKSLASH=''
AMDEP_FALSE=''
AMDEP_TRUE='#'
AMTAR='${SHELL} /Users/sts/Quellen/mac/hbci/lib/aqbanking/missing --run tar'
AQBANKING_CLI_VERSION_STRING='4.99.7'
AQBANKING_SO_AGE='0'
AQBANKING_SO_CURRENT='32'
AQBANKING_SO_EFFECTIVE='32'
AQBANKING_SO_REVISION='7'
AQBANKING_VERSION_BUILD='0'
AQBANKING_VERSION_FULL_STRING='4.99.7.0beta'
AQBANKING_VERSION_MAJOR='4'
AQBANKING_VERSION_MINOR='99'
AQBANKING_VERSION_PATCHLEVEL='7'
AQBANKING_VERSION_RELEASE_STRING='4.99.7beta'
AQBANKING_VERSION_STRING='4.99.7'
AQBANKING_VERSION_TAG='beta'
AQHBCI_SO_AGE='0'
AQHBCI_SO_CURRENT='18'
AQHBCI_SO_EFFECTIVE='18'
AQHBCI_SO_REVISION='1'
AQHBCI_VERSION_BUILD='0'
AQHBCI_VERSION_FULL_STRING='4.99.7.0beta'
AQHBCI_VERSION_MAJOR='4'
AQHBCI_VERSION_MINOR='99'
AQHBCI_VERSION_PATCHLEVEL='7'
AQHBCI_VERSION_RELEASE_STRING=''
AQHBCI_VERSION_STRING='4.99.7'
AQHBCI_VERSION_TAG='beta'
AQOFXCONNECT_SO_AGE='0'
AQOFXCONNECT_SO_CURRENT='6'
AQOFXCONNECT_SO_EFFECTIVE='6'
AQOFXCONNECT_SO_REVISION='0'
AQOFXCONNECT_VERSION_BUILD='0'
AQOFXCONNECT_VERSION_FULL_STRING='4.99.7.0beta'
AQOFXCONNECT_VERSION_MAJOR='4'
AQOFXCONNECT_VERSION_MINOR='99'
AQOFXCONNECT_VERSION_PATCHLEVEL='7'
AQOFXCONNECT_VERSION_RELEASE_STRING=''
AQOFXCONNECT_VERSION_STRING='4.99.7'
AQOFXCONNECT_VERSION_TAG='beta'
AQPAYPAL_SO_AGE='0'
AQPAYPAL_SO_CURRENT='1'
AQPAYPAL_SO_EFFECTIVE='1'
AQPAYPAL_SO_REVISION='0'
AQPAYPAL_VERSION_BUILD='0'
AQPAYPAL_VERSION_FULL_STRING='4.99.7.0beta'
AQPAYPAL_VERSION_MAJOR='4'
AQPAYPAL_VERSION_MINOR='99'
AQPAYPAL_VERSION_PATCHLEVEL='7'
AQPAYPAL_VERSION_RELEASE_STRING=''
AQPAYPAL_VERSION_STRING='4.99.7'
AQPAYPAL_VERSION_TAG='beta'
AR='ar'
AS='as'
AUTOCONF='${SHELL} /Users/sts/Quellen/mac/hbci/lib/aqbanking/missing --run autoconf'
AUTOHEADER='${SHELL} /Users/sts/Quellen/mac/hbci/lib/aqbanking/missing --run autoheader'
AUTOMAKE='${SHELL} /Users/sts/Quellen/mac/hbci/lib/aqbanking/missing --run automake-1.10'
AWK='awk'
CC='gcc'
CCDEPMODE='depmode=none'
CFLAGS='-O -g -isysroot /Developer/SDKs/MacOSX10.5.sdk -arch i386 -I/Users/sts/Quellen/mac/hbci/lib/static-build-i386-4.99.7beta/include/ -mmacosx-version-min=10.5 -Wall'
CPP='gcc -E'
CPPFLAGS='-O -g -isysroot /Developer/SDKs/MacOSX10.5.sdk -arch i386 -I/Users/sts/Quellen/mac/hbci/lib/static-build-i386-4.99.7beta/include/ -mmacosx-version-min=10.5'
CXX='g++'
CXXCPP='g++ -E'
CXXDEPMODE='depmode=none'
CXXFLAGS='-g -O2 -Wall'
CYGPATH_W='echo'
DATETIME='20100620114136'
DEFS='-DHAVE_CONFIG_H'
DEPDIR='.deps'
DLLTOOL='dlltool'
DOXYGEN_DEFINE='DOXYGEN_HIDE'
DOXYGEN_FILE_PATTERNS='*.h'
DOXYGEN_INPUT='listdoc.h headers'
DOXYGEN_TAGFILES=''
DSYMUTIL='dsymutil'
DUMPBIN=''
ECHO_C='ECHO_N=''
ECHO_T=''
EGREP='/usr/bin/grep -E'
ENABLE_CLI_FALSE='#'
ENABLE_CLI_TRUE=''
EXEEXT=''
FGREP='/usr/bin/grep -F'
GREP='/usr/bin/grep'
GWENGUI_QT3_CFLAGS=''
GWENGUI_QT3_LIBS=''
GWENGUI_QT4_CFLAGS=''
GWENGUI_QT4_LIBS=''
HAVE_I18N='yes'
HAVE_QT3TO4_FALSE=''
HAVE_QT3TO4_TRUE='#'
IF_MAKE_I18N_FILES_FALSE=''
IF_MAKE_I18N_FILES_TRUE='#'
INSTALL_DATA='${INSTALL} -m 644'
INSTALL_DLL_TARGET=''
INSTALL_PROGRAM='${INSTALL}'
INSTALL_SCRIPT='${INSTALL}'
INSTALL_STRIP_PROGRAM='$(install_sh) -c -s'
IS_WINDOWS_FALSE=''
IS_WINDOWS_TRUE='#'
LD='/usr/libexec/gcc/i686-apple-darwin10/4.2.1/ld'
LDFLAGS='-framework CoreFoundation -arch i386 -L/Users/sts/Quellen/mac/hbci/lib/static-build-i386-4.99.7beta/lib -L/Developer/SDKs/MacOSX10.5.sdk/usr/lib/ -mmacosx-version-min=10.5 -lcharset -liconv -lintl -lgmp -lgpg-error -lgcrypt -lgnutls -lgnutls-extra -lgnutls-openssl -lgwenhywfar'
LIBOBJS=''
LIBS=''
LIBTOOL='$(SHELL) $(top_builddir)/libtool'
LIPO='lipo'
LN_S='ln -s'
LTLIBOBJS=''
MAKEINFO='${SHELL} /Users/sts/Quellen/mac/hbci/lib/aqbanking/missing --run makeinfo'
MAKE_DLL_TARGET=''
MAKE_I18N_FILES='no'
MAKE_QT_CATS_FALSE=''
MAKE_QT_CATS_TRUE='#'
MSGFMT='missing'
MSGFMT_SUPPORTS_QT=''
NM='/usr/bin/nm'
NMEDIT='nmedit'
OBJDUMP='objdump'
OBJEXT='o'
OSYSTEM='osx'
OS_TYPE='posix'
OTOOL64=':'
OTOOL='otool'
PACKAGE='aqbanking'
PACKAGE_BUGREPORT=''
PACKAGE_NAME=''
PACKAGE_STRING=''
PACKAGE_TARNAME=''
PACKAGE_VERSION=''
PATH_SEPARATOR=':'
PKG_CONFIG='/Users/sts/Quellen/mac/hbci/lib/static-build-i386-4.99.7beta/bin/pkg-config'
Q4BANKING_SO_AGE='0'
Q4BANKING_SO_CURRENT='2'
Q4BANKING_SO_EFFECTIVE='2'
Q4BANKING_SO_REVISION='0'
Q4BANKING_VERSION_BUILD='0'
Q4BANKING_VERSION_FULL_STRING='4.99.7.0beta'
Q4BANKING_VERSION_MAJOR='4'
Q4BANKING_VERSION_MINOR='99'
Q4BANKING_VERSION_PATCHLEVEL='7'
Q4BANKING_VERSION_RELEASE_STRING=''
Q4BANKING_VERSION_STRING='4.99.7'
Q4BANKING_VERSION_TAG='beta'
QBANKING_SO_AGE='0'
QBANKING_SO_CURRENT='9'
QBANKING_SO_EFFECTIVE='9'
QBANKING_SO_REVISION='0'
QBANKING_VERSION_BUILD='0'
QBANKING_VERSION_FULL_STRING='4.99.7.0beta'
QBANKING_VERSION_MAJOR='4'
QBANKING_VERSION_MINOR='99'
QBANKING_VERSION_PATCHLEVEL='7'
QBANKING_VERSION_RELEASE_STRING=''
QBANKING_VERSION_STRING='4.99.7'
QBANKING_VERSION_TAG='beta'
QT3TO4='NO'
QT4_BINDIR=''
QT_BINDIR=''
RANLIB='ranlib'
RC='no'
SED='/usr/bin/sed'
SET_MAKE=''
SHELL='/bin/sh'
STRIP='strip'
STRIPALL=''
TUTORIALS=''
UIC3='NO'
USE_DOT='NO'
VERSION='4.99.7beta'
WITH_KTOBLZCHECK_FALSE=''
WITH_KTOBLZCHECK_TRUE='#'
WITH_Q4BANKING_FALSE=''
WITH_Q4BANKING_TRUE='#'
WITH_QBANKING_FALSE=''
WITH_QBANKING_TRUE='#'
XGETTEXT='missing'
XMLMERGE='/Users/sts/Quellen/mac/hbci/lib/static-build-i386-4.99.7beta/bin/xmlmerge'
YES=''
abs_top_builddir='/Users/sts/Quellen/mac/hbci/lib/tmp-i386/aqbanking-4.99.7beta'
ac_ct_CC='gcc'
ac_ct_CXX='g++'
ac_ct_DUMPBIN=''
all_includes='-I/Users/sts/Quellen/mac/hbci/lib/static-build-i386-4.99.7beta/include/gwenhywfar4'
all_libraries=''
am__fastdepCC_FALSE=''
am__fastdepCC_TRUE='#'
am__fastdepCXX_FALSE=''
am__fastdepCXX_TRUE='#'
am__include='include'
am__isrc=' -I$(srcdir)'
am__leading_dot='.'
am__quote=''
am__tar='${AMTAR} chof - "$$tardir"'
am__untar='${AMTAR} xf -'
aq_distrib_name=''
aq_distrib_tag=''
aq_distrib_version=''
aqbanking_backends='aqhbci'
aqbanking_cfg_searchdir='Frameworks/AqBanking/etc'
aqbanking_data_searchdir='Frameworks/AqBanking/share'
aqbanking_frontends=''
aqbanking_headerdir='${includedir}/aqbanking5'
aqbanking_headerdir_am='$(includedir)/aqbanking5'
aqbanking_includes='-I${includedir}/aqbanking5'
aqbanking_internal_libs='/Users/sts/Quellen/mac/hbci/lib/tmp-i386/aqbanking-4.99.7beta/src/libs/aqbanking/libaqbanking.la'
aqbanking_ldflags='-L${libdir}'
aqbanking_libs='-laqbanking'
aqbanking_locale_searchdir='Frameworks/AqBanking/share/locale'
aqbanking_modules='. jobs types'
aqbanking_pkgdatadir='${datadir}/aqbanking'
aqbanking_plugin_searchdir='Frameworks/AqBanking/lib/aqbanking/plugins/32'
aqbanking_plugindir='${libdir}/aqbanking/plugins/32'
aqbanking_plugins_backends_dirs=' aqhbci'
aqbanking_plugins_bankinfo_dirs=' de'
aqbanking_plugins_imexporters_dirs=' csv dtaus eri2 ofx openhbci1 swift xmldb yellownet sepa ctxfile q43'
aqbanking_plugins_parsers_dirs=' dtaus swift'
aqbanking_symlinkdir='$(top_builddir)/aqbanking5'
aqbanking_sys_is_windows='0'
aqbankingpp_modules='.'
aqhbci_datadir=''
aqhbci_includes='-I${includedir}/aqbanking5'
aqhbci_internal_libs='/Users/sts/Quellen/mac/hbci/lib/tmp-i386/aqbanking-4.99.7beta/src/plugins/backends/aqhbci/plugin/libaqhbci.la'
aqhbci_ldflags='-L${libdir}'
aqhbci_libs='-laqhbci'
aqofxconnect_includes='-I${includedir}/aqbanking5'
aqofxconnect_internal_libs='/Users/sts/Quellen/mac/hbci/lib/tmp-i386/aqbanking-4.99.7beta/src/plugins/backends/aqofxconnect/plugin/libaqofxconnect.la'
aqofxconnect_libs='-L${libdir} -laqofxconnect'
aqpaypal_includes='-I${includedir}/aqbanking5'
aqpaypal_internal_libs='/Users/sts/Quellen/mac/hbci/lib/tmp-i386/aqbanking-4.99.7beta/src/plugins/backends/aqpaypal/plugin/libaqpaypal.la'
aqpaypal_libs='-L${libdir} -laqpaypal'
bindir='${exec_prefix}/bin'
build='i386-apple-darwin10.4.0'
build_alias=''
build_cpu='i386'
build_os='darwin10.4.0'
build_vendor='apple'
datadir='${datarootdir}'
datarootdir='${prefix}/share'
docdir='${datarootdir}/doc/${PACKAGE}'
docpath='/Users/sts/apidoc'
dvidir='${docdir}'
exec_prefix='${prefix}'
gmp_libs='-lgmp'
gwenhywfar_bindir='/Users/sts/Quellen/mac/hbci/lib/static-build-i386-4.99.7beta/bin'
gwenhywfar_dir='/Users/sts/Quellen/mac/hbci/lib/static-build-i386-4.99.7beta'
gwenhywfar_has_crypt='yes'
gwenhywfar_headers='/Users/sts/Quellen/mac/hbci/lib/static-build-i386-4.99.7beta/include/gwenhywfar4/gwenhywfar'
gwenhywfar_includes='-I/Users/sts/Quellen/mac/hbci/lib/static-build-i386-4.99.7beta/include/gwenhywfar4'
gwenhywfar_libs='-L/Users/sts/Quellen/mac/hbci/lib/static-build-i386-4.99.7beta/lib -lgwenhywfar'
gwenhywfar_plugins='/Users/sts/Quellen/mac/hbci/lib/static-build-i386-4.99.7beta/lib/gwenhywfar/plugins/59'
host='i386-apple-darwin10.4.0'
host_alias=''
host_cpu='i386'
host_os='darwin10.4.0'
host_vendor='apple'
htmldir='${docdir}'
i18n_libs=''
includedir='${prefix}/include'
infodir='${datarootdir}/info'
install_sh='$(SHELL) /Users/sts/Quellen/mac/hbci/lib/aqbanking/install-sh'
ktoblzcheck_CFLAGS=''
ktoblzcheck_LIBS=''
ktoblzcheck_includes=''
ktoblzcheck_libs=''
libdir='${exec_prefix}/lib'
libexecdir='${exec_prefix}/libexec'
localedir='${datarootdir}/locale'
localstatedir='${prefix}/var'
lt_ECHO='/bin/echo'
mandir='${datarootdir}/man'
mkdir_p='/Users/sts/Quellen/mac/hbci/lib/aqbanking/install-sh -c -d'
oldincludedir='/usr/include'
pdfdir='${docdir}'
prefix='/Users/sts/Quellen/mac/hbci/lib/static-build-i386-4.99.7beta'
program_transform_name='s,x,x,'
psdir='${docdir}'
q4banking_data='${datadir}/q4banking'
q4banking_helpdir='${datadir}/aqbanking/frontends/q4banking/help'
q4banking_includes='-I${includedir}/aqbanking5'
q4banking_internal_libs='/Users/sts/Quellen/mac/hbci/lib/tmp-i386/aqbanking-4.99.7beta/src/frontends/q4banking/lib/libq4banking.la'
q4banking_libs='-L${libdir} -lq4banking'
q4banking_plugindir='${aqbanking_plugindir}/frontends/q4banking'
qbanking_data='${datadir}/qbanking'
qbanking_helpdir='${datadir}/aqbanking/frontends/qbanking/help'
qbanking_includes='-I${includedir}/aqbanking5'
qbanking_internal_libs='/Users/sts/Quellen/mac/hbci/lib/tmp-i386/aqbanking-4.99.7beta/src/frontends/qbanking/lib/libqbanking.la'
qbanking_libs='-L${libdir} -lqbanking'
qbanking_plugindir='${aqbanking_plugindir}/frontends/qbanking'
qt3_includes=''
qt3_libs=''
qt3_moc=''
qt3_ui=''
qt3_uic=''
qt4_includes=''
qt4_libs=''
qt4_moc=''
qt4_ui=''
qt4_uic=''
sbindir='${exec_prefix}/sbin'
sharedstatedir='${prefix}/com'
sysconfdir='${prefix}/etc'
target_alias=''
typemaker2_exe='$(gwenhywfar_bindir)/typemaker2'
visibility_cflags='-fvisibility=hidden'
with_aqhbci='yes'
with_q4banking=''
with_qbanking='no'

## ----------- ##
## confdefs.h. ##
## ----------- ##

#define PACKAGE_NAME ""
#define PACKAGE_TARNAME ""
#define PACKAGE_VERSION ""
#define PACKAGE_STRING ""
#define PACKAGE_BUGREPORT ""
#define AQBANKING_SO_EFFECTIVE_STR "32"
#define PACKAGE "aqbanking"
#define VERSION "4.99.7beta"
#define AQHBCI_VERSION_MAJOR 4
#define AQHBCI_VERSION_MINOR 99
#define AQHBCI_VERSION_PATCHLEVEL 7
#define AQHBCI_VERSION_BUILD 0
#define AQHBCI_VERSION_STRING "4.99.7"
#define AQHBCI_VERSION_FULL_STRING "4.99.7.0beta"
#define AQHBCI_VERSION_TAG beta
#define AQHBCI_SO_EFFECTIVE_STR "18"
#define AQOFXCONNECT_VERSION_MAJOR 4
#define AQOFXCONNECT_VERSION_MINOR 99
#define AQOFXCONNECT_VERSION_PATCHLEVEL 7
#define AQOFXCONNECT_VERSION_BUILD 0
#define AQOFXCONNECT_VERSION_STRING "4.99.7"
#define AQOFXCONNECT_VERSION_FULL_STRING "4.99.7.0beta"
#define AQOFXCONNECT_VERSION_TAG beta
#define AQOFXCONNECT_SO_EFFECTIVE_STR "6"
#define AQPAYPAL_VERSION_MAJOR 4
#define AQPAYPAL_VERSION_MINOR 99
#define AQPAYPAL_VERSION_PATCHLEVEL 7
#define AQPAYPAL_VERSION_BUILD 0
#define AQPAYPAL_VERSION_STRING "4.99.7"
#define AQPAYPAL_VERSION_FULL_STRING "4.99.7.0beta"
#define AQPAYPAL_VERSION_TAG beta
#define AQPAYPAL_SO_EFFECTIVE_STR "1"
#define QBANKING_VERSION_MAJOR 4
#define QBANKING_VERSION_MINOR 99
#define QBANKING_VERSION_PATCHLEVEL 7
#define QBANKING_VERSION_BUILD 0
#define QBANKING_VERSION_STRING "4.99.7"
#define QBANKING_VERSION_FULL_STRING "4.99.7.0beta"
#define QBANKING_VERSION_TAG beta
#define QBANKING_SO_EFFECTIVE_STR "9"
#define Q4BANKING_VERSION_MAJOR 4
#define Q4BANKING_VERSION_MINOR 99
#define Q4BANKING_VERSION_PATCHLEVEL 7
#define Q4BANKING_VERSION_BUILD 0
#define Q4BANKING_VERSION_STRING "4.99.7"
#define Q4BANKING_VERSION_FULL_STRING "4.99.7.0beta"
#define Q4BANKING_VERSION_TAG beta
#define Q4BANKING_SO_EFFECTIVE_STR "2"
#define OS_NAME "i386-apple-darwin10.4.0"
#define OS_DARWIN 1
#define OS_POSIX 1
#define OS_SHORTNAME "osx"
#define OS_TYPE "posix"
#define _GNU_SOURCE 1
#define STDC_HEADERS 1
#define HAVE_SYS_TYPES_H 1
#define HAVE_SYS_STAT_H 1
#define HAVE_STDLIB_H 1
#define HAVE_STRING_H 1
#define HAVE_MEMORY_H 1
#define HAVE_STRINGS_H 1
#define HAVE_INTTYPES_H 1
#define HAVE_STDINT_H 1
#define HAVE_UNISTD_H 1
#define HAVE_DLFCN_H 1
#define LT_OBJDIR ".libs/"
#define STDC_HEADERS 1
#define HAVE_FCNTL_H 1
#define HAVE_STDLIB_H 1
#define HAVE_STRING_H 1
#define HAVE_UNISTD_H 1
#define HAVE_LOCALE_H 1
#define HAVE_TERMIOS_H 1
#define HAVE_SIGNAL_H 1
#define HAVE_ICONV_H 1
#define HAVE_DECL_SIGPROCMASK 1
#define HAVE_STRFTIME 1
#define HAVE_MEMMOVE 1
#define HAVE_MEMSET 1
#define HAVE_STRCASECMP 1
#define HAVE_STRDUP 1
#define HAVE_STRERROR 1
#define HAVE_SNPRINTF 1
#define HAVE_SETLOCALE 1
#define AQBANKING_WITH_PLUGIN_BACKEND_AQHBCI 1
#define HAVE_GMP_H 1
#define ENABLE_LOCAL_INSTALL 1
#define HAVE_LOCALE_H 1
#define HAVE_LIBINTL_H 1
#define HAVE_SETLOCALE 1
#define HAVE_I18N 1
#define GCC_WITH_VISIBILITY_ATTRIBUTE 1
#define AQBANKING_ENABLE_INIT_PLUGINS 1

configure: exit 0
